2024-12-05 09:48:53.610|INFO|main|w.f.o.OfficeControllerApplication|line-51||Starting OfficeControllerApplication using Java 17.0.11 with PID 22300 (D:\Project\OfficeController\target\classes started by admin in D:\Project\OfficeController)
2024-12-05 09:48:53.613|INFO|main|w.f.o.OfficeControllerApplication|line-630||No active profile set, falling back to 1 default profile: "default"
2024-12-05 09:48:54.708|INFO|main|o.s.d.r.c.RepositoryConfigurationDelegate|line-291||Multiple Spring Data modules found, entering strict repository configuration mode
2024-12-05 09:48:54.711|INFO|main|o.s.d.r.c.RepositoryConfigurationDelegate|line-138||Bootstrapping Spring Data Redis repositories in DEFAULT mode.
2024-12-05 09:48:54.739|INFO|main|o.s.d.r.c.RepositoryConfigurationDelegate|line-208||Finished Spring Data repository scanning in 16 ms. Found 0 Redis repository interfaces.
2024-12-05 09:48:55.253|INFO|main|o.s.b.w.e.t.TomcatWebServer|line-108||Tomcat initialized with port(s): 8088 (http)
2024-12-05 09:48:55.263|INFO|main|o.a.c.h.Http11NioProtocol|line-173||Initializing ProtocolHandler ["http-nio-8088"]
2024-12-05 09:48:55.263|INFO|main|o.a.c.c.StandardService|line-173||Starting service [Tomcat]
2024-12-05 09:48:55.264|INFO|main|o.a.c.c.StandardEngine|line-173||Starting Servlet engine: [Apache Tomcat/10.1.5]
2024-12-05 09:48:55.345|INFO|main|o.a.c.c.C.[.[.[/]|line-173||Initializing Spring embedded WebApplicationContext
2024-12-05 09:48:55.346|INFO|main|o.s.b.w.s.c.ServletWebServerApplicationContext|line-291||Root WebApplicationContext: initialization completed in 1689 ms
2024-12-05 09:48:55.451|INFO|main|w.f.o.c.s.MyFilter|line-16||MyFilter来啦！！！！
2024-12-05 09:48:56.383|INFO|main|w.f.o.c.o.OssConfiguration|line-17||创建 OssUtil
2024-12-05 09:48:57.112|INFO|main|o.s.b.a.e.w.EndpointLinksResolver|line-58||Exposing 1 endpoint(s) beneath base path '/actuator'
2024-12-05 09:48:57.181|INFO|main|o.a.c.h.Http11NioProtocol|line-173||Starting ProtocolHandler ["http-nio-8088"]
2024-12-05 09:48:57.195|INFO|main|o.s.b.w.e.t.TomcatWebServer|line-220||Tomcat started on port(s): 8088 (http) with context path ''
2024-12-05 09:48:57.207|INFO|main|w.f.o.OfficeControllerApplication|line-57||Started OfficeControllerApplication in 3.964 seconds (process running for 5.177)
2024-12-05 09:48:57.781|INFO|RMI TCP Connection(2)-192.168.200.1|o.a.c.c.C.[.[.[/]|line-173||Initializing Spring DispatcherServlet 'dispatcherServlet'
2024-12-05 09:48:57.782|INFO|RMI TCP Connection(2)-192.168.200.1|o.s.w.s.DispatcherServlet|line-532||Initializing Servlet 'dispatcherServlet'
2024-12-05 09:48:57.782|INFO|RMI TCP Connection(3)-192.168.200.1|c.z.h.HikariDataSource|line-110||HikariPool-1 - Starting...
2024-12-05 09:48:57.784|INFO|RMI TCP Connection(2)-192.168.200.1|o.s.w.s.DispatcherServlet|line-554||Completed initialization in 2 ms
2024-12-05 09:48:57.963|INFO|RMI TCP Connection(3)-192.168.200.1|c.z.h.p.HikariPool|line-565||HikariPool-1 - Added connection com.mysql.cj.jdbc.ConnectionImpl@574c3748
2024-12-05 09:48:57.971|INFO|RMI TCP Connection(3)-192.168.200.1|c.z.h.HikariDataSource|line-123||HikariPool-1 - Start completed.
2024-12-05 09:49:39.134|WARN|RMI TCP Connection(3)-192.168.200.1|o.s.b.a.m.MailHealthIndicator|line-94||Mail health check failed
jakarta.mail.MessagingException: Got bad greeting from SMTP host: smtp.qq.com, port: 465, response: [EOF]
	at com.sun.mail.smtp.SMTPTransport.openServer(SMTPTransport.java:2247)
	at com.sun.mail.smtp.SMTPTransport.protocolConnect(SMTPTransport.java:754)
	at jakarta.mail.Service.connect(Service.java:342)
	at org.springframework.mail.javamail.JavaMailSenderImpl.connectTransport(JavaMailSenderImpl.java:518)
	at org.springframework.mail.javamail.JavaMailSenderImpl.testConnection(JavaMailSenderImpl.java:398)
	at org.springframework.boot.actuate.mail.MailHealthIndicator.doHealthCheck(MailHealthIndicator.java:42)
	at org.springframework.boot.actuate.health.AbstractHealthIndicator.health(AbstractHealthIndicator.java:82)
	at org.springframework.boot.actuate.health.HealthIndicator.getHealth(HealthIndicator.java:37)
	at org.springframework.boot.actuate.health.HealthEndpoint.getHealth(HealthEndpoint.java:82)
	at org.springframework.boot.actuate.health.HealthEndpoint.getHealth(HealthEndpoint.java:41)
	at org.springframework.boot.actuate.health.HealthEndpointSupport.getLoggedHealth(HealthEndpointSupport.java:172)
	at org.springframework.boot.actuate.health.HealthEndpointSupport.getContribution(HealthEndpointSupport.java:145)
	at org.springframework.boot.actuate.health.HealthEndpointSupport.getAggregateContribution(HealthEndpointSupport.java:156)
	at org.springframework.boot.actuate.health.HealthEndpointSupport.getContribution(HealthEndpointSupport.java:141)
	at org.springframework.boot.actuate.health.HealthEndpointSupport.getHealth(HealthEndpointSupport.java:110)
	at org.springframework.boot.actuate.health.HealthEndpointSupport.getHealth(HealthEndpointSupport.java:81)
	at org.springframework.boot.actuate.health.HealthEndpoint.health(HealthEndpoint.java:76)
	at org.springframework.boot.actuate.health.HealthEndpoint.health(HealthEndpoint.java:66)
	at java.base/jdk.internal.reflect.NativeMethodAccessorImpl.invoke0(Native Method)
	at java.base/jdk.internal.reflect.NativeMethodAccessorImpl.invoke(NativeMethodAccessorImpl.java:77)
	at java.base/jdk.internal.reflect.DelegatingMethodAccessorImpl.invoke(DelegatingMethodAccessorImpl.java:43)
	at java.base/java.lang.reflect.Method.invoke(Method.java:568)
	at org.springframework.util.ReflectionUtils.invokeMethod(ReflectionUtils.java:281)
	at org.springframework.boot.actuate.endpoint.invoke.reflect.ReflectiveOperationInvoker.invoke(ReflectiveOperationInvoker.java:74)
	at org.springframework.boot.actuate.endpoint.annotation.AbstractDiscoveredOperation.invoke(AbstractDiscoveredOperation.java:60)
	at org.springframework.boot.actuate.endpoint.jmx.EndpointMBean.invoke(EndpointMBean.java:122)
	at org.springframework.boot.actuate.endpoint.jmx.EndpointMBean.invoke(EndpointMBean.java:97)
	at java.management/com.sun.jmx.interceptor.DefaultMBeanServerInterceptor.invoke(DefaultMBeanServerInterceptor.java:814)
	at java.management/com.sun.jmx.mbeanserver.JmxMBeanServer.invoke(JmxMBeanServer.java:802)
	at java.management.rmi/javax.management.remote.rmi.RMIConnectionImpl.doOperation(RMIConnectionImpl.java:1472)
	at java.management.rmi/javax.management.remote.rmi.RMIConnectionImpl$PrivilegedOperation.run(RMIConnectionImpl.java:1310)
	at java.management.rmi/javax.management.remote.rmi.RMIConnectionImpl.doPrivilegedOperation(RMIConnectionImpl.java:1405)
	at java.management.rmi/javax.management.remote.rmi.RMIConnectionImpl.invoke(RMIConnectionImpl.java:829)
	at java.base/jdk.internal.reflect.GeneratedMethodAccessor22.invoke(Unknown Source)
	at java.base/jdk.internal.reflect.DelegatingMethodAccessorImpl.invoke(DelegatingMethodAccessorImpl.java:43)
	at java.base/java.lang.reflect.Method.invoke(Method.java:568)
	at java.rmi/sun.rmi.server.UnicastServerRef.dispatch(UnicastServerRef.java:360)
	at java.rmi/sun.rmi.transport.Transport$1.run(Transport.java:200)
	at java.rmi/sun.rmi.transport.Transport$1.run(Transport.java:197)
	at java.base/java.security.AccessController.doPrivileged(AccessController.java:712)
	at java.rmi/sun.rmi.transport.Transport.serviceCall(Transport.java:196)
	at java.rmi/sun.rmi.transport.tcp.TCPTransport.handleMessages(TCPTransport.java:587)
	at java.rmi/sun.rmi.transport.tcp.TCPTransport$ConnectionHandler.run0(TCPTransport.java:828)
	at java.rmi/sun.rmi.transport.tcp.TCPTransport$ConnectionHandler.lambda$run$0(TCPTransport.java:705)
	at java.base/java.security.AccessController.doPrivileged(AccessController.java:399)
	at java.rmi/sun.rmi.transport.tcp.TCPTransport$ConnectionHandler.run(TCPTransport.java:704)
	at java.base/java.util.concurrent.ThreadPoolExecutor.runWorker(ThreadPoolExecutor.java:1136)
	at java.base/java.util.concurrent.ThreadPoolExecutor$Worker.run(ThreadPoolExecutor.java:635)
	at java.base/java.lang.Thread.run(Thread.java:842)
2024-12-05 09:49:39.140|WARN|RMI TCP Connection(3)-192.168.200.1|o.s.b.a.h.HealthEndpointSupport|line-181||Health contributor org.springframework.boot.actuate.mail.MailHealthIndicator (mail) took 41153ms to respond
2024-12-05 10:24:21.036|INFO|SpringApplicationShutdownHook|c.z.h.HikariDataSource|line-350||HikariPool-1 - Shutdown initiated...
2024-12-05 10:24:21.047|INFO|SpringApplicationShutdownHook|c.z.h.HikariDataSource|line-352||HikariPool-1 - Shutdown completed.
2024-12-05 10:24:36.067|INFO|main|w.f.o.OfficeControllerApplication|line-51||Starting OfficeControllerApplication using Java 17.0.11 with PID 23808 (D:\Project\OfficeController\target\classes started by admin in D:\Project\OfficeController)
2024-12-05 10:24:36.069|INFO|main|w.f.o.OfficeControllerApplication|line-630||No active profile set, falling back to 1 default profile: "default"
2024-12-05 10:24:37.054|INFO|main|o.s.d.r.c.RepositoryConfigurationDelegate|line-291||Multiple Spring Data modules found, entering strict repository configuration mode
2024-12-05 10:24:37.056|INFO|main|o.s.d.r.c.RepositoryConfigurationDelegate|line-138||Bootstrapping Spring Data Redis repositories in DEFAULT mode.
2024-12-05 10:24:37.084|INFO|main|o.s.d.r.c.RepositoryConfigurationDelegate|line-208||Finished Spring Data repository scanning in 17 ms. Found 0 Redis repository interfaces.
2024-12-05 10:24:37.524|INFO|main|o.s.b.w.e.t.TomcatWebServer|line-108||Tomcat initialized with port(s): 8088 (http)
2024-12-05 10:24:37.531|INFO|main|o.a.c.h.Http11NioProtocol|line-173||Initializing ProtocolHandler ["http-nio-8088"]
2024-12-05 10:24:37.532|INFO|main|o.a.c.c.StandardService|line-173||Starting service [Tomcat]
2024-12-05 10:24:37.532|INFO|main|o.a.c.c.StandardEngine|line-173||Starting Servlet engine: [Apache Tomcat/10.1.5]
2024-12-05 10:24:37.609|INFO|main|o.a.c.c.C.[.[.[/]|line-173||Initializing Spring embedded WebApplicationContext
2024-12-05 10:24:37.609|INFO|main|o.s.b.w.s.c.ServletWebServerApplicationContext|line-291||Root WebApplicationContext: initialization completed in 1502 ms
2024-12-05 10:24:37.706|INFO|main|w.f.o.c.s.MyFilter|line-16||MyFilter来啦！！！！
2024-12-05 10:24:38.607|INFO|main|w.f.o.c.o.OssConfiguration|line-17||创建 OssUtil
2024-12-05 10:24:39.289|INFO|main|o.s.b.a.e.w.EndpointLinksResolver|line-58||Exposing 1 endpoint(s) beneath base path '/actuator'
2024-12-05 10:24:39.362|INFO|main|o.a.c.h.Http11NioProtocol|line-173||Starting ProtocolHandler ["http-nio-8088"]
2024-12-05 10:24:39.375|INFO|main|o.s.b.w.e.t.TomcatWebServer|line-220||Tomcat started on port(s): 8088 (http) with context path ''
2024-12-05 10:24:39.386|INFO|main|w.f.o.OfficeControllerApplication|line-57||Started OfficeControllerApplication in 3.649 seconds (process running for 4.77)
2024-12-05 10:24:39.517|INFO|RMI TCP Connection(3)-192.168.200.1|o.a.c.c.C.[.[.[/]|line-173||Initializing Spring DispatcherServlet 'dispatcherServlet'
2024-12-05 10:24:39.517|INFO|RMI TCP Connection(3)-192.168.200.1|o.s.w.s.DispatcherServlet|line-532||Initializing Servlet 'dispatcherServlet'
2024-12-05 10:24:39.519|INFO|RMI TCP Connection(3)-192.168.200.1|o.s.w.s.DispatcherServlet|line-554||Completed initialization in 1 ms
2024-12-05 10:24:39.519|INFO|RMI TCP Connection(2)-192.168.200.1|c.z.h.HikariDataSource|line-110||HikariPool-1 - Starting...
2024-12-05 10:24:39.700|INFO|RMI TCP Connection(2)-192.168.200.1|c.z.h.p.HikariPool|line-565||HikariPool-1 - Added connection com.mysql.cj.jdbc.ConnectionImpl@1989611a
2024-12-05 10:24:39.707|INFO|RMI TCP Connection(2)-192.168.200.1|c.z.h.HikariDataSource|line-123||HikariPool-1 - Start completed.
2024-12-05 10:25:20.872|WARN|RMI TCP Connection(2)-192.168.200.1|o.s.b.a.m.MailHealthIndicator|line-94||Mail health check failed
jakarta.mail.MessagingException: Got bad greeting from SMTP host: smtp.qq.com, port: 465, response: [EOF]
	at com.sun.mail.smtp.SMTPTransport.openServer(SMTPTransport.java:2247)
	at com.sun.mail.smtp.SMTPTransport.protocolConnect(SMTPTransport.java:754)
	at jakarta.mail.Service.connect(Service.java:342)
	at org.springframework.mail.javamail.JavaMailSenderImpl.connectTransport(JavaMailSenderImpl.java:518)
	at org.springframework.mail.javamail.JavaMailSenderImpl.testConnection(JavaMailSenderImpl.java:398)
	at org.springframework.boot.actuate.mail.MailHealthIndicator.doHealthCheck(MailHealthIndicator.java:42)
	at org.springframework.boot.actuate.health.AbstractHealthIndicator.health(AbstractHealthIndicator.java:82)
	at org.springframework.boot.actuate.health.HealthIndicator.getHealth(HealthIndicator.java:37)
	at org.springframework.boot.actuate.health.HealthEndpoint.getHealth(HealthEndpoint.java:82)
	at org.springframework.boot.actuate.health.HealthEndpoint.getHealth(HealthEndpoint.java:41)
	at org.springframework.boot.actuate.health.HealthEndpointSupport.getLoggedHealth(HealthEndpointSupport.java:172)
	at org.springframework.boot.actuate.health.HealthEndpointSupport.getContribution(HealthEndpointSupport.java:145)
	at org.springframework.boot.actuate.health.HealthEndpointSupport.getAggregateContribution(HealthEndpointSupport.java:156)
	at org.springframework.boot.actuate.health.HealthEndpointSupport.getContribution(HealthEndpointSupport.java:141)
	at org.springframework.boot.actuate.health.HealthEndpointSupport.getHealth(HealthEndpointSupport.java:110)
	at org.springframework.boot.actuate.health.HealthEndpointSupport.getHealth(HealthEndpointSupport.java:81)
	at org.springframework.boot.actuate.health.HealthEndpoint.health(HealthEndpoint.java:76)
	at org.springframework.boot.actuate.health.HealthEndpoint.health(HealthEndpoint.java:66)
	at java.base/jdk.internal.reflect.NativeMethodAccessorImpl.invoke0(Native Method)
	at java.base/jdk.internal.reflect.NativeMethodAccessorImpl.invoke(NativeMethodAccessorImpl.java:77)
	at java.base/jdk.internal.reflect.DelegatingMethodAccessorImpl.invoke(DelegatingMethodAccessorImpl.java:43)
	at java.base/java.lang.reflect.Method.invoke(Method.java:568)
	at org.springframework.util.ReflectionUtils.invokeMethod(ReflectionUtils.java:281)
	at org.springframework.boot.actuate.endpoint.invoke.reflect.ReflectiveOperationInvoker.invoke(ReflectiveOperationInvoker.java:74)
	at org.springframework.boot.actuate.endpoint.annotation.AbstractDiscoveredOperation.invoke(AbstractDiscoveredOperation.java:60)
	at org.springframework.boot.actuate.endpoint.jmx.EndpointMBean.invoke(EndpointMBean.java:122)
	at org.springframework.boot.actuate.endpoint.jmx.EndpointMBean.invoke(EndpointMBean.java:97)
	at java.management/com.sun.jmx.interceptor.DefaultMBeanServerInterceptor.invoke(DefaultMBeanServerInterceptor.java:814)
	at java.management/com.sun.jmx.mbeanserver.JmxMBeanServer.invoke(JmxMBeanServer.java:802)
	at java.management.rmi/javax.management.remote.rmi.RMIConnectionImpl.doOperation(RMIConnectionImpl.java:1472)
	at java.management.rmi/javax.management.remote.rmi.RMIConnectionImpl$PrivilegedOperation.run(RMIConnectionImpl.java:1310)
	at java.management.rmi/javax.management.remote.rmi.RMIConnectionImpl.doPrivilegedOperation(RMIConnectionImpl.java:1405)
	at java.management.rmi/javax.management.remote.rmi.RMIConnectionImpl.invoke(RMIConnectionImpl.java:829)
	at java.base/jdk.internal.reflect.GeneratedMethodAccessor21.invoke(Unknown Source)
	at java.base/jdk.internal.reflect.DelegatingMethodAccessorImpl.invoke(DelegatingMethodAccessorImpl.java:43)
	at java.base/java.lang.reflect.Method.invoke(Method.java:568)
	at java.rmi/sun.rmi.server.UnicastServerRef.dispatch(UnicastServerRef.java:360)
	at java.rmi/sun.rmi.transport.Transport$1.run(Transport.java:200)
	at java.rmi/sun.rmi.transport.Transport$1.run(Transport.java:197)
	at java.base/java.security.AccessController.doPrivileged(AccessController.java:712)
	at java.rmi/sun.rmi.transport.Transport.serviceCall(Transport.java:196)
	at java.rmi/sun.rmi.transport.tcp.TCPTransport.handleMessages(TCPTransport.java:587)
	at java.rmi/sun.rmi.transport.tcp.TCPTransport$ConnectionHandler.run0(TCPTransport.java:828)
	at java.rmi/sun.rmi.transport.tcp.TCPTransport$ConnectionHandler.lambda$run$0(TCPTransport.java:705)
	at java.base/java.security.AccessController.doPrivileged(AccessController.java:399)
	at java.rmi/sun.rmi.transport.tcp.TCPTransport$ConnectionHandler.run(TCPTransport.java:704)
	at java.base/java.util.concurrent.ThreadPoolExecutor.runWorker(ThreadPoolExecutor.java:1136)
	at java.base/java.util.concurrent.ThreadPoolExecutor$Worker.run(ThreadPoolExecutor.java:635)
	at java.base/java.lang.Thread.run(Thread.java:842)
2024-12-05 10:25:20.876|WARN|RMI TCP Connection(2)-192.168.200.1|o.s.b.a.h.HealthEndpointSupport|line-181||Health contributor org.springframework.boot.actuate.mail.MailHealthIndicator (mail) took 41155ms to respond
2024-12-05 10:29:54.186|INFO|SpringApplicationShutdownHook|c.z.h.HikariDataSource|line-350||HikariPool-1 - Shutdown initiated...
2024-12-05 10:29:54.193|INFO|SpringApplicationShutdownHook|c.z.h.HikariDataSource|line-352||HikariPool-1 - Shutdown completed.
2024-12-05 10:29:58.608|INFO|main|w.f.o.OfficeControllerApplication|line-51||Starting OfficeControllerApplication using Java 17.0.11 with PID 23476 (D:\Project\OfficeController\target\classes started by admin in D:\Project\OfficeController)
2024-12-05 10:29:58.611|INFO|main|w.f.o.OfficeControllerApplication|line-630||No active profile set, falling back to 1 default profile: "default"
2024-12-05 10:29:59.442|INFO|main|o.s.d.r.c.RepositoryConfigurationDelegate|line-291||Multiple Spring Data modules found, entering strict repository configuration mode
2024-12-05 10:29:59.443|INFO|main|o.s.d.r.c.RepositoryConfigurationDelegate|line-138||Bootstrapping Spring Data Redis repositories in DEFAULT mode.
2024-12-05 10:29:59.469|INFO|main|o.s.d.r.c.RepositoryConfigurationDelegate|line-208||Finished Spring Data repository scanning in 16 ms. Found 0 Redis repository interfaces.
2024-12-05 10:29:59.943|INFO|main|o.s.b.w.e.t.TomcatWebServer|line-108||Tomcat initialized with port(s): 8088 (http)
2024-12-05 10:29:59.949|INFO|main|o.a.c.h.Http11NioProtocol|line-173||Initializing ProtocolHandler ["http-nio-8088"]
2024-12-05 10:29:59.950|INFO|main|o.a.c.c.StandardService|line-173||Starting service [Tomcat]
2024-12-05 10:29:59.950|INFO|main|o.a.c.c.StandardEngine|line-173||Starting Servlet engine: [Apache Tomcat/10.1.5]
2024-12-05 10:30:00.021|INFO|main|o.a.c.c.C.[.[.[/]|line-173||Initializing Spring embedded WebApplicationContext
2024-12-05 10:30:00.021|INFO|main|o.s.b.w.s.c.ServletWebServerApplicationContext|line-291||Root WebApplicationContext: initialization completed in 1370 ms
2024-12-05 10:30:00.126|INFO|main|w.f.o.c.s.MyFilter|line-16||MyFilter来啦！！！！
2024-12-05 10:30:01.017|INFO|main|w.f.o.c.o.OssConfiguration|line-17||创建 OssUtil
2024-12-05 10:30:02.066|INFO|main|o.s.b.a.e.w.EndpointLinksResolver|line-58||Exposing 1 endpoint(s) beneath base path '/actuator'
2024-12-05 10:30:02.126|INFO|main|o.a.c.h.Http11NioProtocol|line-173||Starting ProtocolHandler ["http-nio-8088"]
2024-12-05 10:30:02.140|INFO|main|o.s.b.w.e.t.TomcatWebServer|line-220||Tomcat started on port(s): 8088 (http) with context path ''
2024-12-05 10:30:02.152|INFO|main|w.f.o.OfficeControllerApplication|line-57||Started OfficeControllerApplication in 3.9 seconds (process running for 4.626)
2024-12-05 10:30:02.389|INFO|RMI TCP Connection(1)-192.168.200.1|o.a.c.c.C.[.[.[/]|line-173||Initializing Spring DispatcherServlet 'dispatcherServlet'
2024-12-05 10:30:02.390|INFO|RMI TCP Connection(1)-192.168.200.1|o.s.w.s.DispatcherServlet|line-532||Initializing Servlet 'dispatcherServlet'
2024-12-05 10:30:02.389|INFO|RMI TCP Connection(2)-192.168.200.1|c.z.h.HikariDataSource|line-110||HikariPool-1 - Starting...
2024-12-05 10:30:02.392|INFO|RMI TCP Connection(1)-192.168.200.1|o.s.w.s.DispatcherServlet|line-554||Completed initialization in 1 ms
2024-12-05 10:30:02.612|INFO|RMI TCP Connection(2)-192.168.200.1|c.z.h.p.HikariPool|line-565||HikariPool-1 - Added connection com.mysql.cj.jdbc.ConnectionImpl@69f93ac0
2024-12-05 10:30:02.615|INFO|RMI TCP Connection(2)-192.168.200.1|c.z.h.HikariDataSource|line-123||HikariPool-1 - Start completed.
2024-12-05 10:30:32.735|WARN|RMI TCP Connection(2)-192.168.200.1|o.s.b.a.m.MailHealthIndicator|line-94||Mail health check failed
jakarta.mail.MessagingException: Got bad greeting from SMTP host: smtp.qq.com, port: 465, response: [EOF]
	at com.sun.mail.smtp.SMTPTransport.openServer(SMTPTransport.java:2247)
	at com.sun.mail.smtp.SMTPTransport.protocolConnect(SMTPTransport.java:754)
	at jakarta.mail.Service.connect(Service.java:342)
	at org.springframework.mail.javamail.JavaMailSenderImpl.connectTransport(JavaMailSenderImpl.java:518)
	at org.springframework.mail.javamail.JavaMailSenderImpl.testConnection(JavaMailSenderImpl.java:398)
	at org.springframework.boot.actuate.mail.MailHealthIndicator.doHealthCheck(MailHealthIndicator.java:42)
	at org.springframework.boot.actuate.health.AbstractHealthIndicator.health(AbstractHealthIndicator.java:82)
	at org.springframework.boot.actuate.health.HealthIndicator.getHealth(HealthIndicator.java:37)
	at org.springframework.boot.actuate.health.HealthEndpoint.getHealth(HealthEndpoint.java:82)
	at org.springframework.boot.actuate.health.HealthEndpoint.getHealth(HealthEndpoint.java:41)
	at org.springframework.boot.actuate.health.HealthEndpointSupport.getLoggedHealth(HealthEndpointSupport.java:172)
	at org.springframework.boot.actuate.health.HealthEndpointSupport.getContribution(HealthEndpointSupport.java:145)
	at org.springframework.boot.actuate.health.HealthEndpointSupport.getAggregateContribution(HealthEndpointSupport.java:156)
	at org.springframework.boot.actuate.health.HealthEndpointSupport.getContribution(HealthEndpointSupport.java:141)
	at org.springframework.boot.actuate.health.HealthEndpointSupport.getHealth(HealthEndpointSupport.java:110)
	at org.springframework.boot.actuate.health.HealthEndpointSupport.getHealth(HealthEndpointSupport.java:81)
	at org.springframework.boot.actuate.health.HealthEndpoint.health(HealthEndpoint.java:76)
	at org.springframework.boot.actuate.health.HealthEndpoint.health(HealthEndpoint.java:66)
	at java.base/jdk.internal.reflect.NativeMethodAccessorImpl.invoke0(Native Method)
	at java.base/jdk.internal.reflect.NativeMethodAccessorImpl.invoke(NativeMethodAccessorImpl.java:77)
	at java.base/jdk.internal.reflect.DelegatingMethodAccessorImpl.invoke(DelegatingMethodAccessorImpl.java:43)
	at java.base/java.lang.reflect.Method.invoke(Method.java:568)
	at org.springframework.util.ReflectionUtils.invokeMethod(ReflectionUtils.java:281)
	at org.springframework.boot.actuate.endpoint.invoke.reflect.ReflectiveOperationInvoker.invoke(ReflectiveOperationInvoker.java:74)
	at org.springframework.boot.actuate.endpoint.annotation.AbstractDiscoveredOperation.invoke(AbstractDiscoveredOperation.java:60)
	at org.springframework.boot.actuate.endpoint.jmx.EndpointMBean.invoke(EndpointMBean.java:122)
	at org.springframework.boot.actuate.endpoint.jmx.EndpointMBean.invoke(EndpointMBean.java:97)
	at java.management/com.sun.jmx.interceptor.DefaultMBeanServerInterceptor.invoke(DefaultMBeanServerInterceptor.java:814)
	at java.management/com.sun.jmx.mbeanserver.JmxMBeanServer.invoke(JmxMBeanServer.java:802)
	at java.management.rmi/javax.management.remote.rmi.RMIConnectionImpl.doOperation(RMIConnectionImpl.java:1472)
	at java.management.rmi/javax.management.remote.rmi.RMIConnectionImpl$PrivilegedOperation.run(RMIConnectionImpl.java:1310)
	at java.management.rmi/javax.management.remote.rmi.RMIConnectionImpl.doPrivilegedOperation(RMIConnectionImpl.java:1405)
	at java.management.rmi/javax.management.remote.rmi.RMIConnectionImpl.invoke(RMIConnectionImpl.java:829)
	at java.base/jdk.internal.reflect.GeneratedMethodAccessor24.invoke(Unknown Source)
	at java.base/jdk.internal.reflect.DelegatingMethodAccessorImpl.invoke(DelegatingMethodAccessorImpl.java:43)
	at java.base/java.lang.reflect.Method.invoke(Method.java:568)
	at java.rmi/sun.rmi.server.UnicastServerRef.dispatch(UnicastServerRef.java:360)
	at java.rmi/sun.rmi.transport.Transport$1.run(Transport.java:200)
	at java.rmi/sun.rmi.transport.Transport$1.run(Transport.java:197)
	at java.base/java.security.AccessController.doPrivileged(AccessController.java:712)
	at java.rmi/sun.rmi.transport.Transport.serviceCall(Transport.java:196)
	at java.rmi/sun.rmi.transport.tcp.TCPTransport.handleMessages(TCPTransport.java:587)
	at java.rmi/sun.rmi.transport.tcp.TCPTransport$ConnectionHandler.run0(TCPTransport.java:828)
	at java.rmi/sun.rmi.transport.tcp.TCPTransport$ConnectionHandler.lambda$run$0(TCPTransport.java:705)
	at java.base/java.security.AccessController.doPrivileged(AccessController.java:399)
	at java.rmi/sun.rmi.transport.tcp.TCPTransport$ConnectionHandler.run(TCPTransport.java:704)
	at java.base/java.util.concurrent.ThreadPoolExecutor.runWorker(ThreadPoolExecutor.java:1136)
	at java.base/java.util.concurrent.ThreadPoolExecutor$Worker.run(ThreadPoolExecutor.java:635)
	at java.base/java.lang.Thread.run(Thread.java:842)
2024-12-05 10:30:32.738|WARN|RMI TCP Connection(2)-192.168.200.1|o.s.b.a.h.HealthEndpointSupport|line-181||Health contributor org.springframework.boot.actuate.mail.MailHealthIndicator (mail) took 30107ms to respond
2024-12-05 11:44:28.685|INFO|SpringApplicationShutdownHook|c.z.h.HikariDataSource|line-350||HikariPool-1 - Shutdown initiated...
2024-12-05 11:44:28.690|INFO|SpringApplicationShutdownHook|c.z.h.HikariDataSource|line-352||HikariPool-1 - Shutdown completed.
2024-12-05 11:44:33.058|INFO|main|w.f.o.OfficeControllerApplication|line-51||Starting OfficeControllerApplication using Java 17.0.11 with PID 6992 (D:\Project\OfficeController\target\classes started by admin in D:\Project\OfficeController)
2024-12-05 11:44:33.061|INFO|main|w.f.o.OfficeControllerApplication|line-630||No active profile set, falling back to 1 default profile: "default"
2024-12-05 11:44:33.959|INFO|main|o.s.d.r.c.RepositoryConfigurationDelegate|line-291||Multiple Spring Data modules found, entering strict repository configuration mode
2024-12-05 11:44:33.961|INFO|main|o.s.d.r.c.RepositoryConfigurationDelegate|line-138||Bootstrapping Spring Data Redis repositories in DEFAULT mode.
2024-12-05 11:44:33.986|INFO|main|o.s.d.r.c.RepositoryConfigurationDelegate|line-208||Finished Spring Data repository scanning in 17 ms. Found 0 Redis repository interfaces.
2024-12-05 11:44:34.433|INFO|main|o.s.b.w.e.t.TomcatWebServer|line-108||Tomcat initialized with port(s): 8088 (http)
2024-12-05 11:44:34.440|INFO|main|o.a.c.h.Http11NioProtocol|line-173||Initializing ProtocolHandler ["http-nio-8088"]
2024-12-05 11:44:34.441|INFO|main|o.a.c.c.StandardService|line-173||Starting service [Tomcat]
2024-12-05 11:44:34.441|INFO|main|o.a.c.c.StandardEngine|line-173||Starting Servlet engine: [Apache Tomcat/10.1.5]
2024-12-05 11:44:34.503|INFO|main|o.a.c.c.C.[.[.[/]|line-173||Initializing Spring embedded WebApplicationContext
2024-12-05 11:44:34.503|INFO|main|o.s.b.w.s.c.ServletWebServerApplicationContext|line-291||Root WebApplicationContext: initialization completed in 1402 ms
2024-12-05 11:44:34.607|INFO|main|w.f.o.c.s.MyFilter|line-16||MyFilter来啦！！！！
2024-12-05 11:44:35.700|INFO|main|w.f.o.c.o.OssConfiguration|line-17||创建 OssUtil
2024-12-05 11:44:36.521|INFO|main|o.s.b.a.e.w.EndpointLinksResolver|line-58||Exposing 1 endpoint(s) beneath base path '/actuator'
2024-12-05 11:44:36.595|INFO|main|o.a.c.h.Http11NioProtocol|line-173||Starting ProtocolHandler ["http-nio-8088"]
2024-12-05 11:44:36.611|INFO|main|o.s.b.w.e.t.TomcatWebServer|line-220||Tomcat started on port(s): 8088 (http) with context path ''
2024-12-05 11:44:36.623|INFO|main|w.f.o.OfficeControllerApplication|line-57||Started OfficeControllerApplication in 3.937 seconds (process running for 4.665)
2024-12-05 11:44:36.878|INFO|RMI TCP Connection(3)-192.168.200.1|o.a.c.c.C.[.[.[/]|line-173||Initializing Spring DispatcherServlet 'dispatcherServlet'
2024-12-05 11:44:36.879|INFO|RMI TCP Connection(3)-192.168.200.1|o.s.w.s.DispatcherServlet|line-532||Initializing Servlet 'dispatcherServlet'
2024-12-05 11:44:36.882|INFO|RMI TCP Connection(3)-192.168.200.1|o.s.w.s.DispatcherServlet|line-554||Completed initialization in 3 ms
2024-12-05 11:44:36.886|INFO|RMI TCP Connection(1)-192.168.200.1|c.z.h.HikariDataSource|line-110||HikariPool-1 - Starting...
2024-12-05 11:44:37.043|INFO|RMI TCP Connection(1)-192.168.200.1|c.z.h.p.HikariPool|line-565||HikariPool-1 - Added connection com.mysql.cj.jdbc.ConnectionImpl@66bba78
2024-12-05 11:44:37.046|INFO|RMI TCP Connection(1)-192.168.200.1|c.z.h.HikariDataSource|line-123||HikariPool-1 - Start completed.
2024-12-05 11:45:18.219|WARN|RMI TCP Connection(1)-192.168.200.1|o.s.b.a.m.MailHealthIndicator|line-94||Mail health check failed
jakarta.mail.MessagingException: Got bad greeting from SMTP host: smtp.qq.com, port: 465, response: [EOF]
	at com.sun.mail.smtp.SMTPTransport.openServer(SMTPTransport.java:2247)
	at com.sun.mail.smtp.SMTPTransport.protocolConnect(SMTPTransport.java:754)
	at jakarta.mail.Service.connect(Service.java:342)
	at org.springframework.mail.javamail.JavaMailSenderImpl.connectTransport(JavaMailSenderImpl.java:518)
	at org.springframework.mail.javamail.JavaMailSenderImpl.testConnection(JavaMailSenderImpl.java:398)
	at org.springframework.boot.actuate.mail.MailHealthIndicator.doHealthCheck(MailHealthIndicator.java:42)
	at org.springframework.boot.actuate.health.AbstractHealthIndicator.health(AbstractHealthIndicator.java:82)
	at org.springframework.boot.actuate.health.HealthIndicator.getHealth(HealthIndicator.java:37)
	at org.springframework.boot.actuate.health.HealthEndpoint.getHealth(HealthEndpoint.java:82)
	at org.springframework.boot.actuate.health.HealthEndpoint.getHealth(HealthEndpoint.java:41)
	at org.springframework.boot.actuate.health.HealthEndpointSupport.getLoggedHealth(HealthEndpointSupport.java:172)
	at org.springframework.boot.actuate.health.HealthEndpointSupport.getContribution(HealthEndpointSupport.java:145)
	at org.springframework.boot.actuate.health.HealthEndpointSupport.getAggregateContribution(HealthEndpointSupport.java:156)
	at org.springframework.boot.actuate.health.HealthEndpointSupport.getContribution(HealthEndpointSupport.java:141)
	at org.springframework.boot.actuate.health.HealthEndpointSupport.getHealth(HealthEndpointSupport.java:110)
	at org.springframework.boot.actuate.health.HealthEndpointSupport.getHealth(HealthEndpointSupport.java:81)
	at org.springframework.boot.actuate.health.HealthEndpoint.health(HealthEndpoint.java:76)
	at org.springframework.boot.actuate.health.HealthEndpoint.health(HealthEndpoint.java:66)
	at java.base/jdk.internal.reflect.NativeMethodAccessorImpl.invoke0(Native Method)
	at java.base/jdk.internal.reflect.NativeMethodAccessorImpl.invoke(NativeMethodAccessorImpl.java:77)
	at java.base/jdk.internal.reflect.DelegatingMethodAccessorImpl.invoke(DelegatingMethodAccessorImpl.java:43)
	at java.base/java.lang.reflect.Method.invoke(Method.java:568)
	at org.springframework.util.ReflectionUtils.invokeMethod(ReflectionUtils.java:281)
	at org.springframework.boot.actuate.endpoint.invoke.reflect.ReflectiveOperationInvoker.invoke(ReflectiveOperationInvoker.java:74)
	at org.springframework.boot.actuate.endpoint.annotation.AbstractDiscoveredOperation.invoke(AbstractDiscoveredOperation.java:60)
	at org.springframework.boot.actuate.endpoint.jmx.EndpointMBean.invoke(EndpointMBean.java:122)
	at org.springframework.boot.actuate.endpoint.jmx.EndpointMBean.invoke(EndpointMBean.java:97)
	at java.management/com.sun.jmx.interceptor.DefaultMBeanServerInterceptor.invoke(DefaultMBeanServerInterceptor.java:814)
	at java.management/com.sun.jmx.mbeanserver.JmxMBeanServer.invoke(JmxMBeanServer.java:802)
	at java.management.rmi/javax.management.remote.rmi.RMIConnectionImpl.doOperation(RMIConnectionImpl.java:1472)
	at java.management.rmi/javax.management.remote.rmi.RMIConnectionImpl$PrivilegedOperation.run(RMIConnectionImpl.java:1310)
	at java.management.rmi/javax.management.remote.rmi.RMIConnectionImpl.doPrivilegedOperation(RMIConnectionImpl.java:1405)
	at java.management.rmi/javax.management.remote.rmi.RMIConnectionImpl.invoke(RMIConnectionImpl.java:829)
	at java.base/jdk.internal.reflect.GeneratedMethodAccessor24.invoke(Unknown Source)
	at java.base/jdk.internal.reflect.DelegatingMethodAccessorImpl.invoke(DelegatingMethodAccessorImpl.java:43)
	at java.base/java.lang.reflect.Method.invoke(Method.java:568)
	at java.rmi/sun.rmi.server.UnicastServerRef.dispatch(UnicastServerRef.java:360)
	at java.rmi/sun.rmi.transport.Transport$1.run(Transport.java:200)
	at java.rmi/sun.rmi.transport.Transport$1.run(Transport.java:197)
	at java.base/java.security.AccessController.doPrivileged(AccessController.java:712)
	at java.rmi/sun.rmi.transport.Transport.serviceCall(Transport.java:196)
	at java.rmi/sun.rmi.transport.tcp.TCPTransport.handleMessages(TCPTransport.java:587)
	at java.rmi/sun.rmi.transport.tcp.TCPTransport$ConnectionHandler.run0(TCPTransport.java:828)
	at java.rmi/sun.rmi.transport.tcp.TCPTransport$ConnectionHandler.lambda$run$0(TCPTransport.java:705)
	at java.base/java.security.AccessController.doPrivileged(AccessController.java:399)
	at java.rmi/sun.rmi.transport.tcp.TCPTransport$ConnectionHandler.run(TCPTransport.java:704)
	at java.base/java.util.concurrent.ThreadPoolExecutor.runWorker(ThreadPoolExecutor.java:1136)
	at java.base/java.util.concurrent.ThreadPoolExecutor$Worker.run(ThreadPoolExecutor.java:635)
	at java.base/java.lang.Thread.run(Thread.java:842)
2024-12-05 11:45:18.224|WARN|RMI TCP Connection(1)-192.168.200.1|o.s.b.a.h.HealthEndpointSupport|line-181||Health contributor org.springframework.boot.actuate.mail.MailHealthIndicator (mail) took 41161ms to respond
2024-12-05 11:45:54.496|INFO|SpringApplicationShutdownHook|c.z.h.HikariDataSource|line-350||HikariPool-1 - Shutdown initiated...
2024-12-05 11:45:54.502|INFO|SpringApplicationShutdownHook|c.z.h.HikariDataSource|line-352||HikariPool-1 - Shutdown completed.
