2024-11-25 09:05:05.188|INFO|main|w.f.o.OfficeControllerApplication|line-51||Starting OfficeControllerApplication using Java 17.0.11 with PID 2232 (D:\My Project\myOASys\target\classes started by zds in D:\My Project\myOASys)
2024-11-25 09:05:05.195|INFO|main|w.f.o.OfficeControllerApplication|line-630||No active profile set, falling back to 1 default profile: "default"
2024-11-25 09:05:12.345|INFO|main|o.s.d.r.c.RepositoryConfigurationDelegate|line-291||Multiple Spring Data modules found, entering strict repository configuration mode
2024-11-25 09:05:12.345|INFO|main|o.s.d.r.c.RepositoryConfigurationDelegate|line-138||Bootstrapping Spring Data Redis repositories in DEFAULT mode.
2024-11-25 09:05:12.450|INFO|main|o.s.d.r.c.RepositoryConfigurationDelegate|line-208||Finished Spring Data repository scanning in 59 ms. Found 0 Redis repository interfaces.
2024-11-25 09:05:13.850|INFO|main|o.s.b.w.e.t.TomcatWebServer|line-108||Tomcat initialized with port(s): 8088 (http)
2024-11-25 09:05:13.881|INFO|main|o.a.c.h.Http11NioProtocol|line-173||Initializing ProtocolHandler ["http-nio-8088"]
2024-11-25 09:05:13.881|INFO|main|o.a.c.c.StandardService|line-173||Starting service [Tomcat]
2024-11-25 09:05:13.881|INFO|main|o.a.c.c.StandardEngine|line-173||Starting Servlet engine: [Apache Tomcat/10.1.5]
2024-11-25 09:05:14.006|INFO|main|o.a.c.c.C.[.[.[/]|line-173||Initializing Spring embedded WebApplicationContext
2024-11-25 09:05:14.006|INFO|main|o.s.b.w.s.c.ServletWebServerApplicationContext|line-291||Root WebApplicationContext: initialization completed in 8699 ms
2024-11-25 09:05:14.198|INFO|main|w.f.o.c.s.MyFilter|line-16||MyFilter来啦！！！！
2024-11-25 09:05:15.240|INFO|main|w.f.o.c.o.OssConfiguration|line-17||创建 OssUtil
2024-11-25 09:05:16.245|INFO|main|o.s.b.a.e.w.EndpointLinksResolver|line-58||Exposing 1 endpoint(s) beneath base path '/actuator'
2024-11-25 09:05:16.330|INFO|main|o.a.c.h.Http11NioProtocol|line-173||Starting ProtocolHandler ["http-nio-8088"]
2024-11-25 09:05:16.355|INFO|main|o.s.b.w.e.t.TomcatWebServer|line-220||Tomcat started on port(s): 8088 (http) with context path ''
2024-11-25 09:05:16.361|INFO|main|w.f.o.OfficeControllerApplication|line-57||Started OfficeControllerApplication in 12.004 seconds (process running for 14.248)
2024-11-25 09:05:16.786|INFO|RMI TCP Connection(26)-192.168.159.1|c.z.h.HikariDataSource|line-110||HikariPool-1 - Starting...
2024-11-25 09:05:17.090|INFO|RMI TCP Connection(26)-192.168.159.1|c.z.h.p.HikariPool|line-565||HikariPool-1 - Added connection com.mysql.cj.jdbc.ConnectionImpl@4f06bf79
2024-11-25 09:05:17.105|INFO|RMI TCP Connection(26)-192.168.159.1|c.z.h.HikariDataSource|line-123||HikariPool-1 - Start completed.
2024-11-25 09:22:33.388|INFO|http-nio-8088-exec-1|o.a.c.c.C.[.[.[/]|line-173||Initializing Spring DispatcherServlet 'dispatcherServlet'
2024-11-25 09:22:33.389|INFO|http-nio-8088-exec-1|o.s.w.s.DispatcherServlet|line-532||Initializing Servlet 'dispatcherServlet'
2024-11-25 09:22:33.390|INFO|http-nio-8088-exec-1|o.s.w.s.DispatcherServlet|line-554||Completed initialization in 1 ms
2024-11-25 09:22:35.038|INFO|http-nio-8088-exec-1|o.s.a.AbstractOpenApiResource|line-390|traceId_1206385137319300|Init duration for springdoc-openapi is: 1617 ms
2024-11-25 09:50:51.813|INFO|SpringApplicationShutdownHook|c.z.h.HikariDataSource|line-350||HikariPool-1 - Shutdown initiated...
2024-11-25 09:50:51.813|INFO|SpringApplicationShutdownHook|c.z.h.HikariDataSource|line-352||HikariPool-1 - Shutdown completed.
2024-11-25 09:51:06.998|INFO|main|w.f.o.OfficeControllerApplication|line-51||Starting OfficeControllerApplication using Java 17.0.11 with PID 13368 (D:\My Project\myOASys\target\classes started by zds in D:\My Project\myOASys)
2024-11-25 09:51:06.998|INFO|main|w.f.o.OfficeControllerApplication|line-630||No active profile set, falling back to 1 default profile: "default"
2024-11-25 09:51:07.900|INFO|main|o.s.d.r.c.RepositoryConfigurationDelegate|line-291||Multiple Spring Data modules found, entering strict repository configuration mode
2024-11-25 09:51:07.900|INFO|main|o.s.d.r.c.RepositoryConfigurationDelegate|line-138||Bootstrapping Spring Data Redis repositories in DEFAULT mode.
2024-11-25 09:51:07.931|INFO|main|o.s.d.r.c.RepositoryConfigurationDelegate|line-208||Finished Spring Data repository scanning in 17 ms. Found 0 Redis repository interfaces.
2024-11-25 09:51:08.299|INFO|main|o.s.b.w.e.t.TomcatWebServer|line-108||Tomcat initialized with port(s): 8088 (http)
2024-11-25 09:51:08.314|INFO|main|o.a.c.h.Http11NioProtocol|line-173||Initializing ProtocolHandler ["http-nio-8088"]
2024-11-25 09:51:08.321|INFO|main|o.a.c.c.StandardService|line-173||Starting service [Tomcat]
2024-11-25 09:51:08.321|INFO|main|o.a.c.c.StandardEngine|line-173||Starting Servlet engine: [Apache Tomcat/10.1.5]
2024-11-25 09:51:08.382|INFO|main|o.a.c.c.C.[.[.[/]|line-173||Initializing Spring embedded WebApplicationContext
2024-11-25 09:51:08.382|INFO|main|o.s.b.w.s.c.ServletWebServerApplicationContext|line-291||Root WebApplicationContext: initialization completed in 1348 ms
2024-11-25 09:51:08.465|INFO|main|w.f.o.c.s.MyFilter|line-16||MyFilter来啦！！！！
2024-11-25 09:51:09.209|INFO|main|w.f.o.c.o.OssConfiguration|line-17||创建 OssUtil
2024-11-25 09:51:09.849|INFO|main|o.s.b.a.e.w.EndpointLinksResolver|line-58||Exposing 1 endpoint(s) beneath base path '/actuator'
2024-11-25 09:51:09.912|INFO|main|o.a.c.h.Http11NioProtocol|line-173||Starting ProtocolHandler ["http-nio-8088"]
2024-11-25 09:51:09.912|INFO|main|o.s.b.w.e.t.TomcatWebServer|line-220||Tomcat started on port(s): 8088 (http) with context path ''
2024-11-25 09:51:09.929|INFO|main|w.f.o.OfficeControllerApplication|line-57||Started OfficeControllerApplication in 3.237 seconds (process running for 4.598)
2024-11-25 09:51:10.231|INFO|RMI TCP Connection(3)-192.168.159.1|c.z.h.HikariDataSource|line-110||HikariPool-1 - Starting...
2024-11-25 09:51:10.326|INFO|RMI TCP Connection(3)-192.168.159.1|c.z.h.p.HikariPool|line-565||HikariPool-1 - Added connection com.mysql.cj.jdbc.ConnectionImpl@437540fb
2024-11-25 09:51:10.326|INFO|RMI TCP Connection(3)-192.168.159.1|c.z.h.HikariDataSource|line-123||HikariPool-1 - Start completed.
2024-11-25 09:51:54.076|INFO|http-nio-8088-exec-4|o.a.c.c.C.[.[.[/]|line-173||Initializing Spring DispatcherServlet 'dispatcherServlet'
2024-11-25 09:51:54.077|INFO|http-nio-8088-exec-4|o.s.w.s.DispatcherServlet|line-532||Initializing Servlet 'dispatcherServlet'
2024-11-25 09:51:54.079|INFO|http-nio-8088-exec-4|o.s.w.s.DispatcherServlet|line-554||Completed initialization in 2 ms
2024-11-25 13:17:24.466|INFO|SpringApplicationShutdownHook|c.z.h.HikariDataSource|line-350||HikariPool-1 - Shutdown initiated...
2024-11-25 13:17:24.474|INFO|SpringApplicationShutdownHook|c.z.h.HikariDataSource|line-352||HikariPool-1 - Shutdown completed.
2024-11-25 13:19:23.435|INFO|main|w.f.o.OfficeControllerApplication|line-51||Starting OfficeControllerApplication using Java 17.0.11 with PID 3172 (D:\My Project\myOASys\target\classes started by zds in D:\My Project\myOASys)
2024-11-25 13:19:23.438|INFO|main|w.f.o.OfficeControllerApplication|line-630||No active profile set, falling back to 1 default profile: "default"
2024-11-25 13:19:25.389|INFO|main|o.s.d.r.c.RepositoryConfigurationDelegate|line-291||Multiple Spring Data modules found, entering strict repository configuration mode
2024-11-25 13:19:25.391|INFO|main|o.s.d.r.c.RepositoryConfigurationDelegate|line-138||Bootstrapping Spring Data Redis repositories in DEFAULT mode.
2024-11-25 13:19:25.413|INFO|main|o.s.d.r.c.RepositoryConfigurationDelegate|line-208||Finished Spring Data repository scanning in 15 ms. Found 0 Redis repository interfaces.
2024-11-25 13:19:25.760|INFO|main|o.s.b.w.e.t.TomcatWebServer|line-108||Tomcat initialized with port(s): 8088 (http)
2024-11-25 13:19:25.766|INFO|main|o.a.c.h.Http11NioProtocol|line-173||Initializing ProtocolHandler ["http-nio-8088"]
2024-11-25 13:19:25.767|INFO|main|o.a.c.c.StandardService|line-173||Starting service [Tomcat]
2024-11-25 13:19:25.768|INFO|main|o.a.c.c.StandardEngine|line-173||Starting Servlet engine: [Apache Tomcat/10.1.5]
2024-11-25 13:19:25.831|INFO|main|o.a.c.c.C.[.[.[/]|line-173||Initializing Spring embedded WebApplicationContext
2024-11-25 13:19:25.831|INFO|main|o.s.b.w.s.c.ServletWebServerApplicationContext|line-291||Root WebApplicationContext: initialization completed in 2344 ms
2024-11-25 13:19:25.905|INFO|main|w.f.o.c.s.MyFilter|line-16||MyFilter来啦！！！！
2024-11-25 13:19:26.595|INFO|main|w.f.o.c.o.OssConfiguration|line-17||创建 OssUtil
2024-11-25 13:19:27.226|INFO|main|o.s.b.a.e.w.EndpointLinksResolver|line-58||Exposing 1 endpoint(s) beneath base path '/actuator'
2024-11-25 13:19:27.292|INFO|main|o.a.c.h.Http11NioProtocol|line-173||Starting ProtocolHandler ["http-nio-8088"]
2024-11-25 13:19:27.306|INFO|main|o.s.b.w.e.t.TomcatWebServer|line-220||Tomcat started on port(s): 8088 (http) with context path ''
2024-11-25 13:19:27.317|INFO|main|w.f.o.OfficeControllerApplication|line-57||Started OfficeControllerApplication in 4.142 seconds (process running for 5.491)
2024-11-25 13:19:27.638|INFO|RMI TCP Connection(4)-192.168.159.1|c.z.h.HikariDataSource|line-110||HikariPool-1 - Starting...
2024-11-25 13:19:27.765|INFO|RMI TCP Connection(4)-192.168.159.1|c.z.h.p.HikariPool|line-565||HikariPool-1 - Added connection com.mysql.cj.jdbc.ConnectionImpl@48bc96d7
2024-11-25 13:19:27.772|INFO|RMI TCP Connection(4)-192.168.159.1|c.z.h.HikariDataSource|line-123||HikariPool-1 - Start completed.
2024-11-25 13:19:33.905|INFO|http-nio-8088-exec-2|o.a.c.c.C.[.[.[/]|line-173||Initializing Spring DispatcherServlet 'dispatcherServlet'
2024-11-25 13:19:33.905|INFO|http-nio-8088-exec-2|o.s.w.s.DispatcherServlet|line-532||Initializing Servlet 'dispatcherServlet'
2024-11-25 13:19:33.907|INFO|http-nio-8088-exec-2|o.s.w.s.DispatcherServlet|line-554||Completed initialization in 1 ms
2024-11-25 14:03:32.780|INFO|SpringApplicationShutdownHook|c.z.h.HikariDataSource|line-350||HikariPool-1 - Shutdown initiated...
2024-11-25 14:03:32.784|INFO|SpringApplicationShutdownHook|c.z.h.HikariDataSource|line-352||HikariPool-1 - Shutdown completed.
2024-11-25 14:03:36.690|INFO|main|w.f.o.OfficeControllerApplication|line-51||Starting OfficeControllerApplication using Java 17.0.11 with PID 12812 (D:\My Project\myOASys\target\classes started by zds in D:\My Project\myOASys)
2024-11-25 14:03:36.693|INFO|main|w.f.o.OfficeControllerApplication|line-630||No active profile set, falling back to 1 default profile: "default"
2024-11-25 14:03:37.438|INFO|main|o.s.d.r.c.RepositoryConfigurationDelegate|line-291||Multiple Spring Data modules found, entering strict repository configuration mode
2024-11-25 14:03:37.440|INFO|main|o.s.d.r.c.RepositoryConfigurationDelegate|line-138||Bootstrapping Spring Data Redis repositories in DEFAULT mode.
2024-11-25 14:03:37.463|INFO|main|o.s.d.r.c.RepositoryConfigurationDelegate|line-208||Finished Spring Data repository scanning in 15 ms. Found 0 Redis repository interfaces.
2024-11-25 14:03:37.810|INFO|main|o.s.b.w.e.t.TomcatWebServer|line-108||Tomcat initialized with port(s): 8088 (http)
2024-11-25 14:03:37.818|INFO|main|o.a.c.h.Http11NioProtocol|line-173||Initializing ProtocolHandler ["http-nio-8088"]
2024-11-25 14:03:37.818|INFO|main|o.a.c.c.StandardService|line-173||Starting service [Tomcat]
2024-11-25 14:03:37.819|INFO|main|o.a.c.c.StandardEngine|line-173||Starting Servlet engine: [Apache Tomcat/10.1.5]
2024-11-25 14:03:37.894|INFO|main|o.a.c.c.C.[.[.[/]|line-173||Initializing Spring embedded WebApplicationContext
2024-11-25 14:03:37.894|INFO|main|o.s.b.w.s.c.ServletWebServerApplicationContext|line-291||Root WebApplicationContext: initialization completed in 1137 ms
2024-11-25 14:03:37.990|INFO|main|w.f.o.c.s.MyFilter|line-16||MyFilter来啦！！！！
2024-11-25 14:03:38.767|INFO|main|w.f.o.c.o.OssConfiguration|line-17||创建 OssUtil
2024-11-25 14:03:39.583|INFO|main|o.s.b.a.e.w.EndpointLinksResolver|line-58||Exposing 1 endpoint(s) beneath base path '/actuator'
2024-11-25 14:03:39.647|INFO|main|o.a.c.h.Http11NioProtocol|line-173||Starting ProtocolHandler ["http-nio-8088"]
2024-11-25 14:03:39.662|INFO|main|o.s.b.w.e.t.TomcatWebServer|line-220||Tomcat started on port(s): 8088 (http) with context path ''
2024-11-25 14:03:39.672|INFO|main|w.f.o.OfficeControllerApplication|line-57||Started OfficeControllerApplication in 3.4 seconds (process running for 4.259)
2024-11-25 14:03:40.033|INFO|RMI TCP Connection(7)-192.168.159.1|c.z.h.HikariDataSource|line-110||HikariPool-1 - Starting...
2024-11-25 14:03:40.110|INFO|RMI TCP Connection(7)-192.168.159.1|c.z.h.p.HikariPool|line-565||HikariPool-1 - Added connection com.mysql.cj.jdbc.ConnectionImpl@6ea05dc1
2024-11-25 14:03:40.116|INFO|RMI TCP Connection(7)-192.168.159.1|c.z.h.HikariDataSource|line-123||HikariPool-1 - Start completed.
2024-11-25 14:04:07.113|INFO|http-nio-8088-exec-9|o.a.c.c.C.[.[.[/]|line-173||Initializing Spring DispatcherServlet 'dispatcherServlet'
2024-11-25 14:04:07.113|INFO|http-nio-8088-exec-9|o.s.w.s.DispatcherServlet|line-532||Initializing Servlet 'dispatcherServlet'
2024-11-25 14:04:07.114|INFO|http-nio-8088-exec-9|o.s.w.s.DispatcherServlet|line-554||Completed initialization in 1 ms
2024-11-25 14:11:07.121|INFO|SpringApplicationShutdownHook|c.z.h.HikariDataSource|line-350||HikariPool-1 - Shutdown initiated...
2024-11-25 14:11:07.127|INFO|SpringApplicationShutdownHook|c.z.h.HikariDataSource|line-352||HikariPool-1 - Shutdown completed.
2024-11-25 14:11:12.363|INFO|main|w.f.o.OfficeControllerApplication|line-51||Starting OfficeControllerApplication using Java 17.0.11 with PID 27920 (D:\My Project\myOASys\target\classes started by zds in D:\My Project\myOASys)
2024-11-25 14:11:12.367|INFO|main|w.f.o.OfficeControllerApplication|line-630||No active profile set, falling back to 1 default profile: "default"
2024-11-25 14:11:13.204|INFO|main|o.s.d.r.c.RepositoryConfigurationDelegate|line-291||Multiple Spring Data modules found, entering strict repository configuration mode
2024-11-25 14:11:13.205|INFO|main|o.s.d.r.c.RepositoryConfigurationDelegate|line-138||Bootstrapping Spring Data Redis repositories in DEFAULT mode.
2024-11-25 14:11:13.228|INFO|main|o.s.d.r.c.RepositoryConfigurationDelegate|line-208||Finished Spring Data repository scanning in 14 ms. Found 0 Redis repository interfaces.
2024-11-25 14:11:13.538|INFO|main|o.s.b.w.e.t.TomcatWebServer|line-108||Tomcat initialized with port(s): 8088 (http)
2024-11-25 14:11:13.542|INFO|main|o.a.c.h.Http11NioProtocol|line-173||Initializing ProtocolHandler ["http-nio-8088"]
2024-11-25 14:11:13.543|INFO|main|o.a.c.c.StandardService|line-173||Starting service [Tomcat]
2024-11-25 14:11:13.543|INFO|main|o.a.c.c.StandardEngine|line-173||Starting Servlet engine: [Apache Tomcat/10.1.5]
2024-11-25 14:11:13.610|INFO|main|o.a.c.c.C.[.[.[/]|line-173||Initializing Spring embedded WebApplicationContext
2024-11-25 14:11:13.611|INFO|main|o.s.b.w.s.c.ServletWebServerApplicationContext|line-291||Root WebApplicationContext: initialization completed in 1171 ms
2024-11-25 14:11:13.680|INFO|main|w.f.o.c.s.MyFilter|line-16||MyFilter来啦！！！！
2024-11-25 14:11:14.309|INFO|main|w.f.o.c.o.OssConfiguration|line-17||创建 OssUtil
2024-11-25 14:11:15.120|INFO|main|o.s.b.a.e.w.EndpointLinksResolver|line-58||Exposing 1 endpoint(s) beneath base path '/actuator'
2024-11-25 14:11:15.195|INFO|main|o.a.c.h.Http11NioProtocol|line-173||Starting ProtocolHandler ["http-nio-8088"]
2024-11-25 14:11:15.211|INFO|main|o.s.b.w.e.t.TomcatWebServer|line-220||Tomcat started on port(s): 8088 (http) with context path ''
2024-11-25 14:11:15.223|INFO|main|w.f.o.OfficeControllerApplication|line-57||Started OfficeControllerApplication in 3.301 seconds (process running for 4.133)
2024-11-25 14:11:15.712|INFO|RMI TCP Connection(1)-192.168.159.1|c.z.h.HikariDataSource|line-110||HikariPool-1 - Starting...
2024-11-25 14:11:15.783|INFO|RMI TCP Connection(1)-192.168.159.1|c.z.h.p.HikariPool|line-565||HikariPool-1 - Added connection com.mysql.cj.jdbc.ConnectionImpl@5c9a6c19
2024-11-25 14:11:15.789|INFO|RMI TCP Connection(1)-192.168.159.1|c.z.h.HikariDataSource|line-123||HikariPool-1 - Start completed.
2024-11-25 14:11:35.639|INFO|http-nio-8088-exec-1|o.a.c.c.C.[.[.[/]|line-173||Initializing Spring DispatcherServlet 'dispatcherServlet'
2024-11-25 14:11:35.640|INFO|http-nio-8088-exec-1|o.s.w.s.DispatcherServlet|line-532||Initializing Servlet 'dispatcherServlet'
2024-11-25 14:11:35.641|INFO|http-nio-8088-exec-1|o.s.w.s.DispatcherServlet|line-554||Completed initialization in 1 ms
2024-11-25 14:18:18.319|INFO|SpringApplicationShutdownHook|c.z.h.HikariDataSource|line-350||HikariPool-1 - Shutdown initiated...
2024-11-25 14:18:18.325|INFO|SpringApplicationShutdownHook|c.z.h.HikariDataSource|line-352||HikariPool-1 - Shutdown completed.
2024-11-25 14:18:23.969|INFO|main|w.f.o.OfficeControllerApplication|line-51||Starting OfficeControllerApplication using Java 17.0.11 with PID 15460 (D:\My Project\myOASys\target\classes started by zds in D:\My Project\myOASys)
2024-11-25 14:18:23.972|INFO|main|w.f.o.OfficeControllerApplication|line-630||No active profile set, falling back to 1 default profile: "default"
2024-11-25 14:18:24.763|INFO|main|o.s.d.r.c.RepositoryConfigurationDelegate|line-291||Multiple Spring Data modules found, entering strict repository configuration mode
2024-11-25 14:18:24.765|INFO|main|o.s.d.r.c.RepositoryConfigurationDelegate|line-138||Bootstrapping Spring Data Redis repositories in DEFAULT mode.
2024-11-25 14:18:24.789|INFO|main|o.s.d.r.c.RepositoryConfigurationDelegate|line-208||Finished Spring Data repository scanning in 16 ms. Found 0 Redis repository interfaces.
2024-11-25 14:18:25.206|INFO|main|o.s.b.w.e.t.TomcatWebServer|line-108||Tomcat initialized with port(s): 8088 (http)
2024-11-25 14:18:25.216|INFO|main|o.a.c.h.Http11NioProtocol|line-173||Initializing ProtocolHandler ["http-nio-8088"]
2024-11-25 14:18:25.218|INFO|main|o.a.c.c.StandardService|line-173||Starting service [Tomcat]
2024-11-25 14:18:25.219|INFO|main|o.a.c.c.StandardEngine|line-173||Starting Servlet engine: [Apache Tomcat/10.1.5]
2024-11-25 14:18:25.321|INFO|main|o.a.c.c.C.[.[.[/]|line-173||Initializing Spring embedded WebApplicationContext
2024-11-25 14:18:25.322|INFO|main|o.s.b.w.s.c.ServletWebServerApplicationContext|line-291||Root WebApplicationContext: initialization completed in 1319 ms
2024-11-25 14:18:25.483|INFO|main|w.f.o.c.s.MyFilter|line-16||MyFilter来啦！！！！
2024-11-25 14:18:26.222|INFO|main|w.f.o.c.o.OssConfiguration|line-17||创建 OssUtil
2024-11-25 14:18:26.932|INFO|main|o.s.b.a.e.w.EndpointLinksResolver|line-58||Exposing 1 endpoint(s) beneath base path '/actuator'
2024-11-25 14:18:26.992|INFO|main|o.a.c.h.Http11NioProtocol|line-173||Starting ProtocolHandler ["http-nio-8088"]
2024-11-25 14:18:27.004|INFO|main|o.s.b.w.e.t.TomcatWebServer|line-220||Tomcat started on port(s): 8088 (http) with context path ''
2024-11-25 14:18:27.016|INFO|main|w.f.o.OfficeControllerApplication|line-57||Started OfficeControllerApplication in 3.345 seconds (process running for 4.024)
2024-11-25 14:18:27.362|INFO|RMI TCP Connection(7)-192.168.159.1|c.z.h.HikariDataSource|line-110||HikariPool-1 - Starting...
2024-11-25 14:18:27.515|INFO|RMI TCP Connection(7)-192.168.159.1|c.z.h.p.HikariPool|line-565||HikariPool-1 - Added connection com.mysql.cj.jdbc.ConnectionImpl@a23b277
2024-11-25 14:18:27.531|INFO|RMI TCP Connection(7)-192.168.159.1|c.z.h.HikariDataSource|line-123||HikariPool-1 - Start completed.
2024-11-25 14:20:51.209|INFO|http-nio-8088-exec-1|o.a.c.c.C.[.[.[/]|line-173||Initializing Spring DispatcherServlet 'dispatcherServlet'
2024-11-25 14:20:51.210|INFO|http-nio-8088-exec-1|o.s.w.s.DispatcherServlet|line-532||Initializing Servlet 'dispatcherServlet'
2024-11-25 14:20:51.212|INFO|http-nio-8088-exec-1|o.s.w.s.DispatcherServlet|line-554||Completed initialization in 2 ms
2024-11-25 14:22:54.574|INFO|SpringApplicationShutdownHook|c.z.h.HikariDataSource|line-350||HikariPool-1 - Shutdown initiated...
2024-11-25 14:22:54.574|INFO|SpringApplicationShutdownHook|c.z.h.HikariDataSource|line-352||HikariPool-1 - Shutdown completed.
2024-11-25 14:23:01.286|INFO|main|w.f.o.OfficeControllerApplication|line-51||Starting OfficeControllerApplication using Java 17.0.11 with PID 14628 (D:\My Project\myOASys\target\classes started by zds in D:\My Project\myOASys)
2024-11-25 14:23:01.286|INFO|main|w.f.o.OfficeControllerApplication|line-630||No active profile set, falling back to 1 default profile: "default"
2024-11-25 14:23:01.999|INFO|main|o.s.d.r.c.RepositoryConfigurationDelegate|line-291||Multiple Spring Data modules found, entering strict repository configuration mode
2024-11-25 14:23:01.999|INFO|main|o.s.d.r.c.RepositoryConfigurationDelegate|line-138||Bootstrapping Spring Data Redis repositories in DEFAULT mode.
2024-11-25 14:23:02.015|INFO|main|o.s.d.r.c.RepositoryConfigurationDelegate|line-208||Finished Spring Data repository scanning in 16 ms. Found 0 Redis repository interfaces.
2024-11-25 14:23:02.341|INFO|main|o.s.b.w.e.t.TomcatWebServer|line-108||Tomcat initialized with port(s): 8088 (http)
2024-11-25 14:23:02.346|INFO|main|o.a.c.h.Http11NioProtocol|line-173||Initializing ProtocolHandler ["http-nio-8088"]
2024-11-25 14:23:02.346|INFO|main|o.a.c.c.StandardService|line-173||Starting service [Tomcat]
2024-11-25 14:23:02.346|INFO|main|o.a.c.c.StandardEngine|line-173||Starting Servlet engine: [Apache Tomcat/10.1.5]
2024-11-25 14:23:02.409|INFO|main|o.a.c.c.C.[.[.[/]|line-173||Initializing Spring embedded WebApplicationContext
2024-11-25 14:23:02.409|INFO|main|o.s.b.w.s.c.ServletWebServerApplicationContext|line-291||Root WebApplicationContext: initialization completed in 1085 ms
2024-11-25 14:23:02.487|INFO|main|w.f.o.c.s.MyFilter|line-16||MyFilter来啦！！！！
2024-11-25 14:23:03.081|INFO|main|w.f.o.c.o.OssConfiguration|line-17||创建 OssUtil
2024-11-25 14:23:03.759|INFO|main|o.s.b.a.e.w.EndpointLinksResolver|line-58||Exposing 1 endpoint(s) beneath base path '/actuator'
2024-11-25 14:23:03.822|INFO|main|o.a.c.h.Http11NioProtocol|line-173||Starting ProtocolHandler ["http-nio-8088"]
2024-11-25 14:23:03.838|INFO|main|o.s.b.w.e.t.TomcatWebServer|line-220||Tomcat started on port(s): 8088 (http) with context path ''
2024-11-25 14:23:03.853|INFO|main|w.f.o.OfficeControllerApplication|line-57||Started OfficeControllerApplication in 2.843 seconds (process running for 3.435)
2024-11-25 14:23:04.208|INFO|RMI TCP Connection(3)-192.168.159.1|c.z.h.HikariDataSource|line-110||HikariPool-1 - Starting...
2024-11-25 14:23:04.396|INFO|RMI TCP Connection(3)-192.168.159.1|c.z.h.p.HikariPool|line-565||HikariPool-1 - Added connection com.mysql.cj.jdbc.ConnectionImpl@3f84cbf6
2024-11-25 14:23:04.396|INFO|RMI TCP Connection(3)-192.168.159.1|c.z.h.HikariDataSource|line-123||HikariPool-1 - Start completed.
2024-11-25 14:23:07.771|INFO|http-nio-8088-exec-1|o.a.c.c.C.[.[.[/]|line-173||Initializing Spring DispatcherServlet 'dispatcherServlet'
2024-11-25 14:23:07.771|INFO|http-nio-8088-exec-1|o.s.w.s.DispatcherServlet|line-532||Initializing Servlet 'dispatcherServlet'
2024-11-25 14:23:07.773|INFO|http-nio-8088-exec-1|o.s.w.s.DispatcherServlet|line-554||Completed initialization in 1 ms
2024-11-25 14:30:39.924|INFO|SpringApplicationShutdownHook|c.z.h.HikariDataSource|line-350||HikariPool-1 - Shutdown initiated...
2024-11-25 14:30:39.924|INFO|SpringApplicationShutdownHook|c.z.h.HikariDataSource|line-352||HikariPool-1 - Shutdown completed.
2024-11-25 14:30:46.226|INFO|main|w.f.o.OfficeControllerApplication|line-51||Starting OfficeControllerApplication using Java 17.0.11 with PID 25668 (D:\My Project\myOASys\target\classes started by zds in D:\My Project\myOASys)
2024-11-25 14:30:46.228|INFO|main|w.f.o.OfficeControllerApplication|line-630||No active profile set, falling back to 1 default profile: "default"
2024-11-25 14:30:46.943|INFO|main|o.s.d.r.c.RepositoryConfigurationDelegate|line-291||Multiple Spring Data modules found, entering strict repository configuration mode
2024-11-25 14:30:46.945|INFO|main|o.s.d.r.c.RepositoryConfigurationDelegate|line-138||Bootstrapping Spring Data Redis repositories in DEFAULT mode.
2024-11-25 14:30:46.968|INFO|main|o.s.d.r.c.RepositoryConfigurationDelegate|line-208||Finished Spring Data repository scanning in 16 ms. Found 0 Redis repository interfaces.
2024-11-25 14:30:47.315|INFO|main|o.s.b.w.e.t.TomcatWebServer|line-108||Tomcat initialized with port(s): 8088 (http)
2024-11-25 14:30:47.319|INFO|main|o.a.c.h.Http11NioProtocol|line-173||Initializing ProtocolHandler ["http-nio-8088"]
2024-11-25 14:30:47.320|INFO|main|o.a.c.c.StandardService|line-173||Starting service [Tomcat]
2024-11-25 14:30:47.320|INFO|main|o.a.c.c.StandardEngine|line-173||Starting Servlet engine: [Apache Tomcat/10.1.5]
2024-11-25 14:30:47.376|INFO|main|o.a.c.c.C.[.[.[/]|line-173||Initializing Spring embedded WebApplicationContext
2024-11-25 14:30:47.377|INFO|main|o.s.b.w.s.c.ServletWebServerApplicationContext|line-291||Root WebApplicationContext: initialization completed in 1115 ms
2024-11-25 14:30:47.449|INFO|main|w.f.o.c.s.MyFilter|line-16||MyFilter来啦！！！！
2024-11-25 14:30:48.021|INFO|main|w.f.o.c.o.OssConfiguration|line-17||创建 OssUtil
2024-11-25 14:30:48.623|INFO|main|o.s.b.a.e.w.EndpointLinksResolver|line-58||Exposing 1 endpoint(s) beneath base path '/actuator'
2024-11-25 14:30:48.688|INFO|main|o.a.c.h.Http11NioProtocol|line-173||Starting ProtocolHandler ["http-nio-8088"]
2024-11-25 14:30:48.701|INFO|main|o.s.b.w.e.t.TomcatWebServer|line-220||Tomcat started on port(s): 8088 (http) with context path ''
2024-11-25 14:30:48.712|INFO|main|w.f.o.OfficeControllerApplication|line-57||Started OfficeControllerApplication in 2.798 seconds (process running for 3.712)
2024-11-25 14:30:48.862|INFO|RMI TCP Connection(1)-192.168.159.1|c.z.h.HikariDataSource|line-110||HikariPool-1 - Starting...
2024-11-25 14:30:48.968|INFO|RMI TCP Connection(1)-192.168.159.1|c.z.h.p.HikariPool|line-565||HikariPool-1 - Added connection com.mysql.cj.jdbc.ConnectionImpl@6e31ae85
2024-11-25 14:30:48.975|INFO|RMI TCP Connection(1)-192.168.159.1|c.z.h.HikariDataSource|line-123||HikariPool-1 - Start completed.
2024-11-25 14:30:59.684|INFO|http-nio-8088-exec-3|o.a.c.c.C.[.[.[/]|line-173||Initializing Spring DispatcherServlet 'dispatcherServlet'
2024-11-25 14:30:59.685|INFO|http-nio-8088-exec-3|o.s.w.s.DispatcherServlet|line-532||Initializing Servlet 'dispatcherServlet'
2024-11-25 14:30:59.686|INFO|http-nio-8088-exec-3|o.s.w.s.DispatcherServlet|line-554||Completed initialization in 1 ms
2024-11-25 15:05:40.231|INFO|SpringApplicationShutdownHook|c.z.h.HikariDataSource|line-350||HikariPool-1 - Shutdown initiated...
2024-11-25 15:05:40.235|INFO|SpringApplicationShutdownHook|c.z.h.HikariDataSource|line-352||HikariPool-1 - Shutdown completed.
2024-11-25 15:05:51.029|INFO|main|w.f.o.OfficeControllerApplication|line-51||Starting OfficeControllerApplication using Java 17.0.11 with PID 24532 (D:\My Project\myOASys\target\classes started by zds in D:\My Project\myOASys)
2024-11-25 15:05:51.032|INFO|main|w.f.o.OfficeControllerApplication|line-630||No active profile set, falling back to 1 default profile: "default"
2024-11-25 15:05:53.139|INFO|main|o.s.d.r.c.RepositoryConfigurationDelegate|line-291||Multiple Spring Data modules found, entering strict repository configuration mode
2024-11-25 15:05:53.141|INFO|main|o.s.d.r.c.RepositoryConfigurationDelegate|line-138||Bootstrapping Spring Data Redis repositories in DEFAULT mode.
2024-11-25 15:05:53.209|INFO|main|o.s.d.r.c.RepositoryConfigurationDelegate|line-208||Finished Spring Data repository scanning in 56 ms. Found 0 Redis repository interfaces.
2024-11-25 15:05:53.626|INFO|main|o.s.b.w.e.t.TomcatWebServer|line-108||Tomcat initialized with port(s): 8088 (http)
2024-11-25 15:05:53.634|INFO|main|o.a.c.h.Http11NioProtocol|line-173||Initializing ProtocolHandler ["http-nio-8088"]
2024-11-25 15:05:53.635|INFO|main|o.a.c.c.StandardService|line-173||Starting service [Tomcat]
2024-11-25 15:05:53.635|INFO|main|o.a.c.c.StandardEngine|line-173||Starting Servlet engine: [Apache Tomcat/10.1.5]
2024-11-25 15:05:53.733|INFO|main|o.a.c.c.C.[.[.[/]|line-173||Initializing Spring embedded WebApplicationContext
2024-11-25 15:05:53.734|INFO|main|o.s.b.w.s.c.ServletWebServerApplicationContext|line-291||Root WebApplicationContext: initialization completed in 2622 ms
2024-11-25 15:05:54.007|INFO|main|w.f.o.c.s.MyFilter|line-16||MyFilter来啦！！！！
2024-11-25 15:05:55.884|INFO|main|w.f.o.c.o.OssConfiguration|line-17||创建 OssUtil
2024-11-25 15:05:56.687|INFO|main|o.s.b.a.e.w.EndpointLinksResolver|line-58||Exposing 1 endpoint(s) beneath base path '/actuator'
2024-11-25 15:05:56.814|INFO|main|o.a.c.h.Http11NioProtocol|line-173||Starting ProtocolHandler ["http-nio-8088"]
2024-11-25 15:05:56.838|INFO|main|o.s.b.w.e.t.TomcatWebServer|line-220||Tomcat started on port(s): 8088 (http) with context path ''
2024-11-25 15:05:56.861|INFO|main|w.f.o.OfficeControllerApplication|line-57||Started OfficeControllerApplication in 6.689 seconds (process running for 8.991)
2024-11-25 15:05:57.395|INFO|RMI TCP Connection(16)-192.168.159.1|c.z.h.HikariDataSource|line-110||HikariPool-1 - Starting...
2024-11-25 15:05:57.527|INFO|RMI TCP Connection(16)-192.168.159.1|c.z.h.p.HikariPool|line-565||HikariPool-1 - Added connection com.mysql.cj.jdbc.ConnectionImpl@17eac503
2024-11-25 15:05:57.537|INFO|RMI TCP Connection(16)-192.168.159.1|c.z.h.HikariDataSource|line-123||HikariPool-1 - Start completed.
2024-11-25 15:06:40.207|INFO|SpringApplicationShutdownHook|c.z.h.HikariDataSource|line-350||HikariPool-1 - Shutdown initiated...
2024-11-25 15:06:40.221|INFO|SpringApplicationShutdownHook|c.z.h.HikariDataSource|line-352||HikariPool-1 - Shutdown completed.
2024-11-25 15:06:46.152|INFO|main|w.f.o.OfficeControllerApplication|line-51||Starting OfficeControllerApplication using Java 17.0.11 with PID 23244 (D:\My Project\myOASys\target\classes started by zds in D:\My Project\myOASys)
2024-11-25 15:06:46.155|INFO|main|w.f.o.OfficeControllerApplication|line-630||No active profile set, falling back to 1 default profile: "default"
2024-11-25 15:06:46.845|INFO|main|o.s.d.r.c.RepositoryConfigurationDelegate|line-291||Multiple Spring Data modules found, entering strict repository configuration mode
2024-11-25 15:06:46.847|INFO|main|o.s.d.r.c.RepositoryConfigurationDelegate|line-138||Bootstrapping Spring Data Redis repositories in DEFAULT mode.
2024-11-25 15:06:46.869|INFO|main|o.s.d.r.c.RepositoryConfigurationDelegate|line-208||Finished Spring Data repository scanning in 14 ms. Found 0 Redis repository interfaces.
2024-11-25 15:06:47.197|INFO|main|o.s.b.w.e.t.TomcatWebServer|line-108||Tomcat initialized with port(s): 8088 (http)
2024-11-25 15:06:47.202|INFO|main|o.a.c.h.Http11NioProtocol|line-173||Initializing ProtocolHandler ["http-nio-8088"]
2024-11-25 15:06:47.203|INFO|main|o.a.c.c.StandardService|line-173||Starting service [Tomcat]
2024-11-25 15:06:47.203|INFO|main|o.a.c.c.StandardEngine|line-173||Starting Servlet engine: [Apache Tomcat/10.1.5]
2024-11-25 15:06:47.258|INFO|main|o.a.c.c.C.[.[.[/]|line-173||Initializing Spring embedded WebApplicationContext
2024-11-25 15:06:47.259|INFO|main|o.s.b.w.s.c.ServletWebServerApplicationContext|line-291||Root WebApplicationContext: initialization completed in 1065 ms
2024-11-25 15:06:47.338|INFO|main|w.f.o.c.s.MyFilter|line-16||MyFilter来啦！！！！
2024-11-25 15:06:47.920|INFO|main|w.f.o.c.o.OssConfiguration|line-17||创建 OssUtil
2024-11-25 15:06:48.525|INFO|main|o.s.b.a.e.w.EndpointLinksResolver|line-58||Exposing 1 endpoint(s) beneath base path '/actuator'
2024-11-25 15:06:48.593|INFO|main|o.a.c.h.Http11NioProtocol|line-173||Starting ProtocolHandler ["http-nio-8088"]
2024-11-25 15:06:48.607|INFO|main|o.s.b.w.e.t.TomcatWebServer|line-220||Tomcat started on port(s): 8088 (http) with context path ''
2024-11-25 15:06:48.619|INFO|main|w.f.o.OfficeControllerApplication|line-57||Started OfficeControllerApplication in 2.754 seconds (process running for 3.635)
2024-11-25 15:06:48.772|INFO|RMI TCP Connection(2)-192.168.159.1|c.z.h.HikariDataSource|line-110||HikariPool-1 - Starting...
2024-11-25 15:06:48.940|INFO|RMI TCP Connection(2)-192.168.159.1|c.z.h.p.HikariPool|line-565||HikariPool-1 - Added connection com.mysql.cj.jdbc.ConnectionImpl@2187fba8
2024-11-25 15:06:48.980|INFO|RMI TCP Connection(2)-192.168.159.1|c.z.h.HikariDataSource|line-123||HikariPool-1 - Start completed.
2024-11-25 15:06:55.876|INFO|http-nio-8088-exec-7|o.a.c.c.C.[.[.[/]|line-173||Initializing Spring DispatcherServlet 'dispatcherServlet'
2024-11-25 15:06:55.876|INFO|http-nio-8088-exec-7|o.s.w.s.DispatcherServlet|line-532||Initializing Servlet 'dispatcherServlet'
2024-11-25 15:06:55.877|INFO|http-nio-8088-exec-7|o.s.w.s.DispatcherServlet|line-554||Completed initialization in 1 ms
2024-11-25 15:07:11.513|INFO|http-nio-8088-exec-10|o.s.a.AbstractOpenApiResource|line-390|traceId_1227062396136800|Init duration for springdoc-openapi is: 848 ms
2024-11-25 15:35:39.171|INFO|SpringApplicationShutdownHook|c.z.h.HikariDataSource|line-350||HikariPool-1 - Shutdown initiated...
2024-11-25 15:35:39.181|INFO|SpringApplicationShutdownHook|c.z.h.HikariDataSource|line-352||HikariPool-1 - Shutdown completed.
2024-11-25 15:35:46.275|INFO|main|w.f.o.OfficeControllerApplication|line-51||Starting OfficeControllerApplication using Java 17.0.11 with PID 12580 (D:\My Project\myOASys\target\classes started by zds in D:\My Project\myOASys)
2024-11-25 15:35:46.277|INFO|main|w.f.o.OfficeControllerApplication|line-630||No active profile set, falling back to 1 default profile: "default"
2024-11-25 15:35:47.154|INFO|main|o.s.d.r.c.RepositoryConfigurationDelegate|line-291||Multiple Spring Data modules found, entering strict repository configuration mode
2024-11-25 15:35:47.156|INFO|main|o.s.d.r.c.RepositoryConfigurationDelegate|line-138||Bootstrapping Spring Data Redis repositories in DEFAULT mode.
2024-11-25 15:35:47.181|INFO|main|o.s.d.r.c.RepositoryConfigurationDelegate|line-208||Finished Spring Data repository scanning in 14 ms. Found 0 Redis repository interfaces.
2024-11-25 15:35:47.492|INFO|main|o.s.b.w.e.t.TomcatWebServer|line-108||Tomcat initialized with port(s): 8088 (http)
2024-11-25 15:35:47.497|INFO|main|o.a.c.h.Http11NioProtocol|line-173||Initializing ProtocolHandler ["http-nio-8088"]
2024-11-25 15:35:47.499|INFO|main|o.a.c.c.StandardService|line-173||Starting service [Tomcat]
2024-11-25 15:35:47.499|INFO|main|o.a.c.c.StandardEngine|line-173||Starting Servlet engine: [Apache Tomcat/10.1.5]
2024-11-25 15:35:47.575|INFO|main|o.a.c.c.C.[.[.[/]|line-173||Initializing Spring embedded WebApplicationContext
2024-11-25 15:35:47.576|INFO|main|o.s.b.w.s.c.ServletWebServerApplicationContext|line-291||Root WebApplicationContext: initialization completed in 1260 ms
2024-11-25 15:35:47.666|INFO|main|w.f.o.c.s.MyFilter|line-16||MyFilter来啦！！！！
2024-11-25 15:35:48.390|INFO|main|w.f.o.c.o.OssConfiguration|line-17||创建 OssUtil
2024-11-25 15:35:49.123|INFO|main|o.s.b.a.e.w.EndpointLinksResolver|line-58||Exposing 1 endpoint(s) beneath base path '/actuator'
2024-11-25 15:35:49.190|INFO|main|o.a.c.h.Http11NioProtocol|line-173||Starting ProtocolHandler ["http-nio-8088"]
2024-11-25 15:35:49.208|INFO|main|o.s.b.w.e.t.TomcatWebServer|line-220||Tomcat started on port(s): 8088 (http) with context path ''
2024-11-25 15:35:49.219|INFO|main|w.f.o.OfficeControllerApplication|line-57||Started OfficeControllerApplication in 3.335 seconds (process running for 4.56)
2024-11-25 15:35:49.943|INFO|RMI TCP Connection(6)-192.168.159.1|c.z.h.HikariDataSource|line-110||HikariPool-1 - Starting...
2024-11-25 15:35:50.128|INFO|RMI TCP Connection(6)-192.168.159.1|c.z.h.p.HikariPool|line-565||HikariPool-1 - Added connection com.mysql.cj.jdbc.ConnectionImpl@ba73445
2024-11-25 15:35:50.143|INFO|RMI TCP Connection(6)-192.168.159.1|c.z.h.HikariDataSource|line-123||HikariPool-1 - Start completed.
2024-11-25 15:35:53.979|INFO|http-nio-8088-exec-2|o.a.c.c.C.[.[.[/]|line-173||Initializing Spring DispatcherServlet 'dispatcherServlet'
2024-11-25 15:35:53.980|INFO|http-nio-8088-exec-2|o.s.w.s.DispatcherServlet|line-532||Initializing Servlet 'dispatcherServlet'
2024-11-25 15:35:53.982|INFO|http-nio-8088-exec-2|o.s.w.s.DispatcherServlet|line-554||Completed initialization in 1 ms
2024-11-25 15:36:30.656|INFO|SpringApplicationShutdownHook|c.z.h.HikariDataSource|line-350||HikariPool-1 - Shutdown initiated...
2024-11-25 15:36:30.665|INFO|SpringApplicationShutdownHook|c.z.h.HikariDataSource|line-352||HikariPool-1 - Shutdown completed.
2024-11-25 15:36:37.342|INFO|main|w.f.o.OfficeControllerApplication|line-51||Starting OfficeControllerApplication using Java 17.0.11 with PID 10080 (D:\My Project\myOASys\target\classes started by zds in D:\My Project\myOASys)
2024-11-25 15:36:37.346|INFO|main|w.f.o.OfficeControllerApplication|line-630||No active profile set, falling back to 1 default profile: "default"
2024-11-25 15:36:38.151|INFO|main|o.s.d.r.c.RepositoryConfigurationDelegate|line-291||Multiple Spring Data modules found, entering strict repository configuration mode
2024-11-25 15:36:38.153|INFO|main|o.s.d.r.c.RepositoryConfigurationDelegate|line-138||Bootstrapping Spring Data Redis repositories in DEFAULT mode.
2024-11-25 15:36:38.175|INFO|main|o.s.d.r.c.RepositoryConfigurationDelegate|line-208||Finished Spring Data repository scanning in 14 ms. Found 0 Redis repository interfaces.
2024-11-25 15:36:38.529|INFO|main|o.s.b.w.e.t.TomcatWebServer|line-108||Tomcat initialized with port(s): 8088 (http)
2024-11-25 15:36:38.537|INFO|main|o.a.c.h.Http11NioProtocol|line-173||Initializing ProtocolHandler ["http-nio-8088"]
2024-11-25 15:36:38.538|INFO|main|o.a.c.c.StandardService|line-173||Starting service [Tomcat]
2024-11-25 15:36:38.538|INFO|main|o.a.c.c.StandardEngine|line-173||Starting Servlet engine: [Apache Tomcat/10.1.5]
2024-11-25 15:36:38.611|INFO|main|o.a.c.c.C.[.[.[/]|line-173||Initializing Spring embedded WebApplicationContext
2024-11-25 15:36:38.612|INFO|main|o.s.b.w.s.c.ServletWebServerApplicationContext|line-291||Root WebApplicationContext: initialization completed in 1215 ms
2024-11-25 15:36:38.700|INFO|main|w.f.o.c.s.MyFilter|line-16||MyFilter来啦！！！！
2024-11-25 15:36:39.569|INFO|main|w.f.o.c.o.OssConfiguration|line-17||创建 OssUtil
2024-11-25 15:36:40.185|INFO|main|o.s.b.a.e.w.EndpointLinksResolver|line-58||Exposing 1 endpoint(s) beneath base path '/actuator'
2024-11-25 15:36:40.247|INFO|main|o.a.c.h.Http11NioProtocol|line-173||Starting ProtocolHandler ["http-nio-8088"]
2024-11-25 15:36:40.260|INFO|main|o.s.b.w.e.t.TomcatWebServer|line-220||Tomcat started on port(s): 8088 (http) with context path ''
2024-11-25 15:36:40.272|INFO|main|w.f.o.OfficeControllerApplication|line-57||Started OfficeControllerApplication in 3.453 seconds (process running for 4.4)
2024-11-25 15:36:40.463|INFO|RMI TCP Connection(3)-192.168.159.1|c.z.h.HikariDataSource|line-110||HikariPool-1 - Starting...
2024-11-25 15:36:40.531|INFO|RMI TCP Connection(3)-192.168.159.1|c.z.h.p.HikariPool|line-565||HikariPool-1 - Added connection com.mysql.cj.jdbc.ConnectionImpl@42d32e8a
2024-11-25 15:36:40.534|INFO|RMI TCP Connection(3)-192.168.159.1|c.z.h.HikariDataSource|line-123||HikariPool-1 - Start completed.
2024-11-25 15:37:01.136|INFO|http-nio-8088-exec-1|o.a.c.c.C.[.[.[/]|line-173||Initializing Spring DispatcherServlet 'dispatcherServlet'
2024-11-25 15:37:01.136|INFO|http-nio-8088-exec-1|o.s.w.s.DispatcherServlet|line-532||Initializing Servlet 'dispatcherServlet'
2024-11-25 15:37:01.138|INFO|http-nio-8088-exec-1|o.s.w.s.DispatcherServlet|line-554||Completed initialization in 2 ms
2024-11-25 15:38:07.307|INFO|SpringApplicationShutdownHook|c.z.h.HikariDataSource|line-350||HikariPool-1 - Shutdown initiated...
2024-11-25 15:38:07.313|INFO|SpringApplicationShutdownHook|c.z.h.HikariDataSource|line-352||HikariPool-1 - Shutdown completed.
2024-11-25 15:38:10.790|INFO|main|w.f.o.OfficeControllerApplication|line-51||Starting OfficeControllerApplication using Java 17.0.11 with PID 27056 (D:\My Project\myOASys\target\classes started by zds in D:\My Project\myOASys)
2024-11-25 15:38:10.792|INFO|main|w.f.o.OfficeControllerApplication|line-630||No active profile set, falling back to 1 default profile: "default"
2024-11-25 15:38:11.449|INFO|main|o.s.d.r.c.RepositoryConfigurationDelegate|line-291||Multiple Spring Data modules found, entering strict repository configuration mode
2024-11-25 15:38:11.450|INFO|main|o.s.d.r.c.RepositoryConfigurationDelegate|line-138||Bootstrapping Spring Data Redis repositories in DEFAULT mode.
2024-11-25 15:38:11.474|INFO|main|o.s.d.r.c.RepositoryConfigurationDelegate|line-208||Finished Spring Data repository scanning in 14 ms. Found 0 Redis repository interfaces.
2024-11-25 15:38:11.796|INFO|main|o.s.b.w.e.t.TomcatWebServer|line-108||Tomcat initialized with port(s): 8088 (http)
2024-11-25 15:38:11.801|INFO|main|o.a.c.h.Http11NioProtocol|line-173||Initializing ProtocolHandler ["http-nio-8088"]
2024-11-25 15:38:11.801|INFO|main|o.a.c.c.StandardService|line-173||Starting service [Tomcat]
2024-11-25 15:38:11.802|INFO|main|o.a.c.c.StandardEngine|line-173||Starting Servlet engine: [Apache Tomcat/10.1.5]
2024-11-25 15:38:11.859|INFO|main|o.a.c.c.C.[.[.[/]|line-173||Initializing Spring embedded WebApplicationContext
2024-11-25 15:38:11.860|INFO|main|o.s.b.w.s.c.ServletWebServerApplicationContext|line-291||Root WebApplicationContext: initialization completed in 1028 ms
2024-11-25 15:38:11.937|INFO|main|w.f.o.c.s.MyFilter|line-16||MyFilter来啦！！！！
2024-11-25 15:38:12.538|INFO|main|w.f.o.c.o.OssConfiguration|line-17||创建 OssUtil
2024-11-25 15:38:13.154|INFO|main|o.s.b.a.e.w.EndpointLinksResolver|line-58||Exposing 1 endpoint(s) beneath base path '/actuator'
2024-11-25 15:38:13.210|INFO|main|o.a.c.h.Http11NioProtocol|line-173||Starting ProtocolHandler ["http-nio-8088"]
2024-11-25 15:38:13.222|INFO|main|o.s.b.w.e.t.TomcatWebServer|line-220||Tomcat started on port(s): 8088 (http) with context path ''
2024-11-25 15:38:13.234|INFO|main|w.f.o.OfficeControllerApplication|line-57||Started OfficeControllerApplication in 2.746 seconds (process running for 3.644)
2024-11-25 15:38:13.691|INFO|RMI TCP Connection(4)-192.168.159.1|c.z.h.HikariDataSource|line-110||HikariPool-1 - Starting...
2024-11-25 15:38:13.774|INFO|RMI TCP Connection(4)-192.168.159.1|c.z.h.p.HikariPool|line-565||HikariPool-1 - Added connection com.mysql.cj.jdbc.ConnectionImpl@64f77b00
2024-11-25 15:38:13.780|INFO|RMI TCP Connection(4)-192.168.159.1|c.z.h.HikariDataSource|line-123||HikariPool-1 - Start completed.
2024-11-25 15:38:17.083|INFO|http-nio-8088-exec-1|o.a.c.c.C.[.[.[/]|line-173||Initializing Spring DispatcherServlet 'dispatcherServlet'
2024-11-25 15:38:17.083|INFO|http-nio-8088-exec-1|o.s.w.s.DispatcherServlet|line-532||Initializing Servlet 'dispatcherServlet'
2024-11-25 15:38:17.086|INFO|http-nio-8088-exec-1|o.s.w.s.DispatcherServlet|line-554||Completed initialization in 2 ms
2024-11-25 15:40:49.754|INFO|SpringApplicationShutdownHook|c.z.h.HikariDataSource|line-350||HikariPool-1 - Shutdown initiated...
2024-11-25 15:40:49.761|INFO|SpringApplicationShutdownHook|c.z.h.HikariDataSource|line-352||HikariPool-1 - Shutdown completed.
2024-11-25 15:40:57.065|INFO|main|w.f.o.OfficeControllerApplication|line-51||Starting OfficeControllerApplication using Java 17.0.11 with PID 29996 (D:\My Project\myOASys\target\classes started by zds in D:\My Project\myOASys)
2024-11-25 15:40:57.068|INFO|main|w.f.o.OfficeControllerApplication|line-630||No active profile set, falling back to 1 default profile: "default"
2024-11-25 15:40:57.806|INFO|main|o.s.d.r.c.RepositoryConfigurationDelegate|line-291||Multiple Spring Data modules found, entering strict repository configuration mode
2024-11-25 15:40:57.807|INFO|main|o.s.d.r.c.RepositoryConfigurationDelegate|line-138||Bootstrapping Spring Data Redis repositories in DEFAULT mode.
2024-11-25 15:40:57.831|INFO|main|o.s.d.r.c.RepositoryConfigurationDelegate|line-208||Finished Spring Data repository scanning in 15 ms. Found 0 Redis repository interfaces.
2024-11-25 15:40:58.210|INFO|main|o.s.b.w.e.t.TomcatWebServer|line-108||Tomcat initialized with port(s): 8088 (http)
2024-11-25 15:40:58.216|INFO|main|o.a.c.h.Http11NioProtocol|line-173||Initializing ProtocolHandler ["http-nio-8088"]
2024-11-25 15:40:58.217|INFO|main|o.a.c.c.StandardService|line-173||Starting service [Tomcat]
2024-11-25 15:40:58.218|INFO|main|o.a.c.c.StandardEngine|line-173||Starting Servlet engine: [Apache Tomcat/10.1.5]
2024-11-25 15:40:58.281|INFO|main|o.a.c.c.C.[.[.[/]|line-173||Initializing Spring embedded WebApplicationContext
2024-11-25 15:40:58.281|INFO|main|o.s.b.w.s.c.ServletWebServerApplicationContext|line-291||Root WebApplicationContext: initialization completed in 1165 ms
2024-11-25 15:40:58.367|INFO|main|w.f.o.c.s.MyFilter|line-16||MyFilter来啦！！！！
2024-11-25 15:40:59.136|INFO|main|w.f.o.c.o.OssConfiguration|line-17||创建 OssUtil
2024-11-25 15:40:59.982|INFO|main|o.s.b.a.e.w.EndpointLinksResolver|line-58||Exposing 1 endpoint(s) beneath base path '/actuator'
2024-11-25 15:41:00.046|INFO|main|o.a.c.h.Http11NioProtocol|line-173||Starting ProtocolHandler ["http-nio-8088"]
2024-11-25 15:41:00.060|INFO|main|o.s.b.w.e.t.TomcatWebServer|line-220||Tomcat started on port(s): 8088 (http) with context path ''
2024-11-25 15:41:00.071|INFO|main|w.f.o.OfficeControllerApplication|line-57||Started OfficeControllerApplication in 3.395 seconds (process running for 4.43)
2024-11-25 15:41:00.386|INFO|RMI TCP Connection(11)-192.168.159.1|c.z.h.HikariDataSource|line-110||HikariPool-1 - Starting...
2024-11-25 15:41:00.494|INFO|RMI TCP Connection(11)-192.168.159.1|c.z.h.p.HikariPool|line-565||HikariPool-1 - Added connection com.mysql.cj.jdbc.ConnectionImpl@356ef8af
2024-11-25 15:41:00.501|INFO|RMI TCP Connection(11)-192.168.159.1|c.z.h.HikariDataSource|line-123||HikariPool-1 - Start completed.
2024-11-25 15:41:06.415|INFO|http-nio-8088-exec-3|o.a.c.c.C.[.[.[/]|line-173||Initializing Spring DispatcherServlet 'dispatcherServlet'
2024-11-25 15:41:06.416|INFO|http-nio-8088-exec-3|o.s.w.s.DispatcherServlet|line-532||Initializing Servlet 'dispatcherServlet'
2024-11-25 15:41:06.417|INFO|http-nio-8088-exec-3|o.s.w.s.DispatcherServlet|line-554||Completed initialization in 1 ms
2024-11-25 15:41:46.980|INFO|SpringApplicationShutdownHook|c.z.h.HikariDataSource|line-350||HikariPool-1 - Shutdown initiated...
2024-11-25 15:41:46.986|INFO|SpringApplicationShutdownHook|c.z.h.HikariDataSource|line-352||HikariPool-1 - Shutdown completed.
2024-11-25 15:41:50.889|INFO|main|w.f.o.OfficeControllerApplication|line-51||Starting OfficeControllerApplication using Java 17.0.11 with PID 22772 (D:\My Project\myOASys\target\classes started by zds in D:\My Project\myOASys)
2024-11-25 15:41:50.893|INFO|main|w.f.o.OfficeControllerApplication|line-630||No active profile set, falling back to 1 default profile: "default"
2024-11-25 15:41:52.126|INFO|main|o.s.d.r.c.RepositoryConfigurationDelegate|line-291||Multiple Spring Data modules found, entering strict repository configuration mode
2024-11-25 15:41:52.128|INFO|main|o.s.d.r.c.RepositoryConfigurationDelegate|line-138||Bootstrapping Spring Data Redis repositories in DEFAULT mode.
2024-11-25 15:41:52.172|INFO|main|o.s.d.r.c.RepositoryConfigurationDelegate|line-208||Finished Spring Data repository scanning in 30 ms. Found 0 Redis repository interfaces.
2024-11-25 15:41:52.695|INFO|main|o.s.b.w.e.t.TomcatWebServer|line-108||Tomcat initialized with port(s): 8088 (http)
2024-11-25 15:41:52.702|INFO|main|o.a.c.h.Http11NioProtocol|line-173||Initializing ProtocolHandler ["http-nio-8088"]
2024-11-25 15:41:52.703|INFO|main|o.a.c.c.StandardService|line-173||Starting service [Tomcat]
2024-11-25 15:41:52.703|INFO|main|o.a.c.c.StandardEngine|line-173||Starting Servlet engine: [Apache Tomcat/10.1.5]
2024-11-25 15:41:52.778|INFO|main|o.a.c.c.C.[.[.[/]|line-173||Initializing Spring embedded WebApplicationContext
2024-11-25 15:41:52.778|INFO|main|o.s.b.w.s.c.ServletWebServerApplicationContext|line-291||Root WebApplicationContext: initialization completed in 1808 ms
2024-11-25 15:41:52.897|INFO|main|w.f.o.c.s.MyFilter|line-16||MyFilter来啦！！！！
2024-11-25 15:41:54.264|INFO|main|w.f.o.c.o.OssConfiguration|line-17||创建 OssUtil
2024-11-25 15:41:55.012|INFO|main|o.s.b.a.e.w.EndpointLinksResolver|line-58||Exposing 1 endpoint(s) beneath base path '/actuator'
2024-11-25 15:41:55.092|INFO|main|o.a.c.h.Http11NioProtocol|line-173||Starting ProtocolHandler ["http-nio-8088"]
2024-11-25 15:41:55.105|INFO|main|o.s.b.w.e.t.TomcatWebServer|line-220||Tomcat started on port(s): 8088 (http) with context path ''
2024-11-25 15:41:55.120|INFO|main|w.f.o.OfficeControllerApplication|line-57||Started OfficeControllerApplication in 4.752 seconds (process running for 5.563)
2024-11-25 15:41:55.498|INFO|RMI TCP Connection(7)-192.168.159.1|c.z.h.HikariDataSource|line-110||HikariPool-1 - Starting...
2024-11-25 15:41:55.627|INFO|RMI TCP Connection(7)-192.168.159.1|c.z.h.p.HikariPool|line-565||HikariPool-1 - Added connection com.mysql.cj.jdbc.ConnectionImpl@3c027690
2024-11-25 15:41:55.633|INFO|RMI TCP Connection(7)-192.168.159.1|c.z.h.HikariDataSource|line-123||HikariPool-1 - Start completed.
2024-11-25 15:41:57.581|INFO|http-nio-8088-exec-3|o.a.c.c.C.[.[.[/]|line-173||Initializing Spring DispatcherServlet 'dispatcherServlet'
2024-11-25 15:41:57.582|INFO|http-nio-8088-exec-3|o.s.w.s.DispatcherServlet|line-532||Initializing Servlet 'dispatcherServlet'
2024-11-25 15:41:57.584|INFO|http-nio-8088-exec-3|o.s.w.s.DispatcherServlet|line-554||Completed initialization in 2 ms
2024-11-25 15:50:25.984|INFO|SpringApplicationShutdownHook|c.z.h.HikariDataSource|line-350||HikariPool-1 - Shutdown initiated...
2024-11-25 15:50:25.994|INFO|SpringApplicationShutdownHook|c.z.h.HikariDataSource|line-352||HikariPool-1 - Shutdown completed.
2024-11-25 15:53:06.438|INFO|main|w.f.o.OfficeControllerApplication|line-51||Starting OfficeControllerApplication using Java 17.0.11 with PID 3948 (D:\My Project\myOASys\target\classes started by zds in D:\My Project\myOASys)
2024-11-25 15:53:06.440|INFO|main|w.f.o.OfficeControllerApplication|line-630||No active profile set, falling back to 1 default profile: "default"
2024-11-25 15:53:07.289|INFO|main|o.s.d.r.c.RepositoryConfigurationDelegate|line-291||Multiple Spring Data modules found, entering strict repository configuration mode
2024-11-25 15:53:07.291|INFO|main|o.s.d.r.c.RepositoryConfigurationDelegate|line-138||Bootstrapping Spring Data Redis repositories in DEFAULT mode.
2024-11-25 15:53:07.315|INFO|main|o.s.d.r.c.RepositoryConfigurationDelegate|line-208||Finished Spring Data repository scanning in 15 ms. Found 0 Redis repository interfaces.
2024-11-25 15:53:07.667|INFO|main|o.s.b.w.e.t.TomcatWebServer|line-108||Tomcat initialized with port(s): 8088 (http)
2024-11-25 15:53:07.673|INFO|main|o.a.c.h.Http11NioProtocol|line-173||Initializing ProtocolHandler ["http-nio-8088"]
2024-11-25 15:53:07.675|INFO|main|o.a.c.c.StandardService|line-173||Starting service [Tomcat]
2024-11-25 15:53:07.675|INFO|main|o.a.c.c.StandardEngine|line-173||Starting Servlet engine: [Apache Tomcat/10.1.5]
2024-11-25 15:53:07.746|INFO|main|o.a.c.c.C.[.[.[/]|line-173||Initializing Spring embedded WebApplicationContext
2024-11-25 15:53:07.747|INFO|main|o.s.b.w.s.c.ServletWebServerApplicationContext|line-291||Root WebApplicationContext: initialization completed in 1273 ms
2024-11-25 15:53:07.818|INFO|main|w.f.o.c.s.MyFilter|line-16||MyFilter来啦！！！！
2024-11-25 15:53:08.495|INFO|main|w.f.o.c.o.OssConfiguration|line-17||创建 OssUtil
2024-11-25 15:53:09.164|INFO|main|o.s.b.a.e.w.EndpointLinksResolver|line-58||Exposing 1 endpoint(s) beneath base path '/actuator'
2024-11-25 15:53:09.237|INFO|main|o.a.c.h.Http11NioProtocol|line-173||Starting ProtocolHandler ["http-nio-8088"]
2024-11-25 15:53:09.254|INFO|main|o.s.b.w.e.t.TomcatWebServer|line-220||Tomcat started on port(s): 8088 (http) with context path ''
2024-11-25 15:53:09.270|INFO|main|w.f.o.OfficeControllerApplication|line-57||Started OfficeControllerApplication in 3.175 seconds (process running for 4.054)
2024-11-25 15:53:09.840|INFO|RMI TCP Connection(1)-192.168.159.1|c.z.h.HikariDataSource|line-110||HikariPool-1 - Starting...
2024-11-25 15:53:09.905|INFO|RMI TCP Connection(1)-192.168.159.1|c.z.h.p.HikariPool|line-565||HikariPool-1 - Added connection com.mysql.cj.jdbc.ConnectionImpl@28aa5f76
2024-11-25 15:53:09.910|INFO|RMI TCP Connection(1)-192.168.159.1|c.z.h.HikariDataSource|line-123||HikariPool-1 - Start completed.
2024-11-25 15:53:13.131|INFO|http-nio-8088-exec-1|o.a.c.c.C.[.[.[/]|line-173||Initializing Spring DispatcherServlet 'dispatcherServlet'
2024-11-25 15:53:13.138|INFO|http-nio-8088-exec-1|o.s.w.s.DispatcherServlet|line-532||Initializing Servlet 'dispatcherServlet'
2024-11-25 15:53:13.149|INFO|http-nio-8088-exec-1|o.s.w.s.DispatcherServlet|line-554||Completed initialization in 11 ms
2024-11-25 15:53:57.677|INFO|SpringApplicationShutdownHook|c.z.h.HikariDataSource|line-350||HikariPool-1 - Shutdown initiated...
2024-11-25 15:53:57.682|INFO|SpringApplicationShutdownHook|c.z.h.HikariDataSource|line-352||HikariPool-1 - Shutdown completed.
2024-11-25 15:54:05.268|INFO|main|w.f.o.OfficeControllerApplication|line-51||Starting OfficeControllerApplication using Java 17.0.11 with PID 27940 (D:\My Project\myOASys\target\classes started by zds in D:\My Project\myOASys)
2024-11-25 15:54:05.272|INFO|main|w.f.o.OfficeControllerApplication|line-630||No active profile set, falling back to 1 default profile: "default"
2024-11-25 15:54:06.008|INFO|main|o.s.d.r.c.RepositoryConfigurationDelegate|line-291||Multiple Spring Data modules found, entering strict repository configuration mode
2024-11-25 15:54:06.009|INFO|main|o.s.d.r.c.RepositoryConfigurationDelegate|line-138||Bootstrapping Spring Data Redis repositories in DEFAULT mode.
2024-11-25 15:54:06.036|INFO|main|o.s.d.r.c.RepositoryConfigurationDelegate|line-208||Finished Spring Data repository scanning in 17 ms. Found 0 Redis repository interfaces.
2024-11-25 15:54:06.393|INFO|main|o.s.b.w.e.t.TomcatWebServer|line-108||Tomcat initialized with port(s): 8088 (http)
2024-11-25 15:54:06.397|INFO|main|o.a.c.h.Http11NioProtocol|line-173||Initializing ProtocolHandler ["http-nio-8088"]
2024-11-25 15:54:06.398|INFO|main|o.a.c.c.StandardService|line-173||Starting service [Tomcat]
2024-11-25 15:54:06.398|INFO|main|o.a.c.c.StandardEngine|line-173||Starting Servlet engine: [Apache Tomcat/10.1.5]
2024-11-25 15:54:06.459|INFO|main|o.a.c.c.C.[.[.[/]|line-173||Initializing Spring embedded WebApplicationContext
2024-11-25 15:54:06.460|INFO|main|o.s.b.w.s.c.ServletWebServerApplicationContext|line-291||Root WebApplicationContext: initialization completed in 1144 ms
2024-11-25 15:54:06.538|INFO|main|w.f.o.c.s.MyFilter|line-16||MyFilter来啦！！！！
2024-11-25 15:54:07.178|INFO|main|w.f.o.c.o.OssConfiguration|line-17||创建 OssUtil
2024-11-25 15:54:07.851|INFO|main|o.s.b.a.e.w.EndpointLinksResolver|line-58||Exposing 1 endpoint(s) beneath base path '/actuator'
2024-11-25 15:54:07.916|INFO|main|o.a.c.h.Http11NioProtocol|line-173||Starting ProtocolHandler ["http-nio-8088"]
2024-11-25 15:54:07.934|INFO|main|o.s.b.w.e.t.TomcatWebServer|line-220||Tomcat started on port(s): 8088 (http) with context path ''
2024-11-25 15:54:07.949|INFO|main|w.f.o.OfficeControllerApplication|line-57||Started OfficeControllerApplication in 3.138 seconds (process running for 4.59)
2024-11-25 15:54:08.463|INFO|RMI TCP Connection(5)-192.168.159.1|c.z.h.HikariDataSource|line-110||HikariPool-1 - Starting...
2024-11-25 15:54:08.542|INFO|RMI TCP Connection(5)-192.168.159.1|c.z.h.p.HikariPool|line-565||HikariPool-1 - Added connection com.mysql.cj.jdbc.ConnectionImpl@521f963e
2024-11-25 15:54:08.548|INFO|RMI TCP Connection(5)-192.168.159.1|c.z.h.HikariDataSource|line-123||HikariPool-1 - Start completed.
2024-11-25 15:55:03.287|INFO|http-nio-8088-exec-2|o.a.c.c.C.[.[.[/]|line-173||Initializing Spring DispatcherServlet 'dispatcherServlet'
2024-11-25 15:55:03.287|INFO|http-nio-8088-exec-2|o.s.w.s.DispatcherServlet|line-532||Initializing Servlet 'dispatcherServlet'
2024-11-25 15:55:03.289|INFO|http-nio-8088-exec-2|o.s.w.s.DispatcherServlet|line-554||Completed initialization in 1 ms
2024-11-25 15:55:09.727|INFO|SpringApplicationShutdownHook|c.z.h.HikariDataSource|line-350||HikariPool-1 - Shutdown initiated...
2024-11-25 15:55:09.741|INFO|SpringApplicationShutdownHook|c.z.h.HikariDataSource|line-352||HikariPool-1 - Shutdown completed.
2024-11-25 15:55:13.481|INFO|main|w.f.o.OfficeControllerApplication|line-51||Starting OfficeControllerApplication using Java 17.0.11 with PID 19968 (D:\My Project\myOASys\target\classes started by zds in D:\My Project\myOASys)
2024-11-25 15:55:13.484|INFO|main|w.f.o.OfficeControllerApplication|line-630||No active profile set, falling back to 1 default profile: "default"
2024-11-25 15:55:14.324|INFO|main|o.s.d.r.c.RepositoryConfigurationDelegate|line-291||Multiple Spring Data modules found, entering strict repository configuration mode
2024-11-25 15:55:14.325|INFO|main|o.s.d.r.c.RepositoryConfigurationDelegate|line-138||Bootstrapping Spring Data Redis repositories in DEFAULT mode.
2024-11-25 15:55:14.347|INFO|main|o.s.d.r.c.RepositoryConfigurationDelegate|line-208||Finished Spring Data repository scanning in 15 ms. Found 0 Redis repository interfaces.
2024-11-25 15:55:14.669|INFO|main|o.s.b.w.e.t.TomcatWebServer|line-108||Tomcat initialized with port(s): 8088 (http)
2024-11-25 15:55:14.675|INFO|main|o.a.c.h.Http11NioProtocol|line-173||Initializing ProtocolHandler ["http-nio-8088"]
2024-11-25 15:55:14.676|INFO|main|o.a.c.c.StandardService|line-173||Starting service [Tomcat]
2024-11-25 15:55:14.677|INFO|main|o.a.c.c.StandardEngine|line-173||Starting Servlet engine: [Apache Tomcat/10.1.5]
2024-11-25 15:55:14.744|INFO|main|o.a.c.c.C.[.[.[/]|line-173||Initializing Spring embedded WebApplicationContext
2024-11-25 15:55:14.744|INFO|main|o.s.b.w.s.c.ServletWebServerApplicationContext|line-291||Root WebApplicationContext: initialization completed in 1208 ms
2024-11-25 15:55:14.816|INFO|main|w.f.o.c.s.MyFilter|line-16||MyFilter来啦！！！！
2024-11-25 15:55:15.478|INFO|main|w.f.o.c.o.OssConfiguration|line-17||创建 OssUtil
2024-11-25 15:55:16.157|INFO|main|o.s.b.a.e.w.EndpointLinksResolver|line-58||Exposing 1 endpoint(s) beneath base path '/actuator'
2024-11-25 15:55:16.225|INFO|main|o.a.c.h.Http11NioProtocol|line-173||Starting ProtocolHandler ["http-nio-8088"]
2024-11-25 15:55:16.241|INFO|main|o.s.b.w.e.t.TomcatWebServer|line-220||Tomcat started on port(s): 8088 (http) with context path ''
2024-11-25 15:55:16.257|INFO|main|w.f.o.OfficeControllerApplication|line-57||Started OfficeControllerApplication in 3.456 seconds (process running for 4.945)
2024-11-25 15:55:16.616|INFO|RMI TCP Connection(2)-192.168.159.1|c.z.h.HikariDataSource|line-110||HikariPool-1 - Starting...
2024-11-25 15:55:16.692|INFO|RMI TCP Connection(2)-192.168.159.1|c.z.h.p.HikariPool|line-565||HikariPool-1 - Added connection com.mysql.cj.jdbc.ConnectionImpl@66901c6f
2024-11-25 15:55:16.694|INFO|RMI TCP Connection(2)-192.168.159.1|c.z.h.HikariDataSource|line-123||HikariPool-1 - Start completed.
2024-11-25 15:55:19.307|INFO|http-nio-8088-exec-2|o.a.c.c.C.[.[.[/]|line-173||Initializing Spring DispatcherServlet 'dispatcherServlet'
2024-11-25 15:55:19.308|INFO|http-nio-8088-exec-2|o.s.w.s.DispatcherServlet|line-532||Initializing Servlet 'dispatcherServlet'
2024-11-25 15:55:19.310|INFO|http-nio-8088-exec-2|o.s.w.s.DispatcherServlet|line-554||Completed initialization in 2 ms
2024-11-25 15:57:03.191|INFO|SpringApplicationShutdownHook|c.z.h.HikariDataSource|line-350||HikariPool-1 - Shutdown initiated...
2024-11-25 15:57:03.196|INFO|SpringApplicationShutdownHook|c.z.h.HikariDataSource|line-352||HikariPool-1 - Shutdown completed.
2024-11-25 15:57:09.564|INFO|main|w.f.o.OfficeControllerApplication|line-51||Starting OfficeControllerApplication using Java 17.0.11 with PID 1476 (D:\My Project\myOASys\target\classes started by zds in D:\My Project\myOASys)
2024-11-25 15:57:09.566|INFO|main|w.f.o.OfficeControllerApplication|line-630||No active profile set, falling back to 1 default profile: "default"
2024-11-25 15:57:10.278|INFO|main|o.s.d.r.c.RepositoryConfigurationDelegate|line-291||Multiple Spring Data modules found, entering strict repository configuration mode
2024-11-25 15:57:10.280|INFO|main|o.s.d.r.c.RepositoryConfigurationDelegate|line-138||Bootstrapping Spring Data Redis repositories in DEFAULT mode.
2024-11-25 15:57:10.301|INFO|main|o.s.d.r.c.RepositoryConfigurationDelegate|line-208||Finished Spring Data repository scanning in 13 ms. Found 0 Redis repository interfaces.
2024-11-25 15:57:10.667|INFO|main|o.s.b.w.e.t.TomcatWebServer|line-108||Tomcat initialized with port(s): 8088 (http)
2024-11-25 15:57:10.674|INFO|main|o.a.c.h.Http11NioProtocol|line-173||Initializing ProtocolHandler ["http-nio-8088"]
2024-11-25 15:57:10.675|INFO|main|o.a.c.c.StandardService|line-173||Starting service [Tomcat]
2024-11-25 15:57:10.675|INFO|main|o.a.c.c.StandardEngine|line-173||Starting Servlet engine: [Apache Tomcat/10.1.5]
2024-11-25 15:57:10.735|INFO|main|o.a.c.c.C.[.[.[/]|line-173||Initializing Spring embedded WebApplicationContext
2024-11-25 15:57:10.736|INFO|main|o.s.b.w.s.c.ServletWebServerApplicationContext|line-291||Root WebApplicationContext: initialization completed in 1136 ms
2024-11-25 15:57:10.813|INFO|main|w.f.o.c.s.MyFilter|line-16||MyFilter来啦！！！！
2024-11-25 15:57:11.437|INFO|main|w.f.o.c.o.OssConfiguration|line-17||创建 OssUtil
2024-11-25 15:57:12.139|INFO|main|o.s.b.a.e.w.EndpointLinksResolver|line-58||Exposing 1 endpoint(s) beneath base path '/actuator'
2024-11-25 15:57:12.221|INFO|main|o.a.c.h.Http11NioProtocol|line-173||Starting ProtocolHandler ["http-nio-8088"]
2024-11-25 15:57:12.242|INFO|main|o.s.b.w.e.t.TomcatWebServer|line-220||Tomcat started on port(s): 8088 (http) with context path ''
2024-11-25 15:57:12.260|INFO|main|w.f.o.OfficeControllerApplication|line-57||Started OfficeControllerApplication in 3.013 seconds (process running for 4.004)
2024-11-25 15:57:12.700|INFO|RMI TCP Connection(7)-192.168.159.1|c.z.h.HikariDataSource|line-110||HikariPool-1 - Starting...
2024-11-25 15:57:12.860|INFO|RMI TCP Connection(7)-192.168.159.1|c.z.h.p.HikariPool|line-565||HikariPool-1 - Added connection com.mysql.cj.jdbc.ConnectionImpl@647f25de
2024-11-25 15:57:12.872|INFO|RMI TCP Connection(7)-192.168.159.1|c.z.h.HikariDataSource|line-123||HikariPool-1 - Start completed.
2024-11-25 15:57:15.621|INFO|http-nio-8088-exec-7|o.a.c.c.C.[.[.[/]|line-173||Initializing Spring DispatcherServlet 'dispatcherServlet'
2024-11-25 15:57:15.622|INFO|http-nio-8088-exec-7|o.s.w.s.DispatcherServlet|line-532||Initializing Servlet 'dispatcherServlet'
2024-11-25 15:57:15.623|INFO|http-nio-8088-exec-7|o.s.w.s.DispatcherServlet|line-554||Completed initialization in 1 ms
2024-11-25 15:58:41.014|INFO|SpringApplicationShutdownHook|c.z.h.HikariDataSource|line-350||HikariPool-1 - Shutdown initiated...
2024-11-25 15:58:41.020|INFO|SpringApplicationShutdownHook|c.z.h.HikariDataSource|line-352||HikariPool-1 - Shutdown completed.
2024-11-25 15:58:45.039|INFO|main|w.f.o.OfficeControllerApplication|line-51||Starting OfficeControllerApplication using Java 17.0.11 with PID 2316 (D:\My Project\myOASys\target\classes started by zds in D:\My Project\myOASys)
2024-11-25 15:58:45.043|INFO|main|w.f.o.OfficeControllerApplication|line-630||No active profile set, falling back to 1 default profile: "default"
2024-11-25 15:58:45.814|INFO|main|o.s.d.r.c.RepositoryConfigurationDelegate|line-291||Multiple Spring Data modules found, entering strict repository configuration mode
2024-11-25 15:58:45.815|INFO|main|o.s.d.r.c.RepositoryConfigurationDelegate|line-138||Bootstrapping Spring Data Redis repositories in DEFAULT mode.
2024-11-25 15:58:45.840|INFO|main|o.s.d.r.c.RepositoryConfigurationDelegate|line-208||Finished Spring Data repository scanning in 16 ms. Found 0 Redis repository interfaces.
2024-11-25 15:58:46.175|INFO|main|o.s.b.w.e.t.TomcatWebServer|line-108||Tomcat initialized with port(s): 8088 (http)
2024-11-25 15:58:46.182|INFO|main|o.a.c.h.Http11NioProtocol|line-173||Initializing ProtocolHandler ["http-nio-8088"]
2024-11-25 15:58:46.183|INFO|main|o.a.c.c.StandardService|line-173||Starting service [Tomcat]
2024-11-25 15:58:46.183|INFO|main|o.a.c.c.StandardEngine|line-173||Starting Servlet engine: [Apache Tomcat/10.1.5]
2024-11-25 15:58:46.241|INFO|main|o.a.c.c.C.[.[.[/]|line-173||Initializing Spring embedded WebApplicationContext
2024-11-25 15:58:46.241|INFO|main|o.s.b.w.s.c.ServletWebServerApplicationContext|line-291||Root WebApplicationContext: initialization completed in 1144 ms
2024-11-25 15:58:46.319|INFO|main|w.f.o.c.s.MyFilter|line-16||MyFilter来啦！！！！
2024-11-25 15:58:47.025|INFO|main|w.f.o.c.o.OssConfiguration|line-17||创建 OssUtil
2024-11-25 15:58:47.649|INFO|main|o.s.b.a.e.w.EndpointLinksResolver|line-58||Exposing 1 endpoint(s) beneath base path '/actuator'
2024-11-25 15:58:47.709|INFO|main|o.a.c.h.Http11NioProtocol|line-173||Starting ProtocolHandler ["http-nio-8088"]
2024-11-25 15:58:47.720|INFO|main|o.s.b.w.e.t.TomcatWebServer|line-220||Tomcat started on port(s): 8088 (http) with context path ''
2024-11-25 15:58:47.732|INFO|main|w.f.o.OfficeControllerApplication|line-57||Started OfficeControllerApplication in 3.162 seconds (process running for 4.113)
2024-11-25 15:58:47.884|INFO|RMI TCP Connection(4)-192.168.159.1|c.z.h.HikariDataSource|line-110||HikariPool-1 - Starting...
2024-11-25 15:58:47.965|INFO|RMI TCP Connection(4)-192.168.159.1|c.z.h.p.HikariPool|line-565||HikariPool-1 - Added connection com.mysql.cj.jdbc.ConnectionImpl@672f50da
2024-11-25 15:58:47.973|INFO|RMI TCP Connection(4)-192.168.159.1|c.z.h.HikariDataSource|line-123||HikariPool-1 - Start completed.
2024-11-25 15:58:51.296|INFO|http-nio-8088-exec-5|o.a.c.c.C.[.[.[/]|line-173||Initializing Spring DispatcherServlet 'dispatcherServlet'
2024-11-25 15:58:51.296|INFO|http-nio-8088-exec-5|o.s.w.s.DispatcherServlet|line-532||Initializing Servlet 'dispatcherServlet'
2024-11-25 15:58:51.297|INFO|http-nio-8088-exec-5|o.s.w.s.DispatcherServlet|line-554||Completed initialization in 1 ms
2024-11-25 16:00:49.574|INFO|SpringApplicationShutdownHook|c.z.h.HikariDataSource|line-350||HikariPool-1 - Shutdown initiated...
2024-11-25 16:00:49.579|INFO|SpringApplicationShutdownHook|c.z.h.HikariDataSource|line-352||HikariPool-1 - Shutdown completed.
2024-11-25 16:00:53.618|INFO|main|w.f.o.OfficeControllerApplication|line-51||Starting OfficeControllerApplication using Java 17.0.11 with PID 27336 (D:\My Project\myOASys\target\classes started by zds in D:\My Project\myOASys)
2024-11-25 16:00:53.622|INFO|main|w.f.o.OfficeControllerApplication|line-630||No active profile set, falling back to 1 default profile: "default"
2024-11-25 16:00:54.415|INFO|main|o.s.d.r.c.RepositoryConfigurationDelegate|line-291||Multiple Spring Data modules found, entering strict repository configuration mode
2024-11-25 16:00:54.417|INFO|main|o.s.d.r.c.RepositoryConfigurationDelegate|line-138||Bootstrapping Spring Data Redis repositories in DEFAULT mode.
2024-11-25 16:00:54.446|INFO|main|o.s.d.r.c.RepositoryConfigurationDelegate|line-208||Finished Spring Data repository scanning in 18 ms. Found 0 Redis repository interfaces.
2024-11-25 16:00:55.028|INFO|main|o.s.b.w.e.t.TomcatWebServer|line-108||Tomcat initialized with port(s): 8088 (http)
2024-11-25 16:00:55.035|INFO|main|o.a.c.h.Http11NioProtocol|line-173||Initializing ProtocolHandler ["http-nio-8088"]
2024-11-25 16:00:55.037|INFO|main|o.a.c.c.StandardService|line-173||Starting service [Tomcat]
2024-11-25 16:00:55.037|INFO|main|o.a.c.c.StandardEngine|line-173||Starting Servlet engine: [Apache Tomcat/10.1.5]
2024-11-25 16:00:55.094|INFO|main|o.a.c.c.C.[.[.[/]|line-173||Initializing Spring embedded WebApplicationContext
2024-11-25 16:00:55.095|INFO|main|o.s.b.w.s.c.ServletWebServerApplicationContext|line-291||Root WebApplicationContext: initialization completed in 1439 ms
2024-11-25 16:00:55.182|INFO|main|w.f.o.c.s.MyFilter|line-16||MyFilter来啦！！！！
2024-11-25 16:00:56.009|INFO|main|w.f.o.c.o.OssConfiguration|line-17||创建 OssUtil
2024-11-25 16:00:56.825|INFO|main|o.s.b.a.e.w.EndpointLinksResolver|line-58||Exposing 1 endpoint(s) beneath base path '/actuator'
2024-11-25 16:00:56.897|INFO|main|o.a.c.h.Http11NioProtocol|line-173||Starting ProtocolHandler ["http-nio-8088"]
2024-11-25 16:00:56.912|INFO|main|o.s.b.w.e.t.TomcatWebServer|line-220||Tomcat started on port(s): 8088 (http) with context path ''
2024-11-25 16:00:56.924|INFO|main|w.f.o.OfficeControllerApplication|line-57||Started OfficeControllerApplication in 3.58 seconds (process running for 4.534)
2024-11-25 16:00:57.036|INFO|RMI TCP Connection(4)-192.168.159.1|c.z.h.HikariDataSource|line-110||HikariPool-1 - Starting...
2024-11-25 16:00:57.109|INFO|RMI TCP Connection(4)-192.168.159.1|c.z.h.p.HikariPool|line-565||HikariPool-1 - Added connection com.mysql.cj.jdbc.ConnectionImpl@5d41ccdb
2024-11-25 16:00:57.114|INFO|RMI TCP Connection(4)-192.168.159.1|c.z.h.HikariDataSource|line-123||HikariPool-1 - Start completed.
2024-11-25 16:01:02.024|INFO|http-nio-8088-exec-1|o.a.c.c.C.[.[.[/]|line-173||Initializing Spring DispatcherServlet 'dispatcherServlet'
2024-11-25 16:01:02.024|INFO|http-nio-8088-exec-1|o.s.w.s.DispatcherServlet|line-532||Initializing Servlet 'dispatcherServlet'
2024-11-25 16:01:02.025|INFO|http-nio-8088-exec-1|o.s.w.s.DispatcherServlet|line-554||Completed initialization in 1 ms
2024-11-25 16:02:23.789|INFO|SpringApplicationShutdownHook|c.z.h.HikariDataSource|line-350||HikariPool-1 - Shutdown initiated...
2024-11-25 16:02:23.794|INFO|SpringApplicationShutdownHook|c.z.h.HikariDataSource|line-352||HikariPool-1 - Shutdown completed.
2024-11-25 16:02:27.381|INFO|main|w.f.o.OfficeControllerApplication|line-51||Starting OfficeControllerApplication using Java 17.0.11 with PID 25668 (D:\My Project\myOASys\target\classes started by zds in D:\My Project\myOASys)
2024-11-25 16:02:27.387|INFO|main|w.f.o.OfficeControllerApplication|line-630||No active profile set, falling back to 1 default profile: "default"
2024-11-25 16:02:28.150|INFO|main|o.s.d.r.c.RepositoryConfigurationDelegate|line-291||Multiple Spring Data modules found, entering strict repository configuration mode
2024-11-25 16:02:28.152|INFO|main|o.s.d.r.c.RepositoryConfigurationDelegate|line-138||Bootstrapping Spring Data Redis repositories in DEFAULT mode.
2024-11-25 16:02:28.174|INFO|main|o.s.d.r.c.RepositoryConfigurationDelegate|line-208||Finished Spring Data repository scanning in 14 ms. Found 0 Redis repository interfaces.
2024-11-25 16:02:28.500|INFO|main|o.s.b.w.e.t.TomcatWebServer|line-108||Tomcat initialized with port(s): 8088 (http)
2024-11-25 16:02:28.505|INFO|main|o.a.c.h.Http11NioProtocol|line-173||Initializing ProtocolHandler ["http-nio-8088"]
2024-11-25 16:02:28.506|INFO|main|o.a.c.c.StandardService|line-173||Starting service [Tomcat]
2024-11-25 16:02:28.506|INFO|main|o.a.c.c.StandardEngine|line-173||Starting Servlet engine: [Apache Tomcat/10.1.5]
2024-11-25 16:02:28.571|INFO|main|o.a.c.c.C.[.[.[/]|line-173||Initializing Spring embedded WebApplicationContext
2024-11-25 16:02:28.572|INFO|main|o.s.b.w.s.c.ServletWebServerApplicationContext|line-291||Root WebApplicationContext: initialization completed in 1117 ms
2024-11-25 16:02:28.644|INFO|main|w.f.o.c.s.MyFilter|line-16||MyFilter来啦！！！！
2024-11-25 16:02:29.260|INFO|main|w.f.o.c.o.OssConfiguration|line-17||创建 OssUtil
2024-11-25 16:02:29.890|INFO|main|o.s.b.a.e.w.EndpointLinksResolver|line-58||Exposing 1 endpoint(s) beneath base path '/actuator'
2024-11-25 16:02:29.949|INFO|main|o.a.c.h.Http11NioProtocol|line-173||Starting ProtocolHandler ["http-nio-8088"]
2024-11-25 16:02:29.961|INFO|main|o.s.b.w.e.t.TomcatWebServer|line-220||Tomcat started on port(s): 8088 (http) with context path ''
2024-11-25 16:02:29.972|INFO|main|w.f.o.OfficeControllerApplication|line-57||Started OfficeControllerApplication in 3.009 seconds (process running for 3.946)
2024-11-25 16:02:30.535|INFO|RMI TCP Connection(1)-192.168.159.1|c.z.h.HikariDataSource|line-110||HikariPool-1 - Starting...
2024-11-25 16:02:30.602|INFO|RMI TCP Connection(1)-192.168.159.1|c.z.h.p.HikariPool|line-565||HikariPool-1 - Added connection com.mysql.cj.jdbc.ConnectionImpl@4097486a
2024-11-25 16:02:30.607|INFO|RMI TCP Connection(1)-192.168.159.1|c.z.h.HikariDataSource|line-123||HikariPool-1 - Start completed.
2024-11-25 16:02:32.455|INFO|http-nio-8088-exec-2|o.a.c.c.C.[.[.[/]|line-173||Initializing Spring DispatcherServlet 'dispatcherServlet'
2024-11-25 16:02:32.456|INFO|http-nio-8088-exec-2|o.s.w.s.DispatcherServlet|line-532||Initializing Servlet 'dispatcherServlet'
2024-11-25 16:02:32.458|INFO|http-nio-8088-exec-2|o.s.w.s.DispatcherServlet|line-554||Completed initialization in 2 ms
2024-11-25 16:05:54.841|INFO|SpringApplicationShutdownHook|c.z.h.HikariDataSource|line-350||HikariPool-1 - Shutdown initiated...
2024-11-25 16:05:54.854|INFO|SpringApplicationShutdownHook|c.z.h.HikariDataSource|line-352||HikariPool-1 - Shutdown completed.
2024-11-25 16:06:03.654|INFO|main|w.f.o.OfficeControllerApplication|line-51||Starting OfficeControllerApplication using Java 17.0.11 with PID 11624 (D:\My Project\myOASys\target\classes started by zds in D:\My Project\myOASys)
2024-11-25 16:06:03.658|INFO|main|w.f.o.OfficeControllerApplication|line-630||No active profile set, falling back to 1 default profile: "default"
2024-11-25 16:06:05.042|INFO|main|o.s.d.r.c.RepositoryConfigurationDelegate|line-291||Multiple Spring Data modules found, entering strict repository configuration mode
2024-11-25 16:06:05.044|INFO|main|o.s.d.r.c.RepositoryConfigurationDelegate|line-138||Bootstrapping Spring Data Redis repositories in DEFAULT mode.
2024-11-25 16:06:05.085|INFO|main|o.s.d.r.c.RepositoryConfigurationDelegate|line-208||Finished Spring Data repository scanning in 29 ms. Found 0 Redis repository interfaces.
2024-11-25 16:06:05.980|INFO|main|o.s.b.w.e.t.TomcatWebServer|line-108||Tomcat initialized with port(s): 8088 (http)
2024-11-25 16:06:05.996|INFO|main|o.a.c.h.Http11NioProtocol|line-173||Initializing ProtocolHandler ["http-nio-8088"]
2024-11-25 16:06:05.998|INFO|main|o.a.c.c.StandardService|line-173||Starting service [Tomcat]
2024-11-25 16:06:06.013|INFO|main|o.a.c.c.StandardEngine|line-173||Starting Servlet engine: [Apache Tomcat/10.1.5]
2024-11-25 16:06:06.174|INFO|main|o.a.c.c.C.[.[.[/]|line-173||Initializing Spring embedded WebApplicationContext
2024-11-25 16:06:06.175|INFO|main|o.s.b.w.s.c.ServletWebServerApplicationContext|line-291||Root WebApplicationContext: initialization completed in 2412 ms
2024-11-25 16:06:06.486|INFO|main|w.f.o.c.s.MyFilter|line-16||MyFilter来啦！！！！
2024-11-25 16:06:07.673|INFO|main|w.f.o.c.o.OssConfiguration|line-17||创建 OssUtil
2024-11-25 16:06:10.125|INFO|main|o.s.b.a.e.w.EndpointLinksResolver|line-58||Exposing 1 endpoint(s) beneath base path '/actuator'
2024-11-25 16:06:10.237|INFO|main|o.a.c.h.Http11NioProtocol|line-173||Starting ProtocolHandler ["http-nio-8088"]
2024-11-25 16:06:10.259|INFO|main|o.s.b.w.e.t.TomcatWebServer|line-220||Tomcat started on port(s): 8088 (http) with context path ''
2024-11-25 16:06:10.276|INFO|main|w.f.o.OfficeControllerApplication|line-57||Started OfficeControllerApplication in 7.223 seconds (process running for 8.892)
2024-11-25 16:06:10.411|INFO|http-nio-8088-exec-6|o.a.c.c.C.[.[.[/]|line-173||Initializing Spring DispatcherServlet 'dispatcherServlet'
2024-11-25 16:06:10.412|INFO|http-nio-8088-exec-6|o.s.w.s.DispatcherServlet|line-532||Initializing Servlet 'dispatcherServlet'
2024-11-25 16:06:10.413|INFO|http-nio-8088-exec-6|o.s.w.s.DispatcherServlet|line-554||Completed initialization in 1 ms
2024-11-25 16:06:11.405|INFO|http-nio-8088-exec-6|c.z.h.HikariDataSource|line-110|traceId_1230602160240100|HikariPool-1 - Starting...
2024-11-25 16:06:11.569|INFO|http-nio-8088-exec-6|c.z.h.p.HikariPool|line-565|traceId_1230602160240100|HikariPool-1 - Added connection com.mysql.cj.jdbc.ConnectionImpl@4444e9ff
2024-11-25 16:06:11.577|INFO|http-nio-8088-exec-6|c.z.h.HikariDataSource|line-123|traceId_1230602160240100|HikariPool-1 - Start completed.
2024-11-25 16:09:45.761|INFO|SpringApplicationShutdownHook|c.z.h.HikariDataSource|line-350||HikariPool-1 - Shutdown initiated...
2024-11-25 16:09:45.771|INFO|SpringApplicationShutdownHook|c.z.h.HikariDataSource|line-352||HikariPool-1 - Shutdown completed.
2024-11-25 16:09:50.337|INFO|main|w.f.o.OfficeControllerApplication|line-51||Starting OfficeControllerApplication using Java 17.0.11 with PID 30048 (D:\My Project\myOASys\target\classes started by zds in D:\My Project\myOASys)
2024-11-25 16:09:50.340|INFO|main|w.f.o.OfficeControllerApplication|line-630||No active profile set, falling back to 1 default profile: "default"
2024-11-25 16:09:51.170|INFO|main|o.s.d.r.c.RepositoryConfigurationDelegate|line-291||Multiple Spring Data modules found, entering strict repository configuration mode
2024-11-25 16:09:51.171|INFO|main|o.s.d.r.c.RepositoryConfigurationDelegate|line-138||Bootstrapping Spring Data Redis repositories in DEFAULT mode.
2024-11-25 16:09:51.198|INFO|main|o.s.d.r.c.RepositoryConfigurationDelegate|line-208||Finished Spring Data repository scanning in 16 ms. Found 0 Redis repository interfaces.
2024-11-25 16:09:51.549|INFO|main|o.s.b.w.e.t.TomcatWebServer|line-108||Tomcat initialized with port(s): 8088 (http)
2024-11-25 16:09:51.555|INFO|main|o.a.c.h.Http11NioProtocol|line-173||Initializing ProtocolHandler ["http-nio-8088"]
2024-11-25 16:09:51.556|INFO|main|o.a.c.c.StandardService|line-173||Starting service [Tomcat]
2024-11-25 16:09:51.556|INFO|main|o.a.c.c.StandardEngine|line-173||Starting Servlet engine: [Apache Tomcat/10.1.5]
2024-11-25 16:09:51.615|INFO|main|o.a.c.c.C.[.[.[/]|line-173||Initializing Spring embedded WebApplicationContext
2024-11-25 16:09:51.616|INFO|main|o.s.b.w.s.c.ServletWebServerApplicationContext|line-291||Root WebApplicationContext: initialization completed in 1236 ms
2024-11-25 16:09:51.689|INFO|main|w.f.o.c.s.MyFilter|line-16||MyFilter来啦！！！！
2024-11-25 16:09:52.314|INFO|main|w.f.o.c.o.OssConfiguration|line-17||创建 OssUtil
2024-11-25 16:09:52.938|INFO|main|o.s.b.a.e.w.EndpointLinksResolver|line-58||Exposing 1 endpoint(s) beneath base path '/actuator'
2024-11-25 16:09:52.995|INFO|main|o.a.c.h.Http11NioProtocol|line-173||Starting ProtocolHandler ["http-nio-8088"]
2024-11-25 16:09:53.007|INFO|main|o.s.b.w.e.t.TomcatWebServer|line-220||Tomcat started on port(s): 8088 (http) with context path ''
2024-11-25 16:09:53.020|INFO|main|w.f.o.OfficeControllerApplication|line-57||Started OfficeControllerApplication in 3.209 seconds (process running for 4.179)
2024-11-25 16:09:53.378|INFO|RMI TCP Connection(3)-192.168.159.1|c.z.h.HikariDataSource|line-110||HikariPool-1 - Starting...
2024-11-25 16:09:53.450|INFO|RMI TCP Connection(3)-192.168.159.1|c.z.h.p.HikariPool|line-565||HikariPool-1 - Added connection com.mysql.cj.jdbc.ConnectionImpl@8236494
2024-11-25 16:09:53.455|INFO|RMI TCP Connection(3)-192.168.159.1|c.z.h.HikariDataSource|line-123||HikariPool-1 - Start completed.
2024-11-25 16:10:19.491|INFO|http-nio-8088-exec-5|o.a.c.c.C.[.[.[/]|line-173||Initializing Spring DispatcherServlet 'dispatcherServlet'
2024-11-25 16:10:19.491|INFO|http-nio-8088-exec-5|o.s.w.s.DispatcherServlet|line-532||Initializing Servlet 'dispatcherServlet'
2024-11-25 16:10:19.492|INFO|http-nio-8088-exec-5|o.s.w.s.DispatcherServlet|line-554||Completed initialization in 1 ms
2024-11-25 16:15:03.208|INFO|SpringApplicationShutdownHook|c.z.h.HikariDataSource|line-350||HikariPool-1 - Shutdown initiated...
2024-11-25 16:15:03.217|INFO|SpringApplicationShutdownHook|c.z.h.HikariDataSource|line-352||HikariPool-1 - Shutdown completed.
2024-11-25 16:15:10.613|INFO|main|w.f.o.OfficeControllerApplication|line-51||Starting OfficeControllerApplication using Java 17.0.11 with PID 12600 (D:\My Project\myOASys\target\classes started by zds in D:\My Project\myOASys)
2024-11-25 16:15:10.615|INFO|main|w.f.o.OfficeControllerApplication|line-630||No active profile set, falling back to 1 default profile: "default"
2024-11-25 16:15:11.763|INFO|main|o.s.d.r.c.RepositoryConfigurationDelegate|line-291||Multiple Spring Data modules found, entering strict repository configuration mode
2024-11-25 16:15:11.765|INFO|main|o.s.d.r.c.RepositoryConfigurationDelegate|line-138||Bootstrapping Spring Data Redis repositories in DEFAULT mode.
2024-11-25 16:15:11.791|INFO|main|o.s.d.r.c.RepositoryConfigurationDelegate|line-208||Finished Spring Data repository scanning in 16 ms. Found 0 Redis repository interfaces.
2024-11-25 16:15:12.141|INFO|main|o.s.b.w.e.t.TomcatWebServer|line-108||Tomcat initialized with port(s): 8088 (http)
2024-11-25 16:15:12.146|INFO|main|o.a.c.h.Http11NioProtocol|line-173||Initializing ProtocolHandler ["http-nio-8088"]
2024-11-25 16:15:12.147|INFO|main|o.a.c.c.StandardService|line-173||Starting service [Tomcat]
2024-11-25 16:15:12.147|INFO|main|o.a.c.c.StandardEngine|line-173||Starting Servlet engine: [Apache Tomcat/10.1.5]
2024-11-25 16:15:12.206|INFO|main|o.a.c.c.C.[.[.[/]|line-173||Initializing Spring embedded WebApplicationContext
2024-11-25 16:15:12.206|INFO|main|o.s.b.w.s.c.ServletWebServerApplicationContext|line-291||Root WebApplicationContext: initialization completed in 1558 ms
2024-11-25 16:15:12.286|INFO|main|w.f.o.c.s.MyFilter|line-16||MyFilter来啦！！！！
2024-11-25 16:15:12.888|INFO|main|w.f.o.c.o.OssConfiguration|line-17||创建 OssUtil
2024-11-25 16:15:13.517|INFO|main|o.s.b.a.e.w.EndpointLinksResolver|line-58||Exposing 1 endpoint(s) beneath base path '/actuator'
2024-11-25 16:15:13.578|INFO|main|o.a.c.h.Http11NioProtocol|line-173||Starting ProtocolHandler ["http-nio-8088"]
2024-11-25 16:15:13.602|INFO|main|o.s.b.w.e.t.TomcatWebServer|line-220||Tomcat started on port(s): 8088 (http) with context path ''
2024-11-25 16:15:13.613|INFO|main|w.f.o.OfficeControllerApplication|line-57||Started OfficeControllerApplication in 3.288 seconds (process running for 3.973)
2024-11-25 16:15:14.037|INFO|RMI TCP Connection(2)-192.168.159.1|c.z.h.HikariDataSource|line-110||HikariPool-1 - Starting...
2024-11-25 16:15:14.148|INFO|RMI TCP Connection(2)-192.168.159.1|c.z.h.p.HikariPool|line-565||HikariPool-1 - Added connection com.mysql.cj.jdbc.ConnectionImpl@5dd3aa0f
2024-11-25 16:15:14.150|INFO|RMI TCP Connection(2)-192.168.159.1|c.z.h.HikariDataSource|line-123||HikariPool-1 - Start completed.
2024-11-25 16:36:33.199|INFO|http-nio-8088-exec-6|o.a.c.c.C.[.[.[/]|line-173||Initializing Spring DispatcherServlet 'dispatcherServlet'
2024-11-25 16:36:33.199|INFO|http-nio-8088-exec-6|o.s.w.s.DispatcherServlet|line-532||Initializing Servlet 'dispatcherServlet'
2024-11-25 16:36:33.202|INFO|http-nio-8088-exec-6|o.s.w.s.DispatcherServlet|line-554||Completed initialization in 3 ms
2024-11-25 16:38:58.447|INFO|SpringApplicationShutdownHook|c.z.h.HikariDataSource|line-350||HikariPool-1 - Shutdown initiated...
2024-11-25 16:38:58.453|INFO|SpringApplicationShutdownHook|c.z.h.HikariDataSource|line-352||HikariPool-1 - Shutdown completed.
2024-11-25 16:39:03.911|INFO|main|w.f.o.OfficeControllerApplication|line-51||Starting OfficeControllerApplication using Java 17.0.11 with PID 15748 (D:\My Project\myOASys\target\classes started by zds in D:\My Project\myOASys)
2024-11-25 16:39:03.913|INFO|main|w.f.o.OfficeControllerApplication|line-630||No active profile set, falling back to 1 default profile: "default"
2024-11-25 16:39:04.699|INFO|main|o.s.d.r.c.RepositoryConfigurationDelegate|line-291||Multiple Spring Data modules found, entering strict repository configuration mode
2024-11-25 16:39:04.701|INFO|main|o.s.d.r.c.RepositoryConfigurationDelegate|line-138||Bootstrapping Spring Data Redis repositories in DEFAULT mode.
2024-11-25 16:39:04.724|INFO|main|o.s.d.r.c.RepositoryConfigurationDelegate|line-208||Finished Spring Data repository scanning in 14 ms. Found 0 Redis repository interfaces.
2024-11-25 16:39:05.063|INFO|main|o.s.b.w.e.t.TomcatWebServer|line-108||Tomcat initialized with port(s): 8088 (http)
2024-11-25 16:39:05.069|INFO|main|o.a.c.h.Http11NioProtocol|line-173||Initializing ProtocolHandler ["http-nio-8088"]
2024-11-25 16:39:05.070|INFO|main|o.a.c.c.StandardService|line-173||Starting service [Tomcat]
2024-11-25 16:39:05.071|INFO|main|o.a.c.c.StandardEngine|line-173||Starting Servlet engine: [Apache Tomcat/10.1.5]
2024-11-25 16:39:05.134|INFO|main|o.a.c.c.C.[.[.[/]|line-173||Initializing Spring embedded WebApplicationContext
2024-11-25 16:39:05.135|INFO|main|o.s.b.w.s.c.ServletWebServerApplicationContext|line-291||Root WebApplicationContext: initialization completed in 1188 ms
2024-11-25 16:39:05.218|INFO|main|w.f.o.c.s.MyFilter|line-16||MyFilter来啦！！！！
2024-11-25 16:39:05.833|INFO|main|w.f.o.c.o.OssConfiguration|line-17||创建 OssUtil
2024-11-25 16:39:06.581|INFO|main|o.s.b.a.e.w.EndpointLinksResolver|line-58||Exposing 1 endpoint(s) beneath base path '/actuator'
2024-11-25 16:39:06.643|INFO|main|o.a.c.h.Http11NioProtocol|line-173||Starting ProtocolHandler ["http-nio-8088"]
2024-11-25 16:39:06.655|INFO|main|o.s.b.w.e.t.TomcatWebServer|line-220||Tomcat started on port(s): 8088 (http) with context path ''
2024-11-25 16:39:06.666|INFO|main|w.f.o.OfficeControllerApplication|line-57||Started OfficeControllerApplication in 3.119 seconds (process running for 4.033)
2024-11-25 16:39:06.804|INFO|RMI TCP Connection(3)-192.168.159.1|c.z.h.HikariDataSource|line-110||HikariPool-1 - Starting...
2024-11-25 16:39:06.874|INFO|RMI TCP Connection(3)-192.168.159.1|c.z.h.p.HikariPool|line-565||HikariPool-1 - Added connection com.mysql.cj.jdbc.ConnectionImpl@788e4d67
2024-11-25 16:39:06.879|INFO|RMI TCP Connection(3)-192.168.159.1|c.z.h.HikariDataSource|line-123||HikariPool-1 - Start completed.
2024-11-25 16:53:31.884|INFO|http-nio-8088-exec-2|o.a.c.c.C.[.[.[/]|line-173||Initializing Spring DispatcherServlet 'dispatcherServlet'
2024-11-25 16:53:31.884|INFO|http-nio-8088-exec-2|o.s.w.s.DispatcherServlet|line-532||Initializing Servlet 'dispatcherServlet'
2024-11-25 16:53:31.886|INFO|http-nio-8088-exec-2|o.s.w.s.DispatcherServlet|line-554||Completed initialization in 1 ms
2024-11-25 17:30:36.339|INFO|SpringApplicationShutdownHook|c.z.h.HikariDataSource|line-350||HikariPool-1 - Shutdown initiated...
2024-11-25 17:30:36.343|INFO|SpringApplicationShutdownHook|c.z.h.HikariDataSource|line-352||HikariPool-1 - Shutdown completed.
