2024-11-21 09:33:39.857|INFO|main|w.f.o.OfficeControllerApplication|line-51||Starting OfficeControllerApplication using Java 17.0.11 with PID 29340 (D:\My Project\myOASys\target\classes started by zds in D:\My Project\myOASys)
2024-11-21 09:33:39.859|INFO|main|w.f.o.OfficeControllerApplication|line-630||No active profile set, falling back to 1 default profile: "default"
2024-11-21 09:33:42.621|INFO|main|o.s.d.r.c.RepositoryConfigurationDelegate|line-291||Multiple Spring Data modules found, entering strict repository configuration mode
2024-11-21 09:33:42.625|INFO|main|o.s.d.r.c.RepositoryConfigurationDelegate|line-138||Bootstrapping Spring Data Redis repositories in DEFAULT mode.
2024-11-21 09:33:42.655|INFO|main|o.s.d.r.c.RepositoryConfigurationDelegate|line-208||Finished Spring Data repository scanning in 17 ms. Found 0 Redis repository interfaces.
2024-11-21 09:33:43.036|INFO|main|o.s.b.w.e.t.TomcatWebServer|line-108||Tomcat initialized with port(s): 8088 (http)
2024-11-21 09:33:43.044|INFO|main|o.a.c.h.Http11NioProtocol|line-173||Initializing ProtocolHandler ["http-nio-8088"]
2024-11-21 09:33:43.045|INFO|main|o.a.c.c.StandardService|line-173||Starting service [Tomcat]
2024-11-21 09:33:43.046|INFO|main|o.a.c.c.StandardEngine|line-173||Starting Servlet engine: [Apache Tomcat/10.1.5]
2024-11-21 09:33:43.116|INFO|main|o.a.c.c.C.[.[.[/]|line-173||Initializing Spring embedded WebApplicationContext
2024-11-21 09:33:43.117|INFO|main|o.s.b.w.s.c.ServletWebServerApplicationContext|line-291||Root WebApplicationContext: initialization completed in 3222 ms
2024-11-21 09:33:43.195|INFO|main|w.f.o.c.s.MyFilter|line-16||MyFilter来啦！！！！
2024-11-21 09:33:43.947|INFO|main|w.f.o.c.o.OssConfiguration|line-17||创建 OssUtil
2024-11-21 09:33:44.760|INFO|main|o.s.b.a.e.w.EndpointLinksResolver|line-58||Exposing 1 endpoint(s) beneath base path '/actuator'
2024-11-21 09:33:44.844|INFO|main|o.a.c.h.Http11NioProtocol|line-173||Starting ProtocolHandler ["http-nio-8088"]
2024-11-21 09:33:44.856|INFO|main|o.s.b.w.e.t.TomcatWebServer|line-220||Tomcat started on port(s): 8088 (http) with context path ''
2024-11-21 09:33:44.867|INFO|main|w.f.o.OfficeControllerApplication|line-57||Started OfficeControllerApplication in 5.367 seconds (process running for 7.473)
2024-11-21 09:33:45.052|INFO|RMI TCP Connection(8)-192.168.159.1|c.z.h.HikariDataSource|line-110||HikariPool-1 - Starting...
2024-11-21 09:33:45.166|INFO|RMI TCP Connection(8)-192.168.159.1|c.z.h.p.HikariPool|line-565||HikariPool-1 - Added connection com.mysql.cj.jdbc.ConnectionImpl@37d831f7
2024-11-21 09:33:45.173|INFO|RMI TCP Connection(8)-192.168.159.1|c.z.h.HikariDataSource|line-123||HikariPool-1 - Start completed.
2024-11-21 10:55:05.812|INFO|http-nio-8088-exec-1|o.a.c.c.C.[.[.[/]|line-173||Initializing Spring DispatcherServlet 'dispatcherServlet'
2024-11-21 10:55:05.813|INFO|http-nio-8088-exec-1|o.s.w.s.DispatcherServlet|line-532||Initializing Servlet 'dispatcherServlet'
2024-11-21 10:55:05.814|INFO|http-nio-8088-exec-1|o.s.w.s.DispatcherServlet|line-554||Completed initialization in 1 ms
2024-11-21 15:56:20.203|INFO|SpringApplicationShutdownHook|c.z.h.HikariDataSource|line-350||HikariPool-1 - Shutdown initiated...
2024-11-21 15:56:20.235|INFO|SpringApplicationShutdownHook|c.z.h.HikariDataSource|line-352||HikariPool-1 - Shutdown completed.
2024-11-21 15:56:33.624|INFO|main|w.f.o.OfficeControllerApplication|line-51||Starting OfficeControllerApplication using Java 17.0.11 with PID 8676 (D:\My Project\myOASys\target\classes started by zds in D:\My Project\myOASys)
2024-11-21 15:56:33.634|INFO|main|w.f.o.OfficeControllerApplication|line-630||No active profile set, falling back to 1 default profile: "default"
2024-11-21 15:56:35.619|INFO|main|o.s.d.r.c.RepositoryConfigurationDelegate|line-291||Multiple Spring Data modules found, entering strict repository configuration mode
2024-11-21 15:56:35.619|INFO|main|o.s.d.r.c.RepositoryConfigurationDelegate|line-138||Bootstrapping Spring Data Redis repositories in DEFAULT mode.
2024-11-21 15:56:35.635|INFO|main|o.s.d.r.c.RepositoryConfigurationDelegate|line-208||Finished Spring Data repository scanning in 16 ms. Found 0 Redis repository interfaces.
2024-11-21 15:56:35.994|INFO|main|o.s.b.w.e.t.TomcatWebServer|line-108||Tomcat initialized with port(s): 8088 (http)
2024-11-21 15:56:35.994|INFO|main|o.a.c.h.Http11NioProtocol|line-173||Initializing ProtocolHandler ["http-nio-8088"]
2024-11-21 15:56:36.010|INFO|main|o.a.c.c.StandardService|line-173||Starting service [Tomcat]
2024-11-21 15:56:36.010|INFO|main|o.a.c.c.StandardEngine|line-173||Starting Servlet engine: [Apache Tomcat/10.1.5]
2024-11-21 15:56:36.072|INFO|main|o.a.c.c.C.[.[.[/]|line-173||Initializing Spring embedded WebApplicationContext
2024-11-21 15:56:36.072|INFO|main|o.s.b.w.s.c.ServletWebServerApplicationContext|line-291||Root WebApplicationContext: initialization completed in 2363 ms
2024-11-21 15:56:36.151|INFO|main|w.f.o.c.s.MyFilter|line-16||MyFilter来啦！！！！
2024-11-21 15:56:36.852|INFO|main|w.f.o.c.o.OssConfiguration|line-17||创建 OssUtil
2024-11-21 15:56:37.766|INFO|main|o.s.b.a.e.w.EndpointLinksResolver|line-58||Exposing 1 endpoint(s) beneath base path '/actuator'
2024-11-21 15:56:37.844|INFO|main|o.a.c.h.Http11NioProtocol|line-173||Starting ProtocolHandler ["http-nio-8088"]
2024-11-21 15:56:37.860|INFO|main|o.s.b.w.e.t.TomcatWebServer|line-220||Tomcat started on port(s): 8088 (http) with context path ''
2024-11-21 15:56:37.875|INFO|main|w.f.o.OfficeControllerApplication|line-57||Started OfficeControllerApplication in 4.728 seconds (process running for 6.496)
2024-11-21 15:56:38.466|INFO|RMI TCP Connection(4)-192.168.159.1|c.z.h.HikariDataSource|line-110||HikariPool-1 - Starting...
2024-11-21 15:56:38.716|INFO|RMI TCP Connection(4)-192.168.159.1|c.z.h.p.HikariPool|line-565||HikariPool-1 - Added connection com.mysql.cj.jdbc.ConnectionImpl@5bfcb7b
2024-11-21 15:56:38.735|INFO|RMI TCP Connection(4)-192.168.159.1|c.z.h.HikariDataSource|line-123||HikariPool-1 - Start completed.
2024-11-21 15:57:19.687|INFO|http-nio-8088-exec-7|o.a.c.c.C.[.[.[/]|line-173||Initializing Spring DispatcherServlet 'dispatcherServlet'
2024-11-21 15:57:19.687|INFO|http-nio-8088-exec-7|o.s.w.s.DispatcherServlet|line-532||Initializing Servlet 'dispatcherServlet'
2024-11-21 15:57:19.689|INFO|http-nio-8088-exec-7|o.s.w.s.DispatcherServlet|line-554||Completed initialization in 2 ms
2024-11-21 15:59:22.480|INFO|SpringApplicationShutdownHook|c.z.h.HikariDataSource|line-350||HikariPool-1 - Shutdown initiated...
2024-11-21 15:59:22.480|INFO|SpringApplicationShutdownHook|c.z.h.HikariDataSource|line-352||HikariPool-1 - Shutdown completed.
2024-11-21 15:59:27.126|INFO|main|w.f.o.OfficeControllerApplication|line-51||Starting OfficeControllerApplication using Java 17.0.11 with PID 892 (D:\My Project\myOASys\target\classes started by zds in D:\My Project\myOASys)
2024-11-21 15:59:27.126|INFO|main|w.f.o.OfficeControllerApplication|line-630||No active profile set, falling back to 1 default profile: "default"
2024-11-21 15:59:28.314|INFO|main|o.s.d.r.c.RepositoryConfigurationDelegate|line-291||Multiple Spring Data modules found, entering strict repository configuration mode
2024-11-21 15:59:28.314|INFO|main|o.s.d.r.c.RepositoryConfigurationDelegate|line-138||Bootstrapping Spring Data Redis repositories in DEFAULT mode.
2024-11-21 15:59:28.361|INFO|main|o.s.d.r.c.RepositoryConfigurationDelegate|line-208||Finished Spring Data repository scanning in 28 ms. Found 0 Redis repository interfaces.
2024-11-21 15:59:28.783|INFO|main|o.s.b.w.e.t.TomcatWebServer|line-108||Tomcat initialized with port(s): 8088 (http)
2024-11-21 15:59:28.783|INFO|main|o.a.c.h.Http11NioProtocol|line-173||Initializing ProtocolHandler ["http-nio-8088"]
2024-11-21 15:59:28.783|INFO|main|o.a.c.c.StandardService|line-173||Starting service [Tomcat]
2024-11-21 15:59:28.783|INFO|main|o.a.c.c.StandardEngine|line-173||Starting Servlet engine: [Apache Tomcat/10.1.5]
2024-11-21 15:59:28.845|INFO|main|o.a.c.c.C.[.[.[/]|line-173||Initializing Spring embedded WebApplicationContext
2024-11-21 15:59:28.845|INFO|main|o.s.b.w.s.c.ServletWebServerApplicationContext|line-291||Root WebApplicationContext: initialization completed in 1655 ms
2024-11-21 15:59:28.923|INFO|main|w.f.o.c.s.MyFilter|line-16||MyFilter来啦！！！！
2024-11-21 15:59:29.565|INFO|main|w.f.o.c.o.OssConfiguration|line-17||创建 OssUtil
2024-11-21 15:59:30.237|INFO|main|o.s.b.a.e.w.EndpointLinksResolver|line-58||Exposing 1 endpoint(s) beneath base path '/actuator'
2024-11-21 15:59:30.346|INFO|main|o.a.c.h.Http11NioProtocol|line-173||Starting ProtocolHandler ["http-nio-8088"]
2024-11-21 15:59:30.362|INFO|main|o.s.b.w.e.t.TomcatWebServer|line-220||Tomcat started on port(s): 8088 (http) with context path ''
2024-11-21 15:59:30.362|INFO|main|w.f.o.OfficeControllerApplication|line-57||Started OfficeControllerApplication in 3.615 seconds (process running for 5.238)
2024-11-21 15:59:30.790|INFO|RMI TCP Connection(6)-192.168.159.1|c.z.h.HikariDataSource|line-110||HikariPool-1 - Starting...
2024-11-21 15:59:30.906|INFO|RMI TCP Connection(6)-192.168.159.1|c.z.h.p.HikariPool|line-565||HikariPool-1 - Added connection com.mysql.cj.jdbc.ConnectionImpl@3fa1a70e
2024-11-21 15:59:30.906|INFO|RMI TCP Connection(6)-192.168.159.1|c.z.h.HikariDataSource|line-123||HikariPool-1 - Start completed.
2024-11-21 15:59:37.618|INFO|http-nio-8088-exec-2|o.a.c.c.C.[.[.[/]|line-173||Initializing Spring DispatcherServlet 'dispatcherServlet'
2024-11-21 15:59:37.618|INFO|http-nio-8088-exec-2|o.s.w.s.DispatcherServlet|line-532||Initializing Servlet 'dispatcherServlet'
2024-11-21 15:59:37.620|INFO|http-nio-8088-exec-2|o.s.w.s.DispatcherServlet|line-554||Completed initialization in 2 ms
2024-11-21 16:00:38.807|INFO|SpringApplicationShutdownHook|c.z.h.HikariDataSource|line-350||HikariPool-1 - Shutdown initiated...
2024-11-21 16:00:38.822|INFO|SpringApplicationShutdownHook|c.z.h.HikariDataSource|line-352||HikariPool-1 - Shutdown completed.
2024-11-21 16:00:47.487|INFO|main|w.f.o.OfficeControllerApplication|line-51||Starting OfficeControllerApplication using Java 17.0.11 with PID 26708 (D:\My Project\myOASys\target\classes started by zds in D:\My Project\myOASys)
2024-11-21 16:00:47.502|INFO|main|w.f.o.OfficeControllerApplication|line-630||No active profile set, falling back to 1 default profile: "default"
2024-11-21 16:00:48.609|INFO|main|o.s.d.r.c.RepositoryConfigurationDelegate|line-291||Multiple Spring Data modules found, entering strict repository configuration mode
2024-11-21 16:00:48.609|INFO|main|o.s.d.r.c.RepositoryConfigurationDelegate|line-138||Bootstrapping Spring Data Redis repositories in DEFAULT mode.
2024-11-21 16:00:48.640|INFO|main|o.s.d.r.c.RepositoryConfigurationDelegate|line-208||Finished Spring Data repository scanning in 20 ms. Found 0 Redis repository interfaces.
2024-11-21 16:00:49.469|INFO|main|o.s.b.w.e.t.TomcatWebServer|line-108||Tomcat initialized with port(s): 8088 (http)
2024-11-21 16:00:49.484|INFO|main|o.a.c.h.Http11NioProtocol|line-173||Initializing ProtocolHandler ["http-nio-8088"]
2024-11-21 16:00:49.484|INFO|main|o.a.c.c.StandardService|line-173||Starting service [Tomcat]
2024-11-21 16:00:49.484|INFO|main|o.a.c.c.StandardEngine|line-173||Starting Servlet engine: [Apache Tomcat/10.1.5]
2024-11-21 16:00:49.578|INFO|main|o.a.c.c.C.[.[.[/]|line-173||Initializing Spring embedded WebApplicationContext
2024-11-21 16:00:49.578|INFO|main|o.s.b.w.s.c.ServletWebServerApplicationContext|line-291||Root WebApplicationContext: initialization completed in 2019 ms
2024-11-21 16:00:49.735|INFO|main|w.f.o.c.s.MyFilter|line-16||MyFilter来啦！！！！
2024-11-21 16:00:50.924|INFO|main|w.f.o.c.o.OssConfiguration|line-17||创建 OssUtil
2024-11-21 16:00:52.248|INFO|main|o.s.b.a.e.w.EndpointLinksResolver|line-58||Exposing 1 endpoint(s) beneath base path '/actuator'
2024-11-21 16:00:52.322|INFO|main|o.a.c.h.Http11NioProtocol|line-173||Starting ProtocolHandler ["http-nio-8088"]
2024-11-21 16:00:52.337|INFO|main|o.s.b.w.e.t.TomcatWebServer|line-220||Tomcat started on port(s): 8088 (http) with context path ''
2024-11-21 16:00:52.352|INFO|main|w.f.o.OfficeControllerApplication|line-57||Started OfficeControllerApplication in 5.432 seconds (process running for 6.946)
2024-11-21 16:00:52.860|INFO|RMI TCP Connection(13)-192.168.159.1|c.z.h.HikariDataSource|line-110||HikariPool-1 - Starting...
2024-11-21 16:00:53.142|INFO|RMI TCP Connection(13)-192.168.159.1|c.z.h.p.HikariPool|line-565||HikariPool-1 - Added connection com.mysql.cj.jdbc.ConnectionImpl@6dd22a5b
2024-11-21 16:00:53.146|INFO|RMI TCP Connection(13)-192.168.159.1|c.z.h.HikariDataSource|line-123||HikariPool-1 - Start completed.
2024-11-21 16:01:20.605|INFO|http-nio-8088-exec-2|o.a.c.c.C.[.[.[/]|line-173||Initializing Spring DispatcherServlet 'dispatcherServlet'
2024-11-21 16:01:20.606|INFO|http-nio-8088-exec-2|o.s.w.s.DispatcherServlet|line-532||Initializing Servlet 'dispatcherServlet'
2024-11-21 16:01:20.607|INFO|http-nio-8088-exec-2|o.s.w.s.DispatcherServlet|line-554||Completed initialization in 1 ms
2024-11-21 16:22:55.967|INFO|http-nio-8088-exec-2|o.s.a.AbstractOpenApiResource|line-390|traceId_886005663923100|Init duration for springdoc-openapi is: 880 ms
2024-11-21 17:28:05.243|INFO|SpringApplicationShutdownHook|c.z.h.HikariDataSource|line-350||HikariPool-1 - Shutdown initiated...
2024-11-21 17:28:05.251|INFO|SpringApplicationShutdownHook|c.z.h.HikariDataSource|line-352||HikariPool-1 - Shutdown completed.
