2024-11-20 15:25:17.237|INFO|main|w.f.o.OfficeControllerApplication|line-51||Starting OfficeControllerApplication using Java 17.0.11 with PID 18628 (D:\My Project\myOASys\target\classes started by zds in D:\My Project\myOASys)
2024-11-20 15:25:17.237|INFO|main|w.f.o.OfficeControllerApplication|line-630||No active profile set, falling back to 1 default profile: "default"
2024-11-20 15:25:19.213|INFO|main|o.s.d.r.c.RepositoryConfigurationDelegate|line-291||Multiple Spring Data modules found, entering strict repository configuration mode
2024-11-20 15:25:19.213|INFO|main|o.s.d.r.c.RepositoryConfigurationDelegate|line-138||Bootstrapping Spring Data Redis repositories in DEFAULT mode.
2024-11-20 15:25:19.229|INFO|main|o.s.d.r.c.RepositoryConfigurationDelegate|line-208||Finished Spring Data repository scanning in 17 ms. Found 0 Redis repository interfaces.
2024-11-20 15:25:19.916|INFO|main|o.s.b.w.e.t.TomcatWebServer|line-108||Tomcat initialized with port(s): 8088 (http)
2024-11-20 15:25:19.947|INFO|main|o.a.c.h.Http11NioProtocol|line-173||Initializing ProtocolHandler ["http-nio-8088"]
2024-11-20 15:25:19.947|INFO|main|o.a.c.c.StandardService|line-173||Starting service [Tomcat]
2024-11-20 15:25:19.947|INFO|main|o.a.c.c.StandardEngine|line-173||Starting Servlet engine: [Apache Tomcat/10.1.5]
2024-11-20 15:25:20.077|INFO|main|o.a.c.c.C.[.[.[/]|line-173||Initializing Spring embedded WebApplicationContext
2024-11-20 15:25:20.077|INFO|main|o.s.b.w.s.c.ServletWebServerApplicationContext|line-291||Root WebApplicationContext: initialization completed in 2762 ms
2024-11-20 15:25:20.280|INFO|main|w.f.o.c.s.MyFilter|line-16||MyFilter来啦！！！！
2024-11-20 15:25:21.793|INFO|main|w.f.o.c.o.OssConfiguration|line-17||创建 OssUtil
2024-11-20 15:25:23.306|INFO|main|o.s.b.a.e.w.EndpointLinksResolver|line-58||Exposing 1 endpoint(s) beneath base path '/actuator'
2024-11-20 15:25:23.465|INFO|main|o.a.c.h.Http11NioProtocol|line-173||Starting ProtocolHandler ["http-nio-8088"]
2024-11-20 15:25:23.496|INFO|main|o.s.b.w.e.t.TomcatWebServer|line-220||Tomcat started on port(s): 8088 (http) with context path ''
2024-11-20 15:25:23.527|INFO|main|w.f.o.OfficeControllerApplication|line-57||Started OfficeControllerApplication in 6.724 seconds (process running for 8.527)
2024-11-20 15:25:24.367|INFO|RMI TCP Connection(15)-192.168.159.1|c.z.h.HikariDataSource|line-110||HikariPool-1 - Starting...
2024-11-20 15:25:24.508|INFO|RMI TCP Connection(15)-192.168.159.1|c.z.h.p.HikariPool|line-565||HikariPool-1 - Added connection com.mysql.cj.jdbc.ConnectionImpl@22339500
2024-11-20 15:25:24.523|INFO|RMI TCP Connection(15)-192.168.159.1|c.z.h.HikariDataSource|line-123||HikariPool-1 - Start completed.
2024-11-20 15:31:28.796|INFO|http-nio-8088-exec-1|o.a.c.c.C.[.[.[/]|line-173||Initializing Spring DispatcherServlet 'dispatcherServlet'
2024-11-20 15:31:28.797|INFO|http-nio-8088-exec-1|o.s.w.s.DispatcherServlet|line-532||Initializing Servlet 'dispatcherServlet'
2024-11-20 15:31:28.800|INFO|http-nio-8088-exec-1|o.s.w.s.DispatcherServlet|line-554||Completed initialization in 2 ms
2024-11-20 15:47:51.530|INFO|SpringApplicationShutdownHook|c.z.h.HikariDataSource|line-350||HikariPool-1 - Shutdown initiated...
2024-11-20 15:47:51.534|INFO|SpringApplicationShutdownHook|c.z.h.HikariDataSource|line-352||HikariPool-1 - Shutdown completed.
2024-11-20 15:47:59.497|INFO|main|w.f.o.OfficeControllerApplication|line-51||Starting OfficeControllerApplication using Java 17.0.11 with PID 4580 (D:\My Project\myOASys\target\classes started by zds in D:\My Project\myOASys)
2024-11-20 15:47:59.505|INFO|main|w.f.o.OfficeControllerApplication|line-630||No active profile set, falling back to 1 default profile: "default"
2024-11-20 15:48:01.242|INFO|main|o.s.d.r.c.RepositoryConfigurationDelegate|line-291||Multiple Spring Data modules found, entering strict repository configuration mode
2024-11-20 15:48:01.244|INFO|main|o.s.d.r.c.RepositoryConfigurationDelegate|line-138||Bootstrapping Spring Data Redis repositories in DEFAULT mode.
2024-11-20 15:48:01.269|INFO|main|o.s.d.r.c.RepositoryConfigurationDelegate|line-208||Finished Spring Data repository scanning in 17 ms. Found 0 Redis repository interfaces.
2024-11-20 15:48:02.054|INFO|main|o.s.b.w.e.t.TomcatWebServer|line-108||Tomcat initialized with port(s): 8088 (http)
2024-11-20 15:48:02.060|INFO|main|o.a.c.h.Http11NioProtocol|line-173||Initializing ProtocolHandler ["http-nio-8088"]
2024-11-20 15:48:02.061|INFO|main|o.a.c.c.StandardService|line-173||Starting service [Tomcat]
2024-11-20 15:48:02.062|INFO|main|o.a.c.c.StandardEngine|line-173||Starting Servlet engine: [Apache Tomcat/10.1.5]
2024-11-20 15:48:02.175|INFO|main|o.a.c.c.C.[.[.[/]|line-173||Initializing Spring embedded WebApplicationContext
2024-11-20 15:48:02.176|INFO|main|o.s.b.w.s.c.ServletWebServerApplicationContext|line-291||Root WebApplicationContext: initialization completed in 2157 ms
2024-11-20 15:48:02.259|INFO|main|w.f.o.c.s.MyFilter|line-16||MyFilter来啦！！！！
2024-11-20 15:48:03.324|INFO|main|w.f.o.c.o.OssConfiguration|line-17||创建 OssUtil
2024-11-20 15:48:04.629|INFO|main|o.s.b.a.e.w.EndpointLinksResolver|line-58||Exposing 1 endpoint(s) beneath base path '/actuator'
2024-11-20 15:48:04.745|INFO|main|o.a.c.h.Http11NioProtocol|line-173||Starting ProtocolHandler ["http-nio-8088"]
2024-11-20 15:48:04.793|INFO|main|o.s.b.w.e.t.TomcatWebServer|line-220||Tomcat started on port(s): 8088 (http) with context path ''
2024-11-20 15:48:04.817|INFO|main|w.f.o.OfficeControllerApplication|line-57||Started OfficeControllerApplication in 5.912 seconds (process running for 7.02)
2024-11-20 15:48:07.559|INFO|RMI TCP Connection(2)-192.168.159.1|c.z.h.HikariDataSource|line-110||HikariPool-1 - Starting...
2024-11-20 15:48:07.794|INFO|RMI TCP Connection(2)-192.168.159.1|c.z.h.p.HikariPool|line-565||HikariPool-1 - Added connection com.mysql.cj.jdbc.ConnectionImpl@45b5c9d2
2024-11-20 15:48:07.808|INFO|RMI TCP Connection(2)-192.168.159.1|c.z.h.HikariDataSource|line-123||HikariPool-1 - Start completed.
2024-11-20 15:48:11.461|INFO|http-nio-8088-exec-8|o.a.c.c.C.[.[.[/]|line-173||Initializing Spring DispatcherServlet 'dispatcherServlet'
2024-11-20 15:48:11.462|INFO|http-nio-8088-exec-8|o.s.w.s.DispatcherServlet|line-532||Initializing Servlet 'dispatcherServlet'
2024-11-20 15:48:11.464|INFO|http-nio-8088-exec-8|o.s.w.s.DispatcherServlet|line-554||Completed initialization in 2 ms
2024-11-20 16:58:38.030|INFO|SpringApplicationShutdownHook|c.z.h.HikariDataSource|line-350||HikariPool-1 - Shutdown initiated...
2024-11-20 16:58:38.036|INFO|SpringApplicationShutdownHook|c.z.h.HikariDataSource|line-352||HikariPool-1 - Shutdown completed.
