2024-12-03 09:10:44.397|INFO|main|w.f.o.OfficeControllerApplication|line-51||Starting OfficeControllerApplication using Java 17.0.11 with PID 16124 (D:\Project\OfficeController\target\classes started by admin in D:\Project\OfficeController)
2024-12-03 09:10:44.399|INFO|main|w.f.o.OfficeControllerApplication|line-630||No active profile set, falling back to 1 default profile: "default"
2024-12-03 09:10:45.504|INFO|main|o.s.d.r.c.RepositoryConfigurationDelegate|line-291||Multiple Spring Data modules found, entering strict repository configuration mode
2024-12-03 09:10:45.504|INFO|main|o.s.d.r.c.RepositoryConfigurationDelegate|line-138||Bootstrapping Spring Data Redis repositories in DEFAULT mode.
2024-12-03 09:10:45.536|INFO|main|o.s.d.r.c.RepositoryConfigurationDelegate|line-208||Finished Spring Data repository scanning in 17 ms. Found 0 Redis repository interfaces.
2024-12-03 09:10:46.127|INFO|main|o.s.b.w.e.t.TomcatWebServer|line-108||Tomcat initialized with port(s): 8088 (http)
2024-12-03 09:10:46.136|INFO|main|o.a.c.h.Http11NioProtocol|line-173||Initializing ProtocolHandler ["http-nio-8088"]
2024-12-03 09:10:46.137|INFO|main|o.a.c.c.StandardService|line-173||Starting service [Tomcat]
2024-12-03 09:10:46.138|INFO|main|o.a.c.c.StandardEngine|line-173||Starting Servlet engine: [Apache Tomcat/10.1.5]
2024-12-03 09:10:46.218|INFO|main|o.a.c.c.C.[.[.[/]|line-173||Initializing Spring embedded WebApplicationContext
2024-12-03 09:10:46.220|INFO|main|o.s.b.w.s.c.ServletWebServerApplicationContext|line-291||Root WebApplicationContext: initialization completed in 1781 ms
2024-12-03 09:10:46.333|INFO|main|w.f.o.c.s.MyFilter|line-16||MyFilter来啦！！！！
2024-12-03 09:10:47.421|INFO|main|w.f.o.c.o.OssConfiguration|line-17||创建 OssUtil
2024-12-03 09:10:48.539|INFO|main|o.s.b.a.e.w.EndpointLinksResolver|line-58||Exposing 1 endpoint(s) beneath base path '/actuator'
2024-12-03 09:10:48.647|INFO|main|o.a.c.h.Http11NioProtocol|line-173||Starting ProtocolHandler ["http-nio-8088"]
2024-12-03 09:10:48.670|INFO|main|o.s.b.w.e.t.TomcatWebServer|line-220||Tomcat started on port(s): 8088 (http) with context path ''
2024-12-03 09:10:48.685|INFO|main|w.f.o.OfficeControllerApplication|line-57||Started OfficeControllerApplication in 4.647 seconds (process running for 9.675)
2024-12-03 09:25:26.053|INFO|http-nio-8088-exec-10|o.a.c.c.C.[.[.[/]|line-173||Initializing Spring DispatcherServlet 'dispatcherServlet'
2024-12-03 09:25:26.054|INFO|http-nio-8088-exec-10|o.s.w.s.DispatcherServlet|line-532||Initializing Servlet 'dispatcherServlet'
2024-12-03 09:25:26.056|INFO|http-nio-8088-exec-10|o.s.w.s.DispatcherServlet|line-554||Completed initialization in 2 ms
2024-12-03 09:25:26.656|INFO|http-nio-8088-exec-3|w.f.o.c.s.MyFilter|line-35|traceId_405173898260700|请求耗时：584ms
2024-12-03 09:25:26.656|INFO|http-nio-8088-exec-7|w.f.o.c.s.MyFilter|line-35|traceId_405173898299000|请求耗时：584ms
2024-12-03 09:25:26.656|INFO|http-nio-8088-exec-6|w.f.o.c.s.MyFilter|line-35|traceId_405173898287600|请求耗时：584ms
2024-12-03 09:25:34.446|INFO|http-nio-8088-exec-5|c.z.h.HikariDataSource|line-110|traceId_405182146283200|HikariPool-1 - Starting...
2024-12-03 09:25:34.635|INFO|http-nio-8088-exec-5|c.z.h.p.HikariPool|line-565|traceId_405182146283200|HikariPool-1 - Added connection com.mysql.cj.jdbc.ConnectionImpl@53be2190
2024-12-03 09:25:34.638|INFO|http-nio-8088-exec-5|c.z.h.HikariDataSource|line-123|traceId_405182146283200|HikariPool-1 - Start completed.
2024-12-03 09:25:34.765|INFO|http-nio-8088-exec-5|w.f.o.c.s.MyFilter|line-35|traceId_405182146283200|请求耗时：437ms
2024-12-03 09:25:36.519|INFO|http-nio-8088-exec-9|w.f.o.c.s.MyFilter|line-35|traceId_405184159434200|请求耗时：178ms
2024-12-03 09:25:36.538|INFO|http-nio-8088-exec-10|w.f.o.c.s.MyFilter|line-35|traceId_405184349098500|请求耗时：7ms
2024-12-03 09:25:38.285|INFO|http-nio-8088-exec-7|w.f.o.c.s.MyFilter|line-35|traceId_405186097486600|请求耗时：6ms
2024-12-03 09:25:38.337|INFO|http-nio-8088-exec-6|w.f.o.c.s.MyFilter|line-35|traceId_405186101600900|请求耗时：54ms
2024-12-03 09:25:38.348|INFO|http-nio-8088-exec-3|w.f.o.c.s.MyFilter|line-35|traceId_405186101622900|请求耗时：65ms
2024-12-03 09:25:38.393|INFO|http-nio-8088-exec-5|w.f.o.c.s.MyFilter|line-35|traceId_405186121187800|请求耗时：92ms
2024-12-03 09:25:47.911|INFO|http-nio-8088-exec-4|w.f.o.c.s.MyFilter|line-35|traceId_405195715622500|请求耗时：13ms
2024-12-03 09:25:47.933|INFO|http-nio-8088-exec-2|w.f.o.c.s.MyFilter|line-35|traceId_405195738489800|请求耗时：13ms
2024-12-03 09:25:47.958|INFO|http-nio-8088-exec-7|w.f.o.c.s.MyFilter|line-35|traceId_405195738489900|请求耗时：36ms
2024-12-03 09:25:47.975|INFO|http-nio-8088-exec-6|w.f.o.c.s.MyFilter|line-35|traceId_405195752379600|请求耗时：42ms
2024-12-03 09:34:27.472|INFO|http-nio-8088-exec-8|w.f.o.c.s.MyFilter|line-35|traceId_405715284854200|请求耗时：6ms
2024-12-03 09:34:27.474|INFO|http-nio-8088-exec-7|w.f.o.c.s.MyFilter|line-35|traceId_405715284874500|请求耗时：8ms
2024-12-03 09:34:27.497|INFO|http-nio-8088-exec-2|w.f.o.c.s.MyFilter|line-35|traceId_405715284853900|请求耗时：31ms
2024-12-03 09:34:27.523|INFO|http-nio-8088-exec-3|w.f.o.c.s.MyFilter|line-35|traceId_405715300695400|请求耗时：41ms
2024-12-03 09:50:42.590|INFO|http-nio-8088-exec-4|w.f.o.c.s.MyFilter|line-35|traceId_406690405263300|请求耗时：4ms
2024-12-03 09:50:43.956|INFO|http-nio-8088-exec-8|w.f.o.c.s.MyFilter|line-35|traceId_406691771331400|请求耗时：4ms
2024-12-03 09:50:45.077|INFO|http-nio-8088-exec-7|w.f.o.c.s.MyFilter|line-35|traceId_406692884975700|请求耗时：9ms
2024-12-03 09:50:49.502|INFO|http-nio-8088-exec-2|w.f.o.c.s.MyFilter|line-35|traceId_406697310590900|请求耗时：10ms
2024-12-03 10:01:50.263|INFO|http-nio-8088-exec-10|w.f.o.c.s.MyFilter|line-35|traceId_407358071415000|请求耗时：10ms
2024-12-03 10:05:25.944|INFO|http-nio-8088-exec-4|w.f.o.c.s.MyFilter|line-35|traceId_407573746622800|请求耗时：15ms
2024-12-03 10:05:27.612|INFO|http-nio-8088-exec-8|w.f.o.c.s.MyFilter|line-35|traceId_407575426531600|请求耗时：4ms
2024-12-03 10:08:34.208|INFO|http-nio-8088-exec-2|w.f.o.c.s.MyFilter|line-35|traceId_407762019655800|请求耗时：6ms
2024-12-03 10:11:28.409|INFO|http-nio-8088-exec-10|w.f.o.c.s.MyFilter|line-35|traceId_407936221076000|请求耗时：7ms
2024-12-03 10:11:30.372|INFO|http-nio-8088-exec-1|w.f.o.c.s.MyFilter|line-35|traceId_407938121981300|请求耗时：68ms
2024-12-03 10:14:15.436|INFO|http-nio-8088-exec-7|w.f.o.c.s.MyFilter|line-35|traceId_408103225167500|请求耗时：29ms
2024-12-03 10:14:16.887|INFO|http-nio-8088-exec-6|w.f.o.c.s.MyFilter|line-35|traceId_408104701627100|请求耗时：4ms
2024-12-03 10:14:16.893|INFO|http-nio-8088-exec-5|w.f.o.c.s.MyFilter|line-35|traceId_408104706017400|请求耗时：6ms
2024-12-03 10:14:16.923|INFO|http-nio-8088-exec-10|w.f.o.c.s.MyFilter|line-35|traceId_408104706016500|请求耗时：36ms
2024-12-03 10:14:16.949|INFO|http-nio-8088-exec-1|w.f.o.c.s.MyFilter|line-35|traceId_408104729958300|请求耗时：38ms
2024-12-03 10:14:17.388|INFO|http-nio-8088-exec-4|w.f.o.c.s.MyFilter|line-35|traceId_408105200883500|请求耗时：6ms
2024-12-03 10:14:17.840|INFO|http-nio-8088-exec-8|w.f.o.c.s.MyFilter|line-35|traceId_408105652819300|请求耗时：6ms
2024-12-03 10:14:17.841|INFO|http-nio-8088-exec-7|w.f.o.c.s.MyFilter|line-35|traceId_408105652819100|请求耗时：7ms
2024-12-03 10:14:17.860|INFO|http-nio-8088-exec-2|w.f.o.c.s.MyFilter|line-35|traceId_408105653058600|请求耗时：25ms
2024-12-03 10:14:17.880|INFO|http-nio-8088-exec-3|w.f.o.c.s.MyFilter|line-35|traceId_408105666762200|请求耗时：32ms
2024-12-03 10:14:18.508|INFO|http-nio-8088-exec-6|w.f.o.c.s.MyFilter|line-35|traceId_408106322699000|请求耗时：4ms
2024-12-03 10:14:18.969|INFO|http-nio-8088-exec-5|w.f.o.c.s.MyFilter|line-35|traceId_408106780213200|请求耗时：7ms
2024-12-03 10:14:18.970|INFO|http-nio-8088-exec-9|w.f.o.c.s.MyFilter|line-35|traceId_408106780282200|请求耗时：8ms
2024-12-03 10:14:18.992|INFO|http-nio-8088-exec-10|w.f.o.c.s.MyFilter|line-35|traceId_408106780528600|请求耗时：30ms
2024-12-03 10:14:19.013|INFO|http-nio-8088-exec-1|w.f.o.c.s.MyFilter|line-35|traceId_408106793426500|请求耗时：39ms
2024-12-03 10:14:19.421|INFO|http-nio-8088-exec-4|w.f.o.c.s.MyFilter|line-35|traceId_408107234427900|请求耗时：5ms
2024-12-03 10:14:19.758|INFO|http-nio-8088-exec-8|w.f.o.c.s.MyFilter|line-35|traceId_408107571740000|请求耗时：5ms
2024-12-03 10:14:20.237|INFO|http-nio-8088-exec-7|w.f.o.c.s.MyFilter|line-35|traceId_408108050532900|请求耗时：5ms
2024-12-03 10:14:20.825|INFO|http-nio-8088-exec-3|w.f.o.c.s.MyFilter|line-35|traceId_408108637827800|请求耗时：6ms
2024-12-03 10:14:22.829|INFO|http-nio-8088-exec-6|w.f.o.c.s.MyFilter|line-35|traceId_408110640340700|请求耗时：8ms
2024-12-03 10:14:25.523|INFO|http-nio-8088-exec-5|w.f.o.c.s.MyFilter|line-35|traceId_408113339000600|请求耗时：3ms
2024-12-03 10:14:27.223|INFO|http-nio-8088-exec-10|w.f.o.c.s.MyFilter|line-35|traceId_408115035752800|请求耗时：6ms
2024-12-03 10:14:29.542|INFO|http-nio-8088-exec-1|w.f.o.c.s.MyFilter|line-35|traceId_408117356745300|请求耗时：3ms
2024-12-03 10:14:29.548|INFO|http-nio-8088-exec-7|w.f.o.c.s.MyFilter|line-35|traceId_408117360367800|请求耗时：6ms
2024-12-03 10:14:29.574|INFO|http-nio-8088-exec-2|w.f.o.c.s.MyFilter|line-35|traceId_408117363454600|请求耗时：29ms
2024-12-03 10:14:29.597|INFO|http-nio-8088-exec-6|w.f.o.c.s.MyFilter|line-35|traceId_408117387406000|请求耗时：29ms
2024-12-03 10:14:30.931|INFO|http-nio-8088-exec-5|w.f.o.c.s.MyFilter|line-35|traceId_408118745469000|请求耗时：4ms
2024-12-03 10:14:31.467|INFO|http-nio-8088-exec-9|w.f.o.c.s.MyFilter|line-35|traceId_408119282750300|请求耗时：4ms
2024-12-03 10:14:31.469|INFO|http-nio-8088-exec-10|w.f.o.c.s.MyFilter|line-35|traceId_408119282749400|请求耗时：5ms
2024-12-03 10:14:31.491|INFO|http-nio-8088-exec-4|w.f.o.c.s.MyFilter|line-35|traceId_408119284115600|请求耗时：26ms
2024-12-03 10:14:31.512|INFO|http-nio-8088-exec-8|w.f.o.c.s.MyFilter|line-35|traceId_408119292243500|请求耗时：39ms
2024-12-03 10:17:38.160|INFO|http-nio-8088-exec-6|w.f.o.c.s.MyFilter|line-35|traceId_408305974685600|请求耗时：5ms
2024-12-03 10:17:38.589|INFO|http-nio-8088-exec-5|w.f.o.c.s.MyFilter|line-35|traceId_408306405313500|请求耗时：2ms
2024-12-03 10:17:38.983|INFO|http-nio-8088-exec-10|w.f.o.c.s.MyFilter|line-35|traceId_408306796404200|请求耗时：5ms
2024-12-03 10:17:38.987|INFO|http-nio-8088-exec-8|w.f.o.c.s.MyFilter|line-35|traceId_408306798760000|请求耗时：7ms
2024-12-03 10:17:39.019|INFO|http-nio-8088-exec-1|w.f.o.c.s.MyFilter|line-35|traceId_408306799028900|请求耗时：39ms
2024-12-03 10:17:39.041|INFO|http-nio-8088-exec-3|w.f.o.c.s.MyFilter|line-35|traceId_408306810844300|请求耗时：49ms
2024-12-03 10:17:39.460|INFO|http-nio-8088-exec-2|w.f.o.c.s.MyFilter|line-35|traceId_408307274889900|请求耗时：4ms
2024-12-03 10:17:39.731|INFO|http-nio-8088-exec-6|w.f.o.c.s.MyFilter|line-35|traceId_408307545722800|请求耗时：4ms
2024-12-03 10:17:42.375|INFO|http-nio-8088-exec-5|w.f.o.c.s.MyFilter|line-35|traceId_408310187957900|请求耗时：5ms
2024-12-03 10:21:21.890|INFO|http-nio-8088-exec-7|w.f.o.c.s.MyFilter|line-35|traceId_408529705904500|请求耗时：3ms
2024-12-03 10:21:24.223|INFO|http-nio-8088-exec-1|w.f.o.c.s.MyFilter|line-35|traceId_408532029465300|请求耗时：12ms
2024-12-03 10:21:26.924|INFO|http-nio-8088-exec-3|w.f.o.c.s.MyFilter|line-35|traceId_408534737805900|请求耗时：4ms
2024-12-03 10:23:03.516|INFO|http-nio-8088-exec-5|w.f.o.c.s.MyFilter|line-35|traceId_408631325858600|请求耗时：6ms
2024-12-03 10:23:06.723|INFO|http-nio-8088-exec-9|w.f.o.c.s.MyFilter|line-35|traceId_408634537023500|请求耗时：5ms
2024-12-03 10:24:41.278|INFO|http-nio-8088-exec-8|w.f.o.c.s.MyFilter|line-35|traceId_408729089455400|请求耗时：7ms
2024-12-03 10:24:43.517|INFO|http-nio-8088-exec-7|w.f.o.c.s.MyFilter|line-35|traceId_408731330058900|请求耗时：6ms
2024-12-03 10:27:34.142|INFO|http-nio-8088-exec-2|w.f.o.c.s.MyFilter|line-35|traceId_408901957803000|请求耗时：3ms
2024-12-03 10:27:35.590|INFO|http-nio-8088-exec-6|w.f.o.c.s.MyFilter|line-35|traceId_408903402468700|请求耗时：6ms
2024-12-03 10:27:37.726|INFO|http-nio-8088-exec-5|w.f.o.c.s.MyFilter|line-35|traceId_408905537364400|请求耗时：7ms
2024-12-03 10:27:41.995|INFO|http-nio-8088-exec-4|w.f.o.c.s.MyFilter|line-35|traceId_408909810602200|请求耗时：3ms
2024-12-03 10:27:42.606|INFO|http-nio-8088-exec-10|w.f.o.c.s.MyFilter|line-35|traceId_408910418003600|请求耗时：7ms
2024-12-03 10:27:45.383|INFO|http-nio-8088-exec-8|w.f.o.c.s.MyFilter|line-35|traceId_408913198005400|请求耗时：4ms
2024-12-03 10:27:47.868|INFO|http-nio-8088-exec-1|w.f.o.c.s.MyFilter|line-35|traceId_408915681718800|请求耗时：8ms
2024-12-03 10:27:48.996|INFO|http-nio-8088-exec-3|w.f.o.c.s.MyFilter|line-35|traceId_408916811209700|请求耗时：4ms
2024-12-03 10:27:51.212|INFO|http-nio-8088-exec-2|w.f.o.c.s.MyFilter|line-35|traceId_408919026867900|请求耗时：4ms
2024-12-03 10:27:52.198|INFO|http-nio-8088-exec-6|w.f.o.c.s.MyFilter|line-35|traceId_408920011830300|请求耗时：4ms
2024-12-03 10:27:54.297|INFO|http-nio-8088-exec-9|w.f.o.c.s.MyFilter|line-35|traceId_408922109947000|请求耗时：6ms
2024-12-03 10:29:32.060|INFO|http-nio-8088-exec-8|w.f.o.c.s.MyFilter|line-35|traceId_409019873445400|请求耗时：5ms
2024-12-03 10:29:49.136|INFO|http-nio-8088-exec-1|w.f.o.c.s.MyFilter|line-35|traceId_409036949219100|请求耗时：5ms
2024-12-03 10:29:50.138|INFO|http-nio-8088-exec-3|w.f.o.c.s.MyFilter|line-35|traceId_409037948463700|请求耗时：7ms
2024-12-03 10:29:51.136|INFO|http-nio-8088-exec-2|w.f.o.c.s.MyFilter|line-35|traceId_409038949136500|请求耗时：5ms
2024-12-03 10:30:40.637|INFO|http-nio-8088-exec-5|w.f.o.c.s.MyFilter|line-35|traceId_409088451375200|请求耗时：4ms
2024-12-03 10:31:18.962|INFO|http-nio-8088-exec-4|w.f.o.c.s.MyFilter|line-35|traceId_409126775265900|请求耗时：9ms
2024-12-03 10:36:56.597|INFO|http-nio-8088-exec-7|w.f.o.c.s.MyFilter|line-35|traceId_409464411343900|请求耗时：5ms
2024-12-03 10:40:45.704|INFO|http-nio-8088-exec-2|w.f.o.c.s.MyFilter|line-35|traceId_409693517624100|请求耗时：4ms
2024-12-03 10:59:45.799|INFO|http-nio-8088-exec-9|w.f.o.c.s.MyFilter|line-35|traceId_410833614772900|请求耗时：3ms
2024-12-03 10:59:47.892|INFO|http-nio-8088-exec-4|w.f.o.c.s.MyFilter|line-35|traceId_410835707586300|请求耗时：4ms
2024-12-03 11:00:26.793|INFO|http-nio-8088-exec-8|w.f.o.c.s.MyFilter|line-35|traceId_410874602589900|请求耗时：9ms
2024-12-03 11:00:45.645|INFO|http-nio-8088-exec-1|w.f.o.c.s.MyFilter|line-35|traceId_410893459604300|请求耗时：4ms
2024-12-03 11:01:01.119|INFO|http-nio-8088-exec-2|w.f.o.c.s.MyFilter|line-35|traceId_410908935691300|请求耗时：2ms
2024-12-03 11:01:01.966|INFO|http-nio-8088-exec-6|w.f.o.c.s.MyFilter|line-35|traceId_410909780428000|请求耗时：4ms
2024-12-03 11:01:12.927|INFO|http-nio-8088-exec-9|w.f.o.c.s.MyFilter|line-35|traceId_410920740408100|请求耗时：5ms
2024-12-03 11:01:15.857|INFO|http-nio-8088-exec-4|w.f.o.c.s.MyFilter|line-35|traceId_410923665869600|请求耗时：6ms
2024-12-03 11:01:17.007|INFO|http-nio-8088-exec-10|w.f.o.c.s.MyFilter|line-35|traceId_410924823605600|请求耗时：2ms
2024-12-03 11:01:17.654|INFO|http-nio-8088-exec-8|w.f.o.c.s.MyFilter|line-35|traceId_410925467533400|请求耗时：5ms
2024-12-03 11:01:18.526|INFO|http-nio-8088-exec-1|w.f.o.c.s.MyFilter|line-35|traceId_410926342178600|请求耗时：3ms
2024-12-03 11:01:18.867|INFO|http-nio-8088-exec-3|w.f.o.c.s.MyFilter|line-35|traceId_410926691517900|请求耗时：0ms
2024-12-03 11:01:28.931|INFO|http-nio-8088-exec-6|w.f.o.c.s.MyFilter|line-35|traceId_410936746802100|请求耗时：3ms
2024-12-03 11:01:32.387|INFO|http-nio-8088-exec-5|w.f.o.c.s.MyFilter|line-35|traceId_410940200523100|请求耗时：5ms
2024-12-03 11:01:32.392|INFO|http-nio-8088-exec-8|w.f.o.c.s.MyFilter|line-35|traceId_410940206441300|请求耗时：4ms
2024-12-03 11:01:32.415|INFO|http-nio-8088-exec-10|w.f.o.c.s.MyFilter|line-35|traceId_410940206442100|请求耗时：27ms
2024-12-03 11:01:32.436|INFO|http-nio-8088-exec-1|w.f.o.c.s.MyFilter|line-35|traceId_410940230270900|请求耗时：24ms
2024-12-03 11:01:32.956|INFO|http-nio-8088-exec-3|w.f.o.c.s.MyFilter|line-35|traceId_410940772988300|请求耗时：2ms
2024-12-03 11:01:33.308|INFO|http-nio-8088-exec-2|w.f.o.c.s.MyFilter|line-35|traceId_410941123743600|请求耗时：3ms
2024-12-03 11:01:33.309|INFO|http-nio-8088-exec-6|w.f.o.c.s.MyFilter|line-35|traceId_410941124413200|请求耗时：3ms
2024-12-03 11:01:33.328|INFO|http-nio-8088-exec-9|w.f.o.c.s.MyFilter|line-35|traceId_410941124412400|请求耗时：22ms
2024-12-03 11:01:33.348|INFO|http-nio-8088-exec-4|w.f.o.c.s.MyFilter|line-35|traceId_410941131763800|请求耗时：35ms
2024-12-03 11:01:33.597|INFO|http-nio-8088-exec-5|w.f.o.c.s.MyFilter|line-35|traceId_410941412777700|请求耗时：3ms
2024-12-03 11:01:34.486|INFO|http-nio-8088-exec-7|w.f.o.c.s.MyFilter|line-35|traceId_410942300539300|请求耗时：5ms
2024-12-03 11:01:34.487|INFO|http-nio-8088-exec-1|w.f.o.c.s.MyFilter|line-35|traceId_410942302840800|请求耗时：3ms
2024-12-03 11:01:34.507|INFO|http-nio-8088-exec-10|w.f.o.c.s.MyFilter|line-35|traceId_410942301797600|请求耗时：24ms
2024-12-03 11:01:34.521|INFO|http-nio-8088-exec-3|w.f.o.c.s.MyFilter|line-35|traceId_410942310706000|请求耗时：29ms
2024-12-03 11:01:34.835|INFO|http-nio-8088-exec-2|w.f.o.c.s.MyFilter|line-35|traceId_410942650722400|请求耗时：3ms
2024-12-03 11:01:59.686|INFO|http-nio-8088-exec-9|w.f.o.c.s.MyFilter|line-35|traceId_410967498716900|请求耗时：4ms
2024-12-03 11:04:31.126|INFO|http-nio-8088-exec-7|w.f.o.c.s.MyFilter|line-35|traceId_411118938987900|请求耗时：6ms
2024-12-03 11:06:15.281|INFO|http-nio-8088-exec-2|w.f.o.c.s.MyFilter|line-35|traceId_411223095601800|请求耗时：4ms
2024-12-03 11:06:22.162|INFO|http-nio-8088-exec-9|w.f.o.c.s.MyFilter|line-35|traceId_411229977798900|请求耗时：3ms
2024-12-03 11:06:30.252|INFO|http-nio-8088-exec-5|w.f.o.c.s.MyFilter|line-35|traceId_411238067249000|请求耗时：4ms
2024-12-03 11:08:45.982|INFO|http-nio-8088-exec-3|w.f.o.c.s.MyFilter|line-35|traceId_411373797433800|请求耗时：3ms
2024-12-03 11:08:45.982|INFO|http-nio-8088-exec-2|w.f.o.c.s.MyFilter|line-35|traceId_411373797451400|请求耗时：3ms
2024-12-03 11:08:46.008|INFO|http-nio-8088-exec-6|w.f.o.c.s.MyFilter|line-35|traceId_411373799874800|请求耗时：27ms
2024-12-03 11:08:46.039|INFO|http-nio-8088-exec-6|w.f.o.c.s.MyFilter|line-35|traceId_411373828261500|请求耗时：29ms
2024-12-03 11:08:46.435|INFO|http-nio-8088-exec-5|w.f.o.c.s.MyFilter|line-35|traceId_411374250061000|请求耗时：4ms
2024-12-03 11:08:49.027|INFO|http-nio-8088-exec-8|w.f.o.c.s.MyFilter|line-35|traceId_411376841378000|请求耗时：4ms
2024-12-03 11:08:50.146|INFO|http-nio-8088-exec-7|w.f.o.c.s.MyFilter|line-35|traceId_411377959365900|请求耗时：5ms
2024-12-03 11:08:50.147|INFO|http-nio-8088-exec-1|w.f.o.c.s.MyFilter|line-35|traceId_411377960328900|请求耗时：5ms
2024-12-03 11:08:50.172|INFO|http-nio-8088-exec-10|w.f.o.c.s.MyFilter|line-35|traceId_411377962777200|请求耗时：28ms
2024-12-03 11:08:50.207|INFO|http-nio-8088-exec-2|w.f.o.c.s.MyFilter|line-35|traceId_411377992951800|请求耗时：33ms
2024-12-03 11:08:50.612|INFO|http-nio-8088-exec-3|w.f.o.c.s.MyFilter|line-35|traceId_411378427770100|请求耗时：3ms
2024-12-03 11:08:51.519|INFO|http-nio-8088-exec-8|w.f.o.c.s.MyFilter|line-35|traceId_411379334124200|请求耗时：3ms
2024-12-03 11:08:51.519|INFO|http-nio-8088-exec-5|w.f.o.c.s.MyFilter|line-35|traceId_411379333950000|请求耗时：3ms
2024-12-03 11:08:51.540|INFO|http-nio-8088-exec-7|w.f.o.c.s.MyFilter|line-35|traceId_411379334147300|请求耗时：24ms
2024-12-03 11:08:51.557|INFO|http-nio-8088-exec-10|w.f.o.c.s.MyFilter|line-35|traceId_411379347866600|请求耗时：27ms
2024-12-03 11:08:51.812|INFO|http-nio-8088-exec-2|w.f.o.c.s.MyFilter|line-35|traceId_411379627545500|请求耗时：3ms
2024-12-03 11:08:52.159|INFO|http-nio-8088-exec-3|w.f.o.c.s.MyFilter|line-35|traceId_411379984466700|请求耗时：0ms
2024-12-03 11:08:52.171|INFO|http-nio-8088-exec-9|w.f.o.c.s.MyFilter|line-35|traceId_411379985237300|请求耗时：12ms
2024-12-03 11:08:52.197|INFO|http-nio-8088-exec-4|w.f.o.c.s.MyFilter|line-35|traceId_411379985620800|请求耗时：38ms
2024-12-03 11:08:52.215|INFO|http-nio-8088-exec-6|w.f.o.c.s.MyFilter|line-35|traceId_411379992973900|请求耗时：41ms
2024-12-03 11:08:52.436|INFO|http-nio-8088-exec-5|w.f.o.c.s.MyFilter|line-35|traceId_411380251091600|请求耗时：3ms
2024-12-03 11:08:53.773|INFO|http-nio-8088-exec-8|w.f.o.c.s.MyFilter|line-35|traceId_411381584287200|请求耗时：8ms
2024-12-03 11:08:58.107|INFO|http-nio-8088-exec-7|w.f.o.c.s.MyFilter|line-35|traceId_411385920833400|请求耗时：4ms
2024-12-03 11:08:58.807|INFO|http-nio-8088-exec-10|w.f.o.c.s.MyFilter|line-35|traceId_411386621098900|请求耗时：4ms
2024-12-03 11:08:59.636|INFO|http-nio-8088-exec-2|w.f.o.c.s.MyFilter|line-35|traceId_411387449118100|请求耗时：5ms
2024-12-03 11:08:59.642|INFO|http-nio-8088-exec-4|w.f.o.c.s.MyFilter|line-35|traceId_411387454101900|请求耗时：6ms
2024-12-03 11:08:59.669|INFO|http-nio-8088-exec-6|w.f.o.c.s.MyFilter|line-35|traceId_411387454313400|请求耗时：33ms
2024-12-03 11:08:59.699|INFO|http-nio-8088-exec-8|w.f.o.c.s.MyFilter|line-35|traceId_411387487736500|请求耗时：30ms
2024-12-03 11:08:59.848|INFO|http-nio-8088-exec-1|w.f.o.c.s.MyFilter|line-35|traceId_411387665459800|请求耗时：2ms
2024-12-03 11:09:01.419|INFO|http-nio-8088-exec-7|w.f.o.c.s.MyFilter|line-35|traceId_411389231411500|请求耗时：6ms
2024-12-03 11:17:02.463|INFO|http-nio-8088-exec-4|w.f.o.c.s.MyFilter|line-35|traceId_411870276632100|请求耗时：5ms
2024-12-03 11:17:21.967|INFO|http-nio-8088-exec-6|w.f.o.c.s.MyFilter|line-35|traceId_411889783249000|请求耗时：3ms
2024-12-03 11:19:18.517|INFO|http-nio-8088-exec-7|w.f.o.c.s.MyFilter|line-35|traceId_412006332352100|请求耗时：3ms
2024-12-03 11:23:58.272|INFO|http-nio-8088-exec-9|w.f.o.c.s.MyFilter|line-35|traceId_412286087109300|请求耗时：3ms
2024-12-03 11:25:56.083|INFO|http-nio-8088-exec-5|w.f.o.c.s.MyFilter|line-35|traceId_412403898555000|请求耗时：3ms
2024-12-03 11:26:26.700|INFO|http-nio-8088-exec-1|w.f.o.c.s.MyFilter|line-35|traceId_412434516225100|请求耗时：3ms
2024-12-03 11:26:26.702|INFO|http-nio-8088-exec-3|w.f.o.c.s.MyFilter|line-35|traceId_412434517135400|请求耗时：4ms
2024-12-03 11:26:26.721|INFO|http-nio-8088-exec-10|w.f.o.c.s.MyFilter|line-35|traceId_412434517904500|请求耗时：22ms
2024-12-03 11:26:26.764|INFO|http-nio-8088-exec-2|w.f.o.c.s.MyFilter|line-35|traceId_412434544537000|请求耗时：39ms
2024-12-03 11:26:31.517|INFO|http-nio-8088-exec-4|w.f.o.c.s.MyFilter|line-35|traceId_412439332966100|请求耗时：3ms
2024-12-03 11:26:49.634|INFO|http-nio-8088-exec-6|w.f.o.c.s.MyFilter|line-35|traceId_412457450121800|请求耗时：3ms
2024-12-03 11:27:38.219|INFO|http-nio-8088-exec-3|w.f.o.c.s.MyFilter|line-35|traceId_412506034087000|请求耗时：4ms
2024-12-03 11:27:40.379|INFO|http-nio-8088-exec-9|w.f.o.c.s.MyFilter|line-35|traceId_412508194065300|请求耗时：4ms
2024-12-03 11:27:41.702|INFO|http-nio-8088-exec-10|w.f.o.c.s.MyFilter|line-35|traceId_412509517217400|请求耗时：4ms
2024-12-03 11:28:34.507|INFO|http-nio-8088-exec-4|w.f.o.c.s.MyFilter|line-35|traceId_412562321289700|请求耗时：5ms
2024-12-03 11:28:35.390|INFO|http-nio-8088-exec-5|w.f.o.c.s.MyFilter|line-35|traceId_412563204868500|请求耗时：4ms
2024-12-03 11:28:36.520|INFO|http-nio-8088-exec-6|w.f.o.c.s.MyFilter|line-35|traceId_412564334662900|请求耗时：4ms
2024-12-03 11:28:37.163|INFO|http-nio-8088-exec-8|w.f.o.c.s.MyFilter|line-35|traceId_412564979639400|请求耗时：3ms
2024-12-03 11:28:38.007|INFO|http-nio-8088-exec-7|w.f.o.c.s.MyFilter|line-35|traceId_412565821949700|请求耗时：4ms
2024-12-03 11:28:39.571|INFO|http-nio-8088-exec-10|w.f.o.c.s.MyFilter|line-35|traceId_412567385521000|请求耗时：5ms
2024-12-03 11:28:39.572|INFO|http-nio-8088-exec-2|w.f.o.c.s.MyFilter|line-35|traceId_412567388614200|请求耗时：3ms
2024-12-03 11:28:39.600|INFO|http-nio-8088-exec-4|w.f.o.c.s.MyFilter|line-35|traceId_412567388687300|请求耗时：30ms
2024-12-03 11:28:39.624|INFO|http-nio-8088-exec-6|w.f.o.c.s.MyFilter|line-35|traceId_412567413486200|请求耗时：29ms
2024-12-03 11:28:39.945|INFO|http-nio-8088-exec-8|w.f.o.c.s.MyFilter|line-35|traceId_412567761627100|请求耗时：2ms
2024-12-03 11:29:18.088|INFO|http-nio-8088-exec-1|w.f.o.c.s.MyFilter|line-35|traceId_412605902270100|请求耗时：5ms
2024-12-03 11:29:51.322|INFO|http-nio-8088-exec-2|w.f.o.c.s.MyFilter|line-35|traceId_412639137608700|请求耗时：3ms
2024-12-03 11:30:56.897|INFO|http-nio-8088-exec-7|w.f.o.c.s.MyFilter|line-35|traceId_412704711626400|请求耗时：4ms
2024-12-03 11:30:56.898|INFO|http-nio-8088-exec-1|w.f.o.c.s.MyFilter|line-35|traceId_412704712072000|请求耗时：5ms
2024-12-03 11:30:56.929|INFO|http-nio-8088-exec-9|w.f.o.c.s.MyFilter|line-35|traceId_412704714036500|请求耗时：33ms
2024-12-03 11:30:56.946|INFO|http-nio-8088-exec-10|w.f.o.c.s.MyFilter|line-35|traceId_412704724003300|请求耗时：41ms
2024-12-03 11:30:57.284|INFO|http-nio-8088-exec-2|w.f.o.c.s.MyFilter|line-35|traceId_412705099473900|请求耗时：3ms
2024-12-03 11:30:58.070|INFO|http-nio-8088-exec-5|w.f.o.c.s.MyFilter|line-35|traceId_412705897613900|请求耗时：0ms
2024-12-03 11:30:58.070|INFO|http-nio-8088-exec-4|w.f.o.c.s.MyFilter|line-35|traceId_412705898252900|请求耗时：0ms
2024-12-03 11:30:58.117|INFO|http-nio-8088-exec-6|w.f.o.c.s.MyFilter|line-35|traceId_412705898812000|请求耗时：47ms
2024-12-03 11:30:58.129|INFO|http-nio-8088-exec-8|w.f.o.c.s.MyFilter|line-35|traceId_412705904666100|请求耗时：44ms
2024-12-03 11:30:58.548|INFO|http-nio-8088-exec-7|w.f.o.c.s.MyFilter|line-35|traceId_412706364516900|请求耗时：2ms
2024-12-03 11:30:59.597|INFO|http-nio-8088-exec-1|w.f.o.c.s.MyFilter|line-35|traceId_412707413370700|请求耗时：2ms
2024-12-03 11:30:59.598|INFO|http-nio-8088-exec-3|w.f.o.c.s.MyFilter|line-35|traceId_412707413803800|请求耗时：3ms
2024-12-03 11:30:59.619|INFO|http-nio-8088-exec-9|w.f.o.c.s.MyFilter|line-35|traceId_412707414445900|请求耗时：24ms
2024-12-03 11:30:59.635|INFO|http-nio-8088-exec-10|w.f.o.c.s.MyFilter|line-35|traceId_412707422874800|请求耗时：31ms
2024-12-03 11:31:01.168|INFO|http-nio-8088-exec-2|w.f.o.c.s.MyFilter|line-35|traceId_412708995609300|请求耗时：0ms
2024-12-03 11:31:43.416|INFO|http-nio-8088-exec-4|w.f.o.c.s.MyFilter|line-35|traceId_412751229602600|请求耗时：4ms
2024-12-03 11:32:00.870|INFO|http-nio-8088-exec-1|w.f.o.c.s.MyFilter|line-35|traceId_412768683466700|请求耗时：4ms
2024-12-03 11:32:06.705|INFO|http-nio-8088-exec-2|w.f.o.c.s.MyFilter|line-35|traceId_412774521582500|请求耗时：2ms
2024-12-03 11:32:06.705|INFO|http-nio-8088-exec-4|w.f.o.c.s.MyFilter|line-35|traceId_412774521959200|请求耗时：2ms
2024-12-03 11:32:06.735|INFO|http-nio-8088-exec-5|w.f.o.c.s.MyFilter|line-35|traceId_412774521912600|请求耗时：31ms
2024-12-03 11:32:06.756|INFO|http-nio-8088-exec-6|w.f.o.c.s.MyFilter|line-35|traceId_412774544098300|请求耗时：30ms
2024-12-03 11:32:07.393|INFO|http-nio-8088-exec-7|w.f.o.c.s.MyFilter|line-35|traceId_412775209034600|请求耗时：3ms
2024-12-03 11:32:19.600|INFO|http-nio-8088-exec-10|w.f.o.c.s.MyFilter|line-35|traceId_412787416014400|请求耗时：3ms
2024-12-03 11:32:19.601|INFO|http-nio-8088-exec-2|w.f.o.c.s.MyFilter|line-35|traceId_412787416028400|请求耗时：3ms
2024-12-03 11:32:19.625|INFO|http-nio-8088-exec-4|w.f.o.c.s.MyFilter|line-35|traceId_412787416143900|请求耗时：28ms
2024-12-03 11:32:19.647|INFO|http-nio-8088-exec-5|w.f.o.c.s.MyFilter|line-35|traceId_412787429865800|请求耗时：36ms
2024-12-03 11:32:20.331|INFO|http-nio-8088-exec-6|w.f.o.c.s.MyFilter|line-35|traceId_412788147586500|请求耗时：3ms
2024-12-03 11:32:21.479|INFO|http-nio-8088-exec-7|w.f.o.c.s.MyFilter|line-35|traceId_412789294603400|请求耗时：3ms
2024-12-03 11:32:21.480|INFO|http-nio-8088-exec-1|w.f.o.c.s.MyFilter|line-35|traceId_412789294755900|请求耗时：4ms
2024-12-03 11:32:21.500|INFO|http-nio-8088-exec-9|w.f.o.c.s.MyFilter|line-35|traceId_412789295503900|请求耗时：24ms
2024-12-03 11:32:21.516|INFO|http-nio-8088-exec-3|w.f.o.c.s.MyFilter|line-35|traceId_412789303239400|请求耗时：33ms
2024-12-03 11:32:22.312|INFO|http-nio-8088-exec-2|w.f.o.c.s.MyFilter|line-35|traceId_412790129038800|请求耗时：2ms
2024-12-03 11:32:23.145|INFO|http-nio-8088-exec-10|w.f.o.c.s.MyFilter|line-35|traceId_412790961651200|请求耗时：3ms
2024-12-03 11:32:23.146|INFO|http-nio-8088-exec-8|w.f.o.c.s.MyFilter|line-35|traceId_412790962772800|请求耗时：3ms
2024-12-03 11:32:23.163|INFO|http-nio-8088-exec-4|w.f.o.c.s.MyFilter|line-35|traceId_412790962831700|请求耗时：20ms
2024-12-03 11:32:23.181|INFO|http-nio-8088-exec-5|w.f.o.c.s.MyFilter|line-35|traceId_412790970572400|请求耗时：30ms
2024-12-03 11:32:23.554|INFO|http-nio-8088-exec-6|w.f.o.c.s.MyFilter|line-35|traceId_412791370202900|请求耗时：3ms
2024-12-03 11:32:30.495|INFO|http-nio-8088-exec-3|w.f.o.c.s.MyFilter|line-35|traceId_412798310787200|请求耗时：3ms
2024-12-03 11:32:30.495|INFO|http-nio-8088-exec-2|w.f.o.c.s.MyFilter|line-35|traceId_412798310787000|请求耗时：3ms
2024-12-03 11:32:30.513|INFO|http-nio-8088-exec-10|w.f.o.c.s.MyFilter|line-35|traceId_412798310797900|请求耗时：21ms
2024-12-03 11:32:30.537|INFO|http-nio-8088-exec-4|w.f.o.c.s.MyFilter|line-35|traceId_412798320545300|请求耗时：35ms
2024-12-03 11:32:31.088|INFO|http-nio-8088-exec-5|w.f.o.c.s.MyFilter|line-35|traceId_412798904983400|请求耗时：2ms
2024-12-03 11:32:31.795|INFO|http-nio-8088-exec-6|w.f.o.c.s.MyFilter|line-35|traceId_412799610447000|请求耗时：3ms
2024-12-03 11:32:31.795|INFO|http-nio-8088-exec-7|w.f.o.c.s.MyFilter|line-35|traceId_412799611054900|请求耗时：3ms
2024-12-03 11:32:31.828|INFO|http-nio-8088-exec-1|w.f.o.c.s.MyFilter|line-35|traceId_412799611060300|请求耗时：36ms
2024-12-03 11:32:31.831|INFO|http-nio-8088-exec-9|w.f.o.c.s.MyFilter|line-35|traceId_412799619156600|请求耗时：31ms
2024-12-03 11:32:32.621|INFO|http-nio-8088-exec-2|w.f.o.c.s.MyFilter|line-35|traceId_412800436624800|请求耗时：4ms
2024-12-03 11:32:40.014|INFO|http-nio-8088-exec-8|w.f.o.c.s.MyFilter|line-35|traceId_412807830286000|请求耗时：2ms
2024-12-03 11:32:45.348|INFO|http-nio-8088-exec-4|w.f.o.c.s.MyFilter|line-35|traceId_412813160901800|请求耗时：6ms
2024-12-03 11:32:46.331|INFO|http-nio-8088-exec-5|w.f.o.c.s.MyFilter|line-35|traceId_412814145819100|请求耗时：4ms
2024-12-03 11:32:47.650|INFO|http-nio-8088-exec-6|w.f.o.c.s.MyFilter|line-35|traceId_412815465653100|请求耗时：4ms
2024-12-03 11:32:51.634|INFO|http-nio-8088-exec-1|w.f.o.c.s.MyFilter|line-35|traceId_412819449771700|请求耗时：4ms
2024-12-03 11:32:52.320|INFO|http-nio-8088-exec-9|w.f.o.c.s.MyFilter|line-35|traceId_412820139418500|请求耗时：0ms
2024-12-03 11:32:53.239|INFO|http-nio-8088-exec-2|w.f.o.c.s.MyFilter|line-35|traceId_412821055393000|请求耗时：3ms
2024-12-03 11:32:57.649|INFO|http-nio-8088-exec-8|w.f.o.c.s.MyFilter|line-35|traceId_412825465371000|请求耗时：3ms
2024-12-03 11:34:06.287|INFO|http-nio-8088-exec-9|w.f.o.c.s.MyFilter|line-35|traceId_412894104055400|请求耗时：2ms
2024-12-03 11:34:06.289|INFO|http-nio-8088-exec-2|w.f.o.c.s.MyFilter|line-35|traceId_412894105208900|请求耗时：3ms
2024-12-03 11:34:06.325|INFO|http-nio-8088-exec-3|w.f.o.c.s.MyFilter|line-35|traceId_412894105548300|请求耗时：39ms
2024-12-03 11:34:06.351|INFO|http-nio-8088-exec-4|w.f.o.c.s.MyFilter|line-35|traceId_412894124692300|请求耗时：45ms
2024-12-03 11:34:06.636|INFO|http-nio-8088-exec-10|w.f.o.c.s.MyFilter|line-35|traceId_412894450731900|请求耗时：4ms
2024-12-03 11:34:16.559|INFO|http-nio-8088-exec-9|w.f.o.c.s.MyFilter|line-35|traceId_412904373024900|请求耗时：5ms
2024-12-03 11:34:16.559|INFO|http-nio-8088-exec-2|w.f.o.c.s.MyFilter|line-35|traceId_412904373024800|请求耗时：5ms
2024-12-03 11:34:16.583|INFO|http-nio-8088-exec-1|w.f.o.c.s.MyFilter|line-35|traceId_412904373025000|请求耗时：29ms
2024-12-03 11:34:16.604|INFO|http-nio-8088-exec-3|w.f.o.c.s.MyFilter|line-35|traceId_412904386017600|请求耗时：37ms
2024-12-03 11:34:17.018|INFO|http-nio-8088-exec-4|w.f.o.c.s.MyFilter|line-35|traceId_412904834315200|请求耗时：2ms
2024-12-03 11:34:17.692|INFO|http-nio-8088-exec-10|w.f.o.c.s.MyFilter|line-35|traceId_412905505935300|请求耗时：5ms
2024-12-03 11:34:17.692|INFO|http-nio-8088-exec-5|w.f.o.c.s.MyFilter|line-35|traceId_412905505935300|请求耗时：5ms
2024-12-03 11:34:17.716|INFO|http-nio-8088-exec-6|w.f.o.c.s.MyFilter|line-35|traceId_412905506469600|请求耗时：28ms
2024-12-03 11:34:17.722|INFO|http-nio-8088-exec-7|w.f.o.c.s.MyFilter|line-35|traceId_412905515265500|请求耗时：26ms
2024-12-03 11:34:18.084|INFO|http-nio-8088-exec-9|w.f.o.c.s.MyFilter|line-35|traceId_412905900043900|请求耗时：3ms
2024-12-03 11:34:19.940|INFO|http-nio-8088-exec-2|w.f.o.c.s.MyFilter|line-35|traceId_412907753443900|请求耗时：5ms
2024-12-03 13:14:33.058|INFO|http-nio-8088-exec-10|w.f.o.c.s.MyFilter|line-35|traceId_418920873651800|请求耗时：3ms
2024-12-03 13:14:33.060|INFO|http-nio-8088-exec-7|w.f.o.c.s.MyFilter|line-35|traceId_418920875393700|请求耗时：3ms
2024-12-03 13:14:33.095|INFO|http-nio-8088-exec-9|w.f.o.c.s.MyFilter|line-35|traceId_418920875507800|请求耗时：38ms
2024-12-03 13:14:33.119|INFO|http-nio-8088-exec-8|w.f.o.c.s.MyFilter|line-35|traceId_418920899666400|请求耗时：38ms
2024-12-03 13:14:36.528|INFO|http-nio-8088-exec-1|w.f.o.c.s.MyFilter|line-35|traceId_418924341595500|请求耗时：5ms
2024-12-03 13:14:37.995|INFO|http-nio-8088-exec-3|w.f.o.c.s.MyFilter|line-35|traceId_418925810084900|请求耗时：4ms
2024-12-03 13:14:37.995|INFO|http-nio-8088-exec-4|w.f.o.c.s.MyFilter|line-35|traceId_418925810098400|请求耗时：4ms
2024-12-03 13:14:38.022|INFO|http-nio-8088-exec-6|w.f.o.c.s.MyFilter|line-35|traceId_418925810084900|请求耗时：31ms
2024-12-03 13:14:38.044|INFO|http-nio-8088-exec-5|w.f.o.c.s.MyFilter|line-35|traceId_418925818713500|请求耗时：44ms
2024-12-03 13:14:39.238|INFO|http-nio-8088-exec-7|w.f.o.c.s.MyFilter|line-35|traceId_418927053218300|请求耗时：3ms
2024-12-03 13:14:41.931|INFO|http-nio-8088-exec-9|w.f.o.c.s.MyFilter|line-35|traceId_418929746709100|请求耗时：3ms
2024-12-03 13:14:41.934|INFO|http-nio-8088-exec-1|w.f.o.c.s.MyFilter|line-35|traceId_418929749020100|请求耗时：4ms
2024-12-03 13:14:41.951|INFO|http-nio-8088-exec-3|w.f.o.c.s.MyFilter|line-35|traceId_418929749020100|请求耗时：21ms
2024-12-03 13:14:41.974|INFO|http-nio-8088-exec-6|w.f.o.c.s.MyFilter|line-35|traceId_418929761712600|请求耗时：31ms
2024-12-03 13:14:42.520|INFO|http-nio-8088-exec-5|w.f.o.c.s.MyFilter|line-35|traceId_418930336336000|请求耗时：3ms
2024-12-03 13:30:15.794|INFO|http-nio-8088-exec-9|w.f.o.c.s.MyFilter|line-35|traceId_419863608982600|请求耗时：4ms
2024-12-03 13:34:52.632|INFO|http-nio-8088-exec-3|w.f.o.c.s.MyFilter|line-35|traceId_420140448023600|请求耗时：3ms
2024-12-03 14:13:39.991|INFO|http-nio-8088-exec-10|w.f.o.c.s.MyFilter|line-35|traceId_422467805106800|请求耗时：4ms
2024-12-03 14:13:44.586|INFO|http-nio-8088-exec-7|w.f.o.c.s.MyFilter|line-35|traceId_422472401456100|请求耗时：3ms
2024-12-03 14:13:46.199|INFO|http-nio-8088-exec-1|w.f.o.c.s.MyFilter|line-35|traceId_422474014842600|请求耗时：2ms
2024-12-03 14:13:46.201|INFO|http-nio-8088-exec-4|w.f.o.c.s.MyFilter|line-35|traceId_422474014502200|请求耗时：6ms
2024-12-03 14:13:46.237|INFO|http-nio-8088-exec-3|w.f.o.c.s.MyFilter|line-35|traceId_422474016629400|请求耗时：39ms
2024-12-03 14:13:46.258|INFO|http-nio-8088-exec-5|w.f.o.c.s.MyFilter|line-35|traceId_422474041939300|请求耗时：35ms
2024-12-03 14:13:58.875|INFO|http-nio-8088-exec-8|w.f.o.c.s.MyFilter|line-35|traceId_422486691429400|请求耗时：3ms
2024-12-03 14:13:58.875|INFO|http-nio-8088-exec-9|w.f.o.c.s.MyFilter|line-35|traceId_422486691468600|请求耗时：3ms
2024-12-03 14:13:58.900|INFO|http-nio-8088-exec-1|w.f.o.c.s.MyFilter|line-35|traceId_422486693105500|请求耗时：26ms
2024-12-03 14:13:58.919|INFO|http-nio-8088-exec-6|w.f.o.c.s.MyFilter|line-35|traceId_422486706267000|请求耗时：32ms
2024-12-03 14:14:06.118|INFO|http-nio-8088-exec-5|w.f.o.c.s.MyFilter|line-35|traceId_422493931670400|请求耗时：5ms
2024-12-03 14:14:07.225|INFO|http-nio-8088-exec-10|w.f.o.c.s.MyFilter|line-35|traceId_422495038774000|请求耗时：6ms
2024-12-03 14:14:07.229|INFO|http-nio-8088-exec-8|w.f.o.c.s.MyFilter|line-35|traceId_422495042737500|请求耗时：5ms
2024-12-03 14:14:07.260|INFO|http-nio-8088-exec-9|w.f.o.c.s.MyFilter|line-35|traceId_422495042753400|请求耗时：36ms
2024-12-03 14:14:07.281|INFO|http-nio-8088-exec-1|w.f.o.c.s.MyFilter|line-35|traceId_422495066006000|请求耗时：35ms
2024-12-03 14:14:16.849|INFO|http-nio-8088-exec-3|w.f.o.c.s.MyFilter|line-35|traceId_422504665766600|请求耗时：3ms
2024-12-03 14:17:58.011|INFO|http-nio-8088-exec-9|w.f.o.c.s.MyFilter|line-35|traceId_422725827407200|请求耗时：3ms
2024-12-03 14:17:58.012|INFO|http-nio-8088-exec-1|w.f.o.c.s.MyFilter|line-35|traceId_422725828667400|请求耗时：2ms
2024-12-03 14:17:58.034|INFO|http-nio-8088-exec-6|w.f.o.c.s.MyFilter|line-35|traceId_422725829608800|请求耗时：23ms
2024-12-03 14:17:58.050|INFO|http-nio-8088-exec-5|w.f.o.c.s.MyFilter|line-35|traceId_422725848941300|请求耗时：20ms
2024-12-03 15:28:23.279|INFO|http-nio-8088-exec-6|w.f.o.c.s.MyFilter|line-35|traceId_426951071457700|请求耗时：26ms
2024-12-03 15:28:23.279|INFO|http-nio-8088-exec-1|w.f.o.c.s.MyFilter|line-35|traceId_426951071045100|请求耗时：27ms
2024-12-03 15:28:23.307|INFO|http-nio-8088-exec-3|w.f.o.c.s.MyFilter|line-35|traceId_426951071456400|请求耗时：54ms
2024-12-03 15:28:23.376|INFO|http-nio-8088-exec-10|w.f.o.c.s.MyFilter|line-35|traceId_426951115459600|请求耗时：79ms
2024-12-03 16:10:15.490|INFO|http-nio-8088-exec-1|w.f.o.c.s.MyFilter|line-35|traceId_429463286338600|请求耗时：22ms
2024-12-03 16:10:15.497|INFO|http-nio-8088-exec-6|w.f.o.c.s.MyFilter|line-35|traceId_429463283841100|请求耗时：32ms
2024-12-03 16:10:16.387|INFO|http-nio-8088-exec-10|w.f.o.c.s.MyFilter|line-35|traceId_429464202646800|请求耗时：4ms
2024-12-03 16:10:16.387|INFO|http-nio-8088-exec-7|w.f.o.c.s.MyFilter|line-35|traceId_429464202856000|请求耗时：3ms
2024-12-03 16:10:16.410|INFO|http-nio-8088-exec-2|w.f.o.c.s.MyFilter|line-35|traceId_429464202773000|请求耗时：27ms
2024-12-03 16:10:16.421|INFO|http-nio-8088-exec-9|w.f.o.c.s.MyFilter|line-35|traceId_429464212184800|请求耗时：28ms
2024-12-03 16:10:17.274|INFO|http-nio-8088-exec-4|w.f.o.c.s.MyFilter|line-35|traceId_429465063477400|请求耗时：29ms
2024-12-03 16:10:17.281|INFO|http-nio-8088-exec-8|w.f.o.c.s.MyFilter|line-35|traceId_429465062166600|请求耗时：37ms
2024-12-03 16:10:23.461|INFO|http-nio-8088-exec-3|w.f.o.c.s.MyFilter|line-35|traceId_429471277819100|请求耗时：3ms
2024-12-03 16:10:23.461|INFO|http-nio-8088-exec-10|w.f.o.c.s.MyFilter|line-35|traceId_429471277935600|请求耗时：3ms
2024-12-03 16:10:23.486|INFO|http-nio-8088-exec-7|w.f.o.c.s.MyFilter|line-35|traceId_429471279507000|请求耗时：26ms
2024-12-03 16:10:23.498|INFO|http-nio-8088-exec-9|w.f.o.c.s.MyFilter|line-35|traceId_429471289614200|请求耗时：27ms
2024-12-03 16:10:25.880|INFO|http-nio-8088-exec-4|w.f.o.c.s.MyFilter|line-35|traceId_429473695419400|请求耗时：4ms
2024-12-03 16:10:25.880|INFO|http-nio-8088-exec-8|w.f.o.c.s.MyFilter|line-35|traceId_429473695644400|请求耗时：4ms
2024-12-03 16:10:25.899|INFO|http-nio-8088-exec-1|w.f.o.c.s.MyFilter|line-35|traceId_429473697287300|请求耗时：20ms
2024-12-03 16:10:25.917|INFO|http-nio-8088-exec-6|w.f.o.c.s.MyFilter|line-35|traceId_429473707913000|请求耗时：28ms
2024-12-03 16:15:20.426|INFO|http-nio-8088-exec-4|w.f.o.c.s.MyFilter|line-35|traceId_429768241096000|请求耗时：4ms
2024-12-03 16:15:20.427|INFO|http-nio-8088-exec-9|w.f.o.c.s.MyFilter|line-35|traceId_429768241272000|请求耗时：4ms
2024-12-03 16:15:20.446|INFO|http-nio-8088-exec-1|w.f.o.c.s.MyFilter|line-35|traceId_429768243129200|请求耗时：23ms
2024-12-03 16:15:20.470|INFO|http-nio-8088-exec-10|w.f.o.c.s.MyFilter|line-35|traceId_429768262685600|请求耗时：26ms
2024-12-03 16:18:25.911|INFO|http-nio-8088-exec-9|w.f.o.c.s.MyFilter|line-35|traceId_429953728056800|请求耗时：2ms
2024-12-03 16:18:25.912|INFO|http-nio-8088-exec-6|w.f.o.c.s.MyFilter|line-35|traceId_429953728204600|请求耗时：3ms
2024-12-03 16:18:25.935|INFO|http-nio-8088-exec-1|w.f.o.c.s.MyFilter|line-35|traceId_429953729251300|请求耗时：25ms
2024-12-03 16:18:25.959|INFO|http-nio-8088-exec-3|w.f.o.c.s.MyFilter|line-35|traceId_429953747076800|请求耗时：32ms
2024-12-03 16:19:05.578|INFO|http-nio-8088-exec-8|w.f.o.c.s.MyFilter|line-35|traceId_429993394299100|请求耗时：3ms
2024-12-03 16:19:05.581|INFO|http-nio-8088-exec-4|w.f.o.c.s.MyFilter|line-35|traceId_429993395193800|请求耗时：4ms
2024-12-03 16:19:05.602|INFO|http-nio-8088-exec-6|w.f.o.c.s.MyFilter|line-35|traceId_429993396581000|请求耗时：25ms
2024-12-03 16:19:05.620|INFO|http-nio-8088-exec-10|w.f.o.c.s.MyFilter|line-35|traceId_429993407645800|请求耗时：32ms
2024-12-03 16:20:15.174|INFO|http-nio-8088-exec-4|w.f.o.c.s.MyFilter|line-35|traceId_430062987590600|请求耗时：6ms
2024-12-03 16:20:15.177|INFO|http-nio-8088-exec-6|w.f.o.c.s.MyFilter|line-35|traceId_430062991875600|请求耗时：4ms
2024-12-03 16:20:15.197|INFO|http-nio-8088-exec-9|w.f.o.c.s.MyFilter|line-35|traceId_430062991898400|请求耗时：24ms
2024-12-03 16:20:15.209|INFO|http-nio-8088-exec-5|w.f.o.c.s.MyFilter|line-35|traceId_430062998570000|请求耗时：30ms
2024-12-03 16:21:45.975|INFO|http-nio-8088-exec-6|w.f.o.c.s.MyFilter|line-35|traceId_430153791267800|请求耗时：17ms
2024-12-03 16:21:45.975|INFO|http-nio-8088-exec-10|w.f.o.c.s.MyFilter|line-35|traceId_430153791973700|请求耗时：2ms
2024-12-03 16:21:45.989|INFO|http-nio-8088-exec-9|w.f.o.c.s.MyFilter|line-35|traceId_430153791981100|请求耗时：16ms
2024-12-03 16:21:46.021|INFO|http-nio-8088-exec-3|w.f.o.c.s.MyFilter|line-35|traceId_430153817309700|请求耗时：32ms
2024-12-03 16:21:47.328|INFO|http-nio-8088-exec-2|w.f.o.c.s.MyFilter|line-35|traceId_430155142545500|请求耗时：4ms
2024-12-03 16:21:47.329|INFO|http-nio-8088-exec-1|w.f.o.c.s.MyFilter|line-35|traceId_430155142581400|请求耗时：5ms
2024-12-03 16:21:47.349|INFO|http-nio-8088-exec-7|w.f.o.c.s.MyFilter|line-35|traceId_430155144824900|请求耗时：22ms
2024-12-03 16:21:47.369|INFO|http-nio-8088-exec-8|w.f.o.c.s.MyFilter|line-35|traceId_430155153536000|请求耗时：34ms
2024-12-03 16:22:20.421|INFO|http-nio-8088-exec-6|w.f.o.c.s.MyFilter|line-35|traceId_430188235106200|请求耗时：4ms
2024-12-03 16:22:20.444|INFO|http-nio-8088-exec-3|w.f.o.c.s.MyFilter|line-35|traceId_430188257142000|请求耗时：6ms
2024-12-03 16:22:20.470|INFO|http-nio-8088-exec-2|w.f.o.c.s.MyFilter|line-35|traceId_430188257126700|请求耗时：32ms
2024-12-03 16:22:20.477|INFO|http-nio-8088-exec-1|w.f.o.c.s.MyFilter|line-35|traceId_430188260777100|请求耗时：35ms
2024-12-03 16:23:41.034|INFO|http-nio-8088-exec-10|w.f.o.c.s.MyFilter|line-35|traceId_430268829623400|请求耗时：23ms
2024-12-03 16:23:46.243|INFO|http-nio-8088-exec-9|w.f.o.c.s.MyFilter|line-35|traceId_430274058573600|请求耗时：3ms
2024-12-03 16:24:11.812|INFO|http-nio-8088-exec-2|w.f.o.c.s.MyFilter|line-35|traceId_430299625937800|请求耗时：4ms
2024-12-03 16:25:43.930|INFO|http-nio-8088-exec-6|w.f.o.c.s.MyFilter|line-35|traceId_430391743440500|请求耗时：6ms
2024-12-03 16:25:43.930|INFO|http-nio-8088-exec-10|w.f.o.c.s.MyFilter|line-35|traceId_430391744104300|请求耗时：5ms
2024-12-03 16:25:43.955|INFO|http-nio-8088-exec-5|w.f.o.c.s.MyFilter|line-35|traceId_430391744146300|请求耗时：30ms
2024-12-03 16:25:43.988|INFO|http-nio-8088-exec-3|w.f.o.c.s.MyFilter|line-35|traceId_430391771604500|请求耗时：36ms
2024-12-03 16:26:30.220|INFO|http-nio-8088-exec-1|w.f.o.c.s.MyFilter|line-35|traceId_430438017681700|请求耗时：21ms
2024-12-03 16:26:31.922|INFO|http-nio-8088-exec-7|w.f.o.c.s.MyFilter|line-35|traceId_430439708972400|请求耗时：32ms
2024-12-03 16:26:31.950|INFO|http-nio-8088-exec-6|w.f.o.c.s.MyFilter|line-35|traceId_430439765650200|请求耗时：3ms
2024-12-03 16:26:35.686|INFO|http-nio-8088-exec-10|w.f.o.c.s.MyFilter|line-35|traceId_430443501125500|请求耗时：4ms
2024-12-03 16:26:38.096|INFO|http-nio-8088-exec-5|w.f.o.c.s.MyFilter|line-35|traceId_430445910390300|请求耗时：4ms
2024-12-03 16:26:39.032|INFO|http-nio-8088-exec-3|w.f.o.c.s.MyFilter|line-35|traceId_430446848626000|请求耗时：3ms
2024-12-03 16:26:40.641|INFO|http-nio-8088-exec-2|w.f.o.c.s.MyFilter|line-35|traceId_430448456773500|请求耗时：3ms
2024-12-03 16:50:46.028|INFO|http-nio-8088-exec-8|w.f.o.c.s.MyFilter|line-35|traceId_431893833733000|请求耗时：13ms
2024-12-03 16:50:48.225|INFO|http-nio-8088-exec-6|w.f.o.c.s.MyFilter|line-35|traceId_431896027240500|请求耗时：18ms
2024-12-03 16:50:53.794|INFO|http-nio-8088-exec-10|w.f.o.c.s.MyFilter|line-35|traceId_431901582156200|请求耗时：41ms
2024-12-03 16:50:55.480|INFO|http-nio-8088-exec-9|w.f.o.c.s.MyFilter|line-35|traceId_431903276558800|请求耗时：23ms
2024-12-03 16:50:55.560|INFO|http-nio-8088-exec-5|w.f.o.c.s.MyFilter|line-35|traceId_431903381556400|请求耗时：0ms
2024-12-03 16:51:00.499|INFO|http-nio-8088-exec-3|w.f.o.c.s.MyFilter|line-35|traceId_431908323130000|请求耗时：0ms
2024-12-03 16:51:02.477|INFO|http-nio-8088-exec-2|w.f.o.c.s.MyFilter|line-35|traceId_431910294450100|请求耗时：1ms
2024-12-03 16:51:02.920|INFO|http-nio-8088-exec-1|w.f.o.c.s.MyFilter|line-35|traceId_431910736280200|请求耗时：2ms
2024-12-03 16:51:06.626|INFO|http-nio-8088-exec-4|w.f.o.c.s.MyFilter|line-35|traceId_431914442142400|请求耗时：13ms
2024-12-03 16:51:07.028|INFO|http-nio-8088-exec-7|w.f.o.c.s.MyFilter|line-35|traceId_431914844824200|请求耗时：14ms
2024-12-03 16:51:07.460|INFO|http-nio-8088-exec-8|w.f.o.c.s.MyFilter|line-35|traceId_431915286682300|请求耗时：0ms
2024-12-03 16:51:09.904|INFO|http-nio-8088-exec-10|w.f.o.c.s.MyFilter|line-35|traceId_431917720011300|请求耗时：3ms
2024-12-03 16:51:15.055|INFO|http-nio-8088-exec-9|w.f.o.c.s.MyFilter|line-35|traceId_431922871591900|请求耗时：3ms
2024-12-03 16:51:15.730|INFO|http-nio-8088-exec-5|w.f.o.c.s.MyFilter|line-35|traceId_431923554462000|请求耗时：0ms
2024-12-03 16:51:16.048|INFO|http-nio-8088-exec-3|w.f.o.c.s.MyFilter|line-35|traceId_431923864612500|请求耗时：15ms
2024-12-03 16:51:17.194|INFO|http-nio-8088-exec-2|w.f.o.c.s.MyFilter|line-35|traceId_431925010497500|请求耗时：2ms
2024-12-03 16:51:17.611|INFO|http-nio-8088-exec-1|w.f.o.c.s.MyFilter|line-35|traceId_431925426185300|请求耗时：16ms
2024-12-03 16:51:18.321|INFO|http-nio-8088-exec-4|w.f.o.c.s.MyFilter|line-35|traceId_431926138636000|请求耗时：6ms
2024-12-03 16:51:18.540|INFO|http-nio-8088-exec-7|w.f.o.c.s.MyFilter|line-35|traceId_431926357688300|请求耗时：3ms
2024-12-03 16:51:45.304|INFO|http-nio-8088-exec-8|w.f.o.c.s.MyFilter|line-35|traceId_431953126589100|请求耗时：0ms
2024-12-03 16:52:10.402|INFO|http-nio-8088-exec-9|w.f.o.c.s.MyFilter|line-35|traceId_431978227152800|请求耗时：0ms
2024-12-03 16:52:21.484|INFO|http-nio-8088-exec-5|w.f.o.c.s.MyFilter|line-35|traceId_431989285973400|请求耗时：22ms
2024-12-03 16:52:22.857|INFO|http-nio-8088-exec-3|w.f.o.c.s.MyFilter|line-35|traceId_431990650608600|请求耗时：32ms
2024-12-03 16:52:22.922|INFO|http-nio-8088-exec-2|w.f.o.c.s.MyFilter|line-35|traceId_431990739707300|请求耗时：2ms
2024-12-03 16:52:24.102|INFO|http-nio-8088-exec-1|w.f.o.c.s.MyFilter|line-35|traceId_431991925449800|请求耗时：0ms
2024-12-03 16:52:24.116|INFO|http-nio-8088-exec-4|w.f.o.c.s.MyFilter|line-35|traceId_431991932640800|请求耗时：14ms
2024-12-03 16:52:24.132|INFO|http-nio-8088-exec-7|w.f.o.c.s.MyFilter|line-35|traceId_431991935470900|请求耗时：16ms
2024-12-03 16:52:24.149|INFO|http-nio-8088-exec-8|w.f.o.c.s.MyFilter|line-35|traceId_431991943710600|请求耗时：30ms
2024-12-03 16:52:30.417|INFO|http-nio-8088-exec-9|w.f.o.c.s.MyFilter|line-35|traceId_431998234813400|请求耗时：1ms
2024-12-03 16:52:30.417|INFO|http-nio-8088-exec-6|w.f.o.c.s.MyFilter|line-35|traceId_431998234485400|请求耗时：13ms
2024-12-03 16:52:30.434|INFO|http-nio-8088-exec-10|w.f.o.c.s.MyFilter|line-35|traceId_431998234715500|请求耗时：18ms
2024-12-03 16:52:30.480|INFO|http-nio-8088-exec-5|w.f.o.c.s.MyFilter|line-35|traceId_431998276401600|请求耗时：30ms
2024-12-03 16:52:32.257|INFO|http-nio-8088-exec-2|w.f.o.c.s.MyFilter|line-35|traceId_432000074760200|请求耗时：4ms
2024-12-03 16:52:32.259|INFO|http-nio-8088-exec-3|w.f.o.c.s.MyFilter|line-35|traceId_432000074706000|请求耗时：6ms
2024-12-03 16:52:32.283|INFO|http-nio-8088-exec-1|w.f.o.c.s.MyFilter|line-35|traceId_432000074706100|请求耗时：30ms
2024-12-03 16:52:32.312|INFO|http-nio-8088-exec-4|w.f.o.c.s.MyFilter|line-35|traceId_432000104024900|请求耗时：29ms
2024-12-03 16:52:37.686|INFO|http-nio-8088-exec-7|w.f.o.c.s.MyFilter|line-35|traceId_432005517032300|请求耗时：0ms
2024-12-03 16:52:37.702|INFO|http-nio-8088-exec-9|w.f.o.c.s.MyFilter|line-35|traceId_432005517113100|请求耗时：16ms
2024-12-03 16:52:37.718|INFO|http-nio-8088-exec-8|w.f.o.c.s.MyFilter|line-35|traceId_432005517058500|请求耗时：32ms
2024-12-03 16:52:37.759|INFO|http-nio-8088-exec-6|w.f.o.c.s.MyFilter|line-35|traceId_432005549404800|请求耗时：41ms
2024-12-03 16:52:40.899|INFO|http-nio-8088-exec-5|w.f.o.c.s.MyFilter|line-35|traceId_432008713514600|请求耗时：4ms
2024-12-03 16:52:40.899|INFO|http-nio-8088-exec-10|w.f.o.c.s.MyFilter|line-35|traceId_432008713308200|请求耗时：14ms
2024-12-03 16:52:40.941|INFO|http-nio-8088-exec-2|w.f.o.c.s.MyFilter|line-35|traceId_432008713846500|请求耗时：46ms
2024-12-03 16:52:40.960|INFO|http-nio-8088-exec-3|w.f.o.c.s.MyFilter|line-35|traceId_432008742172600|请求耗时：37ms
2024-12-03 16:52:41.768|INFO|http-nio-8088-exec-1|w.f.o.c.s.MyFilter|line-35|traceId_432009530746200|请求耗时：62ms
2024-12-03 16:52:41.785|INFO|http-nio-8088-exec-4|w.f.o.c.s.MyFilter|line-35|traceId_432009530830300|请求耗时：79ms
2024-12-03 16:52:45.270|INFO|http-nio-8088-exec-9|w.f.o.c.s.MyFilter|line-35|traceId_432013087306900|请求耗时：12ms
2024-12-03 16:52:45.270|INFO|http-nio-8088-exec-7|w.f.o.c.s.MyFilter|line-35|traceId_432013087224700|请求耗时：12ms
2024-12-03 16:52:45.292|INFO|http-nio-8088-exec-8|w.f.o.c.s.MyFilter|line-35|traceId_432013096965700|请求耗时：18ms
2024-12-03 16:52:45.304|INFO|http-nio-8088-exec-6|w.f.o.c.s.MyFilter|line-35|traceId_432013108783900|请求耗时：15ms
2024-12-03 16:52:46.709|INFO|http-nio-8088-exec-5|w.f.o.c.s.MyFilter|line-35|traceId_432014535659200|请求耗时：0ms
2024-12-03 16:52:52.987|INFO|http-nio-8088-exec-10|w.f.o.c.s.MyFilter|line-35|traceId_432020813399200|请求耗时：0ms
2024-12-03 16:52:54.055|INFO|http-nio-8088-exec-2|w.f.o.c.s.MyFilter|line-35|traceId_432021874863000|请求耗时：0ms
2024-12-03 16:52:55.170|INFO|http-nio-8088-exec-3|w.f.o.c.s.MyFilter|line-35|traceId_432022993476400|请求耗时：0ms
2024-12-03 16:52:57.784|INFO|http-nio-8088-exec-1|w.f.o.c.s.MyFilter|line-35|traceId_432025573776600|请求耗时：32ms
2024-12-03 16:53:00.053|INFO|http-nio-8088-exec-4|w.f.o.c.s.MyFilter|line-35|traceId_432027850469700|请求耗时：21ms
2024-12-03 16:53:02.218|INFO|http-nio-8088-exec-9|w.f.o.c.s.MyFilter|line-35|traceId_432030015219700|请求耗时：31ms
2024-12-03 16:53:33.103|INFO|http-nio-8088-exec-7|w.f.o.c.s.MyFilter|line-35|traceId_432048928024200|请求耗时：11994ms
2024-12-03 16:54:03.750|INFO|http-nio-8088-exec-10|w.f.o.a.s.I.ReportServiceImpl|line-46|traceId_432091557184900|ReportDto(reportId=null, reportName=好的好的好的好, type=日报, reportDate=null, filePath=[f89dd8d7-a406-476d-a5ad-d910b5229097], content=你说的很多话, reportUserId=null, userName=null, departName=null, userIDS=[1, 3], share=null, params=null)
2024-12-03 16:54:03.799|INFO|http-nio-8088-exec-10|w.f.o.c.s.MyFilter|line-35|traceId_432091557184900|请求耗时：64ms
2024-12-03 16:54:06.273|INFO|http-nio-8088-exec-3|w.f.o.c.s.MyFilter|line-35|traceId_432094070370200|请求耗时：22ms
2024-12-03 16:54:07.681|INFO|http-nio-8088-exec-1|w.f.o.c.s.MyFilter|line-35|traceId_432095480955100|请求耗时：19ms
2024-12-03 16:54:07.695|INFO|http-nio-8088-exec-9|w.f.o.c.s.MyFilter|line-35|traceId_432095511228900|请求耗时：2ms
2024-12-03 16:54:13.540|INFO|http-nio-8088-exec-7|w.f.o.c.s.MyFilter|line-35|traceId_432101355715900|请求耗时：11ms
2024-12-03 16:54:16.247|INFO|http-nio-8088-exec-6|w.f.o.c.s.MyFilter|line-35|traceId_432104072940600|请求耗时：0ms
2024-12-03 16:54:20.037|INFO|http-nio-8088-exec-8|w.f.o.c.s.MyFilter|line-35|traceId_432107854468500|请求耗时：1ms
2024-12-03 16:54:24.757|INFO|http-nio-8088-exec-5|w.f.o.c.s.MyFilter|line-35|traceId_432112560330200|请求耗时：23ms
2024-12-03 16:54:25.933|INFO|http-nio-8088-exec-10|w.f.o.c.s.MyFilter|line-35|traceId_432113733373700|请求耗时：19ms
2024-12-03 16:54:25.997|INFO|http-nio-8088-exec-2|w.f.o.c.s.MyFilter|line-35|traceId_432113815028400|请求耗时：2ms
2024-12-03 16:54:29.354|INFO|http-nio-8088-exec-3|w.f.o.c.s.MyFilter|line-35|traceId_432117143865700|请求耗时：30ms
2024-12-03 16:54:31.558|INFO|http-nio-8088-exec-1|w.f.o.c.s.MyFilter|line-35|traceId_432119358535700|请求耗时：19ms
2024-12-03 16:54:32.480|INFO|http-nio-8088-exec-4|w.f.o.c.s.MyFilter|line-35|traceId_432120280021200|请求耗时：24ms
2024-12-03 16:54:35.436|INFO|http-nio-8088-exec-6|w.f.o.c.s.MyFilter|line-35|traceId_432123251452300|请求耗时：4ms
2024-12-03 16:54:41.873|INFO|http-nio-8088-exec-5|w.f.o.c.s.MyFilter|line-35|traceId_432129687503600|请求耗时：4ms
2024-12-03 16:54:48.034|INFO|http-nio-8088-exec-2|w.f.o.c.s.MyFilter|line-35|traceId_432135848263400|请求耗时：4ms
2024-12-03 16:54:51.427|INFO|http-nio-8088-exec-3|w.f.o.c.s.MyFilter|line-35|traceId_432139217948900|请求耗时：29ms
2024-12-03 16:54:52.803|INFO|http-nio-8088-exec-1|w.f.o.c.s.MyFilter|line-35|traceId_432140585781900|请求耗时：36ms
2024-12-03 16:54:53.531|INFO|http-nio-8088-exec-9|w.f.o.c.s.MyFilter|line-35|traceId_432141320434900|请求耗时：29ms
2024-12-03 16:54:55.589|INFO|http-nio-8088-exec-7|w.f.o.c.s.MyFilter|line-35|traceId_432143407742300|请求耗时：0ms
2024-12-03 16:54:55.993|INFO|http-nio-8088-exec-6|w.f.o.c.s.MyFilter|line-35|traceId_432143794880500|请求耗时：18ms
2024-12-03 16:54:56.010|INFO|http-nio-8088-exec-5|w.f.o.c.s.MyFilter|line-35|traceId_432143825468800|请求耗时：3ms
2024-12-03 16:55:01.257|INFO|http-nio-8088-exec-10|w.f.o.c.s.MyFilter|line-35|traceId_432149072343800|请求耗时：8ms
2024-12-03 16:55:01.938|INFO|http-nio-8088-exec-4|w.f.o.c.s.MyFilter|line-35|traceId_432149754515500|请求耗时：2ms
2024-12-03 16:55:01.939|INFO|http-nio-8088-exec-9|w.f.o.c.s.MyFilter|line-35|traceId_432149755227100|请求耗时：3ms
2024-12-03 16:55:01.963|INFO|http-nio-8088-exec-7|w.f.o.c.s.MyFilter|line-35|traceId_432149755279700|请求耗时：27ms
2024-12-03 16:55:02.001|INFO|http-nio-8088-exec-8|w.f.o.c.s.MyFilter|line-35|traceId_432149785310000|请求耗时：35ms
2024-12-03 16:55:04.230|INFO|http-nio-8088-exec-10|w.f.o.c.s.MyFilter|line-35|traceId_432152040380100|请求耗时：9ms
2024-12-03 16:55:06.273|INFO|http-nio-8088-exec-3|w.f.o.c.s.MyFilter|line-35|traceId_432154072871400|请求耗时：19ms
2024-12-03 16:55:06.280|INFO|http-nio-8088-exec-1|w.f.o.c.s.MyFilter|line-35|traceId_432154097617800|请求耗时：1ms
2024-12-03 16:55:14.481|INFO|http-nio-8088-exec-9|w.f.o.c.s.MyFilter|line-35|traceId_432162292077800|请求耗时：8ms
2024-12-03 16:55:17.967|INFO|http-nio-8088-exec-6|w.f.o.c.s.MyFilter|line-35|traceId_432165783475100|请求耗时：2ms
2024-12-03 16:55:25.636|INFO|http-nio-8088-exec-7|w.f.o.c.s.MyFilter|line-35|traceId_432173434324600|请求耗时：22ms
2024-12-03 16:55:26.764|INFO|http-nio-8088-exec-8|w.f.o.c.s.MyFilter|line-35|traceId_432174563092100|请求耗时：20ms
2024-12-03 16:55:26.843|INFO|http-nio-8088-exec-5|w.f.o.c.s.MyFilter|line-35|traceId_432174660792500|请求耗时：2ms
2024-12-03 16:55:33.227|INFO|http-nio-8088-exec-10|w.f.o.c.s.MyFilter|line-35|traceId_432181048505000|请求耗时：0ms
2024-12-03 16:55:33.244|INFO|http-nio-8088-exec-2|w.f.o.c.s.MyFilter|line-35|traceId_432181059936300|请求耗时：17ms
2024-12-03 16:55:33.258|INFO|http-nio-8088-exec-3|w.f.o.c.s.MyFilter|line-35|traceId_432181059961300|请求耗时：31ms
2024-12-03 16:55:33.276|INFO|http-nio-8088-exec-1|w.f.o.c.s.MyFilter|line-35|traceId_432181070318600|请求耗时：32ms
2024-12-03 16:55:34.550|INFO|http-nio-8088-exec-4|w.f.o.c.s.MyFilter|line-35|traceId_432182375675700|请求耗时：0ms
2024-12-03 16:55:34.855|INFO|http-nio-8088-exec-9|w.f.o.c.s.MyFilter|line-35|traceId_432182671700900|请求耗时：3ms
2024-12-03 16:55:34.855|INFO|http-nio-8088-exec-6|w.f.o.c.s.MyFilter|line-35|traceId_432182671720200|请求耗时：3ms
2024-12-03 16:55:34.872|INFO|http-nio-8088-exec-7|w.f.o.c.s.MyFilter|line-35|traceId_432182671747000|请求耗时：20ms
2024-12-03 16:55:34.900|INFO|http-nio-8088-exec-8|w.f.o.c.s.MyFilter|line-35|traceId_432182694002100|请求耗时：28ms
2024-12-03 16:55:39.103|INFO|http-nio-8088-exec-5|w.f.o.c.s.MyFilter|line-35|traceId_432186920541400|请求耗时：2ms
2024-12-03 16:55:39.104|INFO|http-nio-8088-exec-10|w.f.o.c.s.MyFilter|line-35|traceId_432186920564600|请求耗时：3ms
2024-12-03 16:55:39.122|INFO|http-nio-8088-exec-2|w.f.o.c.s.MyFilter|line-35|traceId_432186920586700|请求耗时：21ms
2024-12-03 16:55:39.150|INFO|http-nio-8088-exec-3|w.f.o.c.s.MyFilter|line-35|traceId_432186944859500|请求耗时：24ms
2024-12-03 16:55:40.760|INFO|http-nio-8088-exec-1|w.f.o.c.s.MyFilter|line-35|traceId_432188591475200|请求耗时：0ms
2024-12-03 16:55:40.760|INFO|http-nio-8088-exec-4|w.f.o.c.s.MyFilter|line-35|traceId_432188591475300|请求耗时：0ms
2024-12-03 16:55:40.793|INFO|http-nio-8088-exec-9|w.f.o.c.s.MyFilter|line-35|traceId_432188591476000|请求耗时：33ms
2024-12-03 16:55:40.811|INFO|http-nio-8088-exec-6|w.f.o.c.s.MyFilter|line-35|traceId_432188616937100|请求耗时：18ms
2024-12-03 16:55:44.019|INFO|http-nio-8088-exec-7|w.f.o.c.s.MyFilter|line-35|traceId_432191807175500|请求耗时：33ms
2024-12-03 16:55:52.117|INFO|http-nio-8088-exec-8|w.f.o.c.s.MyFilter|line-35|traceId_432199921360000|请求耗时：16ms
2024-12-03 16:55:52.583|INFO|http-nio-8088-exec-5|w.f.o.c.s.MyFilter|line-35|traceId_432200398752300|请求耗时：4ms
2024-12-03 16:55:57.079|INFO|http-nio-8088-exec-10|w.f.o.c.s.MyFilter|line-35|traceId_432204879091300|请求耗时：19ms
2024-12-03 16:56:05.265|INFO|http-nio-8088-exec-4|w.f.o.c.s.MyFilter|line-35|traceId_432213081929900|请求耗时：11ms
2024-12-03 16:56:05.267|INFO|http-nio-8088-exec-9|w.f.o.c.s.MyFilter|line-35|traceId_432213081978600|请求耗时：13ms
2024-12-03 16:56:05.284|INFO|http-nio-8088-exec-6|w.f.o.c.s.MyFilter|line-35|traceId_432213083459600|请求耗时：20ms
2024-12-03 16:56:05.300|INFO|http-nio-8088-exec-7|w.f.o.c.s.MyFilter|line-35|traceId_432213103770600|请求耗时：16ms
2024-12-03 16:56:06.532|INFO|http-nio-8088-exec-8|w.f.o.c.s.MyFilter|line-35|traceId_432214349844300|请求耗时：3ms
2024-12-03 16:56:16.027|INFO|http-nio-8088-exec-2|w.f.o.c.s.MyFilter|line-35|traceId_432223851104300|请求耗时：0ms
2024-12-03 16:56:16.950|INFO|http-nio-8088-exec-4|w.f.o.c.s.MyFilter|line-35|traceId_432224770051500|请求耗时：0ms
2024-12-03 16:56:16.965|INFO|http-nio-8088-exec-9|w.f.o.c.s.MyFilter|line-35|traceId_432224781314400|请求耗时：3ms
2024-12-03 16:56:16.980|INFO|http-nio-8088-exec-6|w.f.o.c.s.MyFilter|line-35|traceId_432224783869600|请求耗时：15ms
2024-12-03 16:56:17.011|INFO|http-nio-8088-exec-7|w.f.o.c.s.MyFilter|line-35|traceId_432224788808200|请求耗时：44ms
2024-12-03 16:56:19.719|INFO|http-nio-8088-exec-8|w.f.o.c.s.MyFilter|line-35|traceId_432227524906100|请求耗时：15ms
2024-12-03 16:56:22.710|INFO|http-nio-8088-exec-5|w.f.o.c.s.MyFilter|line-35|traceId_432230512909500|请求耗时：19ms
2024-12-03 16:56:22.866|INFO|http-nio-8088-exec-10|w.f.o.c.s.MyFilter|line-35|traceId_432230683910800|请求耗时：1ms
2024-12-03 16:56:23.320|INFO|http-nio-8088-exec-1|w.f.o.c.s.MyFilter|line-35|traceId_432231136281600|请求耗时：13ms
2024-12-03 16:56:30.255|INFO|http-nio-8088-exec-2|w.f.o.c.s.MyFilter|line-35|traceId_432238068105000|请求耗时：6ms
2024-12-03 16:56:32.291|INFO|http-nio-8088-exec-9|w.f.o.c.s.MyFilter|line-35|traceId_432240090648300|请求耗时：19ms
2024-12-03 16:56:33.551|INFO|http-nio-8088-exec-6|w.f.o.c.s.MyFilter|line-35|traceId_432241352941300|请求耗时：17ms
2024-12-03 16:56:33.565|INFO|http-nio-8088-exec-7|w.f.o.c.s.MyFilter|line-35|traceId_432241381254500|请求耗时：3ms
2024-12-03 16:56:34.908|INFO|http-nio-8088-exec-8|w.f.o.c.s.MyFilter|line-35|traceId_432242724337200|请求耗时：2ms
2024-12-03 16:56:34.912|INFO|http-nio-8088-exec-1|w.f.o.c.s.MyFilter|line-35|traceId_432242728987700|请求耗时：2ms
2024-12-03 16:56:34.935|INFO|http-nio-8088-exec-3|w.f.o.c.s.MyFilter|line-35|traceId_432242730757600|请求耗时：23ms
2024-12-03 16:56:34.967|INFO|http-nio-8088-exec-4|w.f.o.c.s.MyFilter|line-35|traceId_432242756986500|请求耗时：29ms
2024-12-03 16:56:38.231|INFO|http-nio-8088-exec-6|w.f.o.c.s.MyFilter|line-35|traceId_432246036697500|请求耗时：13ms
2024-12-03 16:56:42.551|INFO|http-nio-8088-exec-7|w.f.o.c.s.MyFilter|line-35|traceId_432250362112400|请求耗时：8ms
2024-12-03 16:56:42.948|INFO|http-nio-8088-exec-5|w.f.o.c.s.MyFilter|line-35|traceId_432250753809000|请求耗时：13ms
2024-12-03 16:56:56.356|INFO|http-nio-8088-exec-10|w.f.o.c.s.MyFilter|line-35|traceId_432264152110300|请求耗时：23ms
2024-12-03 16:56:58.473|INFO|http-nio-8088-exec-1|w.f.o.c.s.MyFilter|line-35|traceId_432266279394900|请求耗时：13ms
2024-12-03 16:56:59.718|INFO|http-nio-8088-exec-2|w.f.o.c.s.MyFilter|line-35|traceId_432267520342500|请求耗时：17ms
2024-12-03 16:57:16.227|INFO|http-nio-8088-exec-3|w.f.o.c.s.MyFilter|line-35|traceId_432284047962000|请求耗时：0ms
2024-12-03 16:57:16.708|INFO|http-nio-8088-exec-4|w.f.o.c.s.MyFilter|line-35|traceId_432284524374200|请求耗时：14ms
2024-12-03 16:57:19.588|INFO|http-nio-8088-exec-7|w.f.o.c.s.MyFilter|line-35|traceId_432287417033400|请求耗时：0ms
2024-12-03 16:57:19.604|INFO|http-nio-8088-exec-5|w.f.o.c.s.MyFilter|line-35|traceId_432287426961400|请求耗时：0ms
2024-12-03 16:57:19.604|INFO|http-nio-8088-exec-8|w.f.o.c.s.MyFilter|line-35|traceId_432287426961400|请求耗时：0ms
2024-12-03 16:57:49.848|INFO|http-nio-8088-exec-9|w.f.o.c.s.MyFilter|line-35|traceId_432317664289500|请求耗时：3ms
2024-12-03 17:02:04.312|INFO|http-nio-8088-exec-8|w.f.o.c.s.MyFilter|line-35|traceId_432572116186000|请求耗时：7ms
2024-12-03 17:02:04.364|INFO|http-nio-8088-exec-8|w.f.o.c.s.MyFilter|line-35|traceId_432572145737900|请求耗时：38ms
2024-12-03 17:02:04.389|INFO|http-nio-8088-exec-1|w.f.o.c.s.MyFilter|line-35|traceId_432572204760800|请求耗时：3ms
2024-12-03 17:02:04.466|INFO|http-nio-8088-exec-4|w.f.o.c.s.MyFilter|line-35|traceId_432572256716500|请求耗时：28ms
2024-12-03 17:02:09.985|INFO|http-nio-8088-exec-8|w.f.o.c.s.MyFilter|line-35|traceId_432577800455500|请求耗时：4ms
2024-12-03 17:02:09.985|INFO|http-nio-8088-exec-7|w.f.o.c.s.MyFilter|line-35|traceId_432577800428500|请求耗时：4ms
2024-12-03 17:02:10.002|INFO|http-nio-8088-exec-2|w.f.o.c.s.MyFilter|line-35|traceId_432577800477600|请求耗时：21ms
2024-12-03 17:02:10.022|INFO|http-nio-8088-exec-1|w.f.o.c.s.MyFilter|line-35|traceId_432577812148400|请求耗时：29ms
2024-12-03 17:02:12.315|INFO|http-nio-8088-exec-10|w.f.o.c.s.MyFilter|line-35|traceId_432580132022800|请求耗时：2ms
2024-12-03 17:02:15.336|INFO|http-nio-8088-exec-3|w.f.o.c.s.MyFilter|line-35|traceId_432583152092500|请求耗时：3ms
2024-12-03 17:16:41.859|INFO|http-nio-8088-exec-10|w.f.o.c.s.MyFilter|line-35|traceId_433449674567300|请求耗时：4ms
2024-12-03 17:16:41.859|INFO|http-nio-8088-exec-1|w.f.o.c.s.MyFilter|line-35|traceId_433449674164100|请求耗时：4ms
2024-12-03 17:16:41.875|INFO|http-nio-8088-exec-4|w.f.o.c.s.MyFilter|line-35|traceId_433449674741400|请求耗时：20ms
2024-12-03 17:16:41.914|INFO|http-nio-8088-exec-6|w.f.o.c.s.MyFilter|line-35|traceId_433449707969300|请求耗时：25ms
2024-12-03 17:16:45.417|INFO|http-nio-8088-exec-9|w.f.o.c.s.MyFilter|line-35|traceId_433453234289300|请求耗时：2ms
2024-12-03 17:20:58.762|INFO|http-nio-8088-exec-1|w.f.o.c.s.MyFilter|line-35|traceId_433706577352600|请求耗时：3ms
2024-12-03 17:22:02.413|INFO|http-nio-8088-exec-3|w.f.o.c.s.MyFilter|line-35|traceId_433770230717900|请求耗时：1ms
2024-12-03 17:30:39.044|INFO|SpringApplicationShutdownHook|c.z.h.HikariDataSource|line-350||HikariPool-1 - Shutdown initiated...
2024-12-03 17:30:39.044|INFO|SpringApplicationShutdownHook|c.z.h.HikariDataSource|line-352||HikariPool-1 - Shutdown completed.
