2024-11-21 09:34:15.261|WARN|RMI TCP Connection(8)-192.168.159.1|o.s.b.a.m.MailHealthIndicator|line-94||Mail health check failed
jakarta.mail.MessagingException: Got bad greeting from SMTP host: smtp.qq.com, port: 465, response: [EOF]
	at com.sun.mail.smtp.SMTPTransport.openServer(SMTPTransport.java:2247)
	at com.sun.mail.smtp.SMTPTransport.protocolConnect(SMTPTransport.java:754)
	at jakarta.mail.Service.connect(Service.java:342)
	at org.springframework.mail.javamail.JavaMailSenderImpl.connectTransport(JavaMailSenderImpl.java:518)
	at org.springframework.mail.javamail.JavaMailSenderImpl.testConnection(JavaMailSenderImpl.java:398)
	at org.springframework.boot.actuate.mail.MailHealthIndicator.doHealthCheck(MailHealthIndicator.java:42)
	at org.springframework.boot.actuate.health.AbstractHealthIndicator.health(AbstractHealthIndicator.java:82)
	at org.springframework.boot.actuate.health.HealthIndicator.getHealth(HealthIndicator.java:37)
	at org.springframework.boot.actuate.health.HealthEndpoint.getHealth(HealthEndpoint.java:82)
	at org.springframework.boot.actuate.health.HealthEndpoint.getHealth(HealthEndpoint.java:41)
	at org.springframework.boot.actuate.health.HealthEndpointSupport.getLoggedHealth(HealthEndpointSupport.java:172)
	at org.springframework.boot.actuate.health.HealthEndpointSupport.getContribution(HealthEndpointSupport.java:145)
	at org.springframework.boot.actuate.health.HealthEndpointSupport.getAggregateContribution(HealthEndpointSupport.java:156)
	at org.springframework.boot.actuate.health.HealthEndpointSupport.getContribution(HealthEndpointSupport.java:141)
	at org.springframework.boot.actuate.health.HealthEndpointSupport.getHealth(HealthEndpointSupport.java:110)
	at org.springframework.boot.actuate.health.HealthEndpointSupport.getHealth(HealthEndpointSupport.java:81)
	at org.springframework.boot.actuate.health.HealthEndpoint.health(HealthEndpoint.java:76)
	at org.springframework.boot.actuate.health.HealthEndpoint.health(HealthEndpoint.java:66)
	at java.base/jdk.internal.reflect.NativeMethodAccessorImpl.invoke0(Native Method)
	at java.base/jdk.internal.reflect.NativeMethodAccessorImpl.invoke(NativeMethodAccessorImpl.java:77)
	at java.base/jdk.internal.reflect.DelegatingMethodAccessorImpl.invoke(DelegatingMethodAccessorImpl.java:43)
	at java.base/java.lang.reflect.Method.invoke(Method.java:568)
	at org.springframework.util.ReflectionUtils.invokeMethod(ReflectionUtils.java:281)
	at org.springframework.boot.actuate.endpoint.invoke.reflect.ReflectiveOperationInvoker.invoke(ReflectiveOperationInvoker.java:74)
	at org.springframework.boot.actuate.endpoint.annotation.AbstractDiscoveredOperation.invoke(AbstractDiscoveredOperation.java:60)
	at org.springframework.boot.actuate.endpoint.jmx.EndpointMBean.invoke(EndpointMBean.java:122)
	at org.springframework.boot.actuate.endpoint.jmx.EndpointMBean.invoke(EndpointMBean.java:97)
	at java.management/com.sun.jmx.interceptor.DefaultMBeanServerInterceptor.invoke(DefaultMBeanServerInterceptor.java:814)
	at java.management/com.sun.jmx.mbeanserver.JmxMBeanServer.invoke(JmxMBeanServer.java:802)
	at java.management.rmi/javax.management.remote.rmi.RMIConnectionImpl.doOperation(RMIConnectionImpl.java:1472)
	at java.management.rmi/javax.management.remote.rmi.RMIConnectionImpl$PrivilegedOperation.run(RMIConnectionImpl.java:1310)
	at java.management.rmi/javax.management.remote.rmi.RMIConnectionImpl.doPrivilegedOperation(RMIConnectionImpl.java:1405)
	at java.management.rmi/javax.management.remote.rmi.RMIConnectionImpl.invoke(RMIConnectionImpl.java:829)
	at java.base/jdk.internal.reflect.GeneratedMethodAccessor16.invoke(Unknown Source)
	at java.base/jdk.internal.reflect.DelegatingMethodAccessorImpl.invoke(DelegatingMethodAccessorImpl.java:43)
	at java.base/java.lang.reflect.Method.invoke(Method.java:568)
	at java.rmi/sun.rmi.server.UnicastServerRef.dispatch(UnicastServerRef.java:360)
	at java.rmi/sun.rmi.transport.Transport$1.run(Transport.java:200)
	at java.rmi/sun.rmi.transport.Transport$1.run(Transport.java:197)
	at java.base/java.security.AccessController.doPrivileged(AccessController.java:712)
	at java.rmi/sun.rmi.transport.Transport.serviceCall(Transport.java:196)
	at java.rmi/sun.rmi.transport.tcp.TCPTransport.handleMessages(TCPTransport.java:587)
	at java.rmi/sun.rmi.transport.tcp.TCPTransport$ConnectionHandler.run0(TCPTransport.java:828)
	at java.rmi/sun.rmi.transport.tcp.TCPTransport$ConnectionHandler.lambda$run$0(TCPTransport.java:705)
	at java.base/java.security.AccessController.doPrivileged(AccessController.java:399)
	at java.rmi/sun.rmi.transport.tcp.TCPTransport$ConnectionHandler.run(TCPTransport.java:704)
	at java.base/java.util.concurrent.ThreadPoolExecutor.runWorker(ThreadPoolExecutor.java:1136)
	at java.base/java.util.concurrent.ThreadPoolExecutor$Worker.run(ThreadPoolExecutor.java:635)
	at java.base/java.lang.Thread.run(Thread.java:842)
2024-11-21 09:34:15.267|WARN|RMI TCP Connection(8)-192.168.159.1|o.s.b.a.h.HealthEndpointSupport|line-181||Health contributor org.springframework.boot.actuate.mail.MailHealthIndicator (mail) took 30084ms to respond
2024-11-21 15:57:08.870|WARN|RMI TCP Connection(4)-192.168.159.1|o.s.b.a.m.MailHealthIndicator|line-94||Mail health check failed
jakarta.mail.MessagingException: Got bad greeting from SMTP host: smtp.qq.com, port: 465, response: [EOF]
	at com.sun.mail.smtp.SMTPTransport.openServer(SMTPTransport.java:2247)
	at com.sun.mail.smtp.SMTPTransport.protocolConnect(SMTPTransport.java:754)
	at jakarta.mail.Service.connect(Service.java:342)
	at org.springframework.mail.javamail.JavaMailSenderImpl.connectTransport(JavaMailSenderImpl.java:518)
	at org.springframework.mail.javamail.JavaMailSenderImpl.testConnection(JavaMailSenderImpl.java:398)
	at org.springframework.boot.actuate.mail.MailHealthIndicator.doHealthCheck(MailHealthIndicator.java:42)
	at org.springframework.boot.actuate.health.AbstractHealthIndicator.health(AbstractHealthIndicator.java:82)
	at org.springframework.boot.actuate.health.HealthIndicator.getHealth(HealthIndicator.java:37)
	at org.springframework.boot.actuate.health.HealthEndpoint.getHealth(HealthEndpoint.java:82)
	at org.springframework.boot.actuate.health.HealthEndpoint.getHealth(HealthEndpoint.java:41)
	at org.springframework.boot.actuate.health.HealthEndpointSupport.getLoggedHealth(HealthEndpointSupport.java:172)
	at org.springframework.boot.actuate.health.HealthEndpointSupport.getContribution(HealthEndpointSupport.java:145)
	at org.springframework.boot.actuate.health.HealthEndpointSupport.getAggregateContribution(HealthEndpointSupport.java:156)
	at org.springframework.boot.actuate.health.HealthEndpointSupport.getContribution(HealthEndpointSupport.java:141)
	at org.springframework.boot.actuate.health.HealthEndpointSupport.getHealth(HealthEndpointSupport.java:110)
	at org.springframework.boot.actuate.health.HealthEndpointSupport.getHealth(HealthEndpointSupport.java:81)
	at org.springframework.boot.actuate.health.HealthEndpoint.health(HealthEndpoint.java:76)
	at org.springframework.boot.actuate.health.HealthEndpoint.health(HealthEndpoint.java:66)
	at java.base/jdk.internal.reflect.NativeMethodAccessorImpl.invoke0(Native Method)
	at java.base/jdk.internal.reflect.NativeMethodAccessorImpl.invoke(NativeMethodAccessorImpl.java:77)
	at java.base/jdk.internal.reflect.DelegatingMethodAccessorImpl.invoke(DelegatingMethodAccessorImpl.java:43)
	at java.base/java.lang.reflect.Method.invoke(Method.java:568)
	at org.springframework.util.ReflectionUtils.invokeMethod(ReflectionUtils.java:281)
	at org.springframework.boot.actuate.endpoint.invoke.reflect.ReflectiveOperationInvoker.invoke(ReflectiveOperationInvoker.java:74)
	at org.springframework.boot.actuate.endpoint.annotation.AbstractDiscoveredOperation.invoke(AbstractDiscoveredOperation.java:60)
	at org.springframework.boot.actuate.endpoint.jmx.EndpointMBean.invoke(EndpointMBean.java:122)
	at org.springframework.boot.actuate.endpoint.jmx.EndpointMBean.invoke(EndpointMBean.java:97)
	at java.management/com.sun.jmx.interceptor.DefaultMBeanServerInterceptor.invoke(DefaultMBeanServerInterceptor.java:814)
	at java.management/com.sun.jmx.mbeanserver.JmxMBeanServer.invoke(JmxMBeanServer.java:802)
	at java.management.rmi/javax.management.remote.rmi.RMIConnectionImpl.doOperation(RMIConnectionImpl.java:1472)
	at java.management.rmi/javax.management.remote.rmi.RMIConnectionImpl$PrivilegedOperation.run(RMIConnectionImpl.java:1310)
	at java.management.rmi/javax.management.remote.rmi.RMIConnectionImpl.doPrivilegedOperation(RMIConnectionImpl.java:1405)
	at java.management.rmi/javax.management.remote.rmi.RMIConnectionImpl.invoke(RMIConnectionImpl.java:829)
	at java.base/jdk.internal.reflect.GeneratedMethodAccessor17.invoke(Unknown Source)
	at java.base/jdk.internal.reflect.DelegatingMethodAccessorImpl.invoke(DelegatingMethodAccessorImpl.java:43)
	at java.base/java.lang.reflect.Method.invoke(Method.java:568)
	at java.rmi/sun.rmi.server.UnicastServerRef.dispatch(UnicastServerRef.java:360)
	at java.rmi/sun.rmi.transport.Transport$1.run(Transport.java:200)
	at java.rmi/sun.rmi.transport.Transport$1.run(Transport.java:197)
	at java.base/java.security.AccessController.doPrivileged(AccessController.java:712)
	at java.rmi/sun.rmi.transport.Transport.serviceCall(Transport.java:196)
	at java.rmi/sun.rmi.transport.tcp.TCPTransport.handleMessages(TCPTransport.java:587)
	at java.rmi/sun.rmi.transport.tcp.TCPTransport$ConnectionHandler.run0(TCPTransport.java:828)
	at java.rmi/sun.rmi.transport.tcp.TCPTransport$ConnectionHandler.lambda$run$0(TCPTransport.java:705)
	at java.base/java.security.AccessController.doPrivileged(AccessController.java:399)
	at java.rmi/sun.rmi.transport.tcp.TCPTransport$ConnectionHandler.run(TCPTransport.java:704)
	at java.base/java.util.concurrent.ThreadPoolExecutor.runWorker(ThreadPoolExecutor.java:1136)
	at java.base/java.util.concurrent.ThreadPoolExecutor$Worker.run(ThreadPoolExecutor.java:635)
	at java.base/java.lang.Thread.run(Thread.java:842)
2024-11-21 15:57:08.885|WARN|RMI TCP Connection(4)-192.168.159.1|o.s.b.a.h.HealthEndpointSupport|line-181||Health contributor org.springframework.boot.actuate.mail.MailHealthIndicator (mail) took 30119ms to respond
2024-11-21 16:00:00.987|WARN|RMI TCP Connection(6)-192.168.159.1|o.s.b.a.m.MailHealthIndicator|line-94||Mail health check failed
jakarta.mail.MessagingException: Got bad greeting from SMTP host: smtp.qq.com, port: 465, response: [EOF]
	at com.sun.mail.smtp.SMTPTransport.openServer(SMTPTransport.java:2247)
	at com.sun.mail.smtp.SMTPTransport.protocolConnect(SMTPTransport.java:754)
	at jakarta.mail.Service.connect(Service.java:342)
	at org.springframework.mail.javamail.JavaMailSenderImpl.connectTransport(JavaMailSenderImpl.java:518)
	at org.springframework.mail.javamail.JavaMailSenderImpl.testConnection(JavaMailSenderImpl.java:398)
	at org.springframework.boot.actuate.mail.MailHealthIndicator.doHealthCheck(MailHealthIndicator.java:42)
	at org.springframework.boot.actuate.health.AbstractHealthIndicator.health(AbstractHealthIndicator.java:82)
	at org.springframework.boot.actuate.health.HealthIndicator.getHealth(HealthIndicator.java:37)
	at org.springframework.boot.actuate.health.HealthEndpoint.getHealth(HealthEndpoint.java:82)
	at org.springframework.boot.actuate.health.HealthEndpoint.getHealth(HealthEndpoint.java:41)
	at org.springframework.boot.actuate.health.HealthEndpointSupport.getLoggedHealth(HealthEndpointSupport.java:172)
	at org.springframework.boot.actuate.health.HealthEndpointSupport.getContribution(HealthEndpointSupport.java:145)
	at org.springframework.boot.actuate.health.HealthEndpointSupport.getAggregateContribution(HealthEndpointSupport.java:156)
	at org.springframework.boot.actuate.health.HealthEndpointSupport.getContribution(HealthEndpointSupport.java:141)
	at org.springframework.boot.actuate.health.HealthEndpointSupport.getHealth(HealthEndpointSupport.java:110)
	at org.springframework.boot.actuate.health.HealthEndpointSupport.getHealth(HealthEndpointSupport.java:81)
	at org.springframework.boot.actuate.health.HealthEndpoint.health(HealthEndpoint.java:76)
	at org.springframework.boot.actuate.health.HealthEndpoint.health(HealthEndpoint.java:66)
	at java.base/jdk.internal.reflect.NativeMethodAccessorImpl.invoke0(Native Method)
	at java.base/jdk.internal.reflect.NativeMethodAccessorImpl.invoke(NativeMethodAccessorImpl.java:77)
	at java.base/jdk.internal.reflect.DelegatingMethodAccessorImpl.invoke(DelegatingMethodAccessorImpl.java:43)
	at java.base/java.lang.reflect.Method.invoke(Method.java:568)
	at org.springframework.util.ReflectionUtils.invokeMethod(ReflectionUtils.java:281)
	at org.springframework.boot.actuate.endpoint.invoke.reflect.ReflectiveOperationInvoker.invoke(ReflectiveOperationInvoker.java:74)
	at org.springframework.boot.actuate.endpoint.annotation.AbstractDiscoveredOperation.invoke(AbstractDiscoveredOperation.java:60)
	at org.springframework.boot.actuate.endpoint.jmx.EndpointMBean.invoke(EndpointMBean.java:122)
	at org.springframework.boot.actuate.endpoint.jmx.EndpointMBean.invoke(EndpointMBean.java:97)
	at java.management/com.sun.jmx.interceptor.DefaultMBeanServerInterceptor.invoke(DefaultMBeanServerInterceptor.java:814)
	at java.management/com.sun.jmx.mbeanserver.JmxMBeanServer.invoke(JmxMBeanServer.java:802)
	at java.management.rmi/javax.management.remote.rmi.RMIConnectionImpl.doOperation(RMIConnectionImpl.java:1472)
	at java.management.rmi/javax.management.remote.rmi.RMIConnectionImpl$PrivilegedOperation.run(RMIConnectionImpl.java:1310)
	at java.management.rmi/javax.management.remote.rmi.RMIConnectionImpl.doPrivilegedOperation(RMIConnectionImpl.java:1405)
	at java.management.rmi/javax.management.remote.rmi.RMIConnectionImpl.invoke(RMIConnectionImpl.java:829)
	at java.base/jdk.internal.reflect.NativeMethodAccessorImpl.invoke0(Native Method)
	at java.base/jdk.internal.reflect.NativeMethodAccessorImpl.invoke(NativeMethodAccessorImpl.java:77)
	at java.base/jdk.internal.reflect.DelegatingMethodAccessorImpl.invoke(DelegatingMethodAccessorImpl.java:43)
	at java.base/java.lang.reflect.Method.invoke(Method.java:568)
	at java.rmi/sun.rmi.server.UnicastServerRef.dispatch(UnicastServerRef.java:360)
	at java.rmi/sun.rmi.transport.Transport$1.run(Transport.java:200)
	at java.rmi/sun.rmi.transport.Transport$1.run(Transport.java:197)
	at java.base/java.security.AccessController.doPrivileged(AccessController.java:712)
	at java.rmi/sun.rmi.transport.Transport.serviceCall(Transport.java:196)
	at java.rmi/sun.rmi.transport.tcp.TCPTransport.handleMessages(TCPTransport.java:587)
	at java.rmi/sun.rmi.transport.tcp.TCPTransport$ConnectionHandler.run0(TCPTransport.java:828)
	at java.rmi/sun.rmi.transport.tcp.TCPTransport$ConnectionHandler.lambda$run$0(TCPTransport.java:705)
	at java.base/java.security.AccessController.doPrivileged(AccessController.java:399)
	at java.rmi/sun.rmi.transport.tcp.TCPTransport$ConnectionHandler.run(TCPTransport.java:704)
	at java.base/java.util.concurrent.ThreadPoolExecutor.runWorker(ThreadPoolExecutor.java:1136)
	at java.base/java.util.concurrent.ThreadPoolExecutor$Worker.run(ThreadPoolExecutor.java:635)
	at java.base/java.lang.Thread.run(Thread.java:842)
2024-11-21 16:00:01.003|WARN|RMI TCP Connection(6)-192.168.159.1|o.s.b.a.h.HealthEndpointSupport|line-181||Health contributor org.springframework.boot.actuate.mail.MailHealthIndicator (mail) took 30078ms to respond
2024-11-21 16:01:21.092|WARN|http-nio-8088-exec-2|w.f.o.a.c.MyFormController|line-45|traceId_884711198699300|fieldOptions: []
2024-11-21 16:01:23.222|WARN|RMI TCP Connection(13)-192.168.159.1|o.s.b.a.m.MailHealthIndicator|line-94||Mail health check failed
jakarta.mail.MessagingException: Got bad greeting from SMTP host: smtp.qq.com, port: 465, response: [EOF]
	at com.sun.mail.smtp.SMTPTransport.openServer(SMTPTransport.java:2247)
	at com.sun.mail.smtp.SMTPTransport.protocolConnect(SMTPTransport.java:754)
	at jakarta.mail.Service.connect(Service.java:342)
	at org.springframework.mail.javamail.JavaMailSenderImpl.connectTransport(JavaMailSenderImpl.java:518)
	at org.springframework.mail.javamail.JavaMailSenderImpl.testConnection(JavaMailSenderImpl.java:398)
	at org.springframework.boot.actuate.mail.MailHealthIndicator.doHealthCheck(MailHealthIndicator.java:42)
	at org.springframework.boot.actuate.health.AbstractHealthIndicator.health(AbstractHealthIndicator.java:82)
	at org.springframework.boot.actuate.health.HealthIndicator.getHealth(HealthIndicator.java:37)
	at org.springframework.boot.actuate.health.HealthEndpoint.getHealth(HealthEndpoint.java:82)
	at org.springframework.boot.actuate.health.HealthEndpoint.getHealth(HealthEndpoint.java:41)
	at org.springframework.boot.actuate.health.HealthEndpointSupport.getLoggedHealth(HealthEndpointSupport.java:172)
	at org.springframework.boot.actuate.health.HealthEndpointSupport.getContribution(HealthEndpointSupport.java:145)
	at org.springframework.boot.actuate.health.HealthEndpointSupport.getAggregateContribution(HealthEndpointSupport.java:156)
	at org.springframework.boot.actuate.health.HealthEndpointSupport.getContribution(HealthEndpointSupport.java:141)
	at org.springframework.boot.actuate.health.HealthEndpointSupport.getHealth(HealthEndpointSupport.java:110)
	at org.springframework.boot.actuate.health.HealthEndpointSupport.getHealth(HealthEndpointSupport.java:81)
	at org.springframework.boot.actuate.health.HealthEndpoint.health(HealthEndpoint.java:76)
	at org.springframework.boot.actuate.health.HealthEndpoint.health(HealthEndpoint.java:66)
	at java.base/jdk.internal.reflect.NativeMethodAccessorImpl.invoke0(Native Method)
	at java.base/jdk.internal.reflect.NativeMethodAccessorImpl.invoke(NativeMethodAccessorImpl.java:77)
	at java.base/jdk.internal.reflect.DelegatingMethodAccessorImpl.invoke(DelegatingMethodAccessorImpl.java:43)
	at java.base/java.lang.reflect.Method.invoke(Method.java:568)
	at org.springframework.util.ReflectionUtils.invokeMethod(ReflectionUtils.java:281)
	at org.springframework.boot.actuate.endpoint.invoke.reflect.ReflectiveOperationInvoker.invoke(ReflectiveOperationInvoker.java:74)
	at org.springframework.boot.actuate.endpoint.annotation.AbstractDiscoveredOperation.invoke(AbstractDiscoveredOperation.java:60)
	at org.springframework.boot.actuate.endpoint.jmx.EndpointMBean.invoke(EndpointMBean.java:122)
	at org.springframework.boot.actuate.endpoint.jmx.EndpointMBean.invoke(EndpointMBean.java:97)
	at java.management/com.sun.jmx.interceptor.DefaultMBeanServerInterceptor.invoke(DefaultMBeanServerInterceptor.java:814)
	at java.management/com.sun.jmx.mbeanserver.JmxMBeanServer.invoke(JmxMBeanServer.java:802)
	at java.management.rmi/javax.management.remote.rmi.RMIConnectionImpl.doOperation(RMIConnectionImpl.java:1472)
	at java.management.rmi/javax.management.remote.rmi.RMIConnectionImpl$PrivilegedOperation.run(RMIConnectionImpl.java:1310)
	at java.management.rmi/javax.management.remote.rmi.RMIConnectionImpl.doPrivilegedOperation(RMIConnectionImpl.java:1405)
	at java.management.rmi/javax.management.remote.rmi.RMIConnectionImpl.invoke(RMIConnectionImpl.java:829)
	at java.base/jdk.internal.reflect.NativeMethodAccessorImpl.invoke0(Native Method)
	at java.base/jdk.internal.reflect.NativeMethodAccessorImpl.invoke(NativeMethodAccessorImpl.java:77)
	at java.base/jdk.internal.reflect.DelegatingMethodAccessorImpl.invoke(DelegatingMethodAccessorImpl.java:43)
	at java.base/java.lang.reflect.Method.invoke(Method.java:568)
	at java.rmi/sun.rmi.server.UnicastServerRef.dispatch(UnicastServerRef.java:360)
	at java.rmi/sun.rmi.transport.Transport$1.run(Transport.java:200)
	at java.rmi/sun.rmi.transport.Transport$1.run(Transport.java:197)
	at java.base/java.security.AccessController.doPrivileged(AccessController.java:712)
	at java.rmi/sun.rmi.transport.Transport.serviceCall(Transport.java:196)
	at java.rmi/sun.rmi.transport.tcp.TCPTransport.handleMessages(TCPTransport.java:587)
	at java.rmi/sun.rmi.transport.tcp.TCPTransport$ConnectionHandler.run0(TCPTransport.java:828)
	at java.rmi/sun.rmi.transport.tcp.TCPTransport$ConnectionHandler.lambda$run$0(TCPTransport.java:705)
	at java.base/java.security.AccessController.doPrivileged(AccessController.java:399)
	at java.rmi/sun.rmi.transport.tcp.TCPTransport$ConnectionHandler.run(TCPTransport.java:704)
	at java.base/java.util.concurrent.ThreadPoolExecutor.runWorker(ThreadPoolExecutor.java:1136)
	at java.base/java.util.concurrent.ThreadPoolExecutor$Worker.run(ThreadPoolExecutor.java:635)
	at java.base/java.lang.Thread.run(Thread.java:842)
2024-11-21 16:01:23.225|WARN|RMI TCP Connection(13)-192.168.159.1|o.s.b.a.h.HealthEndpointSupport|line-181||Health contributor org.springframework.boot.actuate.mail.MailHealthIndicator (mail) took 30067ms to respond
2024-11-21 16:01:34.700|WARN|http-nio-8088-exec-3|w.f.o.a.c.MyFormController|line-45|traceId_884725266786200|fieldOptions: []
2024-11-21 16:03:25.155|WARN|http-nio-8088-exec-6|w.f.o.a.c.MyFormController|line-45|traceId_884835731376300|fieldOptions: [FieldOptionVo(id=1, templateFieldId=1, optionValue=年假, optionLabel=年假, oprionSort=1), FieldOptionVo(id=2, templateFieldId=1, optionValue=事假, optionLabel=事假, oprionSort=2), FieldOptionVo(id=3, templateFieldId=1, optionValue=病假, optionLabel=病假, oprionSort=3), FieldOptionVo(id=4, templateFieldId=1, optionValue=调休, optionLabel=调休, oprionSort=4), FieldOptionVo(id=5, templateFieldId=1, optionValue=产假, optionLabel=产假, oprionSort=5), FieldOptionVo(id=6, templateFieldId=1, optionValue=陪产假, optionLabel=陪产假, oprionSort=6), FieldOptionVo(id=7, templateFieldId=1, optionValue=婚假, optionLabel=婚假, oprionSort=7), FieldOptionVo(id=8, templateFieldId=1, optionValue=例假, optionLabel=例假, oprionSort=8), FieldOptionVo(id=9, templateFieldId=1, optionValue=丧假, optionLabel=丧假, oprionSort=9)]
2024-11-21 16:20:36.566|WARN|http-nio-8088-exec-9|w.f.o.a.c.MyFormController|line-45|traceId_885867140398100|fieldOptions: [FieldOptionVo(id=1, templateFieldId=1, optionValue=年假, optionLabel=年假, oprionSort=1), FieldOptionVo(id=2, templateFieldId=1, optionValue=事假, optionLabel=事假, oprionSort=2), FieldOptionVo(id=3, templateFieldId=1, optionValue=病假, optionLabel=病假, oprionSort=3), FieldOptionVo(id=4, templateFieldId=1, optionValue=调休, optionLabel=调休, oprionSort=4), FieldOptionVo(id=5, templateFieldId=1, optionValue=产假, optionLabel=产假, oprionSort=5), FieldOptionVo(id=6, templateFieldId=1, optionValue=陪产假, optionLabel=陪产假, oprionSort=6), FieldOptionVo(id=7, templateFieldId=1, optionValue=婚假, optionLabel=婚假, oprionSort=7), FieldOptionVo(id=8, templateFieldId=1, optionValue=例假, optionLabel=例假, oprionSort=8), FieldOptionVo(id=9, templateFieldId=1, optionValue=丧假, optionLabel=丧假, oprionSort=9)]
2024-11-21 16:20:55.944|WARN|http-nio-8088-exec-10|w.f.o.a.c.MyFormController|line-45|traceId_885886518587800|fieldOptions: [FieldOptionVo(id=1, templateFieldId=1, optionValue=年假, optionLabel=年假, oprionSort=1), FieldOptionVo(id=2, templateFieldId=1, optionValue=事假, optionLabel=事假, oprionSort=2), FieldOptionVo(id=3, templateFieldId=1, optionValue=病假, optionLabel=病假, oprionSort=3), FieldOptionVo(id=4, templateFieldId=1, optionValue=调休, optionLabel=调休, oprionSort=4), FieldOptionVo(id=5, templateFieldId=1, optionValue=产假, optionLabel=产假, oprionSort=5), FieldOptionVo(id=6, templateFieldId=1, optionValue=陪产假, optionLabel=陪产假, oprionSort=6), FieldOptionVo(id=7, templateFieldId=1, optionValue=婚假, optionLabel=婚假, oprionSort=7), FieldOptionVo(id=8, templateFieldId=1, optionValue=例假, optionLabel=例假, oprionSort=8), FieldOptionVo(id=9, templateFieldId=1, optionValue=丧假, optionLabel=丧假, oprionSort=9)]
2024-11-21 16:24:13.531|WARN|http-nio-8088-exec-5|w.f.o.a.c.MyFormController|line-45|traceId_886084105089900|fieldOptions: [FieldOptionVo(id=1, templateFieldId=1, optionValue=年假, optionLabel=年假, oprionSort=1), FieldOptionVo(id=2, templateFieldId=1, optionValue=事假, optionLabel=事假, oprionSort=2), FieldOptionVo(id=3, templateFieldId=1, optionValue=病假, optionLabel=病假, oprionSort=3), FieldOptionVo(id=4, templateFieldId=1, optionValue=调休, optionLabel=调休, oprionSort=4), FieldOptionVo(id=5, templateFieldId=1, optionValue=产假, optionLabel=产假, oprionSort=5), FieldOptionVo(id=6, templateFieldId=1, optionValue=陪产假, optionLabel=陪产假, oprionSort=6), FieldOptionVo(id=7, templateFieldId=1, optionValue=婚假, optionLabel=婚假, oprionSort=7), FieldOptionVo(id=8, templateFieldId=1, optionValue=例假, optionLabel=例假, oprionSort=8), FieldOptionVo(id=9, templateFieldId=1, optionValue=丧假, optionLabel=丧假, oprionSort=9)]
2024-11-21 16:24:28.504|WARN|http-nio-8088-exec-6|w.f.o.a.c.MyFormController|line-45|traceId_886099079905700|fieldOptions: [FieldOptionVo(id=1, templateFieldId=1, optionValue=年假, optionLabel=年假, oprionSort=1), FieldOptionVo(id=2, templateFieldId=1, optionValue=事假, optionLabel=事假, oprionSort=2), FieldOptionVo(id=3, templateFieldId=1, optionValue=病假, optionLabel=病假, oprionSort=3), FieldOptionVo(id=4, templateFieldId=1, optionValue=调休, optionLabel=调休, oprionSort=4), FieldOptionVo(id=5, templateFieldId=1, optionValue=产假, optionLabel=产假, oprionSort=5), FieldOptionVo(id=6, templateFieldId=1, optionValue=陪产假, optionLabel=陪产假, oprionSort=6), FieldOptionVo(id=7, templateFieldId=1, optionValue=婚假, optionLabel=婚假, oprionSort=7), FieldOptionVo(id=8, templateFieldId=1, optionValue=例假, optionLabel=例假, oprionSort=8), FieldOptionVo(id=9, templateFieldId=1, optionValue=丧假, optionLabel=丧假, oprionSort=9)]
2024-11-21 16:27:05.499|WARN|http-nio-8088-exec-9|w.f.o.a.c.MyFormController|line-45|traceId_886256073953300|fieldOptions: [FieldOptionVo(id=1, templateFieldId=1, optionValue=年假, optionLabel=年假, oprionSort=1), FieldOptionVo(id=2, templateFieldId=1, optionValue=事假, optionLabel=事假, oprionSort=2), FieldOptionVo(id=3, templateFieldId=1, optionValue=病假, optionLabel=病假, oprionSort=3), FieldOptionVo(id=4, templateFieldId=1, optionValue=调休, optionLabel=调休, oprionSort=4), FieldOptionVo(id=5, templateFieldId=1, optionValue=产假, optionLabel=产假, oprionSort=5), FieldOptionVo(id=6, templateFieldId=1, optionValue=陪产假, optionLabel=陪产假, oprionSort=6), FieldOptionVo(id=7, templateFieldId=1, optionValue=婚假, optionLabel=婚假, oprionSort=7), FieldOptionVo(id=8, templateFieldId=1, optionValue=例假, optionLabel=例假, oprionSort=8), FieldOptionVo(id=9, templateFieldId=1, optionValue=丧假, optionLabel=丧假, oprionSort=9)]
2024-11-21 16:27:05.503|WARN|http-nio-8088-exec-9|w.f.o.a.c.MyFormController|line-45|traceId_886256073953300|fieldOptions: [FieldOptionVo(id=10, templateFieldId=6, optionValue=多选项1, optionLabel=多选项1, oprionSort=1), FieldOptionVo(id=11, templateFieldId=6, optionValue=多选项2, optionLabel=多选项2, oprionSort=2), FieldOptionVo(id=12, templateFieldId=6, optionValue=多选项3, optionLabel=多选项3, oprionSort=3), FieldOptionVo(id=13, templateFieldId=6, optionValue=多选项4, optionLabel=多选项4, oprionSort=4), FieldOptionVo(id=14, templateFieldId=6, optionValue=多选项5, optionLabel=多选项5, oprionSort=5)]
2024-11-21 16:34:55.368|WARN|http-nio-8088-exec-2|w.f.o.a.c.MyFormController|line-45|traceId_886725945818600|fieldOptions: [FieldOptionVo(id=1, templateFieldId=1, optionValue=年假, optionLabel=年假, oprionSort=1), FieldOptionVo(id=2, templateFieldId=1, optionValue=事假, optionLabel=事假, oprionSort=2), FieldOptionVo(id=3, templateFieldId=1, optionValue=病假, optionLabel=病假, oprionSort=3), FieldOptionVo(id=4, templateFieldId=1, optionValue=调休, optionLabel=调休, oprionSort=4), FieldOptionVo(id=5, templateFieldId=1, optionValue=产假, optionLabel=产假, oprionSort=5), FieldOptionVo(id=6, templateFieldId=1, optionValue=陪产假, optionLabel=陪产假, oprionSort=6), FieldOptionVo(id=7, templateFieldId=1, optionValue=婚假, optionLabel=婚假, oprionSort=7), FieldOptionVo(id=8, templateFieldId=1, optionValue=例假, optionLabel=例假, oprionSort=8), FieldOptionVo(id=9, templateFieldId=1, optionValue=丧假, optionLabel=丧假, oprionSort=9)]
2024-11-21 16:34:55.371|WARN|http-nio-8088-exec-2|w.f.o.a.c.MyFormController|line-45|traceId_886725945818600|fieldOptions: [FieldOptionVo(id=10, templateFieldId=6, optionValue=多选项1, optionLabel=多选项1, oprionSort=1), FieldOptionVo(id=11, templateFieldId=6, optionValue=多选项2, optionLabel=多选项2, oprionSort=2), FieldOptionVo(id=12, templateFieldId=6, optionValue=多选项3, optionLabel=多选项3, oprionSort=3), FieldOptionVo(id=13, templateFieldId=6, optionValue=多选项4, optionLabel=多选项4, oprionSort=4), FieldOptionVo(id=14, templateFieldId=6, optionValue=多选项5, optionLabel=多选项5, oprionSort=5)]
