2024-11-21 09:33:39.857|INFO|main|w.f.o.OfficeControllerApplication|line-51||Starting OfficeControllerApplication using Java 17.0.11 with PID 29340 (D:\My Project\myOASys\target\classes started by zds in D:\My Project\myOASys)
2024-11-21 09:33:39.859|INFO|main|w.f.o.OfficeControllerApplication|line-630||No active profile set, falling back to 1 default profile: "default"
2024-11-21 09:33:42.621|INFO|main|o.s.d.r.c.RepositoryConfigurationDelegate|line-291||Multiple Spring Data modules found, entering strict repository configuration mode
2024-11-21 09:33:42.625|INFO|main|o.s.d.r.c.RepositoryConfigurationDelegate|line-138||Bootstrapping Spring Data Redis repositories in DEFAULT mode.
2024-11-21 09:33:42.655|INFO|main|o.s.d.r.c.RepositoryConfigurationDelegate|line-208||Finished Spring Data repository scanning in 17 ms. Found 0 Redis repository interfaces.
2024-11-21 09:33:43.036|INFO|main|o.s.b.w.e.t.TomcatWebServer|line-108||Tomcat initialized with port(s): 8088 (http)
2024-11-21 09:33:43.044|INFO|main|o.a.c.h.Http11NioProtocol|line-173||Initializing ProtocolHandler ["http-nio-8088"]
2024-11-21 09:33:43.045|INFO|main|o.a.c.c.StandardService|line-173||Starting service [Tomcat]
2024-11-21 09:33:43.046|INFO|main|o.a.c.c.StandardEngine|line-173||Starting Servlet engine: [Apache Tomcat/10.1.5]
2024-11-21 09:33:43.116|INFO|main|o.a.c.c.C.[.[.[/]|line-173||Initializing Spring embedded WebApplicationContext
2024-11-21 09:33:43.117|INFO|main|o.s.b.w.s.c.ServletWebServerApplicationContext|line-291||Root WebApplicationContext: initialization completed in 3222 ms
2024-11-21 09:33:43.195|INFO|main|w.f.o.c.s.MyFilter|line-16||MyFilter来啦！！！！
2024-11-21 09:33:43.947|INFO|main|w.f.o.c.o.OssConfiguration|line-17||创建 OssUtil
2024-11-21 09:33:44.760|INFO|main|o.s.b.a.e.w.EndpointLinksResolver|line-58||Exposing 1 endpoint(s) beneath base path '/actuator'
2024-11-21 09:33:44.844|INFO|main|o.a.c.h.Http11NioProtocol|line-173||Starting ProtocolHandler ["http-nio-8088"]
2024-11-21 09:33:44.856|INFO|main|o.s.b.w.e.t.TomcatWebServer|line-220||Tomcat started on port(s): 8088 (http) with context path ''
2024-11-21 09:33:44.867|INFO|main|w.f.o.OfficeControllerApplication|line-57||Started OfficeControllerApplication in 5.367 seconds (process running for 7.473)
2024-11-21 09:33:45.052|INFO|RMI TCP Connection(8)-192.168.159.1|c.z.h.HikariDataSource|line-110||HikariPool-1 - Starting...
2024-11-21 09:33:45.166|INFO|RMI TCP Connection(8)-192.168.159.1|c.z.h.p.HikariPool|line-565||HikariPool-1 - Added connection com.mysql.cj.jdbc.ConnectionImpl@37d831f7
2024-11-21 09:33:45.173|INFO|RMI TCP Connection(8)-192.168.159.1|c.z.h.HikariDataSource|line-123||HikariPool-1 - Start completed.
2024-11-21 09:34:15.261|WARN|RMI TCP Connection(8)-192.168.159.1|o.s.b.a.m.MailHealthIndicator|line-94||Mail health check failed
jakarta.mail.MessagingException: Got bad greeting from SMTP host: smtp.qq.com, port: 465, response: [EOF]
	at com.sun.mail.smtp.SMTPTransport.openServer(SMTPTransport.java:2247)
	at com.sun.mail.smtp.SMTPTransport.protocolConnect(SMTPTransport.java:754)
	at jakarta.mail.Service.connect(Service.java:342)
	at org.springframework.mail.javamail.JavaMailSenderImpl.connectTransport(JavaMailSenderImpl.java:518)
	at org.springframework.mail.javamail.JavaMailSenderImpl.testConnection(JavaMailSenderImpl.java:398)
	at org.springframework.boot.actuate.mail.MailHealthIndicator.doHealthCheck(MailHealthIndicator.java:42)
	at org.springframework.boot.actuate.health.AbstractHealthIndicator.health(AbstractHealthIndicator.java:82)
	at org.springframework.boot.actuate.health.HealthIndicator.getHealth(HealthIndicator.java:37)
	at org.springframework.boot.actuate.health.HealthEndpoint.getHealth(HealthEndpoint.java:82)
	at org.springframework.boot.actuate.health.HealthEndpoint.getHealth(HealthEndpoint.java:41)
	at org.springframework.boot.actuate.health.HealthEndpointSupport.getLoggedHealth(HealthEndpointSupport.java:172)
	at org.springframework.boot.actuate.health.HealthEndpointSupport.getContribution(HealthEndpointSupport.java:145)
	at org.springframework.boot.actuate.health.HealthEndpointSupport.getAggregateContribution(HealthEndpointSupport.java:156)
	at org.springframework.boot.actuate.health.HealthEndpointSupport.getContribution(HealthEndpointSupport.java:141)
	at org.springframework.boot.actuate.health.HealthEndpointSupport.getHealth(HealthEndpointSupport.java:110)
	at org.springframework.boot.actuate.health.HealthEndpointSupport.getHealth(HealthEndpointSupport.java:81)
	at org.springframework.boot.actuate.health.HealthEndpoint.health(HealthEndpoint.java:76)
	at org.springframework.boot.actuate.health.HealthEndpoint.health(HealthEndpoint.java:66)
	at java.base/jdk.internal.reflect.NativeMethodAccessorImpl.invoke0(Native Method)
	at java.base/jdk.internal.reflect.NativeMethodAccessorImpl.invoke(NativeMethodAccessorImpl.java:77)
	at java.base/jdk.internal.reflect.DelegatingMethodAccessorImpl.invoke(DelegatingMethodAccessorImpl.java:43)
	at java.base/java.lang.reflect.Method.invoke(Method.java:568)
	at org.springframework.util.ReflectionUtils.invokeMethod(ReflectionUtils.java:281)
	at org.springframework.boot.actuate.endpoint.invoke.reflect.ReflectiveOperationInvoker.invoke(ReflectiveOperationInvoker.java:74)
	at org.springframework.boot.actuate.endpoint.annotation.AbstractDiscoveredOperation.invoke(AbstractDiscoveredOperation.java:60)
	at org.springframework.boot.actuate.endpoint.jmx.EndpointMBean.invoke(EndpointMBean.java:122)
	at org.springframework.boot.actuate.endpoint.jmx.EndpointMBean.invoke(EndpointMBean.java:97)
	at java.management/com.sun.jmx.interceptor.DefaultMBeanServerInterceptor.invoke(DefaultMBeanServerInterceptor.java:814)
	at java.management/com.sun.jmx.mbeanserver.JmxMBeanServer.invoke(JmxMBeanServer.java:802)
	at java.management.rmi/javax.management.remote.rmi.RMIConnectionImpl.doOperation(RMIConnectionImpl.java:1472)
	at java.management.rmi/javax.management.remote.rmi.RMIConnectionImpl$PrivilegedOperation.run(RMIConnectionImpl.java:1310)
	at java.management.rmi/javax.management.remote.rmi.RMIConnectionImpl.doPrivilegedOperation(RMIConnectionImpl.java:1405)
	at java.management.rmi/javax.management.remote.rmi.RMIConnectionImpl.invoke(RMIConnectionImpl.java:829)
	at java.base/jdk.internal.reflect.GeneratedMethodAccessor16.invoke(Unknown Source)
	at java.base/jdk.internal.reflect.DelegatingMethodAccessorImpl.invoke(DelegatingMethodAccessorImpl.java:43)
	at java.base/java.lang.reflect.Method.invoke(Method.java:568)
	at java.rmi/sun.rmi.server.UnicastServerRef.dispatch(UnicastServerRef.java:360)
	at java.rmi/sun.rmi.transport.Transport$1.run(Transport.java:200)
	at java.rmi/sun.rmi.transport.Transport$1.run(Transport.java:197)
	at java.base/java.security.AccessController.doPrivileged(AccessController.java:712)
	at java.rmi/sun.rmi.transport.Transport.serviceCall(Transport.java:196)
	at java.rmi/sun.rmi.transport.tcp.TCPTransport.handleMessages(TCPTransport.java:587)
	at java.rmi/sun.rmi.transport.tcp.TCPTransport$ConnectionHandler.run0(TCPTransport.java:828)
	at java.rmi/sun.rmi.transport.tcp.TCPTransport$ConnectionHandler.lambda$run$0(TCPTransport.java:705)
	at java.base/java.security.AccessController.doPrivileged(AccessController.java:399)
	at java.rmi/sun.rmi.transport.tcp.TCPTransport$ConnectionHandler.run(TCPTransport.java:704)
	at java.base/java.util.concurrent.ThreadPoolExecutor.runWorker(ThreadPoolExecutor.java:1136)
	at java.base/java.util.concurrent.ThreadPoolExecutor$Worker.run(ThreadPoolExecutor.java:635)
	at java.base/java.lang.Thread.run(Thread.java:842)
2024-11-21 09:34:15.267|WARN|RMI TCP Connection(8)-192.168.159.1|o.s.b.a.h.HealthEndpointSupport|line-181||Health contributor org.springframework.boot.actuate.mail.MailHealthIndicator (mail) took 30084ms to respond
2024-11-21 10:55:05.812|INFO|http-nio-8088-exec-1|o.a.c.c.C.[.[.[/]|line-173||Initializing Spring DispatcherServlet 'dispatcherServlet'
2024-11-21 10:55:05.813|INFO|http-nio-8088-exec-1|o.s.w.s.DispatcherServlet|line-532||Initializing Servlet 'dispatcherServlet'
2024-11-21 10:55:05.814|INFO|http-nio-8088-exec-1|o.s.w.s.DispatcherServlet|line-554||Completed initialization in 1 ms
2024-11-21 10:55:54.171|ERROR|http-nio-8088-exec-6|w.f.o.c.s.GlobalExceptionHandler|line-36|traceId_866384756693300|请求地址'/ueditor',未能读取到有效 token.
cn.dev33.satoken.exception.NotLoginException: 未能读取到有效 token
	at cn.dev33.satoken.exception.NotLoginException.newInstance(NotLoginException.java:134)
	at cn.dev33.satoken.stp.StpLogic.getLoginId(StpLogic.java:941)
	at cn.dev33.satoken.stp.StpLogic.checkLogin(StpLogic.java:923)
	at cn.dev33.satoken.stp.StpUtil.checkLogin(StpUtil.java:331)
	at wh.fcfz.officecontroller.config.satoken.SaTokenConfigure.lambda$addInterceptors$0(SaTokenConfigure.java:19)
	at cn.dev33.satoken.interceptor.SaInterceptor.preHandle(SaInterceptor.java:114)
	at org.springframework.web.servlet.HandlerExecutionChain.applyPreHandle(HandlerExecutionChain.java:146)
	at org.springframework.web.servlet.DispatcherServlet.doDispatch(DispatcherServlet.java:1075)
	at org.springframework.web.servlet.DispatcherServlet.doService(DispatcherServlet.java:973)
	at org.springframework.web.servlet.FrameworkServlet.processRequest(FrameworkServlet.java:1011)
	at org.springframework.web.servlet.FrameworkServlet.doGet(FrameworkServlet.java:903)
	at jakarta.servlet.http.HttpServlet.service(HttpServlet.java:705)
	at org.springframework.web.servlet.FrameworkServlet.service(FrameworkServlet.java:885)
	at jakarta.servlet.http.HttpServlet.service(HttpServlet.java:814)
	at org.apache.catalina.core.ApplicationFilterChain.internalDoFilter(ApplicationFilterChain.java:223)
	at org.apache.catalina.core.ApplicationFilterChain.doFilter(ApplicationFilterChain.java:158)
	at org.apache.tomcat.websocket.server.WsFilter.doFilter(WsFilter.java:53)
	at org.apache.catalina.core.ApplicationFilterChain.internalDoFilter(ApplicationFilterChain.java:185)
	at org.apache.catalina.core.ApplicationFilterChain.doFilter(ApplicationFilterChain.java:158)
	at wh.fcfz.officecontroller.config.satoken.MyFilter.doFilter(MyFilter.java:33)
	at org.apache.catalina.core.ApplicationFilterChain.internalDoFilter(ApplicationFilterChain.java:185)
	at org.apache.catalina.core.ApplicationFilterChain.doFilter(ApplicationFilterChain.java:158)
	at org.springframework.web.filter.RequestContextFilter.doFilterInternal(RequestContextFilter.java:100)
	at org.springframework.web.filter.OncePerRequestFilter.doFilter(OncePerRequestFilter.java:116)
	at org.apache.catalina.core.ApplicationFilterChain.internalDoFilter(ApplicationFilterChain.java:185)
	at org.apache.catalina.core.ApplicationFilterChain.doFilter(ApplicationFilterChain.java:158)
	at cn.dev33.satoken.filter.SaPathCheckFilterForJakartaServlet.doFilter(SaPathCheckFilterForJakartaServlet.java:55)
	at org.apache.catalina.core.ApplicationFilterChain.internalDoFilter(ApplicationFilterChain.java:185)
	at org.apache.catalina.core.ApplicationFilterChain.doFilter(ApplicationFilterChain.java:158)
	at org.springframework.web.filter.FormContentFilter.doFilterInternal(FormContentFilter.java:93)
	at org.springframework.web.filter.OncePerRequestFilter.doFilter(OncePerRequestFilter.java:116)
	at org.apache.catalina.core.ApplicationFilterChain.internalDoFilter(ApplicationFilterChain.java:185)
	at org.apache.catalina.core.ApplicationFilterChain.doFilter(ApplicationFilterChain.java:158)
	at org.springframework.web.filter.ServerHttpObservationFilter.doFilterInternal(ServerHttpObservationFilter.java:109)
	at org.springframework.web.filter.OncePerRequestFilter.doFilter(OncePerRequestFilter.java:116)
	at org.apache.catalina.core.ApplicationFilterChain.internalDoFilter(ApplicationFilterChain.java:185)
	at org.apache.catalina.core.ApplicationFilterChain.doFilter(ApplicationFilterChain.java:158)
	at org.springframework.web.filter.CharacterEncodingFilter.doFilterInternal(CharacterEncodingFilter.java:201)
	at org.springframework.web.filter.OncePerRequestFilter.doFilter(OncePerRequestFilter.java:116)
	at org.apache.catalina.core.ApplicationFilterChain.internalDoFilter(ApplicationFilterChain.java:185)
	at org.apache.catalina.core.ApplicationFilterChain.doFilter(ApplicationFilterChain.java:158)
	at wh.fcfz.officecontroller.config.log.LogFilter.doFilterInternal(LogFilter.java:26)
	at org.springframework.web.filter.OncePerRequestFilter.doFilter(OncePerRequestFilter.java:116)
	at org.apache.catalina.core.ApplicationFilterChain.internalDoFilter(ApplicationFilterChain.java:185)
	at org.apache.catalina.core.ApplicationFilterChain.doFilter(ApplicationFilterChain.java:158)
	at org.apache.catalina.core.StandardWrapperValve.invoke(StandardWrapperValve.java:177)
	at org.apache.catalina.core.StandardContextValve.invoke(StandardContextValve.java:97)
	at org.apache.catalina.authenticator.AuthenticatorBase.invoke(AuthenticatorBase.java:542)
	at org.apache.catalina.core.StandardHostValve.invoke(StandardHostValve.java:119)
	at org.apache.catalina.valves.ErrorReportValve.invoke(ErrorReportValve.java:92)
	at org.apache.catalina.core.StandardEngineValve.invoke(StandardEngineValve.java:78)
	at org.apache.catalina.connector.CoyoteAdapter.service(CoyoteAdapter.java:357)
	at org.apache.coyote.http11.Http11Processor.service(Http11Processor.java:400)
	at org.apache.coyote.AbstractProcessorLight.process(AbstractProcessorLight.java:65)
	at org.apache.coyote.AbstractProtocol$ConnectionHandler.process(AbstractProtocol.java:859)
	at org.apache.tomcat.util.net.NioEndpoint$SocketProcessor.doRun(NioEndpoint.java:1734)
	at org.apache.tomcat.util.net.SocketProcessorBase.run(SocketProcessorBase.java:52)
	at org.apache.tomcat.util.threads.ThreadPoolExecutor.runWorker(ThreadPoolExecutor.java:1191)
	at org.apache.tomcat.util.threads.ThreadPoolExecutor$Worker.run(ThreadPoolExecutor.java:659)
	at org.apache.tomcat.util.threads.TaskThread$WrappingRunnable.run(TaskThread.java:61)
	at java.base/java.lang.Thread.run(Thread.java:842)
2024-11-21 10:56:12.727|ERROR|http-nio-8088-exec-10|w.f.o.c.s.GlobalExceptionHandler|line-36|traceId_866403312818800|请求地址'/ueditor',未能读取到有效 token.
cn.dev33.satoken.exception.NotLoginException: 未能读取到有效 token
	at cn.dev33.satoken.exception.NotLoginException.newInstance(NotLoginException.java:134)
	at cn.dev33.satoken.stp.StpLogic.getLoginId(StpLogic.java:941)
	at cn.dev33.satoken.stp.StpLogic.checkLogin(StpLogic.java:923)
	at cn.dev33.satoken.stp.StpUtil.checkLogin(StpUtil.java:331)
	at wh.fcfz.officecontroller.config.satoken.SaTokenConfigure.lambda$addInterceptors$0(SaTokenConfigure.java:19)
	at cn.dev33.satoken.interceptor.SaInterceptor.preHandle(SaInterceptor.java:114)
	at org.springframework.web.servlet.HandlerExecutionChain.applyPreHandle(HandlerExecutionChain.java:146)
	at org.springframework.web.servlet.DispatcherServlet.doDispatch(DispatcherServlet.java:1075)
	at org.springframework.web.servlet.DispatcherServlet.doService(DispatcherServlet.java:973)
	at org.springframework.web.servlet.FrameworkServlet.processRequest(FrameworkServlet.java:1011)
	at org.springframework.web.servlet.FrameworkServlet.doGet(FrameworkServlet.java:903)
	at jakarta.servlet.http.HttpServlet.service(HttpServlet.java:705)
	at org.springframework.web.servlet.FrameworkServlet.service(FrameworkServlet.java:885)
	at jakarta.servlet.http.HttpServlet.service(HttpServlet.java:814)
	at org.apache.catalina.core.ApplicationFilterChain.internalDoFilter(ApplicationFilterChain.java:223)
	at org.apache.catalina.core.ApplicationFilterChain.doFilter(ApplicationFilterChain.java:158)
	at org.apache.tomcat.websocket.server.WsFilter.doFilter(WsFilter.java:53)
	at org.apache.catalina.core.ApplicationFilterChain.internalDoFilter(ApplicationFilterChain.java:185)
	at org.apache.catalina.core.ApplicationFilterChain.doFilter(ApplicationFilterChain.java:158)
	at wh.fcfz.officecontroller.config.satoken.MyFilter.doFilter(MyFilter.java:33)
	at org.apache.catalina.core.ApplicationFilterChain.internalDoFilter(ApplicationFilterChain.java:185)
	at org.apache.catalina.core.ApplicationFilterChain.doFilter(ApplicationFilterChain.java:158)
	at org.springframework.web.filter.RequestContextFilter.doFilterInternal(RequestContextFilter.java:100)
	at org.springframework.web.filter.OncePerRequestFilter.doFilter(OncePerRequestFilter.java:116)
	at org.apache.catalina.core.ApplicationFilterChain.internalDoFilter(ApplicationFilterChain.java:185)
	at org.apache.catalina.core.ApplicationFilterChain.doFilter(ApplicationFilterChain.java:158)
	at cn.dev33.satoken.filter.SaPathCheckFilterForJakartaServlet.doFilter(SaPathCheckFilterForJakartaServlet.java:55)
	at org.apache.catalina.core.ApplicationFilterChain.internalDoFilter(ApplicationFilterChain.java:185)
	at org.apache.catalina.core.ApplicationFilterChain.doFilter(ApplicationFilterChain.java:158)
	at org.springframework.web.filter.FormContentFilter.doFilterInternal(FormContentFilter.java:93)
	at org.springframework.web.filter.OncePerRequestFilter.doFilter(OncePerRequestFilter.java:116)
	at org.apache.catalina.core.ApplicationFilterChain.internalDoFilter(ApplicationFilterChain.java:185)
	at org.apache.catalina.core.ApplicationFilterChain.doFilter(ApplicationFilterChain.java:158)
	at org.springframework.web.filter.ServerHttpObservationFilter.doFilterInternal(ServerHttpObservationFilter.java:109)
	at org.springframework.web.filter.OncePerRequestFilter.doFilter(OncePerRequestFilter.java:116)
	at org.apache.catalina.core.ApplicationFilterChain.internalDoFilter(ApplicationFilterChain.java:185)
	at org.apache.catalina.core.ApplicationFilterChain.doFilter(ApplicationFilterChain.java:158)
	at org.springframework.web.filter.CharacterEncodingFilter.doFilterInternal(CharacterEncodingFilter.java:201)
	at org.springframework.web.filter.OncePerRequestFilter.doFilter(OncePerRequestFilter.java:116)
	at org.apache.catalina.core.ApplicationFilterChain.internalDoFilter(ApplicationFilterChain.java:185)
	at org.apache.catalina.core.ApplicationFilterChain.doFilter(ApplicationFilterChain.java:158)
	at wh.fcfz.officecontroller.config.log.LogFilter.doFilterInternal(LogFilter.java:26)
	at org.springframework.web.filter.OncePerRequestFilter.doFilter(OncePerRequestFilter.java:116)
	at org.apache.catalina.core.ApplicationFilterChain.internalDoFilter(ApplicationFilterChain.java:185)
	at org.apache.catalina.core.ApplicationFilterChain.doFilter(ApplicationFilterChain.java:158)
	at org.apache.catalina.core.StandardWrapperValve.invoke(StandardWrapperValve.java:177)
	at org.apache.catalina.core.StandardContextValve.invoke(StandardContextValve.java:97)
	at org.apache.catalina.authenticator.AuthenticatorBase.invoke(AuthenticatorBase.java:542)
	at org.apache.catalina.core.StandardHostValve.invoke(StandardHostValve.java:119)
	at org.apache.catalina.valves.ErrorReportValve.invoke(ErrorReportValve.java:92)
	at org.apache.catalina.core.StandardEngineValve.invoke(StandardEngineValve.java:78)
	at org.apache.catalina.connector.CoyoteAdapter.service(CoyoteAdapter.java:357)
	at org.apache.coyote.http11.Http11Processor.service(Http11Processor.java:400)
	at org.apache.coyote.AbstractProcessorLight.process(AbstractProcessorLight.java:65)
	at org.apache.coyote.AbstractProtocol$ConnectionHandler.process(AbstractProtocol.java:859)
	at org.apache.tomcat.util.net.NioEndpoint$SocketProcessor.doRun(NioEndpoint.java:1734)
	at org.apache.tomcat.util.net.SocketProcessorBase.run(SocketProcessorBase.java:52)
	at org.apache.tomcat.util.threads.ThreadPoolExecutor.runWorker(ThreadPoolExecutor.java:1191)
	at org.apache.tomcat.util.threads.ThreadPoolExecutor$Worker.run(ThreadPoolExecutor.java:659)
	at org.apache.tomcat.util.threads.TaskThread$WrappingRunnable.run(TaskThread.java:61)
	at java.base/java.lang.Thread.run(Thread.java:842)
2024-11-21 13:10:16.404|ERROR|http-nio-8088-exec-1|w.f.o.c.s.GlobalExceptionHandler|line-36|traceId_874446991709500|请求地址'/ueditor',未能读取到有效 token.
cn.dev33.satoken.exception.NotLoginException: 未能读取到有效 token
	at cn.dev33.satoken.exception.NotLoginException.newInstance(NotLoginException.java:134)
	at cn.dev33.satoken.stp.StpLogic.getLoginId(StpLogic.java:941)
	at cn.dev33.satoken.stp.StpLogic.checkLogin(StpLogic.java:923)
	at cn.dev33.satoken.stp.StpUtil.checkLogin(StpUtil.java:331)
	at wh.fcfz.officecontroller.config.satoken.SaTokenConfigure.lambda$addInterceptors$0(SaTokenConfigure.java:19)
	at cn.dev33.satoken.interceptor.SaInterceptor.preHandle(SaInterceptor.java:114)
	at org.springframework.web.servlet.HandlerExecutionChain.applyPreHandle(HandlerExecutionChain.java:146)
	at org.springframework.web.servlet.DispatcherServlet.doDispatch(DispatcherServlet.java:1075)
	at org.springframework.web.servlet.DispatcherServlet.doService(DispatcherServlet.java:973)
	at org.springframework.web.servlet.FrameworkServlet.processRequest(FrameworkServlet.java:1011)
	at org.springframework.web.servlet.FrameworkServlet.doGet(FrameworkServlet.java:903)
	at jakarta.servlet.http.HttpServlet.service(HttpServlet.java:705)
	at org.springframework.web.servlet.FrameworkServlet.service(FrameworkServlet.java:885)
	at jakarta.servlet.http.HttpServlet.service(HttpServlet.java:814)
	at org.apache.catalina.core.ApplicationFilterChain.internalDoFilter(ApplicationFilterChain.java:223)
	at org.apache.catalina.core.ApplicationFilterChain.doFilter(ApplicationFilterChain.java:158)
	at org.apache.tomcat.websocket.server.WsFilter.doFilter(WsFilter.java:53)
	at org.apache.catalina.core.ApplicationFilterChain.internalDoFilter(ApplicationFilterChain.java:185)
	at org.apache.catalina.core.ApplicationFilterChain.doFilter(ApplicationFilterChain.java:158)
	at wh.fcfz.officecontroller.config.satoken.MyFilter.doFilter(MyFilter.java:33)
	at org.apache.catalina.core.ApplicationFilterChain.internalDoFilter(ApplicationFilterChain.java:185)
	at org.apache.catalina.core.ApplicationFilterChain.doFilter(ApplicationFilterChain.java:158)
	at org.springframework.web.filter.RequestContextFilter.doFilterInternal(RequestContextFilter.java:100)
	at org.springframework.web.filter.OncePerRequestFilter.doFilter(OncePerRequestFilter.java:116)
	at org.apache.catalina.core.ApplicationFilterChain.internalDoFilter(ApplicationFilterChain.java:185)
	at org.apache.catalina.core.ApplicationFilterChain.doFilter(ApplicationFilterChain.java:158)
	at cn.dev33.satoken.filter.SaPathCheckFilterForJakartaServlet.doFilter(SaPathCheckFilterForJakartaServlet.java:55)
	at org.apache.catalina.core.ApplicationFilterChain.internalDoFilter(ApplicationFilterChain.java:185)
	at org.apache.catalina.core.ApplicationFilterChain.doFilter(ApplicationFilterChain.java:158)
	at org.springframework.web.filter.FormContentFilter.doFilterInternal(FormContentFilter.java:93)
	at org.springframework.web.filter.OncePerRequestFilter.doFilter(OncePerRequestFilter.java:116)
	at org.apache.catalina.core.ApplicationFilterChain.internalDoFilter(ApplicationFilterChain.java:185)
	at org.apache.catalina.core.ApplicationFilterChain.doFilter(ApplicationFilterChain.java:158)
	at org.springframework.web.filter.ServerHttpObservationFilter.doFilterInternal(ServerHttpObservationFilter.java:109)
	at org.springframework.web.filter.OncePerRequestFilter.doFilter(OncePerRequestFilter.java:116)
	at org.apache.catalina.core.ApplicationFilterChain.internalDoFilter(ApplicationFilterChain.java:185)
	at org.apache.catalina.core.ApplicationFilterChain.doFilter(ApplicationFilterChain.java:158)
	at org.springframework.web.filter.CharacterEncodingFilter.doFilterInternal(CharacterEncodingFilter.java:201)
	at org.springframework.web.filter.OncePerRequestFilter.doFilter(OncePerRequestFilter.java:116)
	at org.apache.catalina.core.ApplicationFilterChain.internalDoFilter(ApplicationFilterChain.java:185)
	at org.apache.catalina.core.ApplicationFilterChain.doFilter(ApplicationFilterChain.java:158)
	at wh.fcfz.officecontroller.config.log.LogFilter.doFilterInternal(LogFilter.java:26)
	at org.springframework.web.filter.OncePerRequestFilter.doFilter(OncePerRequestFilter.java:116)
	at org.apache.catalina.core.ApplicationFilterChain.internalDoFilter(ApplicationFilterChain.java:185)
	at org.apache.catalina.core.ApplicationFilterChain.doFilter(ApplicationFilterChain.java:158)
	at org.apache.catalina.core.StandardWrapperValve.invoke(StandardWrapperValve.java:177)
	at org.apache.catalina.core.StandardContextValve.invoke(StandardContextValve.java:97)
	at org.apache.catalina.authenticator.AuthenticatorBase.invoke(AuthenticatorBase.java:542)
	at org.apache.catalina.core.StandardHostValve.invoke(StandardHostValve.java:119)
	at org.apache.catalina.valves.ErrorReportValve.invoke(ErrorReportValve.java:92)
	at org.apache.catalina.core.StandardEngineValve.invoke(StandardEngineValve.java:78)
	at org.apache.catalina.connector.CoyoteAdapter.service(CoyoteAdapter.java:357)
	at org.apache.coyote.http11.Http11Processor.service(Http11Processor.java:400)
	at org.apache.coyote.AbstractProcessorLight.process(AbstractProcessorLight.java:65)
	at org.apache.coyote.AbstractProtocol$ConnectionHandler.process(AbstractProtocol.java:859)
	at org.apache.tomcat.util.net.NioEndpoint$SocketProcessor.doRun(NioEndpoint.java:1734)
	at org.apache.tomcat.util.net.SocketProcessorBase.run(SocketProcessorBase.java:52)
	at org.apache.tomcat.util.threads.ThreadPoolExecutor.runWorker(ThreadPoolExecutor.java:1191)
	at org.apache.tomcat.util.threads.ThreadPoolExecutor$Worker.run(ThreadPoolExecutor.java:659)
	at org.apache.tomcat.util.threads.TaskThread$WrappingRunnable.run(TaskThread.java:61)
	at java.base/java.lang.Thread.run(Thread.java:842)
2024-11-21 13:11:26.935|ERROR|http-nio-8088-exec-4|w.f.o.c.s.GlobalExceptionHandler|line-36|traceId_874517521091800|请求地址'/ueditor',未能读取到有效 token.
cn.dev33.satoken.exception.NotLoginException: 未能读取到有效 token
	at cn.dev33.satoken.exception.NotLoginException.newInstance(NotLoginException.java:134)
	at cn.dev33.satoken.stp.StpLogic.getLoginId(StpLogic.java:941)
	at cn.dev33.satoken.stp.StpLogic.checkLogin(StpLogic.java:923)
	at cn.dev33.satoken.stp.StpUtil.checkLogin(StpUtil.java:331)
	at wh.fcfz.officecontroller.config.satoken.SaTokenConfigure.lambda$addInterceptors$0(SaTokenConfigure.java:19)
	at cn.dev33.satoken.interceptor.SaInterceptor.preHandle(SaInterceptor.java:114)
	at org.springframework.web.servlet.HandlerExecutionChain.applyPreHandle(HandlerExecutionChain.java:146)
	at org.springframework.web.servlet.DispatcherServlet.doDispatch(DispatcherServlet.java:1075)
	at org.springframework.web.servlet.DispatcherServlet.doService(DispatcherServlet.java:973)
	at org.springframework.web.servlet.FrameworkServlet.processRequest(FrameworkServlet.java:1011)
	at org.springframework.web.servlet.FrameworkServlet.doGet(FrameworkServlet.java:903)
	at jakarta.servlet.http.HttpServlet.service(HttpServlet.java:705)
	at org.springframework.web.servlet.FrameworkServlet.service(FrameworkServlet.java:885)
	at jakarta.servlet.http.HttpServlet.service(HttpServlet.java:814)
	at org.apache.catalina.core.ApplicationFilterChain.internalDoFilter(ApplicationFilterChain.java:223)
	at org.apache.catalina.core.ApplicationFilterChain.doFilter(ApplicationFilterChain.java:158)
	at org.apache.tomcat.websocket.server.WsFilter.doFilter(WsFilter.java:53)
	at org.apache.catalina.core.ApplicationFilterChain.internalDoFilter(ApplicationFilterChain.java:185)
	at org.apache.catalina.core.ApplicationFilterChain.doFilter(ApplicationFilterChain.java:158)
	at wh.fcfz.officecontroller.config.satoken.MyFilter.doFilter(MyFilter.java:33)
	at org.apache.catalina.core.ApplicationFilterChain.internalDoFilter(ApplicationFilterChain.java:185)
	at org.apache.catalina.core.ApplicationFilterChain.doFilter(ApplicationFilterChain.java:158)
	at org.springframework.web.filter.RequestContextFilter.doFilterInternal(RequestContextFilter.java:100)
	at org.springframework.web.filter.OncePerRequestFilter.doFilter(OncePerRequestFilter.java:116)
	at org.apache.catalina.core.ApplicationFilterChain.internalDoFilter(ApplicationFilterChain.java:185)
	at org.apache.catalina.core.ApplicationFilterChain.doFilter(ApplicationFilterChain.java:158)
	at cn.dev33.satoken.filter.SaPathCheckFilterForJakartaServlet.doFilter(SaPathCheckFilterForJakartaServlet.java:55)
	at org.apache.catalina.core.ApplicationFilterChain.internalDoFilter(ApplicationFilterChain.java:185)
	at org.apache.catalina.core.ApplicationFilterChain.doFilter(ApplicationFilterChain.java:158)
	at org.springframework.web.filter.FormContentFilter.doFilterInternal(FormContentFilter.java:93)
	at org.springframework.web.filter.OncePerRequestFilter.doFilter(OncePerRequestFilter.java:116)
	at org.apache.catalina.core.ApplicationFilterChain.internalDoFilter(ApplicationFilterChain.java:185)
	at org.apache.catalina.core.ApplicationFilterChain.doFilter(ApplicationFilterChain.java:158)
	at org.springframework.web.filter.ServerHttpObservationFilter.doFilterInternal(ServerHttpObservationFilter.java:109)
	at org.springframework.web.filter.OncePerRequestFilter.doFilter(OncePerRequestFilter.java:116)
	at org.apache.catalina.core.ApplicationFilterChain.internalDoFilter(ApplicationFilterChain.java:185)
	at org.apache.catalina.core.ApplicationFilterChain.doFilter(ApplicationFilterChain.java:158)
	at org.springframework.web.filter.CharacterEncodingFilter.doFilterInternal(CharacterEncodingFilter.java:201)
	at org.springframework.web.filter.OncePerRequestFilter.doFilter(OncePerRequestFilter.java:116)
	at org.apache.catalina.core.ApplicationFilterChain.internalDoFilter(ApplicationFilterChain.java:185)
	at org.apache.catalina.core.ApplicationFilterChain.doFilter(ApplicationFilterChain.java:158)
	at wh.fcfz.officecontroller.config.log.LogFilter.doFilterInternal(LogFilter.java:26)
	at org.springframework.web.filter.OncePerRequestFilter.doFilter(OncePerRequestFilter.java:116)
	at org.apache.catalina.core.ApplicationFilterChain.internalDoFilter(ApplicationFilterChain.java:185)
	at org.apache.catalina.core.ApplicationFilterChain.doFilter(ApplicationFilterChain.java:158)
	at org.apache.catalina.core.StandardWrapperValve.invoke(StandardWrapperValve.java:177)
	at org.apache.catalina.core.StandardContextValve.invoke(StandardContextValve.java:97)
	at org.apache.catalina.authenticator.AuthenticatorBase.invoke(AuthenticatorBase.java:542)
	at org.apache.catalina.core.StandardHostValve.invoke(StandardHostValve.java:119)
	at org.apache.catalina.valves.ErrorReportValve.invoke(ErrorReportValve.java:92)
	at org.apache.catalina.core.StandardEngineValve.invoke(StandardEngineValve.java:78)
	at org.apache.catalina.connector.CoyoteAdapter.service(CoyoteAdapter.java:357)
	at org.apache.coyote.http11.Http11Processor.service(Http11Processor.java:400)
	at org.apache.coyote.AbstractProcessorLight.process(AbstractProcessorLight.java:65)
	at org.apache.coyote.AbstractProtocol$ConnectionHandler.process(AbstractProtocol.java:859)
	at org.apache.tomcat.util.net.NioEndpoint$SocketProcessor.doRun(NioEndpoint.java:1734)
	at org.apache.tomcat.util.net.SocketProcessorBase.run(SocketProcessorBase.java:52)
	at org.apache.tomcat.util.threads.ThreadPoolExecutor.runWorker(ThreadPoolExecutor.java:1191)
	at org.apache.tomcat.util.threads.ThreadPoolExecutor$Worker.run(ThreadPoolExecutor.java:659)
	at org.apache.tomcat.util.threads.TaskThread$WrappingRunnable.run(TaskThread.java:61)
	at java.base/java.lang.Thread.run(Thread.java:842)
2024-11-21 13:11:42.266|ERROR|http-nio-8088-exec-1|w.f.o.c.s.GlobalExceptionHandler|line-36|traceId_874532852432500|请求地址'/ueditor',未能读取到有效 token.
cn.dev33.satoken.exception.NotLoginException: 未能读取到有效 token
	at cn.dev33.satoken.exception.NotLoginException.newInstance(NotLoginException.java:134)
	at cn.dev33.satoken.stp.StpLogic.getLoginId(StpLogic.java:941)
	at cn.dev33.satoken.stp.StpLogic.checkLogin(StpLogic.java:923)
	at cn.dev33.satoken.stp.StpUtil.checkLogin(StpUtil.java:331)
	at wh.fcfz.officecontroller.config.satoken.SaTokenConfigure.lambda$addInterceptors$0(SaTokenConfigure.java:19)
	at cn.dev33.satoken.interceptor.SaInterceptor.preHandle(SaInterceptor.java:114)
	at org.springframework.web.servlet.HandlerExecutionChain.applyPreHandle(HandlerExecutionChain.java:146)
	at org.springframework.web.servlet.DispatcherServlet.doDispatch(DispatcherServlet.java:1075)
	at org.springframework.web.servlet.DispatcherServlet.doService(DispatcherServlet.java:973)
	at org.springframework.web.servlet.FrameworkServlet.processRequest(FrameworkServlet.java:1011)
	at org.springframework.web.servlet.FrameworkServlet.doGet(FrameworkServlet.java:903)
	at jakarta.servlet.http.HttpServlet.service(HttpServlet.java:705)
	at org.springframework.web.servlet.FrameworkServlet.service(FrameworkServlet.java:885)
	at jakarta.servlet.http.HttpServlet.service(HttpServlet.java:814)
	at org.apache.catalina.core.ApplicationFilterChain.internalDoFilter(ApplicationFilterChain.java:223)
	at org.apache.catalina.core.ApplicationFilterChain.doFilter(ApplicationFilterChain.java:158)
	at org.apache.tomcat.websocket.server.WsFilter.doFilter(WsFilter.java:53)
	at org.apache.catalina.core.ApplicationFilterChain.internalDoFilter(ApplicationFilterChain.java:185)
	at org.apache.catalina.core.ApplicationFilterChain.doFilter(ApplicationFilterChain.java:158)
	at wh.fcfz.officecontroller.config.satoken.MyFilter.doFilter(MyFilter.java:33)
	at org.apache.catalina.core.ApplicationFilterChain.internalDoFilter(ApplicationFilterChain.java:185)
	at org.apache.catalina.core.ApplicationFilterChain.doFilter(ApplicationFilterChain.java:158)
	at org.springframework.web.filter.RequestContextFilter.doFilterInternal(RequestContextFilter.java:100)
	at org.springframework.web.filter.OncePerRequestFilter.doFilter(OncePerRequestFilter.java:116)
	at org.apache.catalina.core.ApplicationFilterChain.internalDoFilter(ApplicationFilterChain.java:185)
	at org.apache.catalina.core.ApplicationFilterChain.doFilter(ApplicationFilterChain.java:158)
	at cn.dev33.satoken.filter.SaPathCheckFilterForJakartaServlet.doFilter(SaPathCheckFilterForJakartaServlet.java:55)
	at org.apache.catalina.core.ApplicationFilterChain.internalDoFilter(ApplicationFilterChain.java:185)
	at org.apache.catalina.core.ApplicationFilterChain.doFilter(ApplicationFilterChain.java:158)
	at org.springframework.web.filter.FormContentFilter.doFilterInternal(FormContentFilter.java:93)
	at org.springframework.web.filter.OncePerRequestFilter.doFilter(OncePerRequestFilter.java:116)
	at org.apache.catalina.core.ApplicationFilterChain.internalDoFilter(ApplicationFilterChain.java:185)
	at org.apache.catalina.core.ApplicationFilterChain.doFilter(ApplicationFilterChain.java:158)
	at org.springframework.web.filter.ServerHttpObservationFilter.doFilterInternal(ServerHttpObservationFilter.java:109)
	at org.springframework.web.filter.OncePerRequestFilter.doFilter(OncePerRequestFilter.java:116)
	at org.apache.catalina.core.ApplicationFilterChain.internalDoFilter(ApplicationFilterChain.java:185)
	at org.apache.catalina.core.ApplicationFilterChain.doFilter(ApplicationFilterChain.java:158)
	at org.springframework.web.filter.CharacterEncodingFilter.doFilterInternal(CharacterEncodingFilter.java:201)
	at org.springframework.web.filter.OncePerRequestFilter.doFilter(OncePerRequestFilter.java:116)
	at org.apache.catalina.core.ApplicationFilterChain.internalDoFilter(ApplicationFilterChain.java:185)
	at org.apache.catalina.core.ApplicationFilterChain.doFilter(ApplicationFilterChain.java:158)
	at wh.fcfz.officecontroller.config.log.LogFilter.doFilterInternal(LogFilter.java:26)
	at org.springframework.web.filter.OncePerRequestFilter.doFilter(OncePerRequestFilter.java:116)
	at org.apache.catalina.core.ApplicationFilterChain.internalDoFilter(ApplicationFilterChain.java:185)
	at org.apache.catalina.core.ApplicationFilterChain.doFilter(ApplicationFilterChain.java:158)
	at org.apache.catalina.core.StandardWrapperValve.invoke(StandardWrapperValve.java:177)
	at org.apache.catalina.core.StandardContextValve.invoke(StandardContextValve.java:97)
	at org.apache.catalina.authenticator.AuthenticatorBase.invoke(AuthenticatorBase.java:542)
	at org.apache.catalina.core.StandardHostValve.invoke(StandardHostValve.java:119)
	at org.apache.catalina.valves.ErrorReportValve.invoke(ErrorReportValve.java:92)
	at org.apache.catalina.core.StandardEngineValve.invoke(StandardEngineValve.java:78)
	at org.apache.catalina.connector.CoyoteAdapter.service(CoyoteAdapter.java:357)
	at org.apache.coyote.http11.Http11Processor.service(Http11Processor.java:400)
	at org.apache.coyote.AbstractProcessorLight.process(AbstractProcessorLight.java:65)
	at org.apache.coyote.AbstractProtocol$ConnectionHandler.process(AbstractProtocol.java:859)
	at org.apache.tomcat.util.net.NioEndpoint$SocketProcessor.doRun(NioEndpoint.java:1734)
	at org.apache.tomcat.util.net.SocketProcessorBase.run(SocketProcessorBase.java:52)
	at org.apache.tomcat.util.threads.ThreadPoolExecutor.runWorker(ThreadPoolExecutor.java:1191)
	at org.apache.tomcat.util.threads.ThreadPoolExecutor$Worker.run(ThreadPoolExecutor.java:659)
	at org.apache.tomcat.util.threads.TaskThread$WrappingRunnable.run(TaskThread.java:61)
	at java.base/java.lang.Thread.run(Thread.java:842)
2024-11-21 13:11:49.695|ERROR|http-nio-8088-exec-2|w.f.o.c.s.GlobalExceptionHandler|line-36|traceId_874540281216500|请求地址'/ueditor',未能读取到有效 token.
cn.dev33.satoken.exception.NotLoginException: 未能读取到有效 token
	at cn.dev33.satoken.exception.NotLoginException.newInstance(NotLoginException.java:134)
	at cn.dev33.satoken.stp.StpLogic.getLoginId(StpLogic.java:941)
	at cn.dev33.satoken.stp.StpLogic.checkLogin(StpLogic.java:923)
	at cn.dev33.satoken.stp.StpUtil.checkLogin(StpUtil.java:331)
	at wh.fcfz.officecontroller.config.satoken.SaTokenConfigure.lambda$addInterceptors$0(SaTokenConfigure.java:19)
	at cn.dev33.satoken.interceptor.SaInterceptor.preHandle(SaInterceptor.java:114)
	at org.springframework.web.servlet.HandlerExecutionChain.applyPreHandle(HandlerExecutionChain.java:146)
	at org.springframework.web.servlet.DispatcherServlet.doDispatch(DispatcherServlet.java:1075)
	at org.springframework.web.servlet.DispatcherServlet.doService(DispatcherServlet.java:973)
	at org.springframework.web.servlet.FrameworkServlet.processRequest(FrameworkServlet.java:1011)
	at org.springframework.web.servlet.FrameworkServlet.doGet(FrameworkServlet.java:903)
	at jakarta.servlet.http.HttpServlet.service(HttpServlet.java:705)
	at org.springframework.web.servlet.FrameworkServlet.service(FrameworkServlet.java:885)
	at jakarta.servlet.http.HttpServlet.service(HttpServlet.java:814)
	at org.apache.catalina.core.ApplicationFilterChain.internalDoFilter(ApplicationFilterChain.java:223)
	at org.apache.catalina.core.ApplicationFilterChain.doFilter(ApplicationFilterChain.java:158)
	at org.apache.tomcat.websocket.server.WsFilter.doFilter(WsFilter.java:53)
	at org.apache.catalina.core.ApplicationFilterChain.internalDoFilter(ApplicationFilterChain.java:185)
	at org.apache.catalina.core.ApplicationFilterChain.doFilter(ApplicationFilterChain.java:158)
	at wh.fcfz.officecontroller.config.satoken.MyFilter.doFilter(MyFilter.java:33)
	at org.apache.catalina.core.ApplicationFilterChain.internalDoFilter(ApplicationFilterChain.java:185)
	at org.apache.catalina.core.ApplicationFilterChain.doFilter(ApplicationFilterChain.java:158)
	at org.springframework.web.filter.RequestContextFilter.doFilterInternal(RequestContextFilter.java:100)
	at org.springframework.web.filter.OncePerRequestFilter.doFilter(OncePerRequestFilter.java:116)
	at org.apache.catalina.core.ApplicationFilterChain.internalDoFilter(ApplicationFilterChain.java:185)
	at org.apache.catalina.core.ApplicationFilterChain.doFilter(ApplicationFilterChain.java:158)
	at cn.dev33.satoken.filter.SaPathCheckFilterForJakartaServlet.doFilter(SaPathCheckFilterForJakartaServlet.java:55)
	at org.apache.catalina.core.ApplicationFilterChain.internalDoFilter(ApplicationFilterChain.java:185)
	at org.apache.catalina.core.ApplicationFilterChain.doFilter(ApplicationFilterChain.java:158)
	at org.springframework.web.filter.FormContentFilter.doFilterInternal(FormContentFilter.java:93)
	at org.springframework.web.filter.OncePerRequestFilter.doFilter(OncePerRequestFilter.java:116)
	at org.apache.catalina.core.ApplicationFilterChain.internalDoFilter(ApplicationFilterChain.java:185)
	at org.apache.catalina.core.ApplicationFilterChain.doFilter(ApplicationFilterChain.java:158)
	at org.springframework.web.filter.ServerHttpObservationFilter.doFilterInternal(ServerHttpObservationFilter.java:109)
	at org.springframework.web.filter.OncePerRequestFilter.doFilter(OncePerRequestFilter.java:116)
	at org.apache.catalina.core.ApplicationFilterChain.internalDoFilter(ApplicationFilterChain.java:185)
	at org.apache.catalina.core.ApplicationFilterChain.doFilter(ApplicationFilterChain.java:158)
	at org.springframework.web.filter.CharacterEncodingFilter.doFilterInternal(CharacterEncodingFilter.java:201)
	at org.springframework.web.filter.OncePerRequestFilter.doFilter(OncePerRequestFilter.java:116)
	at org.apache.catalina.core.ApplicationFilterChain.internalDoFilter(ApplicationFilterChain.java:185)
	at org.apache.catalina.core.ApplicationFilterChain.doFilter(ApplicationFilterChain.java:158)
	at wh.fcfz.officecontroller.config.log.LogFilter.doFilterInternal(LogFilter.java:26)
	at org.springframework.web.filter.OncePerRequestFilter.doFilter(OncePerRequestFilter.java:116)
	at org.apache.catalina.core.ApplicationFilterChain.internalDoFilter(ApplicationFilterChain.java:185)
	at org.apache.catalina.core.ApplicationFilterChain.doFilter(ApplicationFilterChain.java:158)
	at org.apache.catalina.core.StandardWrapperValve.invoke(StandardWrapperValve.java:177)
	at org.apache.catalina.core.StandardContextValve.invoke(StandardContextValve.java:97)
	at org.apache.catalina.authenticator.AuthenticatorBase.invoke(AuthenticatorBase.java:542)
	at org.apache.catalina.core.StandardHostValve.invoke(StandardHostValve.java:119)
	at org.apache.catalina.valves.ErrorReportValve.invoke(ErrorReportValve.java:92)
	at org.apache.catalina.core.StandardEngineValve.invoke(StandardEngineValve.java:78)
	at org.apache.catalina.connector.CoyoteAdapter.service(CoyoteAdapter.java:357)
	at org.apache.coyote.http11.Http11Processor.service(Http11Processor.java:400)
	at org.apache.coyote.AbstractProcessorLight.process(AbstractProcessorLight.java:65)
	at org.apache.coyote.AbstractProtocol$ConnectionHandler.process(AbstractProtocol.java:859)
	at org.apache.tomcat.util.net.NioEndpoint$SocketProcessor.doRun(NioEndpoint.java:1734)
	at org.apache.tomcat.util.net.SocketProcessorBase.run(SocketProcessorBase.java:52)
	at org.apache.tomcat.util.threads.ThreadPoolExecutor.runWorker(ThreadPoolExecutor.java:1191)
	at org.apache.tomcat.util.threads.ThreadPoolExecutor$Worker.run(ThreadPoolExecutor.java:659)
	at org.apache.tomcat.util.threads.TaskThread$WrappingRunnable.run(TaskThread.java:61)
	at java.base/java.lang.Thread.run(Thread.java:842)
2024-11-21 13:16:09.362|ERROR|http-nio-8088-exec-8|w.f.o.c.s.GlobalExceptionHandler|line-36|traceId_874799949408500|请求地址'/ueditor',未能读取到有效 token.
cn.dev33.satoken.exception.NotLoginException: 未能读取到有效 token
	at cn.dev33.satoken.exception.NotLoginException.newInstance(NotLoginException.java:134)
	at cn.dev33.satoken.stp.StpLogic.getLoginId(StpLogic.java:941)
	at cn.dev33.satoken.stp.StpLogic.checkLogin(StpLogic.java:923)
	at cn.dev33.satoken.stp.StpUtil.checkLogin(StpUtil.java:331)
	at wh.fcfz.officecontroller.config.satoken.SaTokenConfigure.lambda$addInterceptors$0(SaTokenConfigure.java:19)
	at cn.dev33.satoken.interceptor.SaInterceptor.preHandle(SaInterceptor.java:114)
	at org.springframework.web.servlet.HandlerExecutionChain.applyPreHandle(HandlerExecutionChain.java:146)
	at org.springframework.web.servlet.DispatcherServlet.doDispatch(DispatcherServlet.java:1075)
	at org.springframework.web.servlet.DispatcherServlet.doService(DispatcherServlet.java:973)
	at org.springframework.web.servlet.FrameworkServlet.processRequest(FrameworkServlet.java:1011)
	at org.springframework.web.servlet.FrameworkServlet.doGet(FrameworkServlet.java:903)
	at jakarta.servlet.http.HttpServlet.service(HttpServlet.java:705)
	at org.springframework.web.servlet.FrameworkServlet.service(FrameworkServlet.java:885)
	at jakarta.servlet.http.HttpServlet.service(HttpServlet.java:814)
	at org.apache.catalina.core.ApplicationFilterChain.internalDoFilter(ApplicationFilterChain.java:223)
	at org.apache.catalina.core.ApplicationFilterChain.doFilter(ApplicationFilterChain.java:158)
	at org.apache.tomcat.websocket.server.WsFilter.doFilter(WsFilter.java:53)
	at org.apache.catalina.core.ApplicationFilterChain.internalDoFilter(ApplicationFilterChain.java:185)
	at org.apache.catalina.core.ApplicationFilterChain.doFilter(ApplicationFilterChain.java:158)
	at wh.fcfz.officecontroller.config.satoken.MyFilter.doFilter(MyFilter.java:33)
	at org.apache.catalina.core.ApplicationFilterChain.internalDoFilter(ApplicationFilterChain.java:185)
	at org.apache.catalina.core.ApplicationFilterChain.doFilter(ApplicationFilterChain.java:158)
	at org.springframework.web.filter.RequestContextFilter.doFilterInternal(RequestContextFilter.java:100)
	at org.springframework.web.filter.OncePerRequestFilter.doFilter(OncePerRequestFilter.java:116)
	at org.apache.catalina.core.ApplicationFilterChain.internalDoFilter(ApplicationFilterChain.java:185)
	at org.apache.catalina.core.ApplicationFilterChain.doFilter(ApplicationFilterChain.java:158)
	at cn.dev33.satoken.filter.SaPathCheckFilterForJakartaServlet.doFilter(SaPathCheckFilterForJakartaServlet.java:55)
	at org.apache.catalina.core.ApplicationFilterChain.internalDoFilter(ApplicationFilterChain.java:185)
	at org.apache.catalina.core.ApplicationFilterChain.doFilter(ApplicationFilterChain.java:158)
	at org.springframework.web.filter.FormContentFilter.doFilterInternal(FormContentFilter.java:93)
	at org.springframework.web.filter.OncePerRequestFilter.doFilter(OncePerRequestFilter.java:116)
	at org.apache.catalina.core.ApplicationFilterChain.internalDoFilter(ApplicationFilterChain.java:185)
	at org.apache.catalina.core.ApplicationFilterChain.doFilter(ApplicationFilterChain.java:158)
	at org.springframework.web.filter.ServerHttpObservationFilter.doFilterInternal(ServerHttpObservationFilter.java:109)
	at org.springframework.web.filter.OncePerRequestFilter.doFilter(OncePerRequestFilter.java:116)
	at org.apache.catalina.core.ApplicationFilterChain.internalDoFilter(ApplicationFilterChain.java:185)
	at org.apache.catalina.core.ApplicationFilterChain.doFilter(ApplicationFilterChain.java:158)
	at org.springframework.web.filter.CharacterEncodingFilter.doFilterInternal(CharacterEncodingFilter.java:201)
	at org.springframework.web.filter.OncePerRequestFilter.doFilter(OncePerRequestFilter.java:116)
	at org.apache.catalina.core.ApplicationFilterChain.internalDoFilter(ApplicationFilterChain.java:185)
	at org.apache.catalina.core.ApplicationFilterChain.doFilter(ApplicationFilterChain.java:158)
	at wh.fcfz.officecontroller.config.log.LogFilter.doFilterInternal(LogFilter.java:26)
	at org.springframework.web.filter.OncePerRequestFilter.doFilter(OncePerRequestFilter.java:116)
	at org.apache.catalina.core.ApplicationFilterChain.internalDoFilter(ApplicationFilterChain.java:185)
	at org.apache.catalina.core.ApplicationFilterChain.doFilter(ApplicationFilterChain.java:158)
	at org.apache.catalina.core.StandardWrapperValve.invoke(StandardWrapperValve.java:177)
	at org.apache.catalina.core.StandardContextValve.invoke(StandardContextValve.java:97)
	at org.apache.catalina.authenticator.AuthenticatorBase.invoke(AuthenticatorBase.java:542)
	at org.apache.catalina.core.StandardHostValve.invoke(StandardHostValve.java:119)
	at org.apache.catalina.valves.ErrorReportValve.invoke(ErrorReportValve.java:92)
	at org.apache.catalina.core.StandardEngineValve.invoke(StandardEngineValve.java:78)
	at org.apache.catalina.connector.CoyoteAdapter.service(CoyoteAdapter.java:357)
	at org.apache.coyote.http11.Http11Processor.service(Http11Processor.java:400)
	at org.apache.coyote.AbstractProcessorLight.process(AbstractProcessorLight.java:65)
	at org.apache.coyote.AbstractProtocol$ConnectionHandler.process(AbstractProtocol.java:859)
	at org.apache.tomcat.util.net.NioEndpoint$SocketProcessor.doRun(NioEndpoint.java:1734)
	at org.apache.tomcat.util.net.SocketProcessorBase.run(SocketProcessorBase.java:52)
	at org.apache.tomcat.util.threads.ThreadPoolExecutor.runWorker(ThreadPoolExecutor.java:1191)
	at org.apache.tomcat.util.threads.ThreadPoolExecutor$Worker.run(ThreadPoolExecutor.java:659)
	at org.apache.tomcat.util.threads.TaskThread$WrappingRunnable.run(TaskThread.java:61)
	at java.base/java.lang.Thread.run(Thread.java:842)
2024-11-21 15:56:20.203|INFO|SpringApplicationShutdownHook|c.z.h.HikariDataSource|line-350||HikariPool-1 - Shutdown initiated...
2024-11-21 15:56:20.235|INFO|SpringApplicationShutdownHook|c.z.h.HikariDataSource|line-352||HikariPool-1 - Shutdown completed.
2024-11-21 15:56:33.624|INFO|main|w.f.o.OfficeControllerApplication|line-51||Starting OfficeControllerApplication using Java 17.0.11 with PID 8676 (D:\My Project\myOASys\target\classes started by zds in D:\My Project\myOASys)
2024-11-21 15:56:33.634|INFO|main|w.f.o.OfficeControllerApplication|line-630||No active profile set, falling back to 1 default profile: "default"
2024-11-21 15:56:35.619|INFO|main|o.s.d.r.c.RepositoryConfigurationDelegate|line-291||Multiple Spring Data modules found, entering strict repository configuration mode
2024-11-21 15:56:35.619|INFO|main|o.s.d.r.c.RepositoryConfigurationDelegate|line-138||Bootstrapping Spring Data Redis repositories in DEFAULT mode.
2024-11-21 15:56:35.635|INFO|main|o.s.d.r.c.RepositoryConfigurationDelegate|line-208||Finished Spring Data repository scanning in 16 ms. Found 0 Redis repository interfaces.
2024-11-21 15:56:35.994|INFO|main|o.s.b.w.e.t.TomcatWebServer|line-108||Tomcat initialized with port(s): 8088 (http)
2024-11-21 15:56:35.994|INFO|main|o.a.c.h.Http11NioProtocol|line-173||Initializing ProtocolHandler ["http-nio-8088"]
2024-11-21 15:56:36.010|INFO|main|o.a.c.c.StandardService|line-173||Starting service [Tomcat]
2024-11-21 15:56:36.010|INFO|main|o.a.c.c.StandardEngine|line-173||Starting Servlet engine: [Apache Tomcat/10.1.5]
2024-11-21 15:56:36.072|INFO|main|o.a.c.c.C.[.[.[/]|line-173||Initializing Spring embedded WebApplicationContext
2024-11-21 15:56:36.072|INFO|main|o.s.b.w.s.c.ServletWebServerApplicationContext|line-291||Root WebApplicationContext: initialization completed in 2363 ms
2024-11-21 15:56:36.151|INFO|main|w.f.o.c.s.MyFilter|line-16||MyFilter来啦！！！！
2024-11-21 15:56:36.852|INFO|main|w.f.o.c.o.OssConfiguration|line-17||创建 OssUtil
2024-11-21 15:56:37.766|INFO|main|o.s.b.a.e.w.EndpointLinksResolver|line-58||Exposing 1 endpoint(s) beneath base path '/actuator'
2024-11-21 15:56:37.844|INFO|main|o.a.c.h.Http11NioProtocol|line-173||Starting ProtocolHandler ["http-nio-8088"]
2024-11-21 15:56:37.860|INFO|main|o.s.b.w.e.t.TomcatWebServer|line-220||Tomcat started on port(s): 8088 (http) with context path ''
2024-11-21 15:56:37.875|INFO|main|w.f.o.OfficeControllerApplication|line-57||Started OfficeControllerApplication in 4.728 seconds (process running for 6.496)
2024-11-21 15:56:38.466|INFO|RMI TCP Connection(4)-192.168.159.1|c.z.h.HikariDataSource|line-110||HikariPool-1 - Starting...
2024-11-21 15:56:38.716|INFO|RMI TCP Connection(4)-192.168.159.1|c.z.h.p.HikariPool|line-565||HikariPool-1 - Added connection com.mysql.cj.jdbc.ConnectionImpl@5bfcb7b
2024-11-21 15:56:38.735|INFO|RMI TCP Connection(4)-192.168.159.1|c.z.h.HikariDataSource|line-123||HikariPool-1 - Start completed.
2024-11-21 15:57:08.870|WARN|RMI TCP Connection(4)-192.168.159.1|o.s.b.a.m.MailHealthIndicator|line-94||Mail health check failed
jakarta.mail.MessagingException: Got bad greeting from SMTP host: smtp.qq.com, port: 465, response: [EOF]
	at com.sun.mail.smtp.SMTPTransport.openServer(SMTPTransport.java:2247)
	at com.sun.mail.smtp.SMTPTransport.protocolConnect(SMTPTransport.java:754)
	at jakarta.mail.Service.connect(Service.java:342)
	at org.springframework.mail.javamail.JavaMailSenderImpl.connectTransport(JavaMailSenderImpl.java:518)
	at org.springframework.mail.javamail.JavaMailSenderImpl.testConnection(JavaMailSenderImpl.java:398)
	at org.springframework.boot.actuate.mail.MailHealthIndicator.doHealthCheck(MailHealthIndicator.java:42)
	at org.springframework.boot.actuate.health.AbstractHealthIndicator.health(AbstractHealthIndicator.java:82)
	at org.springframework.boot.actuate.health.HealthIndicator.getHealth(HealthIndicator.java:37)
	at org.springframework.boot.actuate.health.HealthEndpoint.getHealth(HealthEndpoint.java:82)
	at org.springframework.boot.actuate.health.HealthEndpoint.getHealth(HealthEndpoint.java:41)
	at org.springframework.boot.actuate.health.HealthEndpointSupport.getLoggedHealth(HealthEndpointSupport.java:172)
	at org.springframework.boot.actuate.health.HealthEndpointSupport.getContribution(HealthEndpointSupport.java:145)
	at org.springframework.boot.actuate.health.HealthEndpointSupport.getAggregateContribution(HealthEndpointSupport.java:156)
	at org.springframework.boot.actuate.health.HealthEndpointSupport.getContribution(HealthEndpointSupport.java:141)
	at org.springframework.boot.actuate.health.HealthEndpointSupport.getHealth(HealthEndpointSupport.java:110)
	at org.springframework.boot.actuate.health.HealthEndpointSupport.getHealth(HealthEndpointSupport.java:81)
	at org.springframework.boot.actuate.health.HealthEndpoint.health(HealthEndpoint.java:76)
	at org.springframework.boot.actuate.health.HealthEndpoint.health(HealthEndpoint.java:66)
	at java.base/jdk.internal.reflect.NativeMethodAccessorImpl.invoke0(Native Method)
	at java.base/jdk.internal.reflect.NativeMethodAccessorImpl.invoke(NativeMethodAccessorImpl.java:77)
	at java.base/jdk.internal.reflect.DelegatingMethodAccessorImpl.invoke(DelegatingMethodAccessorImpl.java:43)
	at java.base/java.lang.reflect.Method.invoke(Method.java:568)
	at org.springframework.util.ReflectionUtils.invokeMethod(ReflectionUtils.java:281)
	at org.springframework.boot.actuate.endpoint.invoke.reflect.ReflectiveOperationInvoker.invoke(ReflectiveOperationInvoker.java:74)
	at org.springframework.boot.actuate.endpoint.annotation.AbstractDiscoveredOperation.invoke(AbstractDiscoveredOperation.java:60)
	at org.springframework.boot.actuate.endpoint.jmx.EndpointMBean.invoke(EndpointMBean.java:122)
	at org.springframework.boot.actuate.endpoint.jmx.EndpointMBean.invoke(EndpointMBean.java:97)
	at java.management/com.sun.jmx.interceptor.DefaultMBeanServerInterceptor.invoke(DefaultMBeanServerInterceptor.java:814)
	at java.management/com.sun.jmx.mbeanserver.JmxMBeanServer.invoke(JmxMBeanServer.java:802)
	at java.management.rmi/javax.management.remote.rmi.RMIConnectionImpl.doOperation(RMIConnectionImpl.java:1472)
	at java.management.rmi/javax.management.remote.rmi.RMIConnectionImpl$PrivilegedOperation.run(RMIConnectionImpl.java:1310)
	at java.management.rmi/javax.management.remote.rmi.RMIConnectionImpl.doPrivilegedOperation(RMIConnectionImpl.java:1405)
	at java.management.rmi/javax.management.remote.rmi.RMIConnectionImpl.invoke(RMIConnectionImpl.java:829)
	at java.base/jdk.internal.reflect.GeneratedMethodAccessor17.invoke(Unknown Source)
	at java.base/jdk.internal.reflect.DelegatingMethodAccessorImpl.invoke(DelegatingMethodAccessorImpl.java:43)
	at java.base/java.lang.reflect.Method.invoke(Method.java:568)
	at java.rmi/sun.rmi.server.UnicastServerRef.dispatch(UnicastServerRef.java:360)
	at java.rmi/sun.rmi.transport.Transport$1.run(Transport.java:200)
	at java.rmi/sun.rmi.transport.Transport$1.run(Transport.java:197)
	at java.base/java.security.AccessController.doPrivileged(AccessController.java:712)
	at java.rmi/sun.rmi.transport.Transport.serviceCall(Transport.java:196)
	at java.rmi/sun.rmi.transport.tcp.TCPTransport.handleMessages(TCPTransport.java:587)
	at java.rmi/sun.rmi.transport.tcp.TCPTransport$ConnectionHandler.run0(TCPTransport.java:828)
	at java.rmi/sun.rmi.transport.tcp.TCPTransport$ConnectionHandler.lambda$run$0(TCPTransport.java:705)
	at java.base/java.security.AccessController.doPrivileged(AccessController.java:399)
	at java.rmi/sun.rmi.transport.tcp.TCPTransport$ConnectionHandler.run(TCPTransport.java:704)
	at java.base/java.util.concurrent.ThreadPoolExecutor.runWorker(ThreadPoolExecutor.java:1136)
	at java.base/java.util.concurrent.ThreadPoolExecutor$Worker.run(ThreadPoolExecutor.java:635)
	at java.base/java.lang.Thread.run(Thread.java:842)
2024-11-21 15:57:08.885|WARN|RMI TCP Connection(4)-192.168.159.1|o.s.b.a.h.HealthEndpointSupport|line-181||Health contributor org.springframework.boot.actuate.mail.MailHealthIndicator (mail) took 30119ms to respond
2024-11-21 15:57:19.687|INFO|http-nio-8088-exec-7|o.a.c.c.C.[.[.[/]|line-173||Initializing Spring DispatcherServlet 'dispatcherServlet'
2024-11-21 15:57:19.687|INFO|http-nio-8088-exec-7|o.s.w.s.DispatcherServlet|line-532||Initializing Servlet 'dispatcherServlet'
2024-11-21 15:57:19.689|INFO|http-nio-8088-exec-7|o.s.w.s.DispatcherServlet|line-554||Completed initialization in 2 ms
2024-11-21 15:59:22.480|INFO|SpringApplicationShutdownHook|c.z.h.HikariDataSource|line-350||HikariPool-1 - Shutdown initiated...
2024-11-21 15:59:22.480|INFO|SpringApplicationShutdownHook|c.z.h.HikariDataSource|line-352||HikariPool-1 - Shutdown completed.
2024-11-21 15:59:27.126|INFO|main|w.f.o.OfficeControllerApplication|line-51||Starting OfficeControllerApplication using Java 17.0.11 with PID 892 (D:\My Project\myOASys\target\classes started by zds in D:\My Project\myOASys)
2024-11-21 15:59:27.126|INFO|main|w.f.o.OfficeControllerApplication|line-630||No active profile set, falling back to 1 default profile: "default"
2024-11-21 15:59:28.314|INFO|main|o.s.d.r.c.RepositoryConfigurationDelegate|line-291||Multiple Spring Data modules found, entering strict repository configuration mode
2024-11-21 15:59:28.314|INFO|main|o.s.d.r.c.RepositoryConfigurationDelegate|line-138||Bootstrapping Spring Data Redis repositories in DEFAULT mode.
2024-11-21 15:59:28.361|INFO|main|o.s.d.r.c.RepositoryConfigurationDelegate|line-208||Finished Spring Data repository scanning in 28 ms. Found 0 Redis repository interfaces.
2024-11-21 15:59:28.783|INFO|main|o.s.b.w.e.t.TomcatWebServer|line-108||Tomcat initialized with port(s): 8088 (http)
2024-11-21 15:59:28.783|INFO|main|o.a.c.h.Http11NioProtocol|line-173||Initializing ProtocolHandler ["http-nio-8088"]
2024-11-21 15:59:28.783|INFO|main|o.a.c.c.StandardService|line-173||Starting service [Tomcat]
2024-11-21 15:59:28.783|INFO|main|o.a.c.c.StandardEngine|line-173||Starting Servlet engine: [Apache Tomcat/10.1.5]
2024-11-21 15:59:28.845|INFO|main|o.a.c.c.C.[.[.[/]|line-173||Initializing Spring embedded WebApplicationContext
2024-11-21 15:59:28.845|INFO|main|o.s.b.w.s.c.ServletWebServerApplicationContext|line-291||Root WebApplicationContext: initialization completed in 1655 ms
2024-11-21 15:59:28.923|INFO|main|w.f.o.c.s.MyFilter|line-16||MyFilter来啦！！！！
2024-11-21 15:59:29.565|INFO|main|w.f.o.c.o.OssConfiguration|line-17||创建 OssUtil
2024-11-21 15:59:30.237|INFO|main|o.s.b.a.e.w.EndpointLinksResolver|line-58||Exposing 1 endpoint(s) beneath base path '/actuator'
2024-11-21 15:59:30.346|INFO|main|o.a.c.h.Http11NioProtocol|line-173||Starting ProtocolHandler ["http-nio-8088"]
2024-11-21 15:59:30.362|INFO|main|o.s.b.w.e.t.TomcatWebServer|line-220||Tomcat started on port(s): 8088 (http) with context path ''
2024-11-21 15:59:30.362|INFO|main|w.f.o.OfficeControllerApplication|line-57||Started OfficeControllerApplication in 3.615 seconds (process running for 5.238)
2024-11-21 15:59:30.790|INFO|RMI TCP Connection(6)-192.168.159.1|c.z.h.HikariDataSource|line-110||HikariPool-1 - Starting...
2024-11-21 15:59:30.906|INFO|RMI TCP Connection(6)-192.168.159.1|c.z.h.p.HikariPool|line-565||HikariPool-1 - Added connection com.mysql.cj.jdbc.ConnectionImpl@3fa1a70e
2024-11-21 15:59:30.906|INFO|RMI TCP Connection(6)-192.168.159.1|c.z.h.HikariDataSource|line-123||HikariPool-1 - Start completed.
2024-11-21 15:59:37.618|INFO|http-nio-8088-exec-2|o.a.c.c.C.[.[.[/]|line-173||Initializing Spring DispatcherServlet 'dispatcherServlet'
2024-11-21 15:59:37.618|INFO|http-nio-8088-exec-2|o.s.w.s.DispatcherServlet|line-532||Initializing Servlet 'dispatcherServlet'
2024-11-21 15:59:37.620|INFO|http-nio-8088-exec-2|o.s.w.s.DispatcherServlet|line-554||Completed initialization in 2 ms
2024-11-21 16:00:00.987|WARN|RMI TCP Connection(6)-192.168.159.1|o.s.b.a.m.MailHealthIndicator|line-94||Mail health check failed
jakarta.mail.MessagingException: Got bad greeting from SMTP host: smtp.qq.com, port: 465, response: [EOF]
	at com.sun.mail.smtp.SMTPTransport.openServer(SMTPTransport.java:2247)
	at com.sun.mail.smtp.SMTPTransport.protocolConnect(SMTPTransport.java:754)
	at jakarta.mail.Service.connect(Service.java:342)
	at org.springframework.mail.javamail.JavaMailSenderImpl.connectTransport(JavaMailSenderImpl.java:518)
	at org.springframework.mail.javamail.JavaMailSenderImpl.testConnection(JavaMailSenderImpl.java:398)
	at org.springframework.boot.actuate.mail.MailHealthIndicator.doHealthCheck(MailHealthIndicator.java:42)
	at org.springframework.boot.actuate.health.AbstractHealthIndicator.health(AbstractHealthIndicator.java:82)
	at org.springframework.boot.actuate.health.HealthIndicator.getHealth(HealthIndicator.java:37)
	at org.springframework.boot.actuate.health.HealthEndpoint.getHealth(HealthEndpoint.java:82)
	at org.springframework.boot.actuate.health.HealthEndpoint.getHealth(HealthEndpoint.java:41)
	at org.springframework.boot.actuate.health.HealthEndpointSupport.getLoggedHealth(HealthEndpointSupport.java:172)
	at org.springframework.boot.actuate.health.HealthEndpointSupport.getContribution(HealthEndpointSupport.java:145)
	at org.springframework.boot.actuate.health.HealthEndpointSupport.getAggregateContribution(HealthEndpointSupport.java:156)
	at org.springframework.boot.actuate.health.HealthEndpointSupport.getContribution(HealthEndpointSupport.java:141)
	at org.springframework.boot.actuate.health.HealthEndpointSupport.getHealth(HealthEndpointSupport.java:110)
	at org.springframework.boot.actuate.health.HealthEndpointSupport.getHealth(HealthEndpointSupport.java:81)
	at org.springframework.boot.actuate.health.HealthEndpoint.health(HealthEndpoint.java:76)
	at org.springframework.boot.actuate.health.HealthEndpoint.health(HealthEndpoint.java:66)
	at java.base/jdk.internal.reflect.NativeMethodAccessorImpl.invoke0(Native Method)
	at java.base/jdk.internal.reflect.NativeMethodAccessorImpl.invoke(NativeMethodAccessorImpl.java:77)
	at java.base/jdk.internal.reflect.DelegatingMethodAccessorImpl.invoke(DelegatingMethodAccessorImpl.java:43)
	at java.base/java.lang.reflect.Method.invoke(Method.java:568)
	at org.springframework.util.ReflectionUtils.invokeMethod(ReflectionUtils.java:281)
	at org.springframework.boot.actuate.endpoint.invoke.reflect.ReflectiveOperationInvoker.invoke(ReflectiveOperationInvoker.java:74)
	at org.springframework.boot.actuate.endpoint.annotation.AbstractDiscoveredOperation.invoke(AbstractDiscoveredOperation.java:60)
	at org.springframework.boot.actuate.endpoint.jmx.EndpointMBean.invoke(EndpointMBean.java:122)
	at org.springframework.boot.actuate.endpoint.jmx.EndpointMBean.invoke(EndpointMBean.java:97)
	at java.management/com.sun.jmx.interceptor.DefaultMBeanServerInterceptor.invoke(DefaultMBeanServerInterceptor.java:814)
	at java.management/com.sun.jmx.mbeanserver.JmxMBeanServer.invoke(JmxMBeanServer.java:802)
	at java.management.rmi/javax.management.remote.rmi.RMIConnectionImpl.doOperation(RMIConnectionImpl.java:1472)
	at java.management.rmi/javax.management.remote.rmi.RMIConnectionImpl$PrivilegedOperation.run(RMIConnectionImpl.java:1310)
	at java.management.rmi/javax.management.remote.rmi.RMIConnectionImpl.doPrivilegedOperation(RMIConnectionImpl.java:1405)
	at java.management.rmi/javax.management.remote.rmi.RMIConnectionImpl.invoke(RMIConnectionImpl.java:829)
	at java.base/jdk.internal.reflect.NativeMethodAccessorImpl.invoke0(Native Method)
	at java.base/jdk.internal.reflect.NativeMethodAccessorImpl.invoke(NativeMethodAccessorImpl.java:77)
	at java.base/jdk.internal.reflect.DelegatingMethodAccessorImpl.invoke(DelegatingMethodAccessorImpl.java:43)
	at java.base/java.lang.reflect.Method.invoke(Method.java:568)
	at java.rmi/sun.rmi.server.UnicastServerRef.dispatch(UnicastServerRef.java:360)
	at java.rmi/sun.rmi.transport.Transport$1.run(Transport.java:200)
	at java.rmi/sun.rmi.transport.Transport$1.run(Transport.java:197)
	at java.base/java.security.AccessController.doPrivileged(AccessController.java:712)
	at java.rmi/sun.rmi.transport.Transport.serviceCall(Transport.java:196)
	at java.rmi/sun.rmi.transport.tcp.TCPTransport.handleMessages(TCPTransport.java:587)
	at java.rmi/sun.rmi.transport.tcp.TCPTransport$ConnectionHandler.run0(TCPTransport.java:828)
	at java.rmi/sun.rmi.transport.tcp.TCPTransport$ConnectionHandler.lambda$run$0(TCPTransport.java:705)
	at java.base/java.security.AccessController.doPrivileged(AccessController.java:399)
	at java.rmi/sun.rmi.transport.tcp.TCPTransport$ConnectionHandler.run(TCPTransport.java:704)
	at java.base/java.util.concurrent.ThreadPoolExecutor.runWorker(ThreadPoolExecutor.java:1136)
	at java.base/java.util.concurrent.ThreadPoolExecutor$Worker.run(ThreadPoolExecutor.java:635)
	at java.base/java.lang.Thread.run(Thread.java:842)
2024-11-21 16:00:01.003|WARN|RMI TCP Connection(6)-192.168.159.1|o.s.b.a.h.HealthEndpointSupport|line-181||Health contributor org.springframework.boot.actuate.mail.MailHealthIndicator (mail) took 30078ms to respond
2024-11-21 16:00:38.807|INFO|SpringApplicationShutdownHook|c.z.h.HikariDataSource|line-350||HikariPool-1 - Shutdown initiated...
2024-11-21 16:00:38.822|INFO|SpringApplicationShutdownHook|c.z.h.HikariDataSource|line-352||HikariPool-1 - Shutdown completed.
2024-11-21 16:00:47.487|INFO|main|w.f.o.OfficeControllerApplication|line-51||Starting OfficeControllerApplication using Java 17.0.11 with PID 26708 (D:\My Project\myOASys\target\classes started by zds in D:\My Project\myOASys)
2024-11-21 16:00:47.502|INFO|main|w.f.o.OfficeControllerApplication|line-630||No active profile set, falling back to 1 default profile: "default"
2024-11-21 16:00:48.609|INFO|main|o.s.d.r.c.RepositoryConfigurationDelegate|line-291||Multiple Spring Data modules found, entering strict repository configuration mode
2024-11-21 16:00:48.609|INFO|main|o.s.d.r.c.RepositoryConfigurationDelegate|line-138||Bootstrapping Spring Data Redis repositories in DEFAULT mode.
2024-11-21 16:00:48.640|INFO|main|o.s.d.r.c.RepositoryConfigurationDelegate|line-208||Finished Spring Data repository scanning in 20 ms. Found 0 Redis repository interfaces.
2024-11-21 16:00:49.469|INFO|main|o.s.b.w.e.t.TomcatWebServer|line-108||Tomcat initialized with port(s): 8088 (http)
2024-11-21 16:00:49.484|INFO|main|o.a.c.h.Http11NioProtocol|line-173||Initializing ProtocolHandler ["http-nio-8088"]
2024-11-21 16:00:49.484|INFO|main|o.a.c.c.StandardService|line-173||Starting service [Tomcat]
2024-11-21 16:00:49.484|INFO|main|o.a.c.c.StandardEngine|line-173||Starting Servlet engine: [Apache Tomcat/10.1.5]
2024-11-21 16:00:49.578|INFO|main|o.a.c.c.C.[.[.[/]|line-173||Initializing Spring embedded WebApplicationContext
2024-11-21 16:00:49.578|INFO|main|o.s.b.w.s.c.ServletWebServerApplicationContext|line-291||Root WebApplicationContext: initialization completed in 2019 ms
2024-11-21 16:00:49.735|INFO|main|w.f.o.c.s.MyFilter|line-16||MyFilter来啦！！！！
2024-11-21 16:00:50.924|INFO|main|w.f.o.c.o.OssConfiguration|line-17||创建 OssUtil
2024-11-21 16:00:52.248|INFO|main|o.s.b.a.e.w.EndpointLinksResolver|line-58||Exposing 1 endpoint(s) beneath base path '/actuator'
2024-11-21 16:00:52.322|INFO|main|o.a.c.h.Http11NioProtocol|line-173||Starting ProtocolHandler ["http-nio-8088"]
2024-11-21 16:00:52.337|INFO|main|o.s.b.w.e.t.TomcatWebServer|line-220||Tomcat started on port(s): 8088 (http) with context path ''
2024-11-21 16:00:52.352|INFO|main|w.f.o.OfficeControllerApplication|line-57||Started OfficeControllerApplication in 5.432 seconds (process running for 6.946)
2024-11-21 16:00:52.860|INFO|RMI TCP Connection(13)-192.168.159.1|c.z.h.HikariDataSource|line-110||HikariPool-1 - Starting...
2024-11-21 16:00:53.142|INFO|RMI TCP Connection(13)-192.168.159.1|c.z.h.p.HikariPool|line-565||HikariPool-1 - Added connection com.mysql.cj.jdbc.ConnectionImpl@6dd22a5b
2024-11-21 16:00:53.146|INFO|RMI TCP Connection(13)-192.168.159.1|c.z.h.HikariDataSource|line-123||HikariPool-1 - Start completed.
2024-11-21 16:01:20.605|INFO|http-nio-8088-exec-2|o.a.c.c.C.[.[.[/]|line-173||Initializing Spring DispatcherServlet 'dispatcherServlet'
2024-11-21 16:01:20.606|INFO|http-nio-8088-exec-2|o.s.w.s.DispatcherServlet|line-532||Initializing Servlet 'dispatcherServlet'
2024-11-21 16:01:20.607|INFO|http-nio-8088-exec-2|o.s.w.s.DispatcherServlet|line-554||Completed initialization in 1 ms
2024-11-21 16:01:21.092|WARN|http-nio-8088-exec-2|w.f.o.a.c.MyFormController|line-45|traceId_884711198699300|fieldOptions: []
2024-11-21 16:01:23.222|WARN|RMI TCP Connection(13)-192.168.159.1|o.s.b.a.m.MailHealthIndicator|line-94||Mail health check failed
jakarta.mail.MessagingException: Got bad greeting from SMTP host: smtp.qq.com, port: 465, response: [EOF]
	at com.sun.mail.smtp.SMTPTransport.openServer(SMTPTransport.java:2247)
	at com.sun.mail.smtp.SMTPTransport.protocolConnect(SMTPTransport.java:754)
	at jakarta.mail.Service.connect(Service.java:342)
	at org.springframework.mail.javamail.JavaMailSenderImpl.connectTransport(JavaMailSenderImpl.java:518)
	at org.springframework.mail.javamail.JavaMailSenderImpl.testConnection(JavaMailSenderImpl.java:398)
	at org.springframework.boot.actuate.mail.MailHealthIndicator.doHealthCheck(MailHealthIndicator.java:42)
	at org.springframework.boot.actuate.health.AbstractHealthIndicator.health(AbstractHealthIndicator.java:82)
	at org.springframework.boot.actuate.health.HealthIndicator.getHealth(HealthIndicator.java:37)
	at org.springframework.boot.actuate.health.HealthEndpoint.getHealth(HealthEndpoint.java:82)
	at org.springframework.boot.actuate.health.HealthEndpoint.getHealth(HealthEndpoint.java:41)
	at org.springframework.boot.actuate.health.HealthEndpointSupport.getLoggedHealth(HealthEndpointSupport.java:172)
	at org.springframework.boot.actuate.health.HealthEndpointSupport.getContribution(HealthEndpointSupport.java:145)
	at org.springframework.boot.actuate.health.HealthEndpointSupport.getAggregateContribution(HealthEndpointSupport.java:156)
	at org.springframework.boot.actuate.health.HealthEndpointSupport.getContribution(HealthEndpointSupport.java:141)
	at org.springframework.boot.actuate.health.HealthEndpointSupport.getHealth(HealthEndpointSupport.java:110)
	at org.springframework.boot.actuate.health.HealthEndpointSupport.getHealth(HealthEndpointSupport.java:81)
	at org.springframework.boot.actuate.health.HealthEndpoint.health(HealthEndpoint.java:76)
	at org.springframework.boot.actuate.health.HealthEndpoint.health(HealthEndpoint.java:66)
	at java.base/jdk.internal.reflect.NativeMethodAccessorImpl.invoke0(Native Method)
	at java.base/jdk.internal.reflect.NativeMethodAccessorImpl.invoke(NativeMethodAccessorImpl.java:77)
	at java.base/jdk.internal.reflect.DelegatingMethodAccessorImpl.invoke(DelegatingMethodAccessorImpl.java:43)
	at java.base/java.lang.reflect.Method.invoke(Method.java:568)
	at org.springframework.util.ReflectionUtils.invokeMethod(ReflectionUtils.java:281)
	at org.springframework.boot.actuate.endpoint.invoke.reflect.ReflectiveOperationInvoker.invoke(ReflectiveOperationInvoker.java:74)
	at org.springframework.boot.actuate.endpoint.annotation.AbstractDiscoveredOperation.invoke(AbstractDiscoveredOperation.java:60)
	at org.springframework.boot.actuate.endpoint.jmx.EndpointMBean.invoke(EndpointMBean.java:122)
	at org.springframework.boot.actuate.endpoint.jmx.EndpointMBean.invoke(EndpointMBean.java:97)
	at java.management/com.sun.jmx.interceptor.DefaultMBeanServerInterceptor.invoke(DefaultMBeanServerInterceptor.java:814)
	at java.management/com.sun.jmx.mbeanserver.JmxMBeanServer.invoke(JmxMBeanServer.java:802)
	at java.management.rmi/javax.management.remote.rmi.RMIConnectionImpl.doOperation(RMIConnectionImpl.java:1472)
	at java.management.rmi/javax.management.remote.rmi.RMIConnectionImpl$PrivilegedOperation.run(RMIConnectionImpl.java:1310)
	at java.management.rmi/javax.management.remote.rmi.RMIConnectionImpl.doPrivilegedOperation(RMIConnectionImpl.java:1405)
	at java.management.rmi/javax.management.remote.rmi.RMIConnectionImpl.invoke(RMIConnectionImpl.java:829)
	at java.base/jdk.internal.reflect.NativeMethodAccessorImpl.invoke0(Native Method)
	at java.base/jdk.internal.reflect.NativeMethodAccessorImpl.invoke(NativeMethodAccessorImpl.java:77)
	at java.base/jdk.internal.reflect.DelegatingMethodAccessorImpl.invoke(DelegatingMethodAccessorImpl.java:43)
	at java.base/java.lang.reflect.Method.invoke(Method.java:568)
	at java.rmi/sun.rmi.server.UnicastServerRef.dispatch(UnicastServerRef.java:360)
	at java.rmi/sun.rmi.transport.Transport$1.run(Transport.java:200)
	at java.rmi/sun.rmi.transport.Transport$1.run(Transport.java:197)
	at java.base/java.security.AccessController.doPrivileged(AccessController.java:712)
	at java.rmi/sun.rmi.transport.Transport.serviceCall(Transport.java:196)
	at java.rmi/sun.rmi.transport.tcp.TCPTransport.handleMessages(TCPTransport.java:587)
	at java.rmi/sun.rmi.transport.tcp.TCPTransport$ConnectionHandler.run0(TCPTransport.java:828)
	at java.rmi/sun.rmi.transport.tcp.TCPTransport$ConnectionHandler.lambda$run$0(TCPTransport.java:705)
	at java.base/java.security.AccessController.doPrivileged(AccessController.java:399)
	at java.rmi/sun.rmi.transport.tcp.TCPTransport$ConnectionHandler.run(TCPTransport.java:704)
	at java.base/java.util.concurrent.ThreadPoolExecutor.runWorker(ThreadPoolExecutor.java:1136)
	at java.base/java.util.concurrent.ThreadPoolExecutor$Worker.run(ThreadPoolExecutor.java:635)
	at java.base/java.lang.Thread.run(Thread.java:842)
2024-11-21 16:01:23.225|WARN|RMI TCP Connection(13)-192.168.159.1|o.s.b.a.h.HealthEndpointSupport|line-181||Health contributor org.springframework.boot.actuate.mail.MailHealthIndicator (mail) took 30067ms to respond
2024-11-21 16:01:34.700|WARN|http-nio-8088-exec-3|w.f.o.a.c.MyFormController|line-45|traceId_884725266786200|fieldOptions: []
2024-11-21 16:03:25.155|WARN|http-nio-8088-exec-6|w.f.o.a.c.MyFormController|line-45|traceId_884835731376300|fieldOptions: [FieldOptionVo(id=1, templateFieldId=1, optionValue=年假, optionLabel=年假, oprionSort=1), FieldOptionVo(id=2, templateFieldId=1, optionValue=事假, optionLabel=事假, oprionSort=2), FieldOptionVo(id=3, templateFieldId=1, optionValue=病假, optionLabel=病假, oprionSort=3), FieldOptionVo(id=4, templateFieldId=1, optionValue=调休, optionLabel=调休, oprionSort=4), FieldOptionVo(id=5, templateFieldId=1, optionValue=产假, optionLabel=产假, oprionSort=5), FieldOptionVo(id=6, templateFieldId=1, optionValue=陪产假, optionLabel=陪产假, oprionSort=6), FieldOptionVo(id=7, templateFieldId=1, optionValue=婚假, optionLabel=婚假, oprionSort=7), FieldOptionVo(id=8, templateFieldId=1, optionValue=例假, optionLabel=例假, oprionSort=8), FieldOptionVo(id=9, templateFieldId=1, optionValue=丧假, optionLabel=丧假, oprionSort=9)]
2024-11-21 16:20:36.566|WARN|http-nio-8088-exec-9|w.f.o.a.c.MyFormController|line-45|traceId_885867140398100|fieldOptions: [FieldOptionVo(id=1, templateFieldId=1, optionValue=年假, optionLabel=年假, oprionSort=1), FieldOptionVo(id=2, templateFieldId=1, optionValue=事假, optionLabel=事假, oprionSort=2), FieldOptionVo(id=3, templateFieldId=1, optionValue=病假, optionLabel=病假, oprionSort=3), FieldOptionVo(id=4, templateFieldId=1, optionValue=调休, optionLabel=调休, oprionSort=4), FieldOptionVo(id=5, templateFieldId=1, optionValue=产假, optionLabel=产假, oprionSort=5), FieldOptionVo(id=6, templateFieldId=1, optionValue=陪产假, optionLabel=陪产假, oprionSort=6), FieldOptionVo(id=7, templateFieldId=1, optionValue=婚假, optionLabel=婚假, oprionSort=7), FieldOptionVo(id=8, templateFieldId=1, optionValue=例假, optionLabel=例假, oprionSort=8), FieldOptionVo(id=9, templateFieldId=1, optionValue=丧假, optionLabel=丧假, oprionSort=9)]
2024-11-21 16:20:55.944|WARN|http-nio-8088-exec-10|w.f.o.a.c.MyFormController|line-45|traceId_885886518587800|fieldOptions: [FieldOptionVo(id=1, templateFieldId=1, optionValue=年假, optionLabel=年假, oprionSort=1), FieldOptionVo(id=2, templateFieldId=1, optionValue=事假, optionLabel=事假, oprionSort=2), FieldOptionVo(id=3, templateFieldId=1, optionValue=病假, optionLabel=病假, oprionSort=3), FieldOptionVo(id=4, templateFieldId=1, optionValue=调休, optionLabel=调休, oprionSort=4), FieldOptionVo(id=5, templateFieldId=1, optionValue=产假, optionLabel=产假, oprionSort=5), FieldOptionVo(id=6, templateFieldId=1, optionValue=陪产假, optionLabel=陪产假, oprionSort=6), FieldOptionVo(id=7, templateFieldId=1, optionValue=婚假, optionLabel=婚假, oprionSort=7), FieldOptionVo(id=8, templateFieldId=1, optionValue=例假, optionLabel=例假, oprionSort=8), FieldOptionVo(id=9, templateFieldId=1, optionValue=丧假, optionLabel=丧假, oprionSort=9)]
2024-11-21 16:22:55.967|INFO|http-nio-8088-exec-2|o.s.a.AbstractOpenApiResource|line-390|traceId_886005663923100|Init duration for springdoc-openapi is: 880 ms
2024-11-21 16:24:13.531|WARN|http-nio-8088-exec-5|w.f.o.a.c.MyFormController|line-45|traceId_886084105089900|fieldOptions: [FieldOptionVo(id=1, templateFieldId=1, optionValue=年假, optionLabel=年假, oprionSort=1), FieldOptionVo(id=2, templateFieldId=1, optionValue=事假, optionLabel=事假, oprionSort=2), FieldOptionVo(id=3, templateFieldId=1, optionValue=病假, optionLabel=病假, oprionSort=3), FieldOptionVo(id=4, templateFieldId=1, optionValue=调休, optionLabel=调休, oprionSort=4), FieldOptionVo(id=5, templateFieldId=1, optionValue=产假, optionLabel=产假, oprionSort=5), FieldOptionVo(id=6, templateFieldId=1, optionValue=陪产假, optionLabel=陪产假, oprionSort=6), FieldOptionVo(id=7, templateFieldId=1, optionValue=婚假, optionLabel=婚假, oprionSort=7), FieldOptionVo(id=8, templateFieldId=1, optionValue=例假, optionLabel=例假, oprionSort=8), FieldOptionVo(id=9, templateFieldId=1, optionValue=丧假, optionLabel=丧假, oprionSort=9)]
2024-11-21 16:24:28.504|WARN|http-nio-8088-exec-6|w.f.o.a.c.MyFormController|line-45|traceId_886099079905700|fieldOptions: [FieldOptionVo(id=1, templateFieldId=1, optionValue=年假, optionLabel=年假, oprionSort=1), FieldOptionVo(id=2, templateFieldId=1, optionValue=事假, optionLabel=事假, oprionSort=2), FieldOptionVo(id=3, templateFieldId=1, optionValue=病假, optionLabel=病假, oprionSort=3), FieldOptionVo(id=4, templateFieldId=1, optionValue=调休, optionLabel=调休, oprionSort=4), FieldOptionVo(id=5, templateFieldId=1, optionValue=产假, optionLabel=产假, oprionSort=5), FieldOptionVo(id=6, templateFieldId=1, optionValue=陪产假, optionLabel=陪产假, oprionSort=6), FieldOptionVo(id=7, templateFieldId=1, optionValue=婚假, optionLabel=婚假, oprionSort=7), FieldOptionVo(id=8, templateFieldId=1, optionValue=例假, optionLabel=例假, oprionSort=8), FieldOptionVo(id=9, templateFieldId=1, optionValue=丧假, optionLabel=丧假, oprionSort=9)]
2024-11-21 16:27:05.499|WARN|http-nio-8088-exec-9|w.f.o.a.c.MyFormController|line-45|traceId_886256073953300|fieldOptions: [FieldOptionVo(id=1, templateFieldId=1, optionValue=年假, optionLabel=年假, oprionSort=1), FieldOptionVo(id=2, templateFieldId=1, optionValue=事假, optionLabel=事假, oprionSort=2), FieldOptionVo(id=3, templateFieldId=1, optionValue=病假, optionLabel=病假, oprionSort=3), FieldOptionVo(id=4, templateFieldId=1, optionValue=调休, optionLabel=调休, oprionSort=4), FieldOptionVo(id=5, templateFieldId=1, optionValue=产假, optionLabel=产假, oprionSort=5), FieldOptionVo(id=6, templateFieldId=1, optionValue=陪产假, optionLabel=陪产假, oprionSort=6), FieldOptionVo(id=7, templateFieldId=1, optionValue=婚假, optionLabel=婚假, oprionSort=7), FieldOptionVo(id=8, templateFieldId=1, optionValue=例假, optionLabel=例假, oprionSort=8), FieldOptionVo(id=9, templateFieldId=1, optionValue=丧假, optionLabel=丧假, oprionSort=9)]
2024-11-21 16:27:05.503|WARN|http-nio-8088-exec-9|w.f.o.a.c.MyFormController|line-45|traceId_886256073953300|fieldOptions: [FieldOptionVo(id=10, templateFieldId=6, optionValue=多选项1, optionLabel=多选项1, oprionSort=1), FieldOptionVo(id=11, templateFieldId=6, optionValue=多选项2, optionLabel=多选项2, oprionSort=2), FieldOptionVo(id=12, templateFieldId=6, optionValue=多选项3, optionLabel=多选项3, oprionSort=3), FieldOptionVo(id=13, templateFieldId=6, optionValue=多选项4, optionLabel=多选项4, oprionSort=4), FieldOptionVo(id=14, templateFieldId=6, optionValue=多选项5, optionLabel=多选项5, oprionSort=5)]
2024-11-21 16:34:55.368|WARN|http-nio-8088-exec-2|w.f.o.a.c.MyFormController|line-45|traceId_886725945818600|fieldOptions: [FieldOptionVo(id=1, templateFieldId=1, optionValue=年假, optionLabel=年假, oprionSort=1), FieldOptionVo(id=2, templateFieldId=1, optionValue=事假, optionLabel=事假, oprionSort=2), FieldOptionVo(id=3, templateFieldId=1, optionValue=病假, optionLabel=病假, oprionSort=3), FieldOptionVo(id=4, templateFieldId=1, optionValue=调休, optionLabel=调休, oprionSort=4), FieldOptionVo(id=5, templateFieldId=1, optionValue=产假, optionLabel=产假, oprionSort=5), FieldOptionVo(id=6, templateFieldId=1, optionValue=陪产假, optionLabel=陪产假, oprionSort=6), FieldOptionVo(id=7, templateFieldId=1, optionValue=婚假, optionLabel=婚假, oprionSort=7), FieldOptionVo(id=8, templateFieldId=1, optionValue=例假, optionLabel=例假, oprionSort=8), FieldOptionVo(id=9, templateFieldId=1, optionValue=丧假, optionLabel=丧假, oprionSort=9)]
2024-11-21 16:34:55.371|WARN|http-nio-8088-exec-2|w.f.o.a.c.MyFormController|line-45|traceId_886725945818600|fieldOptions: [FieldOptionVo(id=10, templateFieldId=6, optionValue=多选项1, optionLabel=多选项1, oprionSort=1), FieldOptionVo(id=11, templateFieldId=6, optionValue=多选项2, optionLabel=多选项2, oprionSort=2), FieldOptionVo(id=12, templateFieldId=6, optionValue=多选项3, optionLabel=多选项3, oprionSort=3), FieldOptionVo(id=13, templateFieldId=6, optionValue=多选项4, optionLabel=多选项4, oprionSort=4), FieldOptionVo(id=14, templateFieldId=6, optionValue=多选项5, optionLabel=多选项5, oprionSort=5)]
2024-11-21 17:28:05.243|INFO|SpringApplicationShutdownHook|c.z.h.HikariDataSource|line-350||HikariPool-1 - Shutdown initiated...
2024-11-21 17:28:05.251|INFO|SpringApplicationShutdownHook|c.z.h.HikariDataSource|line-352||HikariPool-1 - Shutdown completed.
