2024-11-26 09:07:52.027|WARN|RMI TCP Connection(3)-192.168.159.1|o.s.b.a.m.MailHealthIndicator|line-94||Mail health check failed
jakarta.mail.MessagingException: Got bad greeting from SMTP host: smtp.qq.com, port: 465, response: [EOF]
	at com.sun.mail.smtp.SMTPTransport.openServer(SMTPTransport.java:2247)
	at com.sun.mail.smtp.SMTPTransport.protocolConnect(SMTPTransport.java:754)
	at jakarta.mail.Service.connect(Service.java:342)
	at org.springframework.mail.javamail.JavaMailSenderImpl.connectTransport(JavaMailSenderImpl.java:518)
	at org.springframework.mail.javamail.JavaMailSenderImpl.testConnection(JavaMailSenderImpl.java:398)
	at org.springframework.boot.actuate.mail.MailHealthIndicator.doHealthCheck(MailHealthIndicator.java:42)
	at org.springframework.boot.actuate.health.AbstractHealthIndicator.health(AbstractHealthIndicator.java:82)
	at org.springframework.boot.actuate.health.HealthIndicator.getHealth(HealthIndicator.java:37)
	at org.springframework.boot.actuate.health.HealthEndpoint.getHealth(HealthEndpoint.java:82)
	at org.springframework.boot.actuate.health.HealthEndpoint.getHealth(HealthEndpoint.java:41)
	at org.springframework.boot.actuate.health.HealthEndpointSupport.getLoggedHealth(HealthEndpointSupport.java:172)
	at org.springframework.boot.actuate.health.HealthEndpointSupport.getContribution(HealthEndpointSupport.java:145)
	at org.springframework.boot.actuate.health.HealthEndpointSupport.getAggregateContribution(HealthEndpointSupport.java:156)
	at org.springframework.boot.actuate.health.HealthEndpointSupport.getContribution(HealthEndpointSupport.java:141)
	at org.springframework.boot.actuate.health.HealthEndpointSupport.getHealth(HealthEndpointSupport.java:110)
	at org.springframework.boot.actuate.health.HealthEndpointSupport.getHealth(HealthEndpointSupport.java:81)
	at org.springframework.boot.actuate.health.HealthEndpoint.health(HealthEndpoint.java:76)
	at org.springframework.boot.actuate.health.HealthEndpoint.health(HealthEndpoint.java:66)
	at java.base/jdk.internal.reflect.NativeMethodAccessorImpl.invoke0(Native Method)
	at java.base/jdk.internal.reflect.NativeMethodAccessorImpl.invoke(NativeMethodAccessorImpl.java:77)
	at java.base/jdk.internal.reflect.DelegatingMethodAccessorImpl.invoke(DelegatingMethodAccessorImpl.java:43)
	at java.base/java.lang.reflect.Method.invoke(Method.java:568)
	at org.springframework.util.ReflectionUtils.invokeMethod(ReflectionUtils.java:281)
	at org.springframework.boot.actuate.endpoint.invoke.reflect.ReflectiveOperationInvoker.invoke(ReflectiveOperationInvoker.java:74)
	at org.springframework.boot.actuate.endpoint.annotation.AbstractDiscoveredOperation.invoke(AbstractDiscoveredOperation.java:60)
	at org.springframework.boot.actuate.endpoint.jmx.EndpointMBean.invoke(EndpointMBean.java:122)
	at org.springframework.boot.actuate.endpoint.jmx.EndpointMBean.invoke(EndpointMBean.java:97)
	at java.management/com.sun.jmx.interceptor.DefaultMBeanServerInterceptor.invoke(DefaultMBeanServerInterceptor.java:814)
	at java.management/com.sun.jmx.mbeanserver.JmxMBeanServer.invoke(JmxMBeanServer.java:802)
	at java.management.rmi/javax.management.remote.rmi.RMIConnectionImpl.doOperation(RMIConnectionImpl.java:1472)
	at java.management.rmi/javax.management.remote.rmi.RMIConnectionImpl$PrivilegedOperation.run(RMIConnectionImpl.java:1310)
	at java.management.rmi/javax.management.remote.rmi.RMIConnectionImpl.doPrivilegedOperation(RMIConnectionImpl.java:1405)
	at java.management.rmi/javax.management.remote.rmi.RMIConnectionImpl.invoke(RMIConnectionImpl.java:829)
	at java.base/jdk.internal.reflect.GeneratedMethodAccessor14.invoke(Unknown Source)
	at java.base/jdk.internal.reflect.DelegatingMethodAccessorImpl.invoke(DelegatingMethodAccessorImpl.java:43)
	at java.base/java.lang.reflect.Method.invoke(Method.java:568)
	at java.rmi/sun.rmi.server.UnicastServerRef.dispatch(UnicastServerRef.java:360)
	at java.rmi/sun.rmi.transport.Transport$1.run(Transport.java:200)
	at java.rmi/sun.rmi.transport.Transport$1.run(Transport.java:197)
	at java.base/java.security.AccessController.doPrivileged(AccessController.java:712)
	at java.rmi/sun.rmi.transport.Transport.serviceCall(Transport.java:196)
	at java.rmi/sun.rmi.transport.tcp.TCPTransport.handleMessages(TCPTransport.java:587)
	at java.rmi/sun.rmi.transport.tcp.TCPTransport$ConnectionHandler.run0(TCPTransport.java:828)
	at java.rmi/sun.rmi.transport.tcp.TCPTransport$ConnectionHandler.lambda$run$0(TCPTransport.java:705)
	at java.base/java.security.AccessController.doPrivileged(AccessController.java:399)
	at java.rmi/sun.rmi.transport.tcp.TCPTransport$ConnectionHandler.run(TCPTransport.java:704)
	at java.base/java.util.concurrent.ThreadPoolExecutor.runWorker(ThreadPoolExecutor.java:1136)
	at java.base/java.util.concurrent.ThreadPoolExecutor$Worker.run(ThreadPoolExecutor.java:635)
	at java.base/java.lang.Thread.run(Thread.java:842)
2024-11-26 09:07:52.042|WARN|RMI TCP Connection(3)-192.168.159.1|o.s.b.a.h.HealthEndpointSupport|line-181||Health contributor org.springframework.boot.actuate.mail.MailHealthIndicator (mail) took 30076ms to respond
2024-11-26 10:13:52.443|WARN|http-nio-8088-exec-2|w.f.o.a.c.MyFormController|line-112|traceId_1295866513552600|formFieldValues: [FormFieldValue(id=null, formId=20, fieldId=1, fieldValue=病假, createBy=8, createTime=Tue Nov 26 10:13:52 CST 2024, updateBy=8, updateTime=Tue Nov 26 10:13:52 CST 2024), FormFieldValue(id=null, formId=20, fieldId=2, fieldValue=2024-11-21 09:00:00, createBy=8, createTime=Tue Nov 26 10:13:52 CST 2024, updateBy=8, updateTime=Tue Nov 26 10:13:52 CST 2024), FormFieldValue(id=null, formId=20, fieldId=3, fieldValue=2024-11-22 17:30:00, createBy=8, createTime=Tue Nov 26 10:13:52 CST 2024, updateBy=8, updateTime=Tue Nov 26 10:13:52 CST 2024), FormFieldValue(id=null, formId=20, fieldId=4, fieldValue=2, createBy=8, createTime=Tue Nov 26 10:13:52 CST 2024, updateBy=8, updateTime=Tue Nov 26 10:13:52 CST 2024), FormFieldValue(id=null, formId=20, fieldId=5, fieldValue=感冒生病打点滴, createBy=8, createTime=Tue Nov 26 10:13:52 CST 2024, updateBy=8, updateTime=Tue Nov 26 10:13:52 CST 2024), FormFieldValue(id=null, formId=20, fieldId=6, fieldValue=[多选项1, 多选项2, 多选项3], createBy=8, createTime=Tue Nov 26 10:13:52 CST 2024, updateBy=8, updateTime=Tue Nov 26 10:13:52 CST 2024), FormFieldValue(id=null, formId=20, fieldId=7, fieldValue=[1, 2, 3, 7, 8, 9], createBy=8, createTime=Tue Nov 26 10:13:52 CST 2024, updateBy=8, updateTime=Tue Nov 26 10:13:52 CST 2024)]
2024-11-26 10:15:20.606|WARN|http-nio-8088-exec-7|w.f.o.a.c.MyFormController|line-91|traceId_1295954661514900|fieldOptions: [FieldOptionVo(id=1, templateFieldId=1, optionValue=年假, optionLabel=年假, oprionSort=1), FieldOptionVo(id=2, templateFieldId=1, optionValue=事假, optionLabel=事假, oprionSort=2), FieldOptionVo(id=3, templateFieldId=1, optionValue=病假, optionLabel=病假, oprionSort=3), FieldOptionVo(id=4, templateFieldId=1, optionValue=调休, optionLabel=调休, oprionSort=4), FieldOptionVo(id=5, templateFieldId=1, optionValue=产假, optionLabel=产假, oprionSort=5), FieldOptionVo(id=6, templateFieldId=1, optionValue=陪产假, optionLabel=陪产假, oprionSort=6), FieldOptionVo(id=7, templateFieldId=1, optionValue=婚假, optionLabel=婚假, oprionSort=7), FieldOptionVo(id=8, templateFieldId=1, optionValue=例假, optionLabel=例假, oprionSort=8), FieldOptionVo(id=9, templateFieldId=1, optionValue=丧假, optionLabel=丧假, oprionSort=9)]
2024-11-26 10:15:20.607|WARN|http-nio-8088-exec-7|w.f.o.a.c.MyFormController|line-91|traceId_1295954661514900|fieldOptions: [FieldOptionVo(id=10, templateFieldId=6, optionValue=多选项1, optionLabel=多选项1, oprionSort=1), FieldOptionVo(id=11, templateFieldId=6, optionValue=多选项2, optionLabel=多选项2, oprionSort=2), FieldOptionVo(id=12, templateFieldId=6, optionValue=多选项3, optionLabel=多选项3, oprionSort=3), FieldOptionVo(id=13, templateFieldId=6, optionValue=多选项4, optionLabel=多选项4, oprionSort=4), FieldOptionVo(id=14, templateFieldId=6, optionValue=多选项5, optionLabel=多选项5, oprionSort=5)]
2024-11-26 10:16:19.739|WARN|http-nio-8088-exec-9|w.f.o.a.c.MyFormController|line-112|traceId_1296013819730300|formFieldValues: [FormFieldValue(id=null, formId=21, fieldId=1, fieldValue=病假, createBy=8, createTime=Tue Nov 26 10:16:19 CST 2024, updateBy=8, updateTime=Tue Nov 26 10:16:19 CST 2024), FormFieldValue(id=null, formId=21, fieldId=2, fieldValue=2024-11-21 09:00:00, createBy=8, createTime=Tue Nov 26 10:16:19 CST 2024, updateBy=8, updateTime=Tue Nov 26 10:16:19 CST 2024), FormFieldValue(id=null, formId=21, fieldId=3, fieldValue=2024-11-22 17:30:00, createBy=8, createTime=Tue Nov 26 10:16:19 CST 2024, updateBy=8, updateTime=Tue Nov 26 10:16:19 CST 2024), FormFieldValue(id=null, formId=21, fieldId=4, fieldValue=2, createBy=8, createTime=Tue Nov 26 10:16:19 CST 2024, updateBy=8, updateTime=Tue Nov 26 10:16:19 CST 2024), FormFieldValue(id=null, formId=21, fieldId=5, fieldValue=感冒生病打点滴, createBy=8, createTime=Tue Nov 26 10:16:19 CST 2024, updateBy=8, updateTime=Tue Nov 26 10:16:19 CST 2024), FormFieldValue(id=null, formId=21, fieldId=6, fieldValue=[多选项1, 多选项2, 多选项3], createBy=8, createTime=Tue Nov 26 10:16:19 CST 2024, updateBy=8, updateTime=Tue Nov 26 10:16:19 CST 2024), FormFieldValue(id=null, formId=21, fieldId=7, fieldValue=[1, 2, 3, 7, 8, 9], createBy=8, createTime=Tue Nov 26 10:16:19 CST 2024, updateBy=8, updateTime=Tue Nov 26 10:16:19 CST 2024)]
2024-11-26 11:13:32.400|WARN|RMI TCP Connection(1)-192.168.159.1|o.s.b.a.m.MailHealthIndicator|line-94||Mail health check failed
jakarta.mail.MessagingException: Got bad greeting from SMTP host: smtp.qq.com, port: 465, response: [EOF]
	at com.sun.mail.smtp.SMTPTransport.openServer(SMTPTransport.java:2247)
	at com.sun.mail.smtp.SMTPTransport.protocolConnect(SMTPTransport.java:754)
	at jakarta.mail.Service.connect(Service.java:342)
	at org.springframework.mail.javamail.JavaMailSenderImpl.connectTransport(JavaMailSenderImpl.java:518)
	at org.springframework.mail.javamail.JavaMailSenderImpl.testConnection(JavaMailSenderImpl.java:398)
	at org.springframework.boot.actuate.mail.MailHealthIndicator.doHealthCheck(MailHealthIndicator.java:42)
	at org.springframework.boot.actuate.health.AbstractHealthIndicator.health(AbstractHealthIndicator.java:82)
	at org.springframework.boot.actuate.health.HealthIndicator.getHealth(HealthIndicator.java:37)
	at org.springframework.boot.actuate.health.HealthEndpoint.getHealth(HealthEndpoint.java:82)
	at org.springframework.boot.actuate.health.HealthEndpoint.getHealth(HealthEndpoint.java:41)
	at org.springframework.boot.actuate.health.HealthEndpointSupport.getLoggedHealth(HealthEndpointSupport.java:172)
	at org.springframework.boot.actuate.health.HealthEndpointSupport.getContribution(HealthEndpointSupport.java:145)
	at org.springframework.boot.actuate.health.HealthEndpointSupport.getAggregateContribution(HealthEndpointSupport.java:156)
	at org.springframework.boot.actuate.health.HealthEndpointSupport.getContribution(HealthEndpointSupport.java:141)
	at org.springframework.boot.actuate.health.HealthEndpointSupport.getHealth(HealthEndpointSupport.java:110)
	at org.springframework.boot.actuate.health.HealthEndpointSupport.getHealth(HealthEndpointSupport.java:81)
	at org.springframework.boot.actuate.health.HealthEndpoint.health(HealthEndpoint.java:76)
	at org.springframework.boot.actuate.health.HealthEndpoint.health(HealthEndpoint.java:66)
	at java.base/jdk.internal.reflect.NativeMethodAccessorImpl.invoke0(Native Method)
	at java.base/jdk.internal.reflect.NativeMethodAccessorImpl.invoke(NativeMethodAccessorImpl.java:77)
	at java.base/jdk.internal.reflect.DelegatingMethodAccessorImpl.invoke(DelegatingMethodAccessorImpl.java:43)
	at java.base/java.lang.reflect.Method.invoke(Method.java:568)
	at org.springframework.util.ReflectionUtils.invokeMethod(ReflectionUtils.java:281)
	at org.springframework.boot.actuate.endpoint.invoke.reflect.ReflectiveOperationInvoker.invoke(ReflectiveOperationInvoker.java:74)
	at org.springframework.boot.actuate.endpoint.annotation.AbstractDiscoveredOperation.invoke(AbstractDiscoveredOperation.java:60)
	at org.springframework.boot.actuate.endpoint.jmx.EndpointMBean.invoke(EndpointMBean.java:122)
	at org.springframework.boot.actuate.endpoint.jmx.EndpointMBean.invoke(EndpointMBean.java:97)
	at java.management/com.sun.jmx.interceptor.DefaultMBeanServerInterceptor.invoke(DefaultMBeanServerInterceptor.java:814)
	at java.management/com.sun.jmx.mbeanserver.JmxMBeanServer.invoke(JmxMBeanServer.java:802)
	at java.management.rmi/javax.management.remote.rmi.RMIConnectionImpl.doOperation(RMIConnectionImpl.java:1472)
	at java.management.rmi/javax.management.remote.rmi.RMIConnectionImpl$PrivilegedOperation.run(RMIConnectionImpl.java:1310)
	at java.management.rmi/javax.management.remote.rmi.RMIConnectionImpl.doPrivilegedOperation(RMIConnectionImpl.java:1405)
	at java.management.rmi/javax.management.remote.rmi.RMIConnectionImpl.invoke(RMIConnectionImpl.java:829)
	at java.base/jdk.internal.reflect.GeneratedMethodAccessor15.invoke(Unknown Source)
	at java.base/jdk.internal.reflect.DelegatingMethodAccessorImpl.invoke(DelegatingMethodAccessorImpl.java:43)
	at java.base/java.lang.reflect.Method.invoke(Method.java:568)
	at java.rmi/sun.rmi.server.UnicastServerRef.dispatch(UnicastServerRef.java:360)
	at java.rmi/sun.rmi.transport.Transport$1.run(Transport.java:200)
	at java.rmi/sun.rmi.transport.Transport$1.run(Transport.java:197)
	at java.base/java.security.AccessController.doPrivileged(AccessController.java:712)
	at java.rmi/sun.rmi.transport.Transport.serviceCall(Transport.java:196)
	at java.rmi/sun.rmi.transport.tcp.TCPTransport.handleMessages(TCPTransport.java:587)
	at java.rmi/sun.rmi.transport.tcp.TCPTransport$ConnectionHandler.run0(TCPTransport.java:828)
	at java.rmi/sun.rmi.transport.tcp.TCPTransport$ConnectionHandler.lambda$run$0(TCPTransport.java:705)
	at java.base/java.security.AccessController.doPrivileged(AccessController.java:399)
	at java.rmi/sun.rmi.transport.tcp.TCPTransport$ConnectionHandler.run(TCPTransport.java:704)
	at java.base/java.util.concurrent.ThreadPoolExecutor.runWorker(ThreadPoolExecutor.java:1136)
	at java.base/java.util.concurrent.ThreadPoolExecutor$Worker.run(ThreadPoolExecutor.java:635)
	at java.base/java.lang.Thread.run(Thread.java:842)
2024-11-26 11:13:32.402|WARN|RMI TCP Connection(1)-192.168.159.1|o.s.b.a.h.HealthEndpointSupport|line-181||Health contributor org.springframework.boot.actuate.mail.MailHealthIndicator (mail) took 30088ms to respond
2024-11-26 11:14:58.948|WARN|http-nio-8088-exec-1|w.f.o.a.c.MyFormController|line-122|traceId_1299532556459400|fieldOptions: [FieldOptionVo(id=1, templateFieldId=1, optionValue=年假, optionLabel=年假, oprionSort=1), FieldOptionVo(id=2, templateFieldId=1, optionValue=事假, optionLabel=事假, oprionSort=2), FieldOptionVo(id=3, templateFieldId=1, optionValue=病假, optionLabel=病假, oprionSort=3), FieldOptionVo(id=4, templateFieldId=1, optionValue=调休, optionLabel=调休, oprionSort=4), FieldOptionVo(id=5, templateFieldId=1, optionValue=产假, optionLabel=产假, oprionSort=5), FieldOptionVo(id=6, templateFieldId=1, optionValue=陪产假, optionLabel=陪产假, oprionSort=6), FieldOptionVo(id=7, templateFieldId=1, optionValue=婚假, optionLabel=婚假, oprionSort=7), FieldOptionVo(id=8, templateFieldId=1, optionValue=例假, optionLabel=例假, oprionSort=8), FieldOptionVo(id=9, templateFieldId=1, optionValue=丧假, optionLabel=丧假, oprionSort=9)]
2024-11-26 11:14:58.951|WARN|http-nio-8088-exec-1|w.f.o.a.c.MyFormController|line-122|traceId_1299532556459400|fieldOptions: [FieldOptionVo(id=10, templateFieldId=6, optionValue=多选项1, optionLabel=多选项1, oprionSort=1), FieldOptionVo(id=11, templateFieldId=6, optionValue=多选项2, optionLabel=多选项2, oprionSort=2), FieldOptionVo(id=12, templateFieldId=6, optionValue=多选项3, optionLabel=多选项3, oprionSort=3), FieldOptionVo(id=13, templateFieldId=6, optionValue=多选项4, optionLabel=多选项4, oprionSort=4), FieldOptionVo(id=14, templateFieldId=6, optionValue=多选项5, optionLabel=多选项5, oprionSort=5)]
2024-11-26 11:15:21.408|WARN|RMI TCP Connection(4)-192.168.159.1|o.s.b.a.m.MailHealthIndicator|line-94||Mail health check failed
jakarta.mail.MessagingException: Got bad greeting from SMTP host: smtp.qq.com, port: 465, response: [EOF]
	at com.sun.mail.smtp.SMTPTransport.openServer(SMTPTransport.java:2247)
	at com.sun.mail.smtp.SMTPTransport.protocolConnect(SMTPTransport.java:754)
	at jakarta.mail.Service.connect(Service.java:342)
	at org.springframework.mail.javamail.JavaMailSenderImpl.connectTransport(JavaMailSenderImpl.java:518)
	at org.springframework.mail.javamail.JavaMailSenderImpl.testConnection(JavaMailSenderImpl.java:398)
	at org.springframework.boot.actuate.mail.MailHealthIndicator.doHealthCheck(MailHealthIndicator.java:42)
	at org.springframework.boot.actuate.health.AbstractHealthIndicator.health(AbstractHealthIndicator.java:82)
	at org.springframework.boot.actuate.health.HealthIndicator.getHealth(HealthIndicator.java:37)
	at org.springframework.boot.actuate.health.HealthEndpoint.getHealth(HealthEndpoint.java:82)
	at org.springframework.boot.actuate.health.HealthEndpoint.getHealth(HealthEndpoint.java:41)
	at org.springframework.boot.actuate.health.HealthEndpointSupport.getLoggedHealth(HealthEndpointSupport.java:172)
	at org.springframework.boot.actuate.health.HealthEndpointSupport.getContribution(HealthEndpointSupport.java:145)
	at org.springframework.boot.actuate.health.HealthEndpointSupport.getAggregateContribution(HealthEndpointSupport.java:156)
	at org.springframework.boot.actuate.health.HealthEndpointSupport.getContribution(HealthEndpointSupport.java:141)
	at org.springframework.boot.actuate.health.HealthEndpointSupport.getHealth(HealthEndpointSupport.java:110)
	at org.springframework.boot.actuate.health.HealthEndpointSupport.getHealth(HealthEndpointSupport.java:81)
	at org.springframework.boot.actuate.health.HealthEndpoint.health(HealthEndpoint.java:76)
	at org.springframework.boot.actuate.health.HealthEndpoint.health(HealthEndpoint.java:66)
	at java.base/jdk.internal.reflect.NativeMethodAccessorImpl.invoke0(Native Method)
	at java.base/jdk.internal.reflect.NativeMethodAccessorImpl.invoke(NativeMethodAccessorImpl.java:77)
	at java.base/jdk.internal.reflect.DelegatingMethodAccessorImpl.invoke(DelegatingMethodAccessorImpl.java:43)
	at java.base/java.lang.reflect.Method.invoke(Method.java:568)
	at org.springframework.util.ReflectionUtils.invokeMethod(ReflectionUtils.java:281)
	at org.springframework.boot.actuate.endpoint.invoke.reflect.ReflectiveOperationInvoker.invoke(ReflectiveOperationInvoker.java:74)
	at org.springframework.boot.actuate.endpoint.annotation.AbstractDiscoveredOperation.invoke(AbstractDiscoveredOperation.java:60)
	at org.springframework.boot.actuate.endpoint.jmx.EndpointMBean.invoke(EndpointMBean.java:122)
	at org.springframework.boot.actuate.endpoint.jmx.EndpointMBean.invoke(EndpointMBean.java:97)
	at java.management/com.sun.jmx.interceptor.DefaultMBeanServerInterceptor.invoke(DefaultMBeanServerInterceptor.java:814)
	at java.management/com.sun.jmx.mbeanserver.JmxMBeanServer.invoke(JmxMBeanServer.java:802)
	at java.management.rmi/javax.management.remote.rmi.RMIConnectionImpl.doOperation(RMIConnectionImpl.java:1472)
	at java.management.rmi/javax.management.remote.rmi.RMIConnectionImpl$PrivilegedOperation.run(RMIConnectionImpl.java:1310)
	at java.management.rmi/javax.management.remote.rmi.RMIConnectionImpl.doPrivilegedOperation(RMIConnectionImpl.java:1405)
	at java.management.rmi/javax.management.remote.rmi.RMIConnectionImpl.invoke(RMIConnectionImpl.java:829)
	at java.base/jdk.internal.reflect.GeneratedMethodAccessor13.invoke(Unknown Source)
	at java.base/jdk.internal.reflect.DelegatingMethodAccessorImpl.invoke(DelegatingMethodAccessorImpl.java:43)
	at java.base/java.lang.reflect.Method.invoke(Method.java:568)
	at java.rmi/sun.rmi.server.UnicastServerRef.dispatch(UnicastServerRef.java:360)
	at java.rmi/sun.rmi.transport.Transport$1.run(Transport.java:200)
	at java.rmi/sun.rmi.transport.Transport$1.run(Transport.java:197)
	at java.base/java.security.AccessController.doPrivileged(AccessController.java:712)
	at java.rmi/sun.rmi.transport.Transport.serviceCall(Transport.java:196)
	at java.rmi/sun.rmi.transport.tcp.TCPTransport.handleMessages(TCPTransport.java:587)
	at java.rmi/sun.rmi.transport.tcp.TCPTransport$ConnectionHandler.run0(TCPTransport.java:828)
	at java.rmi/sun.rmi.transport.tcp.TCPTransport$ConnectionHandler.lambda$run$0(TCPTransport.java:705)
	at java.base/java.security.AccessController.doPrivileged(AccessController.java:399)
	at java.rmi/sun.rmi.transport.tcp.TCPTransport$ConnectionHandler.run(TCPTransport.java:704)
	at java.base/java.util.concurrent.ThreadPoolExecutor.runWorker(ThreadPoolExecutor.java:1136)
	at java.base/java.util.concurrent.ThreadPoolExecutor$Worker.run(ThreadPoolExecutor.java:635)
	at java.base/java.lang.Thread.run(Thread.java:842)
2024-11-26 11:15:21.411|WARN|RMI TCP Connection(4)-192.168.159.1|o.s.b.a.h.HealthEndpointSupport|line-181||Health contributor org.springframework.boot.actuate.mail.MailHealthIndicator (mail) took 30071ms to respond
2024-11-26 11:16:47.044|WARN|http-nio-8088-exec-2|w.f.o.a.c.MyFormController|line-122|traceId_1299641130872400|fieldOptions: [FieldOptionVo(id=1, templateFieldId=1, optionValue=年假, optionLabel=年假, oprionSort=1), FieldOptionVo(id=2, templateFieldId=1, optionValue=事假, optionLabel=事假, oprionSort=2), FieldOptionVo(id=3, templateFieldId=1, optionValue=病假, optionLabel=病假, oprionSort=3), FieldOptionVo(id=4, templateFieldId=1, optionValue=调休, optionLabel=调休, oprionSort=4), FieldOptionVo(id=5, templateFieldId=1, optionValue=产假, optionLabel=产假, oprionSort=5), FieldOptionVo(id=6, templateFieldId=1, optionValue=陪产假, optionLabel=陪产假, oprionSort=6), FieldOptionVo(id=7, templateFieldId=1, optionValue=婚假, optionLabel=婚假, oprionSort=7), FieldOptionVo(id=8, templateFieldId=1, optionValue=例假, optionLabel=例假, oprionSort=8), FieldOptionVo(id=9, templateFieldId=1, optionValue=丧假, optionLabel=丧假, oprionSort=9)]
2024-11-26 11:16:47.045|WARN|http-nio-8088-exec-2|w.f.o.a.c.MyFormController|line-122|traceId_1299641130872400|fieldOptions: [FieldOptionVo(id=10, templateFieldId=6, optionValue=多选项1, optionLabel=多选项1, oprionSort=1), FieldOptionVo(id=11, templateFieldId=6, optionValue=多选项2, optionLabel=多选项2, oprionSort=2), FieldOptionVo(id=12, templateFieldId=6, optionValue=多选项3, optionLabel=多选项3, oprionSort=3), FieldOptionVo(id=13, templateFieldId=6, optionValue=多选项4, optionLabel=多选项4, oprionSort=4), FieldOptionVo(id=14, templateFieldId=6, optionValue=多选项5, optionLabel=多选项5, oprionSort=5)]
2024-11-26 11:34:06.306|WARN|http-nio-8088-exec-10|w.f.o.a.c.MyFormController|line-143|traceId_1300680343413900|formFieldValues: [FormFieldValue(id=null, formId=22, fieldId=1, fieldValue=年假, createBy=8, createTime=Tue Nov 26 11:34:06 CST 2024, updateBy=8, updateTime=Tue Nov 26 11:34:06 CST 2024), FormFieldValue(id=null, formId=22, fieldId=2, fieldValue=2024-11-26T03:33:59.000Z, createBy=8, createTime=Tue Nov 26 11:34:06 CST 2024, updateBy=8, updateTime=Tue Nov 26 11:34:06 CST 2024), FormFieldValue(id=null, formId=22, fieldId=3, fieldValue=2024-11-26T03:34:01.000Z, createBy=8, createTime=Tue Nov 26 11:34:06 CST 2024, updateBy=8, updateTime=Tue Nov 26 11:34:06 CST 2024), FormFieldValue(id=null, formId=22, fieldId=4, fieldValue=null, createBy=8, createTime=Tue Nov 26 11:34:06 CST 2024, updateBy=8, updateTime=Tue Nov 26 11:34:06 CST 2024), FormFieldValue(id=null, formId=22, fieldId=5, fieldValue=111111, createBy=8, createTime=Tue Nov 26 11:34:06 CST 2024, updateBy=8, updateTime=Tue Nov 26 11:34:06 CST 2024), FormFieldValue(id=null, formId=22, fieldId=6, fieldValue=[多选项1, 多选项2, 多选项3, 多选项4, 多选项5], createBy=8, createTime=Tue Nov 26 11:34:06 CST 2024, updateBy=8, updateTime=Tue Nov 26 11:34:06 CST 2024), FormFieldValue(id=null, formId=22, fieldId=7, fieldValue=null, createBy=8, createTime=Tue Nov 26 11:34:06 CST 2024, updateBy=8, updateTime=Tue Nov 26 11:34:06 CST 2024)]
2024-11-26 13:12:22.025|WARN|http-nio-8088-exec-4|w.f.o.a.c.MyFormController|line-122|traceId_1306576103987200|fieldOptions: [FieldOptionVo(id=1, templateFieldId=1, optionValue=年假, optionLabel=年假, oprionSort=1), FieldOptionVo(id=2, templateFieldId=1, optionValue=事假, optionLabel=事假, oprionSort=2), FieldOptionVo(id=3, templateFieldId=1, optionValue=病假, optionLabel=病假, oprionSort=3), FieldOptionVo(id=4, templateFieldId=1, optionValue=调休, optionLabel=调休, oprionSort=4), FieldOptionVo(id=5, templateFieldId=1, optionValue=产假, optionLabel=产假, oprionSort=5), FieldOptionVo(id=6, templateFieldId=1, optionValue=陪产假, optionLabel=陪产假, oprionSort=6), FieldOptionVo(id=7, templateFieldId=1, optionValue=婚假, optionLabel=婚假, oprionSort=7), FieldOptionVo(id=8, templateFieldId=1, optionValue=例假, optionLabel=例假, oprionSort=8), FieldOptionVo(id=9, templateFieldId=1, optionValue=丧假, optionLabel=丧假, oprionSort=9)]
2024-11-26 13:12:22.027|WARN|http-nio-8088-exec-4|w.f.o.a.c.MyFormController|line-122|traceId_1306576103987200|fieldOptions: [FieldOptionVo(id=10, templateFieldId=6, optionValue=多选项1, optionLabel=多选项1, oprionSort=1), FieldOptionVo(id=11, templateFieldId=6, optionValue=多选项2, optionLabel=多选项2, oprionSort=2), FieldOptionVo(id=12, templateFieldId=6, optionValue=多选项3, optionLabel=多选项3, oprionSort=3), FieldOptionVo(id=13, templateFieldId=6, optionValue=多选项4, optionLabel=多选项4, oprionSort=4), FieldOptionVo(id=14, templateFieldId=6, optionValue=多选项5, optionLabel=多选项5, oprionSort=5)]
2024-11-26 13:12:38.161|WARN|http-nio-8088-exec-2|w.f.o.a.c.MyFormController|line-94|traceId_1306592208835800|fieldOptions: [FieldOptionVo(id=1, templateFieldId=1, optionValue=年假, optionLabel=年假, oprionSort=1), FieldOptionVo(id=2, templateFieldId=1, optionValue=事假, optionLabel=事假, oprionSort=2), FieldOptionVo(id=3, templateFieldId=1, optionValue=病假, optionLabel=病假, oprionSort=3), FieldOptionVo(id=4, templateFieldId=1, optionValue=调休, optionLabel=调休, oprionSort=4), FieldOptionVo(id=5, templateFieldId=1, optionValue=产假, optionLabel=产假, oprionSort=5), FieldOptionVo(id=6, templateFieldId=1, optionValue=陪产假, optionLabel=陪产假, oprionSort=6), FieldOptionVo(id=7, templateFieldId=1, optionValue=婚假, optionLabel=婚假, oprionSort=7), FieldOptionVo(id=8, templateFieldId=1, optionValue=例假, optionLabel=例假, oprionSort=8), FieldOptionVo(id=9, templateFieldId=1, optionValue=丧假, optionLabel=丧假, oprionSort=9)]
2024-11-26 13:12:38.162|WARN|http-nio-8088-exec-2|w.f.o.a.c.MyFormController|line-94|traceId_1306592208835800|fieldOptions: [FieldOptionVo(id=10, templateFieldId=6, optionValue=多选项1, optionLabel=多选项1, oprionSort=1), FieldOptionVo(id=11, templateFieldId=6, optionValue=多选项2, optionLabel=多选项2, oprionSort=2), FieldOptionVo(id=12, templateFieldId=6, optionValue=多选项3, optionLabel=多选项3, oprionSort=3), FieldOptionVo(id=13, templateFieldId=6, optionValue=多选项4, optionLabel=多选项4, oprionSort=4), FieldOptionVo(id=14, templateFieldId=6, optionValue=多选项5, optionLabel=多选项5, oprionSort=5)]
2024-11-26 13:12:45.471|WARN|http-nio-8088-exec-3|w.f.o.a.c.MyFormController|line-94|traceId_1306599554349800|fieldOptions: [FieldOptionVo(id=1, templateFieldId=1, optionValue=年假, optionLabel=年假, oprionSort=1), FieldOptionVo(id=2, templateFieldId=1, optionValue=事假, optionLabel=事假, oprionSort=2), FieldOptionVo(id=3, templateFieldId=1, optionValue=病假, optionLabel=病假, oprionSort=3), FieldOptionVo(id=4, templateFieldId=1, optionValue=调休, optionLabel=调休, oprionSort=4), FieldOptionVo(id=5, templateFieldId=1, optionValue=产假, optionLabel=产假, oprionSort=5), FieldOptionVo(id=6, templateFieldId=1, optionValue=陪产假, optionLabel=陪产假, oprionSort=6), FieldOptionVo(id=7, templateFieldId=1, optionValue=婚假, optionLabel=婚假, oprionSort=7), FieldOptionVo(id=8, templateFieldId=1, optionValue=例假, optionLabel=例假, oprionSort=8), FieldOptionVo(id=9, templateFieldId=1, optionValue=丧假, optionLabel=丧假, oprionSort=9)]
2024-11-26 13:12:45.473|WARN|http-nio-8088-exec-3|w.f.o.a.c.MyFormController|line-94|traceId_1306599554349800|fieldOptions: [FieldOptionVo(id=10, templateFieldId=6, optionValue=多选项1, optionLabel=多选项1, oprionSort=1), FieldOptionVo(id=11, templateFieldId=6, optionValue=多选项2, optionLabel=多选项2, oprionSort=2), FieldOptionVo(id=12, templateFieldId=6, optionValue=多选项3, optionLabel=多选项3, oprionSort=3), FieldOptionVo(id=13, templateFieldId=6, optionValue=多选项4, optionLabel=多选项4, oprionSort=4), FieldOptionVo(id=14, templateFieldId=6, optionValue=多选项5, optionLabel=多选项5, oprionSort=5)]
2024-11-26 13:13:14.412|WARN|http-nio-8088-exec-7|w.f.o.a.c.MyFormController|line-94|traceId_1306628488105000|fieldOptions: [FieldOptionVo(id=1, templateFieldId=1, optionValue=年假, optionLabel=年假, oprionSort=1), FieldOptionVo(id=2, templateFieldId=1, optionValue=事假, optionLabel=事假, oprionSort=2), FieldOptionVo(id=3, templateFieldId=1, optionValue=病假, optionLabel=病假, oprionSort=3), FieldOptionVo(id=4, templateFieldId=1, optionValue=调休, optionLabel=调休, oprionSort=4), FieldOptionVo(id=5, templateFieldId=1, optionValue=产假, optionLabel=产假, oprionSort=5), FieldOptionVo(id=6, templateFieldId=1, optionValue=陪产假, optionLabel=陪产假, oprionSort=6), FieldOptionVo(id=7, templateFieldId=1, optionValue=婚假, optionLabel=婚假, oprionSort=7), FieldOptionVo(id=8, templateFieldId=1, optionValue=例假, optionLabel=例假, oprionSort=8), FieldOptionVo(id=9, templateFieldId=1, optionValue=丧假, optionLabel=丧假, oprionSort=9)]
2024-11-26 13:13:14.413|WARN|http-nio-8088-exec-7|w.f.o.a.c.MyFormController|line-94|traceId_1306628488105000|fieldOptions: [FieldOptionVo(id=10, templateFieldId=6, optionValue=多选项1, optionLabel=多选项1, oprionSort=1), FieldOptionVo(id=11, templateFieldId=6, optionValue=多选项2, optionLabel=多选项2, oprionSort=2), FieldOptionVo(id=12, templateFieldId=6, optionValue=多选项3, optionLabel=多选项3, oprionSort=3), FieldOptionVo(id=13, templateFieldId=6, optionValue=多选项4, optionLabel=多选项4, oprionSort=4), FieldOptionVo(id=14, templateFieldId=6, optionValue=多选项5, optionLabel=多选项5, oprionSort=5)]
2024-11-26 13:14:14.460|WARN|http-nio-8088-exec-9|w.f.o.a.c.MyFormController|line-122|traceId_1306688544832900|fieldOptions: [FieldOptionVo(id=1, templateFieldId=1, optionValue=年假, optionLabel=年假, oprionSort=1), FieldOptionVo(id=2, templateFieldId=1, optionValue=事假, optionLabel=事假, oprionSort=2), FieldOptionVo(id=3, templateFieldId=1, optionValue=病假, optionLabel=病假, oprionSort=3), FieldOptionVo(id=4, templateFieldId=1, optionValue=调休, optionLabel=调休, oprionSort=4), FieldOptionVo(id=5, templateFieldId=1, optionValue=产假, optionLabel=产假, oprionSort=5), FieldOptionVo(id=6, templateFieldId=1, optionValue=陪产假, optionLabel=陪产假, oprionSort=6), FieldOptionVo(id=7, templateFieldId=1, optionValue=婚假, optionLabel=婚假, oprionSort=7), FieldOptionVo(id=8, templateFieldId=1, optionValue=例假, optionLabel=例假, oprionSort=8), FieldOptionVo(id=9, templateFieldId=1, optionValue=丧假, optionLabel=丧假, oprionSort=9)]
2024-11-26 13:14:14.461|WARN|http-nio-8088-exec-9|w.f.o.a.c.MyFormController|line-122|traceId_1306688544832900|fieldOptions: [FieldOptionVo(id=10, templateFieldId=6, optionValue=多选项1, optionLabel=多选项1, oprionSort=1), FieldOptionVo(id=11, templateFieldId=6, optionValue=多选项2, optionLabel=多选项2, oprionSort=2), FieldOptionVo(id=12, templateFieldId=6, optionValue=多选项3, optionLabel=多选项3, oprionSort=3), FieldOptionVo(id=13, templateFieldId=6, optionValue=多选项4, optionLabel=多选项4, oprionSort=4), FieldOptionVo(id=14, templateFieldId=6, optionValue=多选项5, optionLabel=多选项5, oprionSort=5)]
2024-11-26 13:16:04.981|WARN|http-nio-8088-exec-3|w.f.o.a.c.MyFormController|line-94|traceId_1306798578083400|fieldOptions: [FieldOptionVo(id=1, templateFieldId=1, optionValue=年假, optionLabel=年假, oprionSort=1), FieldOptionVo(id=2, templateFieldId=1, optionValue=事假, optionLabel=事假, oprionSort=2), FieldOptionVo(id=3, templateFieldId=1, optionValue=病假, optionLabel=病假, oprionSort=3), FieldOptionVo(id=4, templateFieldId=1, optionValue=调休, optionLabel=调休, oprionSort=4), FieldOptionVo(id=5, templateFieldId=1, optionValue=产假, optionLabel=产假, oprionSort=5), FieldOptionVo(id=6, templateFieldId=1, optionValue=陪产假, optionLabel=陪产假, oprionSort=6), FieldOptionVo(id=7, templateFieldId=1, optionValue=婚假, optionLabel=婚假, oprionSort=7), FieldOptionVo(id=8, templateFieldId=1, optionValue=例假, optionLabel=例假, oprionSort=8), FieldOptionVo(id=9, templateFieldId=1, optionValue=丧假, optionLabel=丧假, oprionSort=9)]
2024-11-26 13:16:04.985|WARN|http-nio-8088-exec-3|w.f.o.a.c.MyFormController|line-94|traceId_1306798578083400|fieldOptions: [FieldOptionVo(id=10, templateFieldId=6, optionValue=多选项1, optionLabel=多选项1, oprionSort=1), FieldOptionVo(id=11, templateFieldId=6, optionValue=多选项2, optionLabel=多选项2, oprionSort=2), FieldOptionVo(id=12, templateFieldId=6, optionValue=多选项3, optionLabel=多选项3, oprionSort=3), FieldOptionVo(id=13, templateFieldId=6, optionValue=多选项4, optionLabel=多选项4, oprionSort=4), FieldOptionVo(id=14, templateFieldId=6, optionValue=多选项5, optionLabel=多选项5, oprionSort=5)]
2024-11-26 15:04:49.243|WARN|http-nio-8088-exec-1|w.f.o.a.c.MyFormController|line-94|traceId_1313323311020900|fieldOptions: [FieldOptionVo(id=1, templateFieldId=1, optionValue=年假, optionLabel=年假, oprionSort=1), FieldOptionVo(id=2, templateFieldId=1, optionValue=事假, optionLabel=事假, oprionSort=2), FieldOptionVo(id=3, templateFieldId=1, optionValue=病假, optionLabel=病假, oprionSort=3), FieldOptionVo(id=4, templateFieldId=1, optionValue=调休, optionLabel=调休, oprionSort=4), FieldOptionVo(id=5, templateFieldId=1, optionValue=产假, optionLabel=产假, oprionSort=5), FieldOptionVo(id=6, templateFieldId=1, optionValue=陪产假, optionLabel=陪产假, oprionSort=6), FieldOptionVo(id=7, templateFieldId=1, optionValue=婚假, optionLabel=婚假, oprionSort=7), FieldOptionVo(id=8, templateFieldId=1, optionValue=例假, optionLabel=例假, oprionSort=8), FieldOptionVo(id=9, templateFieldId=1, optionValue=丧假, optionLabel=丧假, oprionSort=9)]
2024-11-26 15:04:49.247|WARN|http-nio-8088-exec-1|w.f.o.a.c.MyFormController|line-94|traceId_1313323311020900|fieldOptions: [FieldOptionVo(id=10, templateFieldId=6, optionValue=多选项1, optionLabel=多选项1, oprionSort=1), FieldOptionVo(id=11, templateFieldId=6, optionValue=多选项2, optionLabel=多选项2, oprionSort=2), FieldOptionVo(id=12, templateFieldId=6, optionValue=多选项3, optionLabel=多选项3, oprionSort=3), FieldOptionVo(id=13, templateFieldId=6, optionValue=多选项4, optionLabel=多选项4, oprionSort=4), FieldOptionVo(id=14, templateFieldId=6, optionValue=多选项5, optionLabel=多选项5, oprionSort=5)]
2024-11-26 15:41:56.251|WARN|http-nio-8088-exec-6|w.f.o.a.c.MyFormController|line-94|traceId_1315550320749500|fieldOptions: [FieldOptionVo(id=1, templateFieldId=1, optionValue=年假, optionLabel=年假, oprionSort=1), FieldOptionVo(id=2, templateFieldId=1, optionValue=事假, optionLabel=事假, oprionSort=2), FieldOptionVo(id=3, templateFieldId=1, optionValue=病假, optionLabel=病假, oprionSort=3), FieldOptionVo(id=4, templateFieldId=1, optionValue=调休, optionLabel=调休, oprionSort=4), FieldOptionVo(id=5, templateFieldId=1, optionValue=产假, optionLabel=产假, oprionSort=5), FieldOptionVo(id=6, templateFieldId=1, optionValue=陪产假, optionLabel=陪产假, oprionSort=6), FieldOptionVo(id=7, templateFieldId=1, optionValue=婚假, optionLabel=婚假, oprionSort=7), FieldOptionVo(id=8, templateFieldId=1, optionValue=例假, optionLabel=例假, oprionSort=8), FieldOptionVo(id=9, templateFieldId=1, optionValue=丧假, optionLabel=丧假, oprionSort=9)]
2024-11-26 15:41:56.254|WARN|http-nio-8088-exec-6|w.f.o.a.c.MyFormController|line-94|traceId_1315550320749500|fieldOptions: [FieldOptionVo(id=10, templateFieldId=6, optionValue=多选项1, optionLabel=多选项1, oprionSort=1), FieldOptionVo(id=11, templateFieldId=6, optionValue=多选项2, optionLabel=多选项2, oprionSort=2), FieldOptionVo(id=12, templateFieldId=6, optionValue=多选项3, optionLabel=多选项3, oprionSort=3), FieldOptionVo(id=13, templateFieldId=6, optionValue=多选项4, optionLabel=多选项4, oprionSort=4), FieldOptionVo(id=14, templateFieldId=6, optionValue=多选项5, optionLabel=多选项5, oprionSort=5)]
2024-11-26 15:42:16.713|WARN|http-nio-8088-exec-8|w.f.o.a.c.MyFormController|line-94|traceId_1315570798810900|fieldOptions: [FieldOptionVo(id=1, templateFieldId=1, optionValue=年假, optionLabel=年假, oprionSort=1), FieldOptionVo(id=2, templateFieldId=1, optionValue=事假, optionLabel=事假, oprionSort=2), FieldOptionVo(id=3, templateFieldId=1, optionValue=病假, optionLabel=病假, oprionSort=3), FieldOptionVo(id=4, templateFieldId=1, optionValue=调休, optionLabel=调休, oprionSort=4), FieldOptionVo(id=5, templateFieldId=1, optionValue=产假, optionLabel=产假, oprionSort=5), FieldOptionVo(id=6, templateFieldId=1, optionValue=陪产假, optionLabel=陪产假, oprionSort=6), FieldOptionVo(id=7, templateFieldId=1, optionValue=婚假, optionLabel=婚假, oprionSort=7), FieldOptionVo(id=8, templateFieldId=1, optionValue=例假, optionLabel=例假, oprionSort=8), FieldOptionVo(id=9, templateFieldId=1, optionValue=丧假, optionLabel=丧假, oprionSort=9)]
2024-11-26 15:42:16.720|WARN|http-nio-8088-exec-8|w.f.o.a.c.MyFormController|line-94|traceId_1315570798810900|fieldOptions: [FieldOptionVo(id=10, templateFieldId=6, optionValue=多选项1, optionLabel=多选项1, oprionSort=1), FieldOptionVo(id=11, templateFieldId=6, optionValue=多选项2, optionLabel=多选项2, oprionSort=2), FieldOptionVo(id=12, templateFieldId=6, optionValue=多选项3, optionLabel=多选项3, oprionSort=3), FieldOptionVo(id=13, templateFieldId=6, optionValue=多选项4, optionLabel=多选项4, oprionSort=4), FieldOptionVo(id=14, templateFieldId=6, optionValue=多选项5, optionLabel=多选项5, oprionSort=5)]
2024-11-26 15:46:13.378|WARN|http-nio-8088-exec-2|w.f.o.a.c.MyFormController|line-96|traceId_1315807126194400|fieldOptions: [FieldOptionVo(id=1, templateFieldId=1, optionValue=年假, optionLabel=年假, oprionSort=1), FieldOptionVo(id=2, templateFieldId=1, optionValue=事假, optionLabel=事假, oprionSort=2), FieldOptionVo(id=3, templateFieldId=1, optionValue=病假, optionLabel=病假, oprionSort=3), FieldOptionVo(id=4, templateFieldId=1, optionValue=调休, optionLabel=调休, oprionSort=4), FieldOptionVo(id=5, templateFieldId=1, optionValue=产假, optionLabel=产假, oprionSort=5), FieldOptionVo(id=6, templateFieldId=1, optionValue=陪产假, optionLabel=陪产假, oprionSort=6), FieldOptionVo(id=7, templateFieldId=1, optionValue=婚假, optionLabel=婚假, oprionSort=7), FieldOptionVo(id=8, templateFieldId=1, optionValue=例假, optionLabel=例假, oprionSort=8), FieldOptionVo(id=9, templateFieldId=1, optionValue=丧假, optionLabel=丧假, oprionSort=9)]
2024-11-26 15:46:13.381|WARN|http-nio-8088-exec-2|w.f.o.a.c.MyFormController|line-96|traceId_1315807126194400|fieldOptions: [FieldOptionVo(id=10, templateFieldId=6, optionValue=多选项1, optionLabel=多选项1, oprionSort=1), FieldOptionVo(id=11, templateFieldId=6, optionValue=多选项2, optionLabel=多选项2, oprionSort=2), FieldOptionVo(id=12, templateFieldId=6, optionValue=多选项3, optionLabel=多选项3, oprionSort=3), FieldOptionVo(id=13, templateFieldId=6, optionValue=多选项4, optionLabel=多选项4, oprionSort=4), FieldOptionVo(id=14, templateFieldId=6, optionValue=多选项5, optionLabel=多选项5, oprionSort=5)]
2024-11-26 15:46:38.984|WARN|RMI TCP Connection(1)-192.168.159.1|o.s.b.a.m.MailHealthIndicator|line-94||Mail health check failed
jakarta.mail.MessagingException: Got bad greeting from SMTP host: smtp.qq.com, port: 465, response: [EOF]
	at com.sun.mail.smtp.SMTPTransport.openServer(SMTPTransport.java:2247)
	at com.sun.mail.smtp.SMTPTransport.protocolConnect(SMTPTransport.java:754)
	at jakarta.mail.Service.connect(Service.java:342)
	at org.springframework.mail.javamail.JavaMailSenderImpl.connectTransport(JavaMailSenderImpl.java:518)
	at org.springframework.mail.javamail.JavaMailSenderImpl.testConnection(JavaMailSenderImpl.java:398)
	at org.springframework.boot.actuate.mail.MailHealthIndicator.doHealthCheck(MailHealthIndicator.java:42)
	at org.springframework.boot.actuate.health.AbstractHealthIndicator.health(AbstractHealthIndicator.java:82)
	at org.springframework.boot.actuate.health.HealthIndicator.getHealth(HealthIndicator.java:37)
	at org.springframework.boot.actuate.health.HealthEndpoint.getHealth(HealthEndpoint.java:82)
	at org.springframework.boot.actuate.health.HealthEndpoint.getHealth(HealthEndpoint.java:41)
	at org.springframework.boot.actuate.health.HealthEndpointSupport.getLoggedHealth(HealthEndpointSupport.java:172)
	at org.springframework.boot.actuate.health.HealthEndpointSupport.getContribution(HealthEndpointSupport.java:145)
	at org.springframework.boot.actuate.health.HealthEndpointSupport.getAggregateContribution(HealthEndpointSupport.java:156)
	at org.springframework.boot.actuate.health.HealthEndpointSupport.getContribution(HealthEndpointSupport.java:141)
	at org.springframework.boot.actuate.health.HealthEndpointSupport.getHealth(HealthEndpointSupport.java:110)
	at org.springframework.boot.actuate.health.HealthEndpointSupport.getHealth(HealthEndpointSupport.java:81)
	at org.springframework.boot.actuate.health.HealthEndpoint.health(HealthEndpoint.java:76)
	at org.springframework.boot.actuate.health.HealthEndpoint.health(HealthEndpoint.java:66)
	at java.base/jdk.internal.reflect.NativeMethodAccessorImpl.invoke0(Native Method)
	at java.base/jdk.internal.reflect.NativeMethodAccessorImpl.invoke(NativeMethodAccessorImpl.java:77)
	at java.base/jdk.internal.reflect.DelegatingMethodAccessorImpl.invoke(DelegatingMethodAccessorImpl.java:43)
	at java.base/java.lang.reflect.Method.invoke(Method.java:568)
	at org.springframework.util.ReflectionUtils.invokeMethod(ReflectionUtils.java:281)
	at org.springframework.boot.actuate.endpoint.invoke.reflect.ReflectiveOperationInvoker.invoke(ReflectiveOperationInvoker.java:74)
	at org.springframework.boot.actuate.endpoint.annotation.AbstractDiscoveredOperation.invoke(AbstractDiscoveredOperation.java:60)
	at org.springframework.boot.actuate.endpoint.jmx.EndpointMBean.invoke(EndpointMBean.java:122)
	at org.springframework.boot.actuate.endpoint.jmx.EndpointMBean.invoke(EndpointMBean.java:97)
	at java.management/com.sun.jmx.interceptor.DefaultMBeanServerInterceptor.invoke(DefaultMBeanServerInterceptor.java:814)
	at java.management/com.sun.jmx.mbeanserver.JmxMBeanServer.invoke(JmxMBeanServer.java:802)
	at java.management.rmi/javax.management.remote.rmi.RMIConnectionImpl.doOperation(RMIConnectionImpl.java:1472)
	at java.management.rmi/javax.management.remote.rmi.RMIConnectionImpl$PrivilegedOperation.run(RMIConnectionImpl.java:1310)
	at java.management.rmi/javax.management.remote.rmi.RMIConnectionImpl.doPrivilegedOperation(RMIConnectionImpl.java:1405)
	at java.management.rmi/javax.management.remote.rmi.RMIConnectionImpl.invoke(RMIConnectionImpl.java:829)
	at java.base/jdk.internal.reflect.GeneratedMethodAccessor13.invoke(Unknown Source)
	at java.base/jdk.internal.reflect.DelegatingMethodAccessorImpl.invoke(DelegatingMethodAccessorImpl.java:43)
	at java.base/java.lang.reflect.Method.invoke(Method.java:568)
	at java.rmi/sun.rmi.server.UnicastServerRef.dispatch(UnicastServerRef.java:360)
	at java.rmi/sun.rmi.transport.Transport$1.run(Transport.java:200)
	at java.rmi/sun.rmi.transport.Transport$1.run(Transport.java:197)
	at java.base/java.security.AccessController.doPrivileged(AccessController.java:712)
	at java.rmi/sun.rmi.transport.Transport.serviceCall(Transport.java:196)
	at java.rmi/sun.rmi.transport.tcp.TCPTransport.handleMessages(TCPTransport.java:587)
	at java.rmi/sun.rmi.transport.tcp.TCPTransport$ConnectionHandler.run0(TCPTransport.java:828)
	at java.rmi/sun.rmi.transport.tcp.TCPTransport$ConnectionHandler.lambda$run$0(TCPTransport.java:705)
	at java.base/java.security.AccessController.doPrivileged(AccessController.java:399)
	at java.rmi/sun.rmi.transport.tcp.TCPTransport$ConnectionHandler.run(TCPTransport.java:704)
	at java.base/java.util.concurrent.ThreadPoolExecutor.runWorker(ThreadPoolExecutor.java:1136)
	at java.base/java.util.concurrent.ThreadPoolExecutor$Worker.run(ThreadPoolExecutor.java:635)
	at java.base/java.lang.Thread.run(Thread.java:842)
2024-11-26 15:46:38.984|WARN|RMI TCP Connection(1)-192.168.159.1|o.s.b.a.h.HealthEndpointSupport|line-181||Health contributor org.springframework.boot.actuate.mail.MailHealthIndicator (mail) took 30083ms to respond
2024-11-26 16:11:08.183|WARN|http-nio-8088-exec-7|w.f.o.a.c.MyFormController|line-130|traceId_1317301943373800|fieldOptions: [FieldOptionVo(id=1, templateFieldId=1, optionValue=年假, optionLabel=年假, oprionSort=1), FieldOptionVo(id=2, templateFieldId=1, optionValue=事假, optionLabel=事假, oprionSort=2), FieldOptionVo(id=3, templateFieldId=1, optionValue=病假, optionLabel=病假, oprionSort=3), FieldOptionVo(id=4, templateFieldId=1, optionValue=调休, optionLabel=调休, oprionSort=4), FieldOptionVo(id=5, templateFieldId=1, optionValue=产假, optionLabel=产假, oprionSort=5), FieldOptionVo(id=6, templateFieldId=1, optionValue=陪产假, optionLabel=陪产假, oprionSort=6), FieldOptionVo(id=7, templateFieldId=1, optionValue=婚假, optionLabel=婚假, oprionSort=7), FieldOptionVo(id=8, templateFieldId=1, optionValue=例假, optionLabel=例假, oprionSort=8), FieldOptionVo(id=9, templateFieldId=1, optionValue=丧假, optionLabel=丧假, oprionSort=9)]
2024-11-26 16:11:08.185|WARN|http-nio-8088-exec-7|w.f.o.a.c.MyFormController|line-130|traceId_1317301943373800|fieldOptions: [FieldOptionVo(id=10, templateFieldId=6, optionValue=多选项1, optionLabel=多选项1, oprionSort=1), FieldOptionVo(id=11, templateFieldId=6, optionValue=多选项2, optionLabel=多选项2, oprionSort=2), FieldOptionVo(id=12, templateFieldId=6, optionValue=多选项3, optionLabel=多选项3, oprionSort=3), FieldOptionVo(id=13, templateFieldId=6, optionValue=多选项4, optionLabel=多选项4, oprionSort=4), FieldOptionVo(id=14, templateFieldId=6, optionValue=多选项5, optionLabel=多选项5, oprionSort=5)]
2024-11-26 16:11:31.828|WARN|RMI TCP Connection(4)-192.168.159.1|o.s.b.a.m.MailHealthIndicator|line-94||Mail health check failed
jakarta.mail.MessagingException: Got bad greeting from SMTP host: smtp.qq.com, port: 465, response: [EOF]
	at com.sun.mail.smtp.SMTPTransport.openServer(SMTPTransport.java:2247)
	at com.sun.mail.smtp.SMTPTransport.protocolConnect(SMTPTransport.java:754)
	at jakarta.mail.Service.connect(Service.java:342)
	at org.springframework.mail.javamail.JavaMailSenderImpl.connectTransport(JavaMailSenderImpl.java:518)
	at org.springframework.mail.javamail.JavaMailSenderImpl.testConnection(JavaMailSenderImpl.java:398)
	at org.springframework.boot.actuate.mail.MailHealthIndicator.doHealthCheck(MailHealthIndicator.java:42)
	at org.springframework.boot.actuate.health.AbstractHealthIndicator.health(AbstractHealthIndicator.java:82)
	at org.springframework.boot.actuate.health.HealthIndicator.getHealth(HealthIndicator.java:37)
	at org.springframework.boot.actuate.health.HealthEndpoint.getHealth(HealthEndpoint.java:82)
	at org.springframework.boot.actuate.health.HealthEndpoint.getHealth(HealthEndpoint.java:41)
	at org.springframework.boot.actuate.health.HealthEndpointSupport.getLoggedHealth(HealthEndpointSupport.java:172)
	at org.springframework.boot.actuate.health.HealthEndpointSupport.getContribution(HealthEndpointSupport.java:145)
	at org.springframework.boot.actuate.health.HealthEndpointSupport.getAggregateContribution(HealthEndpointSupport.java:156)
	at org.springframework.boot.actuate.health.HealthEndpointSupport.getContribution(HealthEndpointSupport.java:141)
	at org.springframework.boot.actuate.health.HealthEndpointSupport.getHealth(HealthEndpointSupport.java:110)
	at org.springframework.boot.actuate.health.HealthEndpointSupport.getHealth(HealthEndpointSupport.java:81)
	at org.springframework.boot.actuate.health.HealthEndpoint.health(HealthEndpoint.java:76)
	at org.springframework.boot.actuate.health.HealthEndpoint.health(HealthEndpoint.java:66)
	at java.base/jdk.internal.reflect.NativeMethodAccessorImpl.invoke0(Native Method)
	at java.base/jdk.internal.reflect.NativeMethodAccessorImpl.invoke(NativeMethodAccessorImpl.java:77)
	at java.base/jdk.internal.reflect.DelegatingMethodAccessorImpl.invoke(DelegatingMethodAccessorImpl.java:43)
	at java.base/java.lang.reflect.Method.invoke(Method.java:568)
	at org.springframework.util.ReflectionUtils.invokeMethod(ReflectionUtils.java:281)
	at org.springframework.boot.actuate.endpoint.invoke.reflect.ReflectiveOperationInvoker.invoke(ReflectiveOperationInvoker.java:74)
	at org.springframework.boot.actuate.endpoint.annotation.AbstractDiscoveredOperation.invoke(AbstractDiscoveredOperation.java:60)
	at org.springframework.boot.actuate.endpoint.jmx.EndpointMBean.invoke(EndpointMBean.java:122)
	at org.springframework.boot.actuate.endpoint.jmx.EndpointMBean.invoke(EndpointMBean.java:97)
	at java.management/com.sun.jmx.interceptor.DefaultMBeanServerInterceptor.invoke(DefaultMBeanServerInterceptor.java:814)
	at java.management/com.sun.jmx.mbeanserver.JmxMBeanServer.invoke(JmxMBeanServer.java:802)
	at java.management.rmi/javax.management.remote.rmi.RMIConnectionImpl.doOperation(RMIConnectionImpl.java:1472)
	at java.management.rmi/javax.management.remote.rmi.RMIConnectionImpl$PrivilegedOperation.run(RMIConnectionImpl.java:1310)
	at java.management.rmi/javax.management.remote.rmi.RMIConnectionImpl.doPrivilegedOperation(RMIConnectionImpl.java:1405)
	at java.management.rmi/javax.management.remote.rmi.RMIConnectionImpl.invoke(RMIConnectionImpl.java:829)
	at java.base/jdk.internal.reflect.GeneratedMethodAccessor15.invoke(Unknown Source)
	at java.base/jdk.internal.reflect.DelegatingMethodAccessorImpl.invoke(DelegatingMethodAccessorImpl.java:43)
	at java.base/java.lang.reflect.Method.invoke(Method.java:568)
	at java.rmi/sun.rmi.server.UnicastServerRef.dispatch(UnicastServerRef.java:360)
	at java.rmi/sun.rmi.transport.Transport$1.run(Transport.java:200)
	at java.rmi/sun.rmi.transport.Transport$1.run(Transport.java:197)
	at java.base/java.security.AccessController.doPrivileged(AccessController.java:712)
	at java.rmi/sun.rmi.transport.Transport.serviceCall(Transport.java:196)
	at java.rmi/sun.rmi.transport.tcp.TCPTransport.handleMessages(TCPTransport.java:587)
	at java.rmi/sun.rmi.transport.tcp.TCPTransport$ConnectionHandler.run0(TCPTransport.java:828)
	at java.rmi/sun.rmi.transport.tcp.TCPTransport$ConnectionHandler.lambda$run$0(TCPTransport.java:705)
	at java.base/java.security.AccessController.doPrivileged(AccessController.java:399)
	at java.rmi/sun.rmi.transport.tcp.TCPTransport$ConnectionHandler.run(TCPTransport.java:704)
	at java.base/java.util.concurrent.ThreadPoolExecutor.runWorker(ThreadPoolExecutor.java:1136)
	at java.base/java.util.concurrent.ThreadPoolExecutor$Worker.run(ThreadPoolExecutor.java:635)
	at java.base/java.lang.Thread.run(Thread.java:842)
2024-11-26 16:11:31.833|WARN|RMI TCP Connection(4)-192.168.159.1|o.s.b.a.h.HealthEndpointSupport|line-181||Health contributor org.springframework.boot.actuate.mail.MailHealthIndicator (mail) took 30078ms to respond
2024-11-26 16:14:26.253|WARN|RMI TCP Connection(10)-192.168.159.1|o.s.b.a.m.MailHealthIndicator|line-94||Mail health check failed
jakarta.mail.MessagingException: Got bad greeting from SMTP host: smtp.qq.com, port: 465, response: [EOF]
	at com.sun.mail.smtp.SMTPTransport.openServer(SMTPTransport.java:2247)
	at com.sun.mail.smtp.SMTPTransport.protocolConnect(SMTPTransport.java:754)
	at jakarta.mail.Service.connect(Service.java:342)
	at org.springframework.mail.javamail.JavaMailSenderImpl.connectTransport(JavaMailSenderImpl.java:518)
	at org.springframework.mail.javamail.JavaMailSenderImpl.testConnection(JavaMailSenderImpl.java:398)
	at org.springframework.boot.actuate.mail.MailHealthIndicator.doHealthCheck(MailHealthIndicator.java:42)
	at org.springframework.boot.actuate.health.AbstractHealthIndicator.health(AbstractHealthIndicator.java:82)
	at org.springframework.boot.actuate.health.HealthIndicator.getHealth(HealthIndicator.java:37)
	at org.springframework.boot.actuate.health.HealthEndpoint.getHealth(HealthEndpoint.java:82)
	at org.springframework.boot.actuate.health.HealthEndpoint.getHealth(HealthEndpoint.java:41)
	at org.springframework.boot.actuate.health.HealthEndpointSupport.getLoggedHealth(HealthEndpointSupport.java:172)
	at org.springframework.boot.actuate.health.HealthEndpointSupport.getContribution(HealthEndpointSupport.java:145)
	at org.springframework.boot.actuate.health.HealthEndpointSupport.getAggregateContribution(HealthEndpointSupport.java:156)
	at org.springframework.boot.actuate.health.HealthEndpointSupport.getContribution(HealthEndpointSupport.java:141)
	at org.springframework.boot.actuate.health.HealthEndpointSupport.getHealth(HealthEndpointSupport.java:110)
	at org.springframework.boot.actuate.health.HealthEndpointSupport.getHealth(HealthEndpointSupport.java:81)
	at org.springframework.boot.actuate.health.HealthEndpoint.health(HealthEndpoint.java:76)
	at org.springframework.boot.actuate.health.HealthEndpoint.health(HealthEndpoint.java:66)
	at java.base/jdk.internal.reflect.NativeMethodAccessorImpl.invoke0(Native Method)
	at java.base/jdk.internal.reflect.NativeMethodAccessorImpl.invoke(NativeMethodAccessorImpl.java:77)
	at java.base/jdk.internal.reflect.DelegatingMethodAccessorImpl.invoke(DelegatingMethodAccessorImpl.java:43)
	at java.base/java.lang.reflect.Method.invoke(Method.java:568)
	at org.springframework.util.ReflectionUtils.invokeMethod(ReflectionUtils.java:281)
	at org.springframework.boot.actuate.endpoint.invoke.reflect.ReflectiveOperationInvoker.invoke(ReflectiveOperationInvoker.java:74)
	at org.springframework.boot.actuate.endpoint.annotation.AbstractDiscoveredOperation.invoke(AbstractDiscoveredOperation.java:60)
	at org.springframework.boot.actuate.endpoint.jmx.EndpointMBean.invoke(EndpointMBean.java:122)
	at org.springframework.boot.actuate.endpoint.jmx.EndpointMBean.invoke(EndpointMBean.java:97)
	at java.management/com.sun.jmx.interceptor.DefaultMBeanServerInterceptor.invoke(DefaultMBeanServerInterceptor.java:814)
	at java.management/com.sun.jmx.mbeanserver.JmxMBeanServer.invoke(JmxMBeanServer.java:802)
	at java.management.rmi/javax.management.remote.rmi.RMIConnectionImpl.doOperation(RMIConnectionImpl.java:1472)
	at java.management.rmi/javax.management.remote.rmi.RMIConnectionImpl$PrivilegedOperation.run(RMIConnectionImpl.java:1310)
	at java.management.rmi/javax.management.remote.rmi.RMIConnectionImpl.doPrivilegedOperation(RMIConnectionImpl.java:1405)
	at java.management.rmi/javax.management.remote.rmi.RMIConnectionImpl.invoke(RMIConnectionImpl.java:829)
	at java.base/jdk.internal.reflect.GeneratedMethodAccessor15.invoke(Unknown Source)
	at java.base/jdk.internal.reflect.DelegatingMethodAccessorImpl.invoke(DelegatingMethodAccessorImpl.java:43)
	at java.base/java.lang.reflect.Method.invoke(Method.java:568)
	at java.rmi/sun.rmi.server.UnicastServerRef.dispatch(UnicastServerRef.java:360)
	at java.rmi/sun.rmi.transport.Transport$1.run(Transport.java:200)
	at java.rmi/sun.rmi.transport.Transport$1.run(Transport.java:197)
	at java.base/java.security.AccessController.doPrivileged(AccessController.java:712)
	at java.rmi/sun.rmi.transport.Transport.serviceCall(Transport.java:196)
	at java.rmi/sun.rmi.transport.tcp.TCPTransport.handleMessages(TCPTransport.java:587)
	at java.rmi/sun.rmi.transport.tcp.TCPTransport$ConnectionHandler.run0(TCPTransport.java:828)
	at java.rmi/sun.rmi.transport.tcp.TCPTransport$ConnectionHandler.lambda$run$0(TCPTransport.java:705)
	at java.base/java.security.AccessController.doPrivileged(AccessController.java:399)
	at java.rmi/sun.rmi.transport.tcp.TCPTransport$ConnectionHandler.run(TCPTransport.java:704)
	at java.base/java.util.concurrent.ThreadPoolExecutor.runWorker(ThreadPoolExecutor.java:1136)
	at java.base/java.util.concurrent.ThreadPoolExecutor$Worker.run(ThreadPoolExecutor.java:635)
	at java.base/java.lang.Thread.run(Thread.java:842)
2024-11-26 16:14:26.256|WARN|RMI TCP Connection(10)-192.168.159.1|o.s.b.a.h.HealthEndpointSupport|line-181||Health contributor org.springframework.boot.actuate.mail.MailHealthIndicator (mail) took 30080ms to respond
2024-11-26 16:16:21.925|WARN|RMI TCP Connection(3)-192.168.159.1|o.s.b.a.m.MailHealthIndicator|line-94||Mail health check failed
jakarta.mail.MessagingException: Got bad greeting from SMTP host: smtp.qq.com, port: 465, response: [EOF]
	at com.sun.mail.smtp.SMTPTransport.openServer(SMTPTransport.java:2247)
	at com.sun.mail.smtp.SMTPTransport.protocolConnect(SMTPTransport.java:754)
	at jakarta.mail.Service.connect(Service.java:342)
	at org.springframework.mail.javamail.JavaMailSenderImpl.connectTransport(JavaMailSenderImpl.java:518)
	at org.springframework.mail.javamail.JavaMailSenderImpl.testConnection(JavaMailSenderImpl.java:398)
	at org.springframework.boot.actuate.mail.MailHealthIndicator.doHealthCheck(MailHealthIndicator.java:42)
	at org.springframework.boot.actuate.health.AbstractHealthIndicator.health(AbstractHealthIndicator.java:82)
	at org.springframework.boot.actuate.health.HealthIndicator.getHealth(HealthIndicator.java:37)
	at org.springframework.boot.actuate.health.HealthEndpoint.getHealth(HealthEndpoint.java:82)
	at org.springframework.boot.actuate.health.HealthEndpoint.getHealth(HealthEndpoint.java:41)
	at org.springframework.boot.actuate.health.HealthEndpointSupport.getLoggedHealth(HealthEndpointSupport.java:172)
	at org.springframework.boot.actuate.health.HealthEndpointSupport.getContribution(HealthEndpointSupport.java:145)
	at org.springframework.boot.actuate.health.HealthEndpointSupport.getAggregateContribution(HealthEndpointSupport.java:156)
	at org.springframework.boot.actuate.health.HealthEndpointSupport.getContribution(HealthEndpointSupport.java:141)
	at org.springframework.boot.actuate.health.HealthEndpointSupport.getHealth(HealthEndpointSupport.java:110)
	at org.springframework.boot.actuate.health.HealthEndpointSupport.getHealth(HealthEndpointSupport.java:81)
	at org.springframework.boot.actuate.health.HealthEndpoint.health(HealthEndpoint.java:76)
	at org.springframework.boot.actuate.health.HealthEndpoint.health(HealthEndpoint.java:66)
	at java.base/jdk.internal.reflect.NativeMethodAccessorImpl.invoke0(Native Method)
	at java.base/jdk.internal.reflect.NativeMethodAccessorImpl.invoke(NativeMethodAccessorImpl.java:77)
	at java.base/jdk.internal.reflect.DelegatingMethodAccessorImpl.invoke(DelegatingMethodAccessorImpl.java:43)
	at java.base/java.lang.reflect.Method.invoke(Method.java:568)
	at org.springframework.util.ReflectionUtils.invokeMethod(ReflectionUtils.java:281)
	at org.springframework.boot.actuate.endpoint.invoke.reflect.ReflectiveOperationInvoker.invoke(ReflectiveOperationInvoker.java:74)
	at org.springframework.boot.actuate.endpoint.annotation.AbstractDiscoveredOperation.invoke(AbstractDiscoveredOperation.java:60)
	at org.springframework.boot.actuate.endpoint.jmx.EndpointMBean.invoke(EndpointMBean.java:122)
	at org.springframework.boot.actuate.endpoint.jmx.EndpointMBean.invoke(EndpointMBean.java:97)
	at java.management/com.sun.jmx.interceptor.DefaultMBeanServerInterceptor.invoke(DefaultMBeanServerInterceptor.java:814)
	at java.management/com.sun.jmx.mbeanserver.JmxMBeanServer.invoke(JmxMBeanServer.java:802)
	at java.management.rmi/javax.management.remote.rmi.RMIConnectionImpl.doOperation(RMIConnectionImpl.java:1472)
	at java.management.rmi/javax.management.remote.rmi.RMIConnectionImpl$PrivilegedOperation.run(RMIConnectionImpl.java:1310)
	at java.management.rmi/javax.management.remote.rmi.RMIConnectionImpl.doPrivilegedOperation(RMIConnectionImpl.java:1405)
	at java.management.rmi/javax.management.remote.rmi.RMIConnectionImpl.invoke(RMIConnectionImpl.java:829)
	at java.base/jdk.internal.reflect.GeneratedMethodAccessor14.invoke(Unknown Source)
	at java.base/jdk.internal.reflect.DelegatingMethodAccessorImpl.invoke(DelegatingMethodAccessorImpl.java:43)
	at java.base/java.lang.reflect.Method.invoke(Method.java:568)
	at java.rmi/sun.rmi.server.UnicastServerRef.dispatch(UnicastServerRef.java:360)
	at java.rmi/sun.rmi.transport.Transport$1.run(Transport.java:200)
	at java.rmi/sun.rmi.transport.Transport$1.run(Transport.java:197)
	at java.base/java.security.AccessController.doPrivileged(AccessController.java:712)
	at java.rmi/sun.rmi.transport.Transport.serviceCall(Transport.java:196)
	at java.rmi/sun.rmi.transport.tcp.TCPTransport.handleMessages(TCPTransport.java:587)
	at java.rmi/sun.rmi.transport.tcp.TCPTransport$ConnectionHandler.run0(TCPTransport.java:828)
	at java.rmi/sun.rmi.transport.tcp.TCPTransport$ConnectionHandler.lambda$run$0(TCPTransport.java:705)
	at java.base/java.security.AccessController.doPrivileged(AccessController.java:399)
	at java.rmi/sun.rmi.transport.tcp.TCPTransport$ConnectionHandler.run(TCPTransport.java:704)
	at java.base/java.util.concurrent.ThreadPoolExecutor.runWorker(ThreadPoolExecutor.java:1136)
	at java.base/java.util.concurrent.ThreadPoolExecutor$Worker.run(ThreadPoolExecutor.java:635)
	at java.base/java.lang.Thread.run(Thread.java:842)
2024-11-26 16:16:21.927|WARN|RMI TCP Connection(3)-192.168.159.1|o.s.b.a.h.HealthEndpointSupport|line-181||Health contributor org.springframework.boot.actuate.mail.MailHealthIndicator (mail) took 30073ms to respond
2024-11-26 16:18:37.729|WARN|http-nio-8088-exec-7|w.f.o.a.c.MyFormController|line-130|traceId_1317751788863300|fieldOptions: [FieldOptionVo(id=1, templateFieldId=1, optionValue=年假, optionLabel=年假, oprionSort=1), FieldOptionVo(id=2, templateFieldId=1, optionValue=事假, optionLabel=事假, oprionSort=2), FieldOptionVo(id=3, templateFieldId=1, optionValue=病假, optionLabel=病假, oprionSort=3), FieldOptionVo(id=4, templateFieldId=1, optionValue=调休, optionLabel=调休, oprionSort=4), FieldOptionVo(id=5, templateFieldId=1, optionValue=产假, optionLabel=产假, oprionSort=5), FieldOptionVo(id=6, templateFieldId=1, optionValue=陪产假, optionLabel=陪产假, oprionSort=6), FieldOptionVo(id=7, templateFieldId=1, optionValue=婚假, optionLabel=婚假, oprionSort=7), FieldOptionVo(id=8, templateFieldId=1, optionValue=例假, optionLabel=例假, oprionSort=8), FieldOptionVo(id=9, templateFieldId=1, optionValue=丧假, optionLabel=丧假, oprionSort=9)]
2024-11-26 16:18:37.731|WARN|http-nio-8088-exec-7|w.f.o.a.c.MyFormController|line-130|traceId_1317751788863300|fieldOptions: [FieldOptionVo(id=10, templateFieldId=6, optionValue=多选项1, optionLabel=多选项1, oprionSort=1), FieldOptionVo(id=11, templateFieldId=6, optionValue=多选项2, optionLabel=多选项2, oprionSort=2), FieldOptionVo(id=12, templateFieldId=6, optionValue=多选项3, optionLabel=多选项3, oprionSort=3), FieldOptionVo(id=13, templateFieldId=6, optionValue=多选项4, optionLabel=多选项4, oprionSort=4), FieldOptionVo(id=14, templateFieldId=6, optionValue=多选项5, optionLabel=多选项5, oprionSort=5)]
2024-11-26 16:27:14.267|WARN|http-nio-8088-exec-9|w.f.o.a.c.MyFormController|line-96|traceId_1318268346277300|fieldOptions: [FieldOptionVo(id=1, templateFieldId=1, optionValue=年假, optionLabel=年假, oprionSort=1), FieldOptionVo(id=2, templateFieldId=1, optionValue=事假, optionLabel=事假, oprionSort=2), FieldOptionVo(id=3, templateFieldId=1, optionValue=病假, optionLabel=病假, oprionSort=3), FieldOptionVo(id=4, templateFieldId=1, optionValue=调休, optionLabel=调休, oprionSort=4), FieldOptionVo(id=5, templateFieldId=1, optionValue=产假, optionLabel=产假, oprionSort=5), FieldOptionVo(id=6, templateFieldId=1, optionValue=陪产假, optionLabel=陪产假, oprionSort=6), FieldOptionVo(id=7, templateFieldId=1, optionValue=婚假, optionLabel=婚假, oprionSort=7), FieldOptionVo(id=8, templateFieldId=1, optionValue=例假, optionLabel=例假, oprionSort=8), FieldOptionVo(id=9, templateFieldId=1, optionValue=丧假, optionLabel=丧假, oprionSort=9)]
2024-11-26 16:27:14.270|WARN|http-nio-8088-exec-9|w.f.o.a.c.MyFormController|line-96|traceId_1318268346277300|fieldOptions: [FieldOptionVo(id=10, templateFieldId=6, optionValue=多选项1, optionLabel=多选项1, oprionSort=1), FieldOptionVo(id=11, templateFieldId=6, optionValue=多选项2, optionLabel=多选项2, oprionSort=2), FieldOptionVo(id=12, templateFieldId=6, optionValue=多选项3, optionLabel=多选项3, oprionSort=3), FieldOptionVo(id=13, templateFieldId=6, optionValue=多选项4, optionLabel=多选项4, oprionSort=4), FieldOptionVo(id=14, templateFieldId=6, optionValue=多选项5, optionLabel=多选项5, oprionSort=5)]
2024-11-26 16:28:47.510|WARN|http-nio-8088-exec-4|w.f.o.a.c.MyFormController|line-94|traceId_1318361197317800|fieldOptions: [FieldOptionVo(id=1, templateFieldId=1, optionValue=年假, optionLabel=年假, oprionSort=1), FieldOptionVo(id=2, templateFieldId=1, optionValue=事假, optionLabel=事假, oprionSort=2), FieldOptionVo(id=3, templateFieldId=1, optionValue=病假, optionLabel=病假, oprionSort=3), FieldOptionVo(id=4, templateFieldId=1, optionValue=调休, optionLabel=调休, oprionSort=4), FieldOptionVo(id=5, templateFieldId=1, optionValue=产假, optionLabel=产假, oprionSort=5), FieldOptionVo(id=6, templateFieldId=1, optionValue=陪产假, optionLabel=陪产假, oprionSort=6), FieldOptionVo(id=7, templateFieldId=1, optionValue=婚假, optionLabel=婚假, oprionSort=7), FieldOptionVo(id=8, templateFieldId=1, optionValue=例假, optionLabel=例假, oprionSort=8), FieldOptionVo(id=9, templateFieldId=1, optionValue=丧假, optionLabel=丧假, oprionSort=9)]
2024-11-26 16:28:47.513|WARN|http-nio-8088-exec-4|w.f.o.a.c.MyFormController|line-94|traceId_1318361197317800|fieldOptions: [FieldOptionVo(id=10, templateFieldId=6, optionValue=多选项1, optionLabel=多选项1, oprionSort=1), FieldOptionVo(id=11, templateFieldId=6, optionValue=多选项2, optionLabel=多选项2, oprionSort=2), FieldOptionVo(id=12, templateFieldId=6, optionValue=多选项3, optionLabel=多选项3, oprionSort=3), FieldOptionVo(id=13, templateFieldId=6, optionValue=多选项4, optionLabel=多选项4, oprionSort=4), FieldOptionVo(id=14, templateFieldId=6, optionValue=多选项5, optionLabel=多选项5, oprionSort=5)]
2024-11-26 16:29:10.347|WARN|RMI TCP Connection(1)-192.168.159.1|o.s.b.a.m.MailHealthIndicator|line-94||Mail health check failed
jakarta.mail.MessagingException: Got bad greeting from SMTP host: smtp.qq.com, port: 465, response: [EOF]
	at com.sun.mail.smtp.SMTPTransport.openServer(SMTPTransport.java:2247)
	at com.sun.mail.smtp.SMTPTransport.protocolConnect(SMTPTransport.java:754)
	at jakarta.mail.Service.connect(Service.java:342)
	at org.springframework.mail.javamail.JavaMailSenderImpl.connectTransport(JavaMailSenderImpl.java:518)
	at org.springframework.mail.javamail.JavaMailSenderImpl.testConnection(JavaMailSenderImpl.java:398)
	at org.springframework.boot.actuate.mail.MailHealthIndicator.doHealthCheck(MailHealthIndicator.java:42)
	at org.springframework.boot.actuate.health.AbstractHealthIndicator.health(AbstractHealthIndicator.java:82)
	at org.springframework.boot.actuate.health.HealthIndicator.getHealth(HealthIndicator.java:37)
	at org.springframework.boot.actuate.health.HealthEndpoint.getHealth(HealthEndpoint.java:82)
	at org.springframework.boot.actuate.health.HealthEndpoint.getHealth(HealthEndpoint.java:41)
	at org.springframework.boot.actuate.health.HealthEndpointSupport.getLoggedHealth(HealthEndpointSupport.java:172)
	at org.springframework.boot.actuate.health.HealthEndpointSupport.getContribution(HealthEndpointSupport.java:145)
	at org.springframework.boot.actuate.health.HealthEndpointSupport.getAggregateContribution(HealthEndpointSupport.java:156)
	at org.springframework.boot.actuate.health.HealthEndpointSupport.getContribution(HealthEndpointSupport.java:141)
	at org.springframework.boot.actuate.health.HealthEndpointSupport.getHealth(HealthEndpointSupport.java:110)
	at org.springframework.boot.actuate.health.HealthEndpointSupport.getHealth(HealthEndpointSupport.java:81)
	at org.springframework.boot.actuate.health.HealthEndpoint.health(HealthEndpoint.java:76)
	at org.springframework.boot.actuate.health.HealthEndpoint.health(HealthEndpoint.java:66)
	at java.base/jdk.internal.reflect.NativeMethodAccessorImpl.invoke0(Native Method)
	at java.base/jdk.internal.reflect.NativeMethodAccessorImpl.invoke(NativeMethodAccessorImpl.java:77)
	at java.base/jdk.internal.reflect.DelegatingMethodAccessorImpl.invoke(DelegatingMethodAccessorImpl.java:43)
	at java.base/java.lang.reflect.Method.invoke(Method.java:568)
	at org.springframework.util.ReflectionUtils.invokeMethod(ReflectionUtils.java:281)
	at org.springframework.boot.actuate.endpoint.invoke.reflect.ReflectiveOperationInvoker.invoke(ReflectiveOperationInvoker.java:74)
	at org.springframework.boot.actuate.endpoint.annotation.AbstractDiscoveredOperation.invoke(AbstractDiscoveredOperation.java:60)
	at org.springframework.boot.actuate.endpoint.jmx.EndpointMBean.invoke(EndpointMBean.java:122)
	at org.springframework.boot.actuate.endpoint.jmx.EndpointMBean.invoke(EndpointMBean.java:97)
	at java.management/com.sun.jmx.interceptor.DefaultMBeanServerInterceptor.invoke(DefaultMBeanServerInterceptor.java:814)
	at java.management/com.sun.jmx.mbeanserver.JmxMBeanServer.invoke(JmxMBeanServer.java:802)
	at java.management.rmi/javax.management.remote.rmi.RMIConnectionImpl.doOperation(RMIConnectionImpl.java:1472)
	at java.management.rmi/javax.management.remote.rmi.RMIConnectionImpl$PrivilegedOperation.run(RMIConnectionImpl.java:1310)
	at java.management.rmi/javax.management.remote.rmi.RMIConnectionImpl.doPrivilegedOperation(RMIConnectionImpl.java:1405)
	at java.management.rmi/javax.management.remote.rmi.RMIConnectionImpl.invoke(RMIConnectionImpl.java:829)
	at java.base/jdk.internal.reflect.GeneratedMethodAccessor14.invoke(Unknown Source)
	at java.base/jdk.internal.reflect.DelegatingMethodAccessorImpl.invoke(DelegatingMethodAccessorImpl.java:43)
	at java.base/java.lang.reflect.Method.invoke(Method.java:568)
	at java.rmi/sun.rmi.server.UnicastServerRef.dispatch(UnicastServerRef.java:360)
	at java.rmi/sun.rmi.transport.Transport$1.run(Transport.java:200)
	at java.rmi/sun.rmi.transport.Transport$1.run(Transport.java:197)
	at java.base/java.security.AccessController.doPrivileged(AccessController.java:712)
	at java.rmi/sun.rmi.transport.Transport.serviceCall(Transport.java:196)
	at java.rmi/sun.rmi.transport.tcp.TCPTransport.handleMessages(TCPTransport.java:587)
	at java.rmi/sun.rmi.transport.tcp.TCPTransport$ConnectionHandler.run0(TCPTransport.java:828)
	at java.rmi/sun.rmi.transport.tcp.TCPTransport$ConnectionHandler.lambda$run$0(TCPTransport.java:705)
	at java.base/java.security.AccessController.doPrivileged(AccessController.java:399)
	at java.rmi/sun.rmi.transport.tcp.TCPTransport$ConnectionHandler.run(TCPTransport.java:704)
	at java.base/java.util.concurrent.ThreadPoolExecutor.runWorker(ThreadPoolExecutor.java:1136)
	at java.base/java.util.concurrent.ThreadPoolExecutor$Worker.run(ThreadPoolExecutor.java:635)
	at java.base/java.lang.Thread.run(Thread.java:842)
2024-11-26 16:29:10.350|WARN|RMI TCP Connection(1)-192.168.159.1|o.s.b.a.h.HealthEndpointSupport|line-181||Health contributor org.springframework.boot.actuate.mail.MailHealthIndicator (mail) took 30112ms to respond
2024-11-26 16:31:41.307|WARN|http-nio-8088-exec-3|w.f.o.a.c.MyFormController|line-128|traceId_1318535385180200|fieldOptions: [FieldOptionVo(id=1, templateFieldId=1, optionValue=年假, optionLabel=年假, oprionSort=1), FieldOptionVo(id=2, templateFieldId=1, optionValue=事假, optionLabel=事假, oprionSort=2), FieldOptionVo(id=3, templateFieldId=1, optionValue=病假, optionLabel=病假, oprionSort=3), FieldOptionVo(id=4, templateFieldId=1, optionValue=调休, optionLabel=调休, oprionSort=4), FieldOptionVo(id=5, templateFieldId=1, optionValue=产假, optionLabel=产假, oprionSort=5), FieldOptionVo(id=6, templateFieldId=1, optionValue=陪产假, optionLabel=陪产假, oprionSort=6), FieldOptionVo(id=7, templateFieldId=1, optionValue=婚假, optionLabel=婚假, oprionSort=7), FieldOptionVo(id=8, templateFieldId=1, optionValue=例假, optionLabel=例假, oprionSort=8), FieldOptionVo(id=9, templateFieldId=1, optionValue=丧假, optionLabel=丧假, oprionSort=9)]
2024-11-26 16:31:41.309|WARN|http-nio-8088-exec-3|w.f.o.a.c.MyFormController|line-128|traceId_1318535385180200|fieldOptions: [FieldOptionVo(id=10, templateFieldId=6, optionValue=多选项1, optionLabel=多选项1, oprionSort=1), FieldOptionVo(id=11, templateFieldId=6, optionValue=多选项2, optionLabel=多选项2, oprionSort=2), FieldOptionVo(id=12, templateFieldId=6, optionValue=多选项3, optionLabel=多选项3, oprionSort=3), FieldOptionVo(id=13, templateFieldId=6, optionValue=多选项4, optionLabel=多选项4, oprionSort=4), FieldOptionVo(id=14, templateFieldId=6, optionValue=多选项5, optionLabel=多选项5, oprionSort=5)]
