2024-11-27 10:31:46.614|WARN|http-nio-8088-exec-1|w.f.o.a.c.MyFormController|line-149|traceId_1383341726242600|formFieldValues: [FormFieldValue(id=null, formId=23, fieldId=1, fieldValue=年假, createBy=8, createTime=Wed Nov 27 10:31:46 CST 2024, updateBy=8, updateTime=Wed Nov 27 10:31:46 CST 2024), FormFieldValue(id=null, formId=23, fieldId=2, fieldValue=2024-11-27T02:31:24.000Z, createBy=8, createTime=Wed Nov 27 10:31:46 CST 2024, updateBy=8, updateTime=Wed Nov 27 10:31:46 CST 2024), FormFieldValue(id=null, formId=23, fieldId=3, fieldValue=2024-11-27T02:31:22.000Z, createBy=8, createTime=Wed Nov 27 10:31:46 CST 2024, updateBy=8, updateTime=Wed Nov 27 10:31:46 CST 2024), FormFieldValue(id=null, formId=23, fieldId=4, fieldValue=null, createBy=8, createTime=Wed Nov 27 10:31:46 CST 2024, updateBy=8, updateTime=Wed Nov 27 10:31:46 CST 2024), FormFieldValue(id=null, formId=23, fieldId=5, fieldValue=我就是要请假, createBy=8, createTime=Wed Nov 27 10:31:46 CST 2024, updateBy=8, updateTime=Wed Nov 27 10:31:46 CST 2024), FormFieldValue(id=null, formId=23, fieldId=6, fieldValue=[多选项1, 多选项2, 多选项3, 多选项4, 多选项5], createBy=8, createTime=Wed Nov 27 10:31:46 CST 2024, updateBy=8, updateTime=Wed Nov 27 10:31:46 CST 2024), FormFieldValue(id=null, formId=23, fieldId=7, fieldValue=null, createBy=8, createTime=Wed Nov 27 10:31:46 CST 2024, updateBy=8, updateTime=Wed Nov 27 10:31:46 CST 2024), FormFieldValue(id=null, formId=23, fieldId=8, fieldValue=想不出来, createBy=8, createTime=Wed Nov 27 10:31:46 CST 2024, updateBy=8, updateTime=Wed Nov 27 10:31:46 CST 2024)]
2024-11-27 10:33:34.987|WARN|http-nio-8088-exec-6|w.f.o.a.c.MyFormController|line-149|traceId_1383450700883600|formFieldValues: [FormFieldValue(id=null, formId=24, fieldId=1, fieldValue=病假, createBy=8, createTime=Wed Nov 27 10:33:34 CST 2024, updateBy=8, updateTime=Wed Nov 27 10:33:34 CST 2024), FormFieldValue(id=null, formId=24, fieldId=2, fieldValue=2024-11-21 09:00:00, createBy=8, createTime=Wed Nov 27 10:33:34 CST 2024, updateBy=8, updateTime=Wed Nov 27 10:33:34 CST 2024), FormFieldValue(id=null, formId=24, fieldId=3, fieldValue=2024-11-22 17:30:00, createBy=8, createTime=Wed Nov 27 10:33:34 CST 2024, updateBy=8, updateTime=Wed Nov 27 10:33:34 CST 2024), FormFieldValue(id=null, formId=24, fieldId=4, fieldValue=2, createBy=8, createTime=Wed Nov 27 10:33:34 CST 2024, updateBy=8, updateTime=Wed Nov 27 10:33:34 CST 2024), FormFieldValue(id=null, formId=24, fieldId=5, fieldValue=感冒生病打点滴, createBy=8, createTime=Wed Nov 27 10:33:34 CST 2024, updateBy=8, updateTime=Wed Nov 27 10:33:34 CST 2024), FormFieldValue(id=null, formId=24, fieldId=6, fieldValue=[多选项1, 多选项2, 多选项3], createBy=8, createTime=Wed Nov 27 10:33:34 CST 2024, updateBy=8, updateTime=Wed Nov 27 10:33:34 CST 2024), FormFieldValue(id=null, formId=24, fieldId=7, fieldValue=[1, 2, 3, 7, 8, 9], createBy=8, createTime=Wed Nov 27 10:33:34 CST 2024, updateBy=8, updateTime=Wed Nov 27 10:33:34 CST 2024)]
2024-11-27 11:00:40.938|WARN|http-nio-8088-exec-2|w.f.o.a.c.MyFormController|line-149|traceId_1385076637105900|formFieldValues: [FormFieldValue(id=null, formId=25, fieldId=1, fieldValue=年假, createBy=8, createTime=Wed Nov 27 11:00:40 CST 2024, updateBy=8, updateTime=Wed Nov 27 11:00:40 CST 2024), FormFieldValue(id=null, formId=25, fieldId=2, fieldValue=2024-11-27T03:00:28.000Z, createBy=8, createTime=Wed Nov 27 11:00:40 CST 2024, updateBy=8, updateTime=Wed Nov 27 11:00:40 CST 2024), FormFieldValue(id=null, formId=25, fieldId=3, fieldValue=2024-11-27T03:00:30.000Z, createBy=8, createTime=Wed Nov 27 11:00:40 CST 2024, updateBy=8, updateTime=Wed Nov 27 11:00:40 CST 2024), FormFieldValue(id=null, formId=25, fieldId=4, fieldValue=null, createBy=8, createTime=Wed Nov 27 11:00:40 CST 2024, updateBy=8, updateTime=Wed Nov 27 11:00:40 CST 2024), FormFieldValue(id=null, formId=25, fieldId=5, fieldValue=1111111, createBy=8, createTime=Wed Nov 27 11:00:40 CST 2024, updateBy=8, updateTime=Wed Nov 27 11:00:40 CST 2024), FormFieldValue(id=null, formId=25, fieldId=6, fieldValue=[多选项1, 多选项2, 多选项3, 多选项4, 多选项5], createBy=8, createTime=Wed Nov 27 11:00:40 CST 2024, updateBy=8, updateTime=Wed Nov 27 11:00:40 CST 2024), FormFieldValue(id=null, formId=25, fieldId=7, fieldValue=null, createBy=8, createTime=Wed Nov 27 11:00:40 CST 2024, updateBy=8, updateTime=Wed Nov 27 11:00:40 CST 2024), FormFieldValue(id=null, formId=25, fieldId=8, fieldValue=111, createBy=8, createTime=Wed Nov 27 11:00:40 CST 2024, updateBy=8, updateTime=Wed Nov 27 11:00:40 CST 2024)]
2024-11-27 11:01:24.798|WARN|http-nio-8088-exec-10|w.f.o.a.c.MyFormController|line-149|traceId_1385120518723300|formFieldValues: [FormFieldValue(id=null, formId=26, fieldId=1, fieldValue=年假, createBy=8, createTime=Wed Nov 27 11:01:24 CST 2024, updateBy=8, updateTime=Wed Nov 27 11:01:24 CST 2024), FormFieldValue(id=null, formId=26, fieldId=2, fieldValue=2024-11-27 11:01:19, createBy=8, createTime=Wed Nov 27 11:01:24 CST 2024, updateBy=8, updateTime=Wed Nov 27 11:01:24 CST 2024), FormFieldValue(id=null, formId=26, fieldId=3, fieldValue=2024-11-27 11:01:17, createBy=8, createTime=Wed Nov 27 11:01:24 CST 2024, updateBy=8, updateTime=Wed Nov 27 11:01:24 CST 2024), FormFieldValue(id=null, formId=26, fieldId=4, fieldValue=null, createBy=8, createTime=Wed Nov 27 11:01:24 CST 2024, updateBy=8, updateTime=Wed Nov 27 11:01:24 CST 2024), FormFieldValue(id=null, formId=26, fieldId=5, fieldValue=1111, createBy=8, createTime=Wed Nov 27 11:01:24 CST 2024, updateBy=8, updateTime=Wed Nov 27 11:01:24 CST 2024), FormFieldValue(id=null, formId=26, fieldId=6, fieldValue=[多选项1, 多选项2, 多选项3, 多选项4, 多选项5], createBy=8, createTime=Wed Nov 27 11:01:24 CST 2024, updateBy=8, updateTime=Wed Nov 27 11:01:24 CST 2024), FormFieldValue(id=null, formId=26, fieldId=7, fieldValue=null, createBy=8, createTime=Wed Nov 27 11:01:24 CST 2024, updateBy=8, updateTime=Wed Nov 27 11:01:24 CST 2024), FormFieldValue(id=null, formId=26, fieldId=8, fieldValue=1111, createBy=8, createTime=Wed Nov 27 11:01:24 CST 2024, updateBy=8, updateTime=Wed Nov 27 11:01:24 CST 2024)]
2024-11-27 11:06:30.368|WARN|http-nio-8088-exec-1|o.a.c.u.SessionIdGeneratorBase|line-173|traceId_1385425886583900|Creation of SecureRandom instance for session ID generation using [SHA1PRNG] took [202] milliseconds.
2024-11-27 11:06:59.094|WARN|RMI TCP Connection(7)-192.168.159.1|o.s.b.a.m.MailHealthIndicator|line-94||Mail health check failed
jakarta.mail.MessagingException: Got bad greeting from SMTP host: smtp.qq.com, port: 465, response: [EOF]
	at com.sun.mail.smtp.SMTPTransport.openServer(SMTPTransport.java:2247)
	at com.sun.mail.smtp.SMTPTransport.protocolConnect(SMTPTransport.java:754)
	at jakarta.mail.Service.connect(Service.java:342)
	at org.springframework.mail.javamail.JavaMailSenderImpl.connectTransport(JavaMailSenderImpl.java:518)
	at org.springframework.mail.javamail.JavaMailSenderImpl.testConnection(JavaMailSenderImpl.java:398)
	at org.springframework.boot.actuate.mail.MailHealthIndicator.doHealthCheck(MailHealthIndicator.java:42)
	at org.springframework.boot.actuate.health.AbstractHealthIndicator.health(AbstractHealthIndicator.java:82)
	at org.springframework.boot.actuate.health.HealthIndicator.getHealth(HealthIndicator.java:37)
	at org.springframework.boot.actuate.health.HealthEndpoint.getHealth(HealthEndpoint.java:82)
	at org.springframework.boot.actuate.health.HealthEndpoint.getHealth(HealthEndpoint.java:41)
	at org.springframework.boot.actuate.health.HealthEndpointSupport.getLoggedHealth(HealthEndpointSupport.java:172)
	at org.springframework.boot.actuate.health.HealthEndpointSupport.getContribution(HealthEndpointSupport.java:145)
	at org.springframework.boot.actuate.health.HealthEndpointSupport.getAggregateContribution(HealthEndpointSupport.java:156)
	at org.springframework.boot.actuate.health.HealthEndpointSupport.getContribution(HealthEndpointSupport.java:141)
	at org.springframework.boot.actuate.health.HealthEndpointSupport.getHealth(HealthEndpointSupport.java:110)
	at org.springframework.boot.actuate.health.HealthEndpointSupport.getHealth(HealthEndpointSupport.java:81)
	at org.springframework.boot.actuate.health.HealthEndpoint.health(HealthEndpoint.java:76)
	at org.springframework.boot.actuate.health.HealthEndpoint.health(HealthEndpoint.java:66)
	at java.base/jdk.internal.reflect.NativeMethodAccessorImpl.invoke0(Native Method)
	at java.base/jdk.internal.reflect.NativeMethodAccessorImpl.invoke(NativeMethodAccessorImpl.java:77)
	at java.base/jdk.internal.reflect.DelegatingMethodAccessorImpl.invoke(DelegatingMethodAccessorImpl.java:43)
	at java.base/java.lang.reflect.Method.invoke(Method.java:568)
	at org.springframework.util.ReflectionUtils.invokeMethod(ReflectionUtils.java:281)
	at org.springframework.boot.actuate.endpoint.invoke.reflect.ReflectiveOperationInvoker.invoke(ReflectiveOperationInvoker.java:74)
	at org.springframework.boot.actuate.endpoint.annotation.AbstractDiscoveredOperation.invoke(AbstractDiscoveredOperation.java:60)
	at org.springframework.boot.actuate.endpoint.jmx.EndpointMBean.invoke(EndpointMBean.java:122)
	at org.springframework.boot.actuate.endpoint.jmx.EndpointMBean.invoke(EndpointMBean.java:97)
	at java.management/com.sun.jmx.interceptor.DefaultMBeanServerInterceptor.invoke(DefaultMBeanServerInterceptor.java:814)
	at java.management/com.sun.jmx.mbeanserver.JmxMBeanServer.invoke(JmxMBeanServer.java:802)
	at java.management.rmi/javax.management.remote.rmi.RMIConnectionImpl.doOperation(RMIConnectionImpl.java:1472)
	at java.management.rmi/javax.management.remote.rmi.RMIConnectionImpl$PrivilegedOperation.run(RMIConnectionImpl.java:1310)
	at java.management.rmi/javax.management.remote.rmi.RMIConnectionImpl.doPrivilegedOperation(RMIConnectionImpl.java:1405)
	at java.management.rmi/javax.management.remote.rmi.RMIConnectionImpl.invoke(RMIConnectionImpl.java:829)
	at java.base/jdk.internal.reflect.GeneratedMethodAccessor18.invoke(Unknown Source)
	at java.base/jdk.internal.reflect.DelegatingMethodAccessorImpl.invoke(DelegatingMethodAccessorImpl.java:43)
	at java.base/java.lang.reflect.Method.invoke(Method.java:568)
	at java.rmi/sun.rmi.server.UnicastServerRef.dispatch(UnicastServerRef.java:360)
	at java.rmi/sun.rmi.transport.Transport$1.run(Transport.java:200)
	at java.rmi/sun.rmi.transport.Transport$1.run(Transport.java:197)
	at java.base/java.security.AccessController.doPrivileged(AccessController.java:712)
	at java.rmi/sun.rmi.transport.Transport.serviceCall(Transport.java:196)
	at java.rmi/sun.rmi.transport.tcp.TCPTransport.handleMessages(TCPTransport.java:587)
	at java.rmi/sun.rmi.transport.tcp.TCPTransport$ConnectionHandler.run0(TCPTransport.java:828)
	at java.rmi/sun.rmi.transport.tcp.TCPTransport$ConnectionHandler.lambda$run$0(TCPTransport.java:705)
	at java.base/java.security.AccessController.doPrivileged(AccessController.java:399)
	at java.rmi/sun.rmi.transport.tcp.TCPTransport$ConnectionHandler.run(TCPTransport.java:704)
	at java.base/java.util.concurrent.ThreadPoolExecutor.runWorker(ThreadPoolExecutor.java:1136)
	at java.base/java.util.concurrent.ThreadPoolExecutor$Worker.run(ThreadPoolExecutor.java:635)
	at java.base/java.lang.Thread.run(Thread.java:842)
2024-11-27 11:06:59.097|WARN|RMI TCP Connection(7)-192.168.159.1|o.s.b.a.h.HealthEndpointSupport|line-181||Health contributor org.springframework.boot.actuate.mail.MailHealthIndicator (mail) took 30253ms to respond
2024-11-27 11:07:25.547|WARN|http-nio-8088-exec-7|w.f.o.a.c.MyFormController|line-128|traceId_1385481213831200|fieldOptions: [FieldOptionVo(id=1, templateFieldId=1, optionValue=年假, optionLabel=年假, oprionSort=1), FieldOptionVo(id=2, templateFieldId=1, optionValue=事假, optionLabel=事假, oprionSort=2), FieldOptionVo(id=3, templateFieldId=1, optionValue=病假, optionLabel=病假, oprionSort=3), FieldOptionVo(id=4, templateFieldId=1, optionValue=调休, optionLabel=调休, oprionSort=4), FieldOptionVo(id=5, templateFieldId=1, optionValue=产假, optionLabel=产假, oprionSort=5), FieldOptionVo(id=6, templateFieldId=1, optionValue=陪产假, optionLabel=陪产假, oprionSort=6), FieldOptionVo(id=7, templateFieldId=1, optionValue=婚假, optionLabel=婚假, oprionSort=7), FieldOptionVo(id=8, templateFieldId=1, optionValue=例假, optionLabel=例假, oprionSort=8), FieldOptionVo(id=9, templateFieldId=1, optionValue=丧假, optionLabel=丧假, oprionSort=9)]
2024-11-27 11:07:25.549|WARN|http-nio-8088-exec-7|w.f.o.a.c.MyFormController|line-128|traceId_1385481213831200|fieldOptions: [FieldOptionVo(id=10, templateFieldId=6, optionValue=多选项1, optionLabel=多选项1, oprionSort=1), FieldOptionVo(id=11, templateFieldId=6, optionValue=多选项2, optionLabel=多选项2, oprionSort=2), FieldOptionVo(id=12, templateFieldId=6, optionValue=多选项3, optionLabel=多选项3, oprionSort=3), FieldOptionVo(id=13, templateFieldId=6, optionValue=多选项4, optionLabel=多选项4, oprionSort=4), FieldOptionVo(id=14, templateFieldId=6, optionValue=多选项5, optionLabel=多选项5, oprionSort=5)]
2024-11-27 11:07:59.738|WARN|http-nio-8088-exec-8|w.f.o.a.c.MyFormController|line-94|traceId_1385515443410700|fieldOptions: [FieldOptionVo(id=1, templateFieldId=1, optionValue=年假, optionLabel=年假, oprionSort=1), FieldOptionVo(id=2, templateFieldId=1, optionValue=事假, optionLabel=事假, oprionSort=2), FieldOptionVo(id=3, templateFieldId=1, optionValue=病假, optionLabel=病假, oprionSort=3), FieldOptionVo(id=4, templateFieldId=1, optionValue=调休, optionLabel=调休, oprionSort=4), FieldOptionVo(id=5, templateFieldId=1, optionValue=产假, optionLabel=产假, oprionSort=5), FieldOptionVo(id=6, templateFieldId=1, optionValue=陪产假, optionLabel=陪产假, oprionSort=6), FieldOptionVo(id=7, templateFieldId=1, optionValue=婚假, optionLabel=婚假, oprionSort=7), FieldOptionVo(id=8, templateFieldId=1, optionValue=例假, optionLabel=例假, oprionSort=8), FieldOptionVo(id=9, templateFieldId=1, optionValue=丧假, optionLabel=丧假, oprionSort=9)]
2024-11-27 11:07:59.741|WARN|http-nio-8088-exec-8|w.f.o.a.c.MyFormController|line-94|traceId_1385515443410700|fieldOptions: [FieldOptionVo(id=10, templateFieldId=6, optionValue=多选项1, optionLabel=多选项1, oprionSort=1), FieldOptionVo(id=11, templateFieldId=6, optionValue=多选项2, optionLabel=多选项2, oprionSort=2), FieldOptionVo(id=12, templateFieldId=6, optionValue=多选项3, optionLabel=多选项3, oprionSort=3), FieldOptionVo(id=13, templateFieldId=6, optionValue=多选项4, optionLabel=多选项4, oprionSort=4), FieldOptionVo(id=14, templateFieldId=6, optionValue=多选项5, optionLabel=多选项5, oprionSort=5)]
2024-11-27 11:24:31.625|WARN|http-nio-8088-exec-3|w.f.o.a.c.MyFormController|line-128|traceId_1386507354513900|fieldOptions: [FieldOptionVo(id=1, templateFieldId=1, optionValue=年假, optionLabel=年假, oprionSort=1), FieldOptionVo(id=2, templateFieldId=1, optionValue=事假, optionLabel=事假, oprionSort=2), FieldOptionVo(id=3, templateFieldId=1, optionValue=病假, optionLabel=病假, oprionSort=3), FieldOptionVo(id=4, templateFieldId=1, optionValue=调休, optionLabel=调休, oprionSort=4), FieldOptionVo(id=5, templateFieldId=1, optionValue=产假, optionLabel=产假, oprionSort=5), FieldOptionVo(id=6, templateFieldId=1, optionValue=陪产假, optionLabel=陪产假, oprionSort=6), FieldOptionVo(id=7, templateFieldId=1, optionValue=婚假, optionLabel=婚假, oprionSort=7), FieldOptionVo(id=8, templateFieldId=1, optionValue=例假, optionLabel=例假, oprionSort=8), FieldOptionVo(id=9, templateFieldId=1, optionValue=丧假, optionLabel=丧假, oprionSort=9)]
2024-11-27 11:24:31.626|WARN|http-nio-8088-exec-3|w.f.o.a.c.MyFormController|line-128|traceId_1386507354513900|fieldOptions: [FieldOptionVo(id=10, templateFieldId=6, optionValue=多选项1, optionLabel=多选项1, oprionSort=1), FieldOptionVo(id=11, templateFieldId=6, optionValue=多选项2, optionLabel=多选项2, oprionSort=2), FieldOptionVo(id=12, templateFieldId=6, optionValue=多选项3, optionLabel=多选项3, oprionSort=3), FieldOptionVo(id=13, templateFieldId=6, optionValue=多选项4, optionLabel=多选项4, oprionSort=4), FieldOptionVo(id=14, templateFieldId=6, optionValue=多选项5, optionLabel=多选项5, oprionSort=5)]
2024-11-27 11:36:29.125|WARN|RMI TCP Connection(8)-192.168.159.1|o.s.b.a.m.MailHealthIndicator|line-94||Mail health check failed
jakarta.mail.MessagingException: Got bad greeting from SMTP host: smtp.qq.com, port: 465, response: [EOF]
	at com.sun.mail.smtp.SMTPTransport.openServer(SMTPTransport.java:2247)
	at com.sun.mail.smtp.SMTPTransport.protocolConnect(SMTPTransport.java:754)
	at jakarta.mail.Service.connect(Service.java:342)
	at org.springframework.mail.javamail.JavaMailSenderImpl.connectTransport(JavaMailSenderImpl.java:518)
	at org.springframework.mail.javamail.JavaMailSenderImpl.testConnection(JavaMailSenderImpl.java:398)
	at org.springframework.boot.actuate.mail.MailHealthIndicator.doHealthCheck(MailHealthIndicator.java:42)
	at org.springframework.boot.actuate.health.AbstractHealthIndicator.health(AbstractHealthIndicator.java:82)
	at org.springframework.boot.actuate.health.HealthIndicator.getHealth(HealthIndicator.java:37)
	at org.springframework.boot.actuate.health.HealthEndpoint.getHealth(HealthEndpoint.java:82)
	at org.springframework.boot.actuate.health.HealthEndpoint.getHealth(HealthEndpoint.java:41)
	at org.springframework.boot.actuate.health.HealthEndpointSupport.getLoggedHealth(HealthEndpointSupport.java:172)
	at org.springframework.boot.actuate.health.HealthEndpointSupport.getContribution(HealthEndpointSupport.java:145)
	at org.springframework.boot.actuate.health.HealthEndpointSupport.getAggregateContribution(HealthEndpointSupport.java:156)
	at org.springframework.boot.actuate.health.HealthEndpointSupport.getContribution(HealthEndpointSupport.java:141)
	at org.springframework.boot.actuate.health.HealthEndpointSupport.getHealth(HealthEndpointSupport.java:110)
	at org.springframework.boot.actuate.health.HealthEndpointSupport.getHealth(HealthEndpointSupport.java:81)
	at org.springframework.boot.actuate.health.HealthEndpoint.health(HealthEndpoint.java:76)
	at org.springframework.boot.actuate.health.HealthEndpoint.health(HealthEndpoint.java:66)
	at java.base/jdk.internal.reflect.NativeMethodAccessorImpl.invoke0(Native Method)
	at java.base/jdk.internal.reflect.NativeMethodAccessorImpl.invoke(NativeMethodAccessorImpl.java:77)
	at java.base/jdk.internal.reflect.DelegatingMethodAccessorImpl.invoke(DelegatingMethodAccessorImpl.java:43)
	at java.base/java.lang.reflect.Method.invoke(Method.java:568)
	at org.springframework.util.ReflectionUtils.invokeMethod(ReflectionUtils.java:281)
	at org.springframework.boot.actuate.endpoint.invoke.reflect.ReflectiveOperationInvoker.invoke(ReflectiveOperationInvoker.java:74)
	at org.springframework.boot.actuate.endpoint.annotation.AbstractDiscoveredOperation.invoke(AbstractDiscoveredOperation.java:60)
	at org.springframework.boot.actuate.endpoint.jmx.EndpointMBean.invoke(EndpointMBean.java:122)
	at org.springframework.boot.actuate.endpoint.jmx.EndpointMBean.invoke(EndpointMBean.java:97)
	at java.management/com.sun.jmx.interceptor.DefaultMBeanServerInterceptor.invoke(DefaultMBeanServerInterceptor.java:814)
	at java.management/com.sun.jmx.mbeanserver.JmxMBeanServer.invoke(JmxMBeanServer.java:802)
	at java.management.rmi/javax.management.remote.rmi.RMIConnectionImpl.doOperation(RMIConnectionImpl.java:1472)
	at java.management.rmi/javax.management.remote.rmi.RMIConnectionImpl$PrivilegedOperation.run(RMIConnectionImpl.java:1310)
	at java.management.rmi/javax.management.remote.rmi.RMIConnectionImpl.doPrivilegedOperation(RMIConnectionImpl.java:1405)
	at java.management.rmi/javax.management.remote.rmi.RMIConnectionImpl.invoke(RMIConnectionImpl.java:829)
	at java.base/jdk.internal.reflect.GeneratedMethodAccessor14.invoke(Unknown Source)
	at java.base/jdk.internal.reflect.DelegatingMethodAccessorImpl.invoke(DelegatingMethodAccessorImpl.java:43)
	at java.base/java.lang.reflect.Method.invoke(Method.java:568)
	at java.rmi/sun.rmi.server.UnicastServerRef.dispatch(UnicastServerRef.java:360)
	at java.rmi/sun.rmi.transport.Transport$1.run(Transport.java:200)
	at java.rmi/sun.rmi.transport.Transport$1.run(Transport.java:197)
	at java.base/java.security.AccessController.doPrivileged(AccessController.java:712)
	at java.rmi/sun.rmi.transport.Transport.serviceCall(Transport.java:196)
	at java.rmi/sun.rmi.transport.tcp.TCPTransport.handleMessages(TCPTransport.java:587)
	at java.rmi/sun.rmi.transport.tcp.TCPTransport$ConnectionHandler.run0(TCPTransport.java:828)
	at java.rmi/sun.rmi.transport.tcp.TCPTransport$ConnectionHandler.lambda$run$0(TCPTransport.java:705)
	at java.base/java.security.AccessController.doPrivileged(AccessController.java:399)
	at java.rmi/sun.rmi.transport.tcp.TCPTransport$ConnectionHandler.run(TCPTransport.java:704)
	at java.base/java.util.concurrent.ThreadPoolExecutor.runWorker(ThreadPoolExecutor.java:1136)
	at java.base/java.util.concurrent.ThreadPoolExecutor$Worker.run(ThreadPoolExecutor.java:635)
	at java.base/java.lang.Thread.run(Thread.java:842)
2024-11-27 11:36:29.128|WARN|RMI TCP Connection(8)-192.168.159.1|o.s.b.a.h.HealthEndpointSupport|line-181||Health contributor org.springframework.boot.actuate.mail.MailHealthIndicator (mail) took 30082ms to respond
2024-11-27 11:45:19.389|WARN|RMI TCP Connection(3)-192.168.159.1|o.s.b.a.m.MailHealthIndicator|line-94||Mail health check failed
jakarta.mail.MessagingException: Got bad greeting from SMTP host: smtp.qq.com, port: 465, response: [EOF]
	at com.sun.mail.smtp.SMTPTransport.openServer(SMTPTransport.java:2247)
	at com.sun.mail.smtp.SMTPTransport.protocolConnect(SMTPTransport.java:754)
	at jakarta.mail.Service.connect(Service.java:342)
	at org.springframework.mail.javamail.JavaMailSenderImpl.connectTransport(JavaMailSenderImpl.java:518)
	at org.springframework.mail.javamail.JavaMailSenderImpl.testConnection(JavaMailSenderImpl.java:398)
	at org.springframework.boot.actuate.mail.MailHealthIndicator.doHealthCheck(MailHealthIndicator.java:42)
	at org.springframework.boot.actuate.health.AbstractHealthIndicator.health(AbstractHealthIndicator.java:82)
	at org.springframework.boot.actuate.health.HealthIndicator.getHealth(HealthIndicator.java:37)
	at org.springframework.boot.actuate.health.HealthEndpoint.getHealth(HealthEndpoint.java:82)
	at org.springframework.boot.actuate.health.HealthEndpoint.getHealth(HealthEndpoint.java:41)
	at org.springframework.boot.actuate.health.HealthEndpointSupport.getLoggedHealth(HealthEndpointSupport.java:172)
	at org.springframework.boot.actuate.health.HealthEndpointSupport.getContribution(HealthEndpointSupport.java:145)
	at org.springframework.boot.actuate.health.HealthEndpointSupport.getAggregateContribution(HealthEndpointSupport.java:156)
	at org.springframework.boot.actuate.health.HealthEndpointSupport.getContribution(HealthEndpointSupport.java:141)
	at org.springframework.boot.actuate.health.HealthEndpointSupport.getHealth(HealthEndpointSupport.java:110)
	at org.springframework.boot.actuate.health.HealthEndpointSupport.getHealth(HealthEndpointSupport.java:81)
	at org.springframework.boot.actuate.health.HealthEndpoint.health(HealthEndpoint.java:76)
	at org.springframework.boot.actuate.health.HealthEndpoint.health(HealthEndpoint.java:66)
	at java.base/jdk.internal.reflect.NativeMethodAccessorImpl.invoke0(Native Method)
	at java.base/jdk.internal.reflect.NativeMethodAccessorImpl.invoke(NativeMethodAccessorImpl.java:77)
	at java.base/jdk.internal.reflect.DelegatingMethodAccessorImpl.invoke(DelegatingMethodAccessorImpl.java:43)
	at java.base/java.lang.reflect.Method.invoke(Method.java:568)
	at org.springframework.util.ReflectionUtils.invokeMethod(ReflectionUtils.java:281)
	at org.springframework.boot.actuate.endpoint.invoke.reflect.ReflectiveOperationInvoker.invoke(ReflectiveOperationInvoker.java:74)
	at org.springframework.boot.actuate.endpoint.annotation.AbstractDiscoveredOperation.invoke(AbstractDiscoveredOperation.java:60)
	at org.springframework.boot.actuate.endpoint.jmx.EndpointMBean.invoke(EndpointMBean.java:122)
	at org.springframework.boot.actuate.endpoint.jmx.EndpointMBean.invoke(EndpointMBean.java:97)
	at java.management/com.sun.jmx.interceptor.DefaultMBeanServerInterceptor.invoke(DefaultMBeanServerInterceptor.java:814)
	at java.management/com.sun.jmx.mbeanserver.JmxMBeanServer.invoke(JmxMBeanServer.java:802)
	at java.management.rmi/javax.management.remote.rmi.RMIConnectionImpl.doOperation(RMIConnectionImpl.java:1472)
	at java.management.rmi/javax.management.remote.rmi.RMIConnectionImpl$PrivilegedOperation.run(RMIConnectionImpl.java:1310)
	at java.management.rmi/javax.management.remote.rmi.RMIConnectionImpl.doPrivilegedOperation(RMIConnectionImpl.java:1405)
	at java.management.rmi/javax.management.remote.rmi.RMIConnectionImpl.invoke(RMIConnectionImpl.java:829)
	at java.base/jdk.internal.reflect.GeneratedMethodAccessor15.invoke(Unknown Source)
	at java.base/jdk.internal.reflect.DelegatingMethodAccessorImpl.invoke(DelegatingMethodAccessorImpl.java:43)
	at java.base/java.lang.reflect.Method.invoke(Method.java:568)
	at java.rmi/sun.rmi.server.UnicastServerRef.dispatch(UnicastServerRef.java:360)
	at java.rmi/sun.rmi.transport.Transport$1.run(Transport.java:200)
	at java.rmi/sun.rmi.transport.Transport$1.run(Transport.java:197)
	at java.base/java.security.AccessController.doPrivileged(AccessController.java:712)
	at java.rmi/sun.rmi.transport.Transport.serviceCall(Transport.java:196)
	at java.rmi/sun.rmi.transport.tcp.TCPTransport.handleMessages(TCPTransport.java:587)
	at java.rmi/sun.rmi.transport.tcp.TCPTransport$ConnectionHandler.run0(TCPTransport.java:828)
	at java.rmi/sun.rmi.transport.tcp.TCPTransport$ConnectionHandler.lambda$run$0(TCPTransport.java:705)
	at java.base/java.security.AccessController.doPrivileged(AccessController.java:399)
	at java.rmi/sun.rmi.transport.tcp.TCPTransport$ConnectionHandler.run(TCPTransport.java:704)
	at java.base/java.util.concurrent.ThreadPoolExecutor.runWorker(ThreadPoolExecutor.java:1136)
	at java.base/java.util.concurrent.ThreadPoolExecutor$Worker.run(ThreadPoolExecutor.java:635)
	at java.base/java.lang.Thread.run(Thread.java:842)
2024-11-27 11:45:19.389|WARN|RMI TCP Connection(3)-192.168.159.1|o.s.b.a.h.HealthEndpointSupport|line-181||Health contributor org.springframework.boot.actuate.mail.MailHealthIndicator (mail) took 30065ms to respond
2024-11-27 11:49:44.800|WARN|http-nio-8088-exec-6|w.f.o.a.c.MyFormController|line-129|traceId_1388020400282400|fieldOptions: [FieldOptionVo(id=1, templateFieldId=1, optionValue=年假, optionLabel=年假, oprionSort=1), FieldOptionVo(id=2, templateFieldId=1, optionValue=事假, optionLabel=事假, oprionSort=2), FieldOptionVo(id=3, templateFieldId=1, optionValue=病假, optionLabel=病假, oprionSort=3), FieldOptionVo(id=4, templateFieldId=1, optionValue=调休, optionLabel=调休, oprionSort=4), FieldOptionVo(id=5, templateFieldId=1, optionValue=产假, optionLabel=产假, oprionSort=5), FieldOptionVo(id=6, templateFieldId=1, optionValue=陪产假, optionLabel=陪产假, oprionSort=6), FieldOptionVo(id=7, templateFieldId=1, optionValue=婚假, optionLabel=婚假, oprionSort=7), FieldOptionVo(id=8, templateFieldId=1, optionValue=例假, optionLabel=例假, oprionSort=8), FieldOptionVo(id=9, templateFieldId=1, optionValue=丧假, optionLabel=丧假, oprionSort=9)]
2024-11-27 11:49:44.811|WARN|http-nio-8088-exec-6|w.f.o.a.c.MyFormController|line-129|traceId_1388020400282400|fieldOptions: [FieldOptionVo(id=10, templateFieldId=6, optionValue=多选项1, optionLabel=多选项1, oprionSort=1), FieldOptionVo(id=11, templateFieldId=6, optionValue=多选项2, optionLabel=多选项2, oprionSort=2), FieldOptionVo(id=12, templateFieldId=6, optionValue=多选项3, optionLabel=多选项3, oprionSort=3), FieldOptionVo(id=13, templateFieldId=6, optionValue=多选项4, optionLabel=多选项4, oprionSort=4), FieldOptionVo(id=14, templateFieldId=6, optionValue=多选项5, optionLabel=多选项5, oprionSort=5)]
2024-11-27 11:50:16.350|WARN|http-nio-8088-exec-9|w.f.o.a.c.MyFormController|line-129|traceId_1388051464720100|fieldOptions: [FieldOptionVo(id=1, templateFieldId=1, optionValue=年假, optionLabel=年假, oprionSort=1), FieldOptionVo(id=2, templateFieldId=1, optionValue=事假, optionLabel=事假, oprionSort=2), FieldOptionVo(id=3, templateFieldId=1, optionValue=病假, optionLabel=病假, oprionSort=3), FieldOptionVo(id=4, templateFieldId=1, optionValue=调休, optionLabel=调休, oprionSort=4), FieldOptionVo(id=5, templateFieldId=1, optionValue=产假, optionLabel=产假, oprionSort=5), FieldOptionVo(id=6, templateFieldId=1, optionValue=陪产假, optionLabel=陪产假, oprionSort=6), FieldOptionVo(id=7, templateFieldId=1, optionValue=婚假, optionLabel=婚假, oprionSort=7), FieldOptionVo(id=8, templateFieldId=1, optionValue=例假, optionLabel=例假, oprionSort=8), FieldOptionVo(id=9, templateFieldId=1, optionValue=丧假, optionLabel=丧假, oprionSort=9)]
2024-11-27 11:50:16.355|WARN|http-nio-8088-exec-9|w.f.o.a.c.MyFormController|line-129|traceId_1388051464720100|fieldOptions: [FieldOptionVo(id=10, templateFieldId=6, optionValue=多选项1, optionLabel=多选项1, oprionSort=1), FieldOptionVo(id=11, templateFieldId=6, optionValue=多选项2, optionLabel=多选项2, oprionSort=2), FieldOptionVo(id=12, templateFieldId=6, optionValue=多选项3, optionLabel=多选项3, oprionSort=3), FieldOptionVo(id=13, templateFieldId=6, optionValue=多选项4, optionLabel=多选项4, oprionSort=4), FieldOptionVo(id=14, templateFieldId=6, optionValue=多选项5, optionLabel=多选项5, oprionSort=5)]
2024-11-27 11:50:41.707|WARN|RMI TCP Connection(8)-192.168.159.1|o.s.b.a.m.MailHealthIndicator|line-94||Mail health check failed
jakarta.mail.MessagingException: Got bad greeting from SMTP host: smtp.qq.com, port: 465, response: [EOF]
	at com.sun.mail.smtp.SMTPTransport.openServer(SMTPTransport.java:2247)
	at com.sun.mail.smtp.SMTPTransport.protocolConnect(SMTPTransport.java:754)
	at jakarta.mail.Service.connect(Service.java:342)
	at org.springframework.mail.javamail.JavaMailSenderImpl.connectTransport(JavaMailSenderImpl.java:518)
	at org.springframework.mail.javamail.JavaMailSenderImpl.testConnection(JavaMailSenderImpl.java:398)
	at org.springframework.boot.actuate.mail.MailHealthIndicator.doHealthCheck(MailHealthIndicator.java:42)
	at org.springframework.boot.actuate.health.AbstractHealthIndicator.health(AbstractHealthIndicator.java:82)
	at org.springframework.boot.actuate.health.HealthIndicator.getHealth(HealthIndicator.java:37)
	at org.springframework.boot.actuate.health.HealthEndpoint.getHealth(HealthEndpoint.java:82)
	at org.springframework.boot.actuate.health.HealthEndpoint.getHealth(HealthEndpoint.java:41)
	at org.springframework.boot.actuate.health.HealthEndpointSupport.getLoggedHealth(HealthEndpointSupport.java:172)
	at org.springframework.boot.actuate.health.HealthEndpointSupport.getContribution(HealthEndpointSupport.java:145)
	at org.springframework.boot.actuate.health.HealthEndpointSupport.getAggregateContribution(HealthEndpointSupport.java:156)
	at org.springframework.boot.actuate.health.HealthEndpointSupport.getContribution(HealthEndpointSupport.java:141)
	at org.springframework.boot.actuate.health.HealthEndpointSupport.getHealth(HealthEndpointSupport.java:110)
	at org.springframework.boot.actuate.health.HealthEndpointSupport.getHealth(HealthEndpointSupport.java:81)
	at org.springframework.boot.actuate.health.HealthEndpoint.health(HealthEndpoint.java:76)
	at org.springframework.boot.actuate.health.HealthEndpoint.health(HealthEndpoint.java:66)
	at java.base/jdk.internal.reflect.NativeMethodAccessorImpl.invoke0(Native Method)
	at java.base/jdk.internal.reflect.NativeMethodAccessorImpl.invoke(NativeMethodAccessorImpl.java:77)
	at java.base/jdk.internal.reflect.DelegatingMethodAccessorImpl.invoke(DelegatingMethodAccessorImpl.java:43)
	at java.base/java.lang.reflect.Method.invoke(Method.java:568)
	at org.springframework.util.ReflectionUtils.invokeMethod(ReflectionUtils.java:281)
	at org.springframework.boot.actuate.endpoint.invoke.reflect.ReflectiveOperationInvoker.invoke(ReflectiveOperationInvoker.java:74)
	at org.springframework.boot.actuate.endpoint.annotation.AbstractDiscoveredOperation.invoke(AbstractDiscoveredOperation.java:60)
	at org.springframework.boot.actuate.endpoint.jmx.EndpointMBean.invoke(EndpointMBean.java:122)
	at org.springframework.boot.actuate.endpoint.jmx.EndpointMBean.invoke(EndpointMBean.java:97)
	at java.management/com.sun.jmx.interceptor.DefaultMBeanServerInterceptor.invoke(DefaultMBeanServerInterceptor.java:814)
	at java.management/com.sun.jmx.mbeanserver.JmxMBeanServer.invoke(JmxMBeanServer.java:802)
	at java.management.rmi/javax.management.remote.rmi.RMIConnectionImpl.doOperation(RMIConnectionImpl.java:1472)
	at java.management.rmi/javax.management.remote.rmi.RMIConnectionImpl$PrivilegedOperation.run(RMIConnectionImpl.java:1310)
	at java.management.rmi/javax.management.remote.rmi.RMIConnectionImpl.doPrivilegedOperation(RMIConnectionImpl.java:1405)
	at java.management.rmi/javax.management.remote.rmi.RMIConnectionImpl.invoke(RMIConnectionImpl.java:829)
	at java.base/jdk.internal.reflect.GeneratedMethodAccessor14.invoke(Unknown Source)
	at java.base/jdk.internal.reflect.DelegatingMethodAccessorImpl.invoke(DelegatingMethodAccessorImpl.java:43)
	at java.base/java.lang.reflect.Method.invoke(Method.java:568)
	at java.rmi/sun.rmi.server.UnicastServerRef.dispatch(UnicastServerRef.java:360)
	at java.rmi/sun.rmi.transport.Transport$1.run(Transport.java:200)
	at java.rmi/sun.rmi.transport.Transport$1.run(Transport.java:197)
	at java.base/java.security.AccessController.doPrivileged(AccessController.java:712)
	at java.rmi/sun.rmi.transport.Transport.serviceCall(Transport.java:196)
	at java.rmi/sun.rmi.transport.tcp.TCPTransport.handleMessages(TCPTransport.java:587)
	at java.rmi/sun.rmi.transport.tcp.TCPTransport$ConnectionHandler.run0(TCPTransport.java:828)
	at java.rmi/sun.rmi.transport.tcp.TCPTransport$ConnectionHandler.lambda$run$0(TCPTransport.java:705)
	at java.base/java.security.AccessController.doPrivileged(AccessController.java:399)
	at java.rmi/sun.rmi.transport.tcp.TCPTransport$ConnectionHandler.run(TCPTransport.java:704)
	at java.base/java.util.concurrent.ThreadPoolExecutor.runWorker(ThreadPoolExecutor.java:1136)
	at java.base/java.util.concurrent.ThreadPoolExecutor$Worker.run(ThreadPoolExecutor.java:635)
	at java.base/java.lang.Thread.run(Thread.java:842)
2024-11-27 11:50:41.707|WARN|RMI TCP Connection(8)-192.168.159.1|o.s.b.a.h.HealthEndpointSupport|line-181||Health contributor org.springframework.boot.actuate.mail.MailHealthIndicator (mail) took 30083ms to respond
2024-11-27 13:05:23.647|WARN|http-nio-8088-exec-3|w.f.o.a.c.MyFormController|line-129|traceId_1392559359719400|fieldOptions: [FieldOptionVo(id=1, templateFieldId=1, optionValue=年假, optionLabel=年假, oprionSort=1), FieldOptionVo(id=2, templateFieldId=1, optionValue=事假, optionLabel=事假, oprionSort=2), FieldOptionVo(id=3, templateFieldId=1, optionValue=病假, optionLabel=病假, oprionSort=3), FieldOptionVo(id=4, templateFieldId=1, optionValue=调休, optionLabel=调休, oprionSort=4), FieldOptionVo(id=5, templateFieldId=1, optionValue=产假, optionLabel=产假, oprionSort=5), FieldOptionVo(id=6, templateFieldId=1, optionValue=陪产假, optionLabel=陪产假, oprionSort=6), FieldOptionVo(id=7, templateFieldId=1, optionValue=婚假, optionLabel=婚假, oprionSort=7), FieldOptionVo(id=8, templateFieldId=1, optionValue=例假, optionLabel=例假, oprionSort=8), FieldOptionVo(id=9, templateFieldId=1, optionValue=丧假, optionLabel=丧假, oprionSort=9)]
2024-11-27 13:05:23.650|WARN|http-nio-8088-exec-3|w.f.o.a.c.MyFormController|line-129|traceId_1392559359719400|fieldOptions: [FieldOptionVo(id=10, templateFieldId=6, optionValue=多选项1, optionLabel=多选项1, oprionSort=1), FieldOptionVo(id=11, templateFieldId=6, optionValue=多选项2, optionLabel=多选项2, oprionSort=2), FieldOptionVo(id=12, templateFieldId=6, optionValue=多选项3, optionLabel=多选项3, oprionSort=3), FieldOptionVo(id=13, templateFieldId=6, optionValue=多选项4, optionLabel=多选项4, oprionSort=4), FieldOptionVo(id=14, templateFieldId=6, optionValue=多选项5, optionLabel=多选项5, oprionSort=5)]
2024-11-27 13:05:35.315|WARN|http-nio-8088-exec-7|w.f.o.a.c.MyFormController|line-129|traceId_1392571030687700|fieldOptions: [FieldOptionVo(id=1, templateFieldId=1, optionValue=年假, optionLabel=年假, oprionSort=1), FieldOptionVo(id=2, templateFieldId=1, optionValue=事假, optionLabel=事假, oprionSort=2), FieldOptionVo(id=3, templateFieldId=1, optionValue=病假, optionLabel=病假, oprionSort=3), FieldOptionVo(id=4, templateFieldId=1, optionValue=调休, optionLabel=调休, oprionSort=4), FieldOptionVo(id=5, templateFieldId=1, optionValue=产假, optionLabel=产假, oprionSort=5), FieldOptionVo(id=6, templateFieldId=1, optionValue=陪产假, optionLabel=陪产假, oprionSort=6), FieldOptionVo(id=7, templateFieldId=1, optionValue=婚假, optionLabel=婚假, oprionSort=7), FieldOptionVo(id=8, templateFieldId=1, optionValue=例假, optionLabel=例假, oprionSort=8), FieldOptionVo(id=9, templateFieldId=1, optionValue=丧假, optionLabel=丧假, oprionSort=9)]
2024-11-27 13:05:35.318|WARN|http-nio-8088-exec-7|w.f.o.a.c.MyFormController|line-129|traceId_1392571030687700|fieldOptions: [FieldOptionVo(id=10, templateFieldId=6, optionValue=多选项1, optionLabel=多选项1, oprionSort=1), FieldOptionVo(id=11, templateFieldId=6, optionValue=多选项2, optionLabel=多选项2, oprionSort=2), FieldOptionVo(id=12, templateFieldId=6, optionValue=多选项3, optionLabel=多选项3, oprionSort=3), FieldOptionVo(id=13, templateFieldId=6, optionValue=多选项4, optionLabel=多选项4, oprionSort=4), FieldOptionVo(id=14, templateFieldId=6, optionValue=多选项5, optionLabel=多选项5, oprionSort=5)]
2024-11-27 13:27:34.116|WARN|http-nio-8088-exec-2|w.f.o.a.c.MyFormController|line-151|traceId_1393889778780500|formFieldValues: [FormFieldValue(id=null, formId=27, fieldId=1, fieldValue=年假, createBy=8, createTime=Wed Nov 27 13:27:34 CST 2024, updateBy=8, updateTime=Wed Nov 27 13:27:34 CST 2024), FormFieldValue(id=null, formId=27, fieldId=2, fieldValue=2024-11-27 13:27:16, createBy=8, createTime=Wed Nov 27 13:27:34 CST 2024, updateBy=8, updateTime=Wed Nov 27 13:27:34 CST 2024), FormFieldValue(id=null, formId=27, fieldId=3, fieldValue=2024-11-30 00:00:00, createBy=8, createTime=Wed Nov 27 13:27:34 CST 2024, updateBy=8, updateTime=Wed Nov 27 13:27:34 CST 2024), FormFieldValue(id=null, formId=27, fieldId=4, fieldValue=null, createBy=8, createTime=Wed Nov 27 13:27:34 CST 2024, updateBy=8, updateTime=Wed Nov 27 13:27:34 CST 2024), FormFieldValue(id=null, formId=27, fieldId=5, fieldValue=请假事由, createBy=8, createTime=Wed Nov 27 13:27:34 CST 2024, updateBy=8, updateTime=Wed Nov 27 13:27:34 CST 2024), FormFieldValue(id=null, formId=27, fieldId=6, fieldValue=[多选项1, 多选项2, 多选项3, 多选项4, 多选项5], createBy=8, createTime=Wed Nov 27 13:27:34 CST 2024, updateBy=8, updateTime=Wed Nov 27 13:27:34 CST 2024), FormFieldValue(id=null, formId=27, fieldId=7, fieldValue=null, createBy=8, createTime=Wed Nov 27 13:27:34 CST 2024, updateBy=8, updateTime=Wed Nov 27 13:27:34 CST 2024), FormFieldValue(id=null, formId=27, fieldId=8, fieldValue=测试文本编辑, createBy=8, createTime=Wed Nov 27 13:27:34 CST 2024, updateBy=8, updateTime=Wed Nov 27 13:27:34 CST 2024)]
2024-11-27 13:48:33.069|WARN|http-nio-8088-exec-1|w.f.o.a.c.MyFormController|line-154|traceId_1395148273015300|formFieldValues: [FormFieldValue(id=null, formId=28, fieldId=1, fieldValue=年假, createBy=8, createTime=Wed Nov 27 13:48:33 CST 2024, updateBy=8, updateTime=Wed Nov 27 13:48:33 CST 2024), FormFieldValue(id=null, formId=28, fieldId=2, fieldValue=2024-11-27 13:48:18, createBy=8, createTime=Wed Nov 27 13:48:33 CST 2024, updateBy=8, updateTime=Wed Nov 27 13:48:33 CST 2024), FormFieldValue(id=null, formId=28, fieldId=3, fieldValue=2024-11-30 00:00:00, createBy=8, createTime=Wed Nov 27 13:48:33 CST 2024, updateBy=8, updateTime=Wed Nov 27 13:48:33 CST 2024), FormFieldValue(id=null, formId=28, fieldId=4, fieldValue=null, createBy=8, createTime=Wed Nov 27 13:48:33 CST 2024, updateBy=8, updateTime=Wed Nov 27 13:48:33 CST 2024), FormFieldValue(id=null, formId=28, fieldId=5, fieldValue=就要请假, createBy=8, createTime=Wed Nov 27 13:48:33 CST 2024, updateBy=8, updateTime=Wed Nov 27 13:48:33 CST 2024), FormFieldValue(id=null, formId=28, fieldId=6, fieldValue=[多选项1, 多选项2, 多选项3, 多选项4, 多选项5], createBy=8, createTime=Wed Nov 27 13:48:33 CST 2024, updateBy=8, updateTime=Wed Nov 27 13:48:33 CST 2024), FormFieldValue(id=null, formId=28, fieldId=7, fieldValue=null, createBy=8, createTime=Wed Nov 27 13:48:33 CST 2024, updateBy=8, updateTime=Wed Nov 27 13:48:33 CST 2024), FormFieldValue(id=null, formId=28, fieldId=8, fieldValue=好好好, createBy=8, createTime=Wed Nov 27 13:48:33 CST 2024, updateBy=8, updateTime=Wed Nov 27 13:48:33 CST 2024)]
2024-11-27 13:50:39.704|WARN|http-nio-8088-exec-1|w.f.o.a.c.MyFormController|line-154|traceId_1395274992958000|formFieldValues: [FormFieldValue(id=null, formId=29, fieldId=1, fieldValue=年假, createBy=8, createTime=Wed Nov 27 13:50:39 CST 2024, updateBy=8, updateTime=Wed Nov 27 13:50:39 CST 2024), FormFieldValue(id=null, formId=29, fieldId=2, fieldValue=2024-11-27 13:48:18, createBy=8, createTime=Wed Nov 27 13:50:39 CST 2024, updateBy=8, updateTime=Wed Nov 27 13:50:39 CST 2024), FormFieldValue(id=null, formId=29, fieldId=3, fieldValue=2024-11-30 00:00:00, createBy=8, createTime=Wed Nov 27 13:50:39 CST 2024, updateBy=8, updateTime=Wed Nov 27 13:50:39 CST 2024), FormFieldValue(id=null, formId=29, fieldId=4, fieldValue=null, createBy=8, createTime=Wed Nov 27 13:50:39 CST 2024, updateBy=8, updateTime=Wed Nov 27 13:50:39 CST 2024), FormFieldValue(id=null, formId=29, fieldId=5, fieldValue=就要请假, createBy=8, createTime=Wed Nov 27 13:50:39 CST 2024, updateBy=8, updateTime=Wed Nov 27 13:50:39 CST 2024), FormFieldValue(id=null, formId=29, fieldId=6, fieldValue=[多选项1, 多选项2, 多选项3, 多选项4, 多选项5], createBy=8, createTime=Wed Nov 27 13:50:39 CST 2024, updateBy=8, updateTime=Wed Nov 27 13:50:39 CST 2024), FormFieldValue(id=null, formId=29, fieldId=7, fieldValue=null, createBy=8, createTime=Wed Nov 27 13:50:39 CST 2024, updateBy=8, updateTime=Wed Nov 27 13:50:39 CST 2024), FormFieldValue(id=null, formId=29, fieldId=8, fieldValue=好好好, createBy=8, createTime=Wed Nov 27 13:50:39 CST 2024, updateBy=8, updateTime=Wed Nov 27 13:50:39 CST 2024)]
2024-11-27 13:51:05.886|WARN|RMI TCP Connection(11)-192.168.159.1|o.s.b.a.m.MailHealthIndicator|line-94||Mail health check failed
jakarta.mail.MessagingException: Got bad greeting from SMTP host: smtp.qq.com, port: 465, response: [EOF]
	at com.sun.mail.smtp.SMTPTransport.openServer(SMTPTransport.java:2247)
	at com.sun.mail.smtp.SMTPTransport.protocolConnect(SMTPTransport.java:754)
	at jakarta.mail.Service.connect(Service.java:342)
	at org.springframework.mail.javamail.JavaMailSenderImpl.connectTransport(JavaMailSenderImpl.java:518)
	at org.springframework.mail.javamail.JavaMailSenderImpl.testConnection(JavaMailSenderImpl.java:398)
	at org.springframework.boot.actuate.mail.MailHealthIndicator.doHealthCheck(MailHealthIndicator.java:42)
	at org.springframework.boot.actuate.health.AbstractHealthIndicator.health(AbstractHealthIndicator.java:82)
	at org.springframework.boot.actuate.health.HealthIndicator.getHealth(HealthIndicator.java:37)
	at org.springframework.boot.actuate.health.HealthEndpoint.getHealth(HealthEndpoint.java:82)
	at org.springframework.boot.actuate.health.HealthEndpoint.getHealth(HealthEndpoint.java:41)
	at org.springframework.boot.actuate.health.HealthEndpointSupport.getLoggedHealth(HealthEndpointSupport.java:172)
	at org.springframework.boot.actuate.health.HealthEndpointSupport.getContribution(HealthEndpointSupport.java:145)
	at org.springframework.boot.actuate.health.HealthEndpointSupport.getAggregateContribution(HealthEndpointSupport.java:156)
	at org.springframework.boot.actuate.health.HealthEndpointSupport.getContribution(HealthEndpointSupport.java:141)
	at org.springframework.boot.actuate.health.HealthEndpointSupport.getHealth(HealthEndpointSupport.java:110)
	at org.springframework.boot.actuate.health.HealthEndpointSupport.getHealth(HealthEndpointSupport.java:81)
	at org.springframework.boot.actuate.health.HealthEndpoint.health(HealthEndpoint.java:76)
	at org.springframework.boot.actuate.health.HealthEndpoint.health(HealthEndpoint.java:66)
	at java.base/jdk.internal.reflect.NativeMethodAccessorImpl.invoke0(Native Method)
	at java.base/jdk.internal.reflect.NativeMethodAccessorImpl.invoke(NativeMethodAccessorImpl.java:77)
	at java.base/jdk.internal.reflect.DelegatingMethodAccessorImpl.invoke(DelegatingMethodAccessorImpl.java:43)
	at java.base/java.lang.reflect.Method.invoke(Method.java:568)
	at org.springframework.util.ReflectionUtils.invokeMethod(ReflectionUtils.java:281)
	at org.springframework.boot.actuate.endpoint.invoke.reflect.ReflectiveOperationInvoker.invoke(ReflectiveOperationInvoker.java:74)
	at org.springframework.boot.actuate.endpoint.annotation.AbstractDiscoveredOperation.invoke(AbstractDiscoveredOperation.java:60)
	at org.springframework.boot.actuate.endpoint.jmx.EndpointMBean.invoke(EndpointMBean.java:122)
	at org.springframework.boot.actuate.endpoint.jmx.EndpointMBean.invoke(EndpointMBean.java:97)
	at java.management/com.sun.jmx.interceptor.DefaultMBeanServerInterceptor.invoke(DefaultMBeanServerInterceptor.java:814)
	at java.management/com.sun.jmx.mbeanserver.JmxMBeanServer.invoke(JmxMBeanServer.java:802)
	at java.management.rmi/javax.management.remote.rmi.RMIConnectionImpl.doOperation(RMIConnectionImpl.java:1472)
	at java.management.rmi/javax.management.remote.rmi.RMIConnectionImpl$PrivilegedOperation.run(RMIConnectionImpl.java:1310)
	at java.management.rmi/javax.management.remote.rmi.RMIConnectionImpl.doPrivilegedOperation(RMIConnectionImpl.java:1405)
	at java.management.rmi/javax.management.remote.rmi.RMIConnectionImpl.invoke(RMIConnectionImpl.java:829)
	at java.base/jdk.internal.reflect.GeneratedMethodAccessor13.invoke(Unknown Source)
	at java.base/jdk.internal.reflect.DelegatingMethodAccessorImpl.invoke(DelegatingMethodAccessorImpl.java:43)
	at java.base/java.lang.reflect.Method.invoke(Method.java:568)
	at java.rmi/sun.rmi.server.UnicastServerRef.dispatch(UnicastServerRef.java:360)
	at java.rmi/sun.rmi.transport.Transport$1.run(Transport.java:200)
	at java.rmi/sun.rmi.transport.Transport$1.run(Transport.java:197)
	at java.base/java.security.AccessController.doPrivileged(AccessController.java:712)
	at java.rmi/sun.rmi.transport.Transport.serviceCall(Transport.java:196)
	at java.rmi/sun.rmi.transport.tcp.TCPTransport.handleMessages(TCPTransport.java:587)
	at java.rmi/sun.rmi.transport.tcp.TCPTransport$ConnectionHandler.run0(TCPTransport.java:828)
	at java.rmi/sun.rmi.transport.tcp.TCPTransport$ConnectionHandler.lambda$run$0(TCPTransport.java:705)
	at java.base/java.security.AccessController.doPrivileged(AccessController.java:399)
	at java.rmi/sun.rmi.transport.tcp.TCPTransport$ConnectionHandler.run(TCPTransport.java:704)
	at java.base/java.util.concurrent.ThreadPoolExecutor.runWorker(ThreadPoolExecutor.java:1136)
	at java.base/java.util.concurrent.ThreadPoolExecutor$Worker.run(ThreadPoolExecutor.java:635)
	at java.base/java.lang.Thread.run(Thread.java:842)
2024-11-27 13:51:05.886|WARN|RMI TCP Connection(11)-192.168.159.1|o.s.b.a.h.HealthEndpointSupport|line-181||Health contributor org.springframework.boot.actuate.mail.MailHealthIndicator (mail) took 30086ms to respond
2024-11-27 13:54:26.657|WARN|RMI TCP Connection(5)-192.168.159.1|o.s.b.a.m.MailHealthIndicator|line-94||Mail health check failed
jakarta.mail.MessagingException: Got bad greeting from SMTP host: smtp.qq.com, port: 465, response: [EOF]
	at com.sun.mail.smtp.SMTPTransport.openServer(SMTPTransport.java:2247)
	at com.sun.mail.smtp.SMTPTransport.protocolConnect(SMTPTransport.java:754)
	at jakarta.mail.Service.connect(Service.java:342)
	at org.springframework.mail.javamail.JavaMailSenderImpl.connectTransport(JavaMailSenderImpl.java:518)
	at org.springframework.mail.javamail.JavaMailSenderImpl.testConnection(JavaMailSenderImpl.java:398)
	at org.springframework.boot.actuate.mail.MailHealthIndicator.doHealthCheck(MailHealthIndicator.java:42)
	at org.springframework.boot.actuate.health.AbstractHealthIndicator.health(AbstractHealthIndicator.java:82)
	at org.springframework.boot.actuate.health.HealthIndicator.getHealth(HealthIndicator.java:37)
	at org.springframework.boot.actuate.health.HealthEndpoint.getHealth(HealthEndpoint.java:82)
	at org.springframework.boot.actuate.health.HealthEndpoint.getHealth(HealthEndpoint.java:41)
	at org.springframework.boot.actuate.health.HealthEndpointSupport.getLoggedHealth(HealthEndpointSupport.java:172)
	at org.springframework.boot.actuate.health.HealthEndpointSupport.getContribution(HealthEndpointSupport.java:145)
	at org.springframework.boot.actuate.health.HealthEndpointSupport.getAggregateContribution(HealthEndpointSupport.java:156)
	at org.springframework.boot.actuate.health.HealthEndpointSupport.getContribution(HealthEndpointSupport.java:141)
	at org.springframework.boot.actuate.health.HealthEndpointSupport.getHealth(HealthEndpointSupport.java:110)
	at org.springframework.boot.actuate.health.HealthEndpointSupport.getHealth(HealthEndpointSupport.java:81)
	at org.springframework.boot.actuate.health.HealthEndpoint.health(HealthEndpoint.java:76)
	at org.springframework.boot.actuate.health.HealthEndpoint.health(HealthEndpoint.java:66)
	at java.base/jdk.internal.reflect.NativeMethodAccessorImpl.invoke0(Native Method)
	at java.base/jdk.internal.reflect.NativeMethodAccessorImpl.invoke(NativeMethodAccessorImpl.java:77)
	at java.base/jdk.internal.reflect.DelegatingMethodAccessorImpl.invoke(DelegatingMethodAccessorImpl.java:43)
	at java.base/java.lang.reflect.Method.invoke(Method.java:568)
	at org.springframework.util.ReflectionUtils.invokeMethod(ReflectionUtils.java:281)
	at org.springframework.boot.actuate.endpoint.invoke.reflect.ReflectiveOperationInvoker.invoke(ReflectiveOperationInvoker.java:74)
	at org.springframework.boot.actuate.endpoint.annotation.AbstractDiscoveredOperation.invoke(AbstractDiscoveredOperation.java:60)
	at org.springframework.boot.actuate.endpoint.jmx.EndpointMBean.invoke(EndpointMBean.java:122)
	at org.springframework.boot.actuate.endpoint.jmx.EndpointMBean.invoke(EndpointMBean.java:97)
	at java.management/com.sun.jmx.interceptor.DefaultMBeanServerInterceptor.invoke(DefaultMBeanServerInterceptor.java:814)
	at java.management/com.sun.jmx.mbeanserver.JmxMBeanServer.invoke(JmxMBeanServer.java:802)
	at java.management.rmi/javax.management.remote.rmi.RMIConnectionImpl.doOperation(RMIConnectionImpl.java:1472)
	at java.management.rmi/javax.management.remote.rmi.RMIConnectionImpl$PrivilegedOperation.run(RMIConnectionImpl.java:1310)
	at java.management.rmi/javax.management.remote.rmi.RMIConnectionImpl.doPrivilegedOperation(RMIConnectionImpl.java:1405)
	at java.management.rmi/javax.management.remote.rmi.RMIConnectionImpl.invoke(RMIConnectionImpl.java:829)
	at java.base/jdk.internal.reflect.GeneratedMethodAccessor14.invoke(Unknown Source)
	at java.base/jdk.internal.reflect.DelegatingMethodAccessorImpl.invoke(DelegatingMethodAccessorImpl.java:43)
	at java.base/java.lang.reflect.Method.invoke(Method.java:568)
	at java.rmi/sun.rmi.server.UnicastServerRef.dispatch(UnicastServerRef.java:360)
	at java.rmi/sun.rmi.transport.Transport$1.run(Transport.java:200)
	at java.rmi/sun.rmi.transport.Transport$1.run(Transport.java:197)
	at java.base/java.security.AccessController.doPrivileged(AccessController.java:712)
	at java.rmi/sun.rmi.transport.Transport.serviceCall(Transport.java:196)
	at java.rmi/sun.rmi.transport.tcp.TCPTransport.handleMessages(TCPTransport.java:587)
	at java.rmi/sun.rmi.transport.tcp.TCPTransport$ConnectionHandler.run0(TCPTransport.java:828)
	at java.rmi/sun.rmi.transport.tcp.TCPTransport$ConnectionHandler.lambda$run$0(TCPTransport.java:705)
	at java.base/java.security.AccessController.doPrivileged(AccessController.java:399)
	at java.rmi/sun.rmi.transport.tcp.TCPTransport$ConnectionHandler.run(TCPTransport.java:704)
	at java.base/java.util.concurrent.ThreadPoolExecutor.runWorker(ThreadPoolExecutor.java:1136)
	at java.base/java.util.concurrent.ThreadPoolExecutor$Worker.run(ThreadPoolExecutor.java:635)
	at java.base/java.lang.Thread.run(Thread.java:842)
2024-11-27 13:54:26.657|WARN|RMI TCP Connection(5)-192.168.159.1|o.s.b.a.h.HealthEndpointSupport|line-181||Health contributor org.springframework.boot.actuate.mail.MailHealthIndicator (mail) took 30056ms to respond
2024-11-27 13:54:34.761|WARN|http-nio-8088-exec-1|w.f.o.a.c.MyFormController|line-154|traceId_1395510274547500|formFieldValues: [FormFieldValue(id=null, formId=30, fieldId=1, fieldValue=年假, createBy=8, createTime=Wed Nov 27 13:54:34 CST 2024, updateBy=8, updateTime=Wed Nov 27 13:54:34 CST 2024), FormFieldValue(id=null, formId=30, fieldId=2, fieldValue=2024-11-27 13:48:18, createBy=8, createTime=Wed Nov 27 13:54:34 CST 2024, updateBy=8, updateTime=Wed Nov 27 13:54:34 CST 2024), FormFieldValue(id=null, formId=30, fieldId=3, fieldValue=2024-11-30 00:00:00, createBy=8, createTime=Wed Nov 27 13:54:34 CST 2024, updateBy=8, updateTime=Wed Nov 27 13:54:34 CST 2024), FormFieldValue(id=null, formId=30, fieldId=4, fieldValue=null, createBy=8, createTime=Wed Nov 27 13:54:34 CST 2024, updateBy=8, updateTime=Wed Nov 27 13:54:34 CST 2024), FormFieldValue(id=null, formId=30, fieldId=5, fieldValue=就要请假, createBy=8, createTime=Wed Nov 27 13:54:34 CST 2024, updateBy=8, updateTime=Wed Nov 27 13:54:34 CST 2024), FormFieldValue(id=null, formId=30, fieldId=6, fieldValue=[多选项1, 多选项2, 多选项3, 多选项4, 多选项5], createBy=8, createTime=Wed Nov 27 13:54:34 CST 2024, updateBy=8, updateTime=Wed Nov 27 13:54:34 CST 2024), FormFieldValue(id=null, formId=30, fieldId=7, fieldValue=null, createBy=8, createTime=Wed Nov 27 13:54:34 CST 2024, updateBy=8, updateTime=Wed Nov 27 13:54:34 CST 2024), FormFieldValue(id=null, formId=30, fieldId=8, fieldValue=哈哈哈哈, createBy=8, createTime=Wed Nov 27 13:54:34 CST 2024, updateBy=8, updateTime=Wed Nov 27 13:54:34 CST 2024)]
2024-11-27 14:14:26.154|WARN|RMI TCP Connection(2)-192.168.159.1|o.s.b.a.m.MailHealthIndicator|line-94||Mail health check failed
jakarta.mail.MessagingException: Got bad greeting from SMTP host: smtp.qq.com, port: 465, response: [EOF]
	at com.sun.mail.smtp.SMTPTransport.openServer(SMTPTransport.java:2247)
	at com.sun.mail.smtp.SMTPTransport.protocolConnect(SMTPTransport.java:754)
	at jakarta.mail.Service.connect(Service.java:342)
	at org.springframework.mail.javamail.JavaMailSenderImpl.connectTransport(JavaMailSenderImpl.java:518)
	at org.springframework.mail.javamail.JavaMailSenderImpl.testConnection(JavaMailSenderImpl.java:398)
	at org.springframework.boot.actuate.mail.MailHealthIndicator.doHealthCheck(MailHealthIndicator.java:42)
	at org.springframework.boot.actuate.health.AbstractHealthIndicator.health(AbstractHealthIndicator.java:82)
	at org.springframework.boot.actuate.health.HealthIndicator.getHealth(HealthIndicator.java:37)
	at org.springframework.boot.actuate.health.HealthEndpoint.getHealth(HealthEndpoint.java:82)
	at org.springframework.boot.actuate.health.HealthEndpoint.getHealth(HealthEndpoint.java:41)
	at org.springframework.boot.actuate.health.HealthEndpointSupport.getLoggedHealth(HealthEndpointSupport.java:172)
	at org.springframework.boot.actuate.health.HealthEndpointSupport.getContribution(HealthEndpointSupport.java:145)
	at org.springframework.boot.actuate.health.HealthEndpointSupport.getAggregateContribution(HealthEndpointSupport.java:156)
	at org.springframework.boot.actuate.health.HealthEndpointSupport.getContribution(HealthEndpointSupport.java:141)
	at org.springframework.boot.actuate.health.HealthEndpointSupport.getHealth(HealthEndpointSupport.java:110)
	at org.springframework.boot.actuate.health.HealthEndpointSupport.getHealth(HealthEndpointSupport.java:81)
	at org.springframework.boot.actuate.health.HealthEndpoint.health(HealthEndpoint.java:76)
	at org.springframework.boot.actuate.health.HealthEndpoint.health(HealthEndpoint.java:66)
	at java.base/jdk.internal.reflect.NativeMethodAccessorImpl.invoke0(Native Method)
	at java.base/jdk.internal.reflect.NativeMethodAccessorImpl.invoke(NativeMethodAccessorImpl.java:77)
	at java.base/jdk.internal.reflect.DelegatingMethodAccessorImpl.invoke(DelegatingMethodAccessorImpl.java:43)
	at java.base/java.lang.reflect.Method.invoke(Method.java:568)
	at org.springframework.util.ReflectionUtils.invokeMethod(ReflectionUtils.java:281)
	at org.springframework.boot.actuate.endpoint.invoke.reflect.ReflectiveOperationInvoker.invoke(ReflectiveOperationInvoker.java:74)
	at org.springframework.boot.actuate.endpoint.annotation.AbstractDiscoveredOperation.invoke(AbstractDiscoveredOperation.java:60)
	at org.springframework.boot.actuate.endpoint.jmx.EndpointMBean.invoke(EndpointMBean.java:122)
	at org.springframework.boot.actuate.endpoint.jmx.EndpointMBean.invoke(EndpointMBean.java:97)
	at java.management/com.sun.jmx.interceptor.DefaultMBeanServerInterceptor.invoke(DefaultMBeanServerInterceptor.java:814)
	at java.management/com.sun.jmx.mbeanserver.JmxMBeanServer.invoke(JmxMBeanServer.java:802)
	at java.management.rmi/javax.management.remote.rmi.RMIConnectionImpl.doOperation(RMIConnectionImpl.java:1472)
	at java.management.rmi/javax.management.remote.rmi.RMIConnectionImpl$PrivilegedOperation.run(RMIConnectionImpl.java:1310)
	at java.management.rmi/javax.management.remote.rmi.RMIConnectionImpl.doPrivilegedOperation(RMIConnectionImpl.java:1405)
	at java.management.rmi/javax.management.remote.rmi.RMIConnectionImpl.invoke(RMIConnectionImpl.java:829)
	at java.base/jdk.internal.reflect.GeneratedMethodAccessor14.invoke(Unknown Source)
	at java.base/jdk.internal.reflect.DelegatingMethodAccessorImpl.invoke(DelegatingMethodAccessorImpl.java:43)
	at java.base/java.lang.reflect.Method.invoke(Method.java:568)
	at java.rmi/sun.rmi.server.UnicastServerRef.dispatch(UnicastServerRef.java:360)
	at java.rmi/sun.rmi.transport.Transport$1.run(Transport.java:200)
	at java.rmi/sun.rmi.transport.Transport$1.run(Transport.java:197)
	at java.base/java.security.AccessController.doPrivileged(AccessController.java:712)
	at java.rmi/sun.rmi.transport.Transport.serviceCall(Transport.java:196)
	at java.rmi/sun.rmi.transport.tcp.TCPTransport.handleMessages(TCPTransport.java:587)
	at java.rmi/sun.rmi.transport.tcp.TCPTransport$ConnectionHandler.run0(TCPTransport.java:828)
	at java.rmi/sun.rmi.transport.tcp.TCPTransport$ConnectionHandler.lambda$run$0(TCPTransport.java:705)
	at java.base/java.security.AccessController.doPrivileged(AccessController.java:399)
	at java.rmi/sun.rmi.transport.tcp.TCPTransport$ConnectionHandler.run(TCPTransport.java:704)
	at java.base/java.util.concurrent.ThreadPoolExecutor.runWorker(ThreadPoolExecutor.java:1136)
	at java.base/java.util.concurrent.ThreadPoolExecutor$Worker.run(ThreadPoolExecutor.java:635)
	at java.base/java.lang.Thread.run(Thread.java:842)
2024-11-27 14:14:26.158|WARN|RMI TCP Connection(2)-192.168.159.1|o.s.b.a.h.HealthEndpointSupport|line-181||Health contributor org.springframework.boot.actuate.mail.MailHealthIndicator (mail) took 30108ms to respond
2024-11-27 14:14:51.916|WARN|http-nio-8088-exec-1|w.f.o.a.c.MyFormController|line-154|traceId_1396727356522500|formFieldValues: [FormFieldValue(id=null, formId=31, fieldId=1, fieldValue=年假, createBy=8, createTime=Wed Nov 27 14:14:51 CST 2024, updateBy=8, updateTime=Wed Nov 27 14:14:51 CST 2024), FormFieldValue(id=null, formId=31, fieldId=2, fieldValue=2024-11-27 00:00:00, createBy=8, createTime=Wed Nov 27 14:14:51 CST 2024, updateBy=8, updateTime=Wed Nov 27 14:14:51 CST 2024), FormFieldValue(id=null, formId=31, fieldId=3, fieldValue=2024-11-29 00:00:00, createBy=8, createTime=Wed Nov 27 14:14:51 CST 2024, updateBy=8, updateTime=Wed Nov 27 14:14:51 CST 2024), FormFieldValue(id=null, formId=31, fieldId=4, fieldValue=null, createBy=8, createTime=Wed Nov 27 14:14:51 CST 2024, updateBy=8, updateTime=Wed Nov 27 14:14:51 CST 2024), FormFieldValue(id=null, formId=31, fieldId=5, fieldValue=111111, createBy=8, createTime=Wed Nov 27 14:14:51 CST 2024, updateBy=8, updateTime=Wed Nov 27 14:14:51 CST 2024), FormFieldValue(id=null, formId=31, fieldId=6, fieldValue=[多选项5, 多选项4, 多选项3, 多选项2, 多选项1], createBy=8, createTime=Wed Nov 27 14:14:51 CST 2024, updateBy=8, updateTime=Wed Nov 27 14:14:51 CST 2024), FormFieldValue(id=null, formId=31, fieldId=7, fieldValue=null, createBy=8, createTime=Wed Nov 27 14:14:51 CST 2024, updateBy=8, updateTime=Wed Nov 27 14:14:51 CST 2024), FormFieldValue(id=null, formId=31, fieldId=8, fieldValue=12123143123134, createBy=8, createTime=Wed Nov 27 14:14:51 CST 2024, updateBy=8, updateTime=Wed Nov 27 14:14:51 CST 2024)]
2024-11-27 14:22:43.314|WARN|http-nio-8088-exec-2|w.f.o.a.c.MyFormController|line-154|traceId_1397199032307100|formFieldValues: [FormFieldValue(id=null, formId=32, fieldId=1, fieldValue=事假, createBy=8, createTime=Wed Nov 27 14:22:43 CST 2024, updateBy=8, updateTime=Wed Nov 27 14:22:43 CST 2024), FormFieldValue(id=null, formId=32, fieldId=2, fieldValue=2024-11-27 14:21:21, createBy=8, createTime=Wed Nov 27 14:22:43 CST 2024, updateBy=8, updateTime=Wed Nov 27 14:22:43 CST 2024), FormFieldValue(id=null, formId=32, fieldId=3, fieldValue=2024-11-27 14:21:22, createBy=8, createTime=Wed Nov 27 14:22:43 CST 2024, updateBy=8, updateTime=Wed Nov 27 14:22:43 CST 2024), FormFieldValue(id=null, formId=32, fieldId=4, fieldValue=null, createBy=8, createTime=Wed Nov 27 14:22:43 CST 2024, updateBy=8, updateTime=Wed Nov 27 14:22:43 CST 2024), FormFieldValue(id=null, formId=32, fieldId=5, fieldValue=null, createBy=8, createTime=Wed Nov 27 14:22:43 CST 2024, updateBy=8, updateTime=Wed Nov 27 14:22:43 CST 2024), FormFieldValue(id=null, formId=32, fieldId=6, fieldValue=[多选项1, 多选项2, 多选项3, 多选项4, 多选项5], createBy=8, createTime=Wed Nov 27 14:22:43 CST 2024, updateBy=8, updateTime=Wed Nov 27 14:22:43 CST 2024), FormFieldValue(id=null, formId=32, fieldId=7, fieldValue=null, createBy=8, createTime=Wed Nov 27 14:22:43 CST 2024, updateBy=8, updateTime=Wed Nov 27 14:22:43 CST 2024), FormFieldValue(id=null, formId=32, fieldId=8, fieldValue=阿瓦达瓦萨我的, createBy=8, createTime=Wed Nov 27 14:22:43 CST 2024, updateBy=8, updateTime=Wed Nov 27 14:22:43 CST 2024)]
2024-11-27 14:35:20.579|WARN|http-nio-8088-exec-3|w.f.o.a.c.MyFormController|line-154|traceId_1397956298503100|formFieldValues: [FormFieldValue(id=null, formId=33, fieldId=1, fieldValue=事假, createBy=8, createTime=Wed Nov 27 14:35:20 CST 2024, updateBy=8, updateTime=Wed Nov 27 14:35:20 CST 2024), FormFieldValue(id=null, formId=33, fieldId=2, fieldValue=2024-11-27 14:35:10, createBy=8, createTime=Wed Nov 27 14:35:20 CST 2024, updateBy=8, updateTime=Wed Nov 27 14:35:20 CST 2024), FormFieldValue(id=null, formId=33, fieldId=3, fieldValue=2024-11-30 00:00:00, createBy=8, createTime=Wed Nov 27 14:35:20 CST 2024, updateBy=8, updateTime=Wed Nov 27 14:35:20 CST 2024), FormFieldValue(id=null, formId=33, fieldId=4, fieldValue=null, createBy=8, createTime=Wed Nov 27 14:35:20 CST 2024, updateBy=8, updateTime=Wed Nov 27 14:35:20 CST 2024), FormFieldValue(id=null, formId=33, fieldId=5, fieldValue=222222222222, createBy=8, createTime=Wed Nov 27 14:35:20 CST 2024, updateBy=8, updateTime=Wed Nov 27 14:35:20 CST 2024), FormFieldValue(id=null, formId=33, fieldId=6, fieldValue=[多选项2, 多选项4], createBy=8, createTime=Wed Nov 27 14:35:20 CST 2024, updateBy=8, updateTime=Wed Nov 27 14:35:20 CST 2024), FormFieldValue(id=null, formId=33, fieldId=7, fieldValue=null, createBy=8, createTime=Wed Nov 27 14:35:20 CST 2024, updateBy=8, updateTime=Wed Nov 27 14:35:20 CST 2024), FormFieldValue(id=null, formId=33, fieldId=8, fieldValue=222222222222, createBy=8, createTime=Wed Nov 27 14:35:20 CST 2024, updateBy=8, updateTime=Wed Nov 27 14:35:20 CST 2024)]
2024-11-27 14:37:12.644|WARN|RMI TCP Connection(3)-192.168.159.1|o.s.b.a.m.MailHealthIndicator|line-94||Mail health check failed
jakarta.mail.MessagingException: Got bad greeting from SMTP host: smtp.qq.com, port: 465, response: [EOF]
	at com.sun.mail.smtp.SMTPTransport.openServer(SMTPTransport.java:2247)
	at com.sun.mail.smtp.SMTPTransport.protocolConnect(SMTPTransport.java:754)
	at jakarta.mail.Service.connect(Service.java:342)
	at org.springframework.mail.javamail.JavaMailSenderImpl.connectTransport(JavaMailSenderImpl.java:518)
	at org.springframework.mail.javamail.JavaMailSenderImpl.testConnection(JavaMailSenderImpl.java:398)
	at org.springframework.boot.actuate.mail.MailHealthIndicator.doHealthCheck(MailHealthIndicator.java:42)
	at org.springframework.boot.actuate.health.AbstractHealthIndicator.health(AbstractHealthIndicator.java:82)
	at org.springframework.boot.actuate.health.HealthIndicator.getHealth(HealthIndicator.java:37)
	at org.springframework.boot.actuate.health.HealthEndpoint.getHealth(HealthEndpoint.java:82)
	at org.springframework.boot.actuate.health.HealthEndpoint.getHealth(HealthEndpoint.java:41)
	at org.springframework.boot.actuate.health.HealthEndpointSupport.getLoggedHealth(HealthEndpointSupport.java:172)
	at org.springframework.boot.actuate.health.HealthEndpointSupport.getContribution(HealthEndpointSupport.java:145)
	at org.springframework.boot.actuate.health.HealthEndpointSupport.getAggregateContribution(HealthEndpointSupport.java:156)
	at org.springframework.boot.actuate.health.HealthEndpointSupport.getContribution(HealthEndpointSupport.java:141)
	at org.springframework.boot.actuate.health.HealthEndpointSupport.getHealth(HealthEndpointSupport.java:110)
	at org.springframework.boot.actuate.health.HealthEndpointSupport.getHealth(HealthEndpointSupport.java:81)
	at org.springframework.boot.actuate.health.HealthEndpoint.health(HealthEndpoint.java:76)
	at org.springframework.boot.actuate.health.HealthEndpoint.health(HealthEndpoint.java:66)
	at java.base/jdk.internal.reflect.NativeMethodAccessorImpl.invoke0(Native Method)
	at java.base/jdk.internal.reflect.NativeMethodAccessorImpl.invoke(NativeMethodAccessorImpl.java:77)
	at java.base/jdk.internal.reflect.DelegatingMethodAccessorImpl.invoke(DelegatingMethodAccessorImpl.java:43)
	at java.base/java.lang.reflect.Method.invoke(Method.java:568)
	at org.springframework.util.ReflectionUtils.invokeMethod(ReflectionUtils.java:281)
	at org.springframework.boot.actuate.endpoint.invoke.reflect.ReflectiveOperationInvoker.invoke(ReflectiveOperationInvoker.java:74)
	at org.springframework.boot.actuate.endpoint.annotation.AbstractDiscoveredOperation.invoke(AbstractDiscoveredOperation.java:60)
	at org.springframework.boot.actuate.endpoint.jmx.EndpointMBean.invoke(EndpointMBean.java:122)
	at org.springframework.boot.actuate.endpoint.jmx.EndpointMBean.invoke(EndpointMBean.java:97)
	at java.management/com.sun.jmx.interceptor.DefaultMBeanServerInterceptor.invoke(DefaultMBeanServerInterceptor.java:814)
	at java.management/com.sun.jmx.mbeanserver.JmxMBeanServer.invoke(JmxMBeanServer.java:802)
	at java.management.rmi/javax.management.remote.rmi.RMIConnectionImpl.doOperation(RMIConnectionImpl.java:1472)
	at java.management.rmi/javax.management.remote.rmi.RMIConnectionImpl$PrivilegedOperation.run(RMIConnectionImpl.java:1310)
	at java.management.rmi/javax.management.remote.rmi.RMIConnectionImpl.doPrivilegedOperation(RMIConnectionImpl.java:1405)
	at java.management.rmi/javax.management.remote.rmi.RMIConnectionImpl.invoke(RMIConnectionImpl.java:829)
	at java.base/jdk.internal.reflect.GeneratedMethodAccessor15.invoke(Unknown Source)
	at java.base/jdk.internal.reflect.DelegatingMethodAccessorImpl.invoke(DelegatingMethodAccessorImpl.java:43)
	at java.base/java.lang.reflect.Method.invoke(Method.java:568)
	at java.rmi/sun.rmi.server.UnicastServerRef.dispatch(UnicastServerRef.java:360)
	at java.rmi/sun.rmi.transport.Transport$1.run(Transport.java:200)
	at java.rmi/sun.rmi.transport.Transport$1.run(Transport.java:197)
	at java.base/java.security.AccessController.doPrivileged(AccessController.java:712)
	at java.rmi/sun.rmi.transport.Transport.serviceCall(Transport.java:196)
	at java.rmi/sun.rmi.transport.tcp.TCPTransport.handleMessages(TCPTransport.java:587)
	at java.rmi/sun.rmi.transport.tcp.TCPTransport$ConnectionHandler.run0(TCPTransport.java:828)
	at java.rmi/sun.rmi.transport.tcp.TCPTransport$ConnectionHandler.lambda$run$0(TCPTransport.java:705)
	at java.base/java.security.AccessController.doPrivileged(AccessController.java:399)
	at java.rmi/sun.rmi.transport.tcp.TCPTransport$ConnectionHandler.run(TCPTransport.java:704)
	at java.base/java.util.concurrent.ThreadPoolExecutor.runWorker(ThreadPoolExecutor.java:1136)
	at java.base/java.util.concurrent.ThreadPoolExecutor$Worker.run(ThreadPoolExecutor.java:635)
	at java.base/java.lang.Thread.run(Thread.java:842)
2024-11-27 14:37:12.646|WARN|RMI TCP Connection(3)-192.168.159.1|o.s.b.a.h.HealthEndpointSupport|line-181||Health contributor org.springframework.boot.actuate.mail.MailHealthIndicator (mail) took 30102ms to respond
2024-11-27 14:37:14.504|WARN|http-nio-8088-exec-1|w.f.o.a.c.MyFormController|line-154|traceId_1398070048543900|formFieldValues: [FormFieldValue(id=null, formId=34, fieldId=1, fieldValue=病假, createBy=8, createTime=Wed Nov 27 14:37:14 CST 2024, updateBy=8, updateTime=Wed Nov 27 14:37:14 CST 2024), FormFieldValue(id=null, formId=34, fieldId=2, fieldValue=2024-11-27 14:37:05, createBy=8, createTime=Wed Nov 27 14:37:14 CST 2024, updateBy=8, updateTime=Wed Nov 27 14:37:14 CST 2024), FormFieldValue(id=null, formId=34, fieldId=3, fieldValue=2024-11-29 00:00:00, createBy=8, createTime=Wed Nov 27 14:37:14 CST 2024, updateBy=8, updateTime=Wed Nov 27 14:37:14 CST 2024), FormFieldValue(id=null, formId=34, fieldId=4, fieldValue=null, createBy=8, createTime=Wed Nov 27 14:37:14 CST 2024, updateBy=8, updateTime=Wed Nov 27 14:37:14 CST 2024), FormFieldValue(id=null, formId=34, fieldId=5, fieldValue=3333333333, createBy=8, createTime=Wed Nov 27 14:37:14 CST 2024, updateBy=8, updateTime=Wed Nov 27 14:37:14 CST 2024), FormFieldValue(id=null, formId=34, fieldId=6, fieldValue=[多选项3, 多选项1, 多选项5], createBy=8, createTime=Wed Nov 27 14:37:14 CST 2024, updateBy=8, updateTime=Wed Nov 27 14:37:14 CST 2024), FormFieldValue(id=null, formId=34, fieldId=7, fieldValue=null, createBy=8, createTime=Wed Nov 27 14:37:14 CST 2024, updateBy=8, updateTime=Wed Nov 27 14:37:14 CST 2024), FormFieldValue(id=null, formId=34, fieldId=8, fieldValue=333333333333, createBy=8, createTime=Wed Nov 27 14:37:14 CST 2024, updateBy=8, updateTime=Wed Nov 27 14:37:14 CST 2024)]
2024-11-27 16:15:12.562|WARN|http-nio-8088-exec-2|w.f.o.a.c.MyFormController|line-154|traceId_1403948276978800|formFieldValues: [FormFieldValue(id=null, formId=35, fieldId=1, fieldValue=年假, createBy=8, createTime=Wed Nov 27 16:15:12 CST 2024, updateBy=8, updateTime=Wed Nov 27 16:15:12 CST 2024), FormFieldValue(id=null, formId=35, fieldId=2, fieldValue=2024-11-27 16:15:00, createBy=8, createTime=Wed Nov 27 16:15:12 CST 2024, updateBy=8, updateTime=Wed Nov 27 16:15:12 CST 2024), FormFieldValue(id=null, formId=35, fieldId=3, fieldValue=2024-11-30 00:00:00, createBy=8, createTime=Wed Nov 27 16:15:12 CST 2024, updateBy=8, updateTime=Wed Nov 27 16:15:12 CST 2024), FormFieldValue(id=null, formId=35, fieldId=4, fieldValue=null, createBy=8, createTime=Wed Nov 27 16:15:12 CST 2024, updateBy=8, updateTime=Wed Nov 27 16:15:12 CST 2024), FormFieldValue(id=null, formId=35, fieldId=5, fieldValue=555555, createBy=8, createTime=Wed Nov 27 16:15:12 CST 2024, updateBy=8, updateTime=Wed Nov 27 16:15:12 CST 2024), FormFieldValue(id=null, formId=35, fieldId=6, fieldValue=[多选项1, 多选项2, 多选项3, 多选项4, 多选项5], createBy=8, createTime=Wed Nov 27 16:15:12 CST 2024, updateBy=8, updateTime=Wed Nov 27 16:15:12 CST 2024), FormFieldValue(id=null, formId=35, fieldId=7, fieldValue=null, createBy=8, createTime=Wed Nov 27 16:15:12 CST 2024, updateBy=8, updateTime=Wed Nov 27 16:15:12 CST 2024), FormFieldValue(id=null, formId=35, fieldId=8, fieldValue=1241423412341, createBy=8, createTime=Wed Nov 27 16:15:12 CST 2024, updateBy=8, updateTime=Wed Nov 27 16:15:12 CST 2024)]
2024-11-27 16:19:23.842|WARN|RMI TCP Connection(12)-192.168.159.1|o.s.b.a.m.MailHealthIndicator|line-94||Mail health check failed
jakarta.mail.MessagingException: Got bad greeting from SMTP host: smtp.qq.com, port: 465, response: [EOF]
	at com.sun.mail.smtp.SMTPTransport.openServer(SMTPTransport.java:2247)
	at com.sun.mail.smtp.SMTPTransport.protocolConnect(SMTPTransport.java:754)
	at jakarta.mail.Service.connect(Service.java:342)
	at org.springframework.mail.javamail.JavaMailSenderImpl.connectTransport(JavaMailSenderImpl.java:518)
	at org.springframework.mail.javamail.JavaMailSenderImpl.testConnection(JavaMailSenderImpl.java:398)
	at org.springframework.boot.actuate.mail.MailHealthIndicator.doHealthCheck(MailHealthIndicator.java:42)
	at org.springframework.boot.actuate.health.AbstractHealthIndicator.health(AbstractHealthIndicator.java:82)
	at org.springframework.boot.actuate.health.HealthIndicator.getHealth(HealthIndicator.java:37)
	at org.springframework.boot.actuate.health.HealthEndpoint.getHealth(HealthEndpoint.java:82)
	at org.springframework.boot.actuate.health.HealthEndpoint.getHealth(HealthEndpoint.java:41)
	at org.springframework.boot.actuate.health.HealthEndpointSupport.getLoggedHealth(HealthEndpointSupport.java:172)
	at org.springframework.boot.actuate.health.HealthEndpointSupport.getContribution(HealthEndpointSupport.java:145)
	at org.springframework.boot.actuate.health.HealthEndpointSupport.getAggregateContribution(HealthEndpointSupport.java:156)
	at org.springframework.boot.actuate.health.HealthEndpointSupport.getContribution(HealthEndpointSupport.java:141)
	at org.springframework.boot.actuate.health.HealthEndpointSupport.getHealth(HealthEndpointSupport.java:110)
	at org.springframework.boot.actuate.health.HealthEndpointSupport.getHealth(HealthEndpointSupport.java:81)
	at org.springframework.boot.actuate.health.HealthEndpoint.health(HealthEndpoint.java:76)
	at org.springframework.boot.actuate.health.HealthEndpoint.health(HealthEndpoint.java:66)
	at java.base/jdk.internal.reflect.NativeMethodAccessorImpl.invoke0(Native Method)
	at java.base/jdk.internal.reflect.NativeMethodAccessorImpl.invoke(NativeMethodAccessorImpl.java:77)
	at java.base/jdk.internal.reflect.DelegatingMethodAccessorImpl.invoke(DelegatingMethodAccessorImpl.java:43)
	at java.base/java.lang.reflect.Method.invoke(Method.java:568)
	at org.springframework.util.ReflectionUtils.invokeMethod(ReflectionUtils.java:281)
	at org.springframework.boot.actuate.endpoint.invoke.reflect.ReflectiveOperationInvoker.invoke(ReflectiveOperationInvoker.java:74)
	at org.springframework.boot.actuate.endpoint.annotation.AbstractDiscoveredOperation.invoke(AbstractDiscoveredOperation.java:60)
	at org.springframework.boot.actuate.endpoint.jmx.EndpointMBean.invoke(EndpointMBean.java:122)
	at org.springframework.boot.actuate.endpoint.jmx.EndpointMBean.invoke(EndpointMBean.java:97)
	at java.management/com.sun.jmx.interceptor.DefaultMBeanServerInterceptor.invoke(DefaultMBeanServerInterceptor.java:814)
	at java.management/com.sun.jmx.mbeanserver.JmxMBeanServer.invoke(JmxMBeanServer.java:802)
	at java.management.rmi/javax.management.remote.rmi.RMIConnectionImpl.doOperation(RMIConnectionImpl.java:1472)
	at java.management.rmi/javax.management.remote.rmi.RMIConnectionImpl$PrivilegedOperation.run(RMIConnectionImpl.java:1310)
	at java.management.rmi/javax.management.remote.rmi.RMIConnectionImpl.doPrivilegedOperation(RMIConnectionImpl.java:1405)
	at java.management.rmi/javax.management.remote.rmi.RMIConnectionImpl.invoke(RMIConnectionImpl.java:829)
	at java.base/jdk.internal.reflect.GeneratedMethodAccessor14.invoke(Unknown Source)
	at java.base/jdk.internal.reflect.DelegatingMethodAccessorImpl.invoke(DelegatingMethodAccessorImpl.java:43)
	at java.base/java.lang.reflect.Method.invoke(Method.java:568)
	at java.rmi/sun.rmi.server.UnicastServerRef.dispatch(UnicastServerRef.java:360)
	at java.rmi/sun.rmi.transport.Transport$1.run(Transport.java:200)
	at java.rmi/sun.rmi.transport.Transport$1.run(Transport.java:197)
	at java.base/java.security.AccessController.doPrivileged(AccessController.java:712)
	at java.rmi/sun.rmi.transport.Transport.serviceCall(Transport.java:196)
	at java.rmi/sun.rmi.transport.tcp.TCPTransport.handleMessages(TCPTransport.java:587)
	at java.rmi/sun.rmi.transport.tcp.TCPTransport$ConnectionHandler.run0(TCPTransport.java:828)
	at java.rmi/sun.rmi.transport.tcp.TCPTransport$ConnectionHandler.lambda$run$0(TCPTransport.java:705)
	at java.base/java.security.AccessController.doPrivileged(AccessController.java:399)
	at java.rmi/sun.rmi.transport.tcp.TCPTransport$ConnectionHandler.run(TCPTransport.java:704)
	at java.base/java.util.concurrent.ThreadPoolExecutor.runWorker(ThreadPoolExecutor.java:1136)
	at java.base/java.util.concurrent.ThreadPoolExecutor$Worker.run(ThreadPoolExecutor.java:635)
	at java.base/java.lang.Thread.run(Thread.java:842)
2024-11-27 16:19:23.845|WARN|RMI TCP Connection(12)-192.168.159.1|o.s.b.a.h.HealthEndpointSupport|line-181||Health contributor org.springframework.boot.actuate.mail.MailHealthIndicator (mail) took 30088ms to respond
2024-11-27 16:19:25.186|WARN|http-nio-8088-exec-1|w.f.o.a.c.MyFormController|line-154|traceId_1404200674343900|formFieldValues: [FormFieldValue(id=null, formId=36, fieldId=1, fieldValue=事假, createBy=8, createTime=Wed Nov 27 16:19:25 CST 2024, updateBy=8, updateTime=Wed Nov 27 16:19:25 CST 2024), FormFieldValue(id=null, formId=36, fieldId=2, fieldValue=2024-11-27 16:19:13, createBy=8, createTime=Wed Nov 27 16:19:25 CST 2024, updateBy=8, updateTime=Wed Nov 27 16:19:25 CST 2024), FormFieldValue(id=null, formId=36, fieldId=3, fieldValue=2024-11-30 00:00:00, createBy=8, createTime=Wed Nov 27 16:19:25 CST 2024, updateBy=8, updateTime=Wed Nov 27 16:19:25 CST 2024), FormFieldValue(id=null, formId=36, fieldId=4, fieldValue=null, createBy=8, createTime=Wed Nov 27 16:19:25 CST 2024, updateBy=8, updateTime=Wed Nov 27 16:19:25 CST 2024), FormFieldValue(id=null, formId=36, fieldId=5, fieldValue=qwerqwer, createBy=8, createTime=Wed Nov 27 16:19:25 CST 2024, updateBy=8, updateTime=Wed Nov 27 16:19:25 CST 2024), FormFieldValue(id=null, formId=36, fieldId=6, fieldValue=[多选项1, 多选项2, 多选项3, 多选项4, 多选项5], createBy=8, createTime=Wed Nov 27 16:19:25 CST 2024, updateBy=8, updateTime=Wed Nov 27 16:19:25 CST 2024), FormFieldValue(id=null, formId=36, fieldId=7, fieldValue=null, createBy=8, createTime=Wed Nov 27 16:19:25 CST 2024, updateBy=8, updateTime=Wed Nov 27 16:19:25 CST 2024), FormFieldValue(id=null, formId=36, fieldId=8, fieldValue=wefawefw, createBy=8, createTime=Wed Nov 27 16:19:25 CST 2024, updateBy=8, updateTime=Wed Nov 27 16:19:25 CST 2024)]
2024-11-27 16:21:13.008|WARN|http-nio-8088-exec-1|w.f.o.a.c.MyFormController|line-154|traceId_1404308082813300|formFieldValues: [FormFieldValue(id=null, formId=37, fieldId=1, fieldValue=年假, createBy=8, createTime=Wed Nov 27 16:21:12 CST 2024, updateBy=8, updateTime=Wed Nov 27 16:21:12 CST 2024), FormFieldValue(id=null, formId=37, fieldId=2, fieldValue=2024-11-27 16:21:02, createBy=8, createTime=Wed Nov 27 16:21:12 CST 2024, updateBy=8, updateTime=Wed Nov 27 16:21:12 CST 2024), FormFieldValue(id=null, formId=37, fieldId=3, fieldValue=2024-11-30 00:00:00, createBy=8, createTime=Wed Nov 27 16:21:12 CST 2024, updateBy=8, updateTime=Wed Nov 27 16:21:12 CST 2024), FormFieldValue(id=null, formId=37, fieldId=4, fieldValue=null, createBy=8, createTime=Wed Nov 27 16:21:12 CST 2024, updateBy=8, updateTime=Wed Nov 27 16:21:12 CST 2024), FormFieldValue(id=null, formId=37, fieldId=5, fieldValue=2让4让他父亲4frt, createBy=8, createTime=Wed Nov 27 16:21:12 CST 2024, updateBy=8, updateTime=Wed Nov 27 16:21:12 CST 2024), FormFieldValue(id=null, formId=37, fieldId=6, fieldValue=[多选项5, 多选项1, 多选项3], createBy=8, createTime=Wed Nov 27 16:21:12 CST 2024, updateBy=8, updateTime=Wed Nov 27 16:21:13 CST 2024), FormFieldValue(id=null, formId=37, fieldId=7, fieldValue=null, createBy=8, createTime=Wed Nov 27 16:21:13 CST 2024, updateBy=8, updateTime=Wed Nov 27 16:21:13 CST 2024), FormFieldValue(id=null, formId=37, fieldId=8, fieldValue=2前提取4太, createBy=8, createTime=Wed Nov 27 16:21:13 CST 2024, updateBy=8, updateTime=Wed Nov 27 16:21:13 CST 2024)]
2024-11-27 16:21:30.905|WARN|RMI TCP Connection(5)-192.168.159.1|o.s.b.a.m.MailHealthIndicator|line-94||Mail health check failed
jakarta.mail.MessagingException: Got bad greeting from SMTP host: smtp.qq.com, port: 465, response: [EOF]
	at com.sun.mail.smtp.SMTPTransport.openServer(SMTPTransport.java:2247)
	at com.sun.mail.smtp.SMTPTransport.protocolConnect(SMTPTransport.java:754)
	at jakarta.mail.Service.connect(Service.java:342)
	at org.springframework.mail.javamail.JavaMailSenderImpl.connectTransport(JavaMailSenderImpl.java:518)
	at org.springframework.mail.javamail.JavaMailSenderImpl.testConnection(JavaMailSenderImpl.java:398)
	at org.springframework.boot.actuate.mail.MailHealthIndicator.doHealthCheck(MailHealthIndicator.java:42)
	at org.springframework.boot.actuate.health.AbstractHealthIndicator.health(AbstractHealthIndicator.java:82)
	at org.springframework.boot.actuate.health.HealthIndicator.getHealth(HealthIndicator.java:37)
	at org.springframework.boot.actuate.health.HealthEndpoint.getHealth(HealthEndpoint.java:82)
	at org.springframework.boot.actuate.health.HealthEndpoint.getHealth(HealthEndpoint.java:41)
	at org.springframework.boot.actuate.health.HealthEndpointSupport.getLoggedHealth(HealthEndpointSupport.java:172)
	at org.springframework.boot.actuate.health.HealthEndpointSupport.getContribution(HealthEndpointSupport.java:145)
	at org.springframework.boot.actuate.health.HealthEndpointSupport.getAggregateContribution(HealthEndpointSupport.java:156)
	at org.springframework.boot.actuate.health.HealthEndpointSupport.getContribution(HealthEndpointSupport.java:141)
	at org.springframework.boot.actuate.health.HealthEndpointSupport.getHealth(HealthEndpointSupport.java:110)
	at org.springframework.boot.actuate.health.HealthEndpointSupport.getHealth(HealthEndpointSupport.java:81)
	at org.springframework.boot.actuate.health.HealthEndpoint.health(HealthEndpoint.java:76)
	at org.springframework.boot.actuate.health.HealthEndpoint.health(HealthEndpoint.java:66)
	at java.base/jdk.internal.reflect.NativeMethodAccessorImpl.invoke0(Native Method)
	at java.base/jdk.internal.reflect.NativeMethodAccessorImpl.invoke(NativeMethodAccessorImpl.java:77)
	at java.base/jdk.internal.reflect.DelegatingMethodAccessorImpl.invoke(DelegatingMethodAccessorImpl.java:43)
	at java.base/java.lang.reflect.Method.invoke(Method.java:568)
	at org.springframework.util.ReflectionUtils.invokeMethod(ReflectionUtils.java:281)
	at org.springframework.boot.actuate.endpoint.invoke.reflect.ReflectiveOperationInvoker.invoke(ReflectiveOperationInvoker.java:74)
	at org.springframework.boot.actuate.endpoint.annotation.AbstractDiscoveredOperation.invoke(AbstractDiscoveredOperation.java:60)
	at org.springframework.boot.actuate.endpoint.jmx.EndpointMBean.invoke(EndpointMBean.java:122)
	at org.springframework.boot.actuate.endpoint.jmx.EndpointMBean.invoke(EndpointMBean.java:97)
	at java.management/com.sun.jmx.interceptor.DefaultMBeanServerInterceptor.invoke(DefaultMBeanServerInterceptor.java:814)
	at java.management/com.sun.jmx.mbeanserver.JmxMBeanServer.invoke(JmxMBeanServer.java:802)
	at java.management.rmi/javax.management.remote.rmi.RMIConnectionImpl.doOperation(RMIConnectionImpl.java:1472)
	at java.management.rmi/javax.management.remote.rmi.RMIConnectionImpl$PrivilegedOperation.run(RMIConnectionImpl.java:1310)
	at java.management.rmi/javax.management.remote.rmi.RMIConnectionImpl.doPrivilegedOperation(RMIConnectionImpl.java:1405)
	at java.management.rmi/javax.management.remote.rmi.RMIConnectionImpl.invoke(RMIConnectionImpl.java:829)
	at java.base/jdk.internal.reflect.GeneratedMethodAccessor14.invoke(Unknown Source)
	at java.base/jdk.internal.reflect.DelegatingMethodAccessorImpl.invoke(DelegatingMethodAccessorImpl.java:43)
	at java.base/java.lang.reflect.Method.invoke(Method.java:568)
	at java.rmi/sun.rmi.server.UnicastServerRef.dispatch(UnicastServerRef.java:360)
	at java.rmi/sun.rmi.transport.Transport$1.run(Transport.java:200)
	at java.rmi/sun.rmi.transport.Transport$1.run(Transport.java:197)
	at java.base/java.security.AccessController.doPrivileged(AccessController.java:712)
	at java.rmi/sun.rmi.transport.Transport.serviceCall(Transport.java:196)
	at java.rmi/sun.rmi.transport.tcp.TCPTransport.handleMessages(TCPTransport.java:587)
	at java.rmi/sun.rmi.transport.tcp.TCPTransport$ConnectionHandler.run0(TCPTransport.java:828)
	at java.rmi/sun.rmi.transport.tcp.TCPTransport$ConnectionHandler.lambda$run$0(TCPTransport.java:705)
	at java.base/java.security.AccessController.doPrivileged(AccessController.java:399)
	at java.rmi/sun.rmi.transport.tcp.TCPTransport$ConnectionHandler.run(TCPTransport.java:704)
	at java.base/java.util.concurrent.ThreadPoolExecutor.runWorker(ThreadPoolExecutor.java:1136)
	at java.base/java.util.concurrent.ThreadPoolExecutor$Worker.run(ThreadPoolExecutor.java:635)
	at java.base/java.lang.Thread.run(Thread.java:842)
2024-11-27 16:21:30.908|WARN|RMI TCP Connection(5)-192.168.159.1|o.s.b.a.h.HealthEndpointSupport|line-181||Health contributor org.springframework.boot.actuate.mail.MailHealthIndicator (mail) took 30066ms to respond
2024-11-27 16:42:31.332|WARN|http-nio-8088-exec-2|w.f.o.a.c.MyFormController|line-132|traceId_1405586652867800|fieldOptions: [FieldOptionVo(id=1, templateFieldId=1, optionValue=年假, optionLabel=年假, oprionSort=1), FieldOptionVo(id=2, templateFieldId=1, optionValue=事假, optionLabel=事假, oprionSort=2), FieldOptionVo(id=3, templateFieldId=1, optionValue=病假, optionLabel=病假, oprionSort=3), FieldOptionVo(id=4, templateFieldId=1, optionValue=调休, optionLabel=调休, oprionSort=4), FieldOptionVo(id=5, templateFieldId=1, optionValue=产假, optionLabel=产假, oprionSort=5), FieldOptionVo(id=6, templateFieldId=1, optionValue=陪产假, optionLabel=陪产假, oprionSort=6), FieldOptionVo(id=7, templateFieldId=1, optionValue=婚假, optionLabel=婚假, oprionSort=7), FieldOptionVo(id=8, templateFieldId=1, optionValue=例假, optionLabel=例假, oprionSort=8), FieldOptionVo(id=9, templateFieldId=1, optionValue=丧假, optionLabel=丧假, oprionSort=9)]
2024-11-27 16:42:31.334|WARN|http-nio-8088-exec-2|w.f.o.a.c.MyFormController|line-132|traceId_1405586652867800|fieldOptions: [FieldOptionVo(id=10, templateFieldId=6, optionValue=多选项1, optionLabel=多选项1, oprionSort=1), FieldOptionVo(id=11, templateFieldId=6, optionValue=多选项2, optionLabel=多选项2, oprionSort=2), FieldOptionVo(id=12, templateFieldId=6, optionValue=多选项3, optionLabel=多选项3, oprionSort=3), FieldOptionVo(id=13, templateFieldId=6, optionValue=多选项4, optionLabel=多选项4, oprionSort=4), FieldOptionVo(id=14, templateFieldId=6, optionValue=多选项5, optionLabel=多选项5, oprionSort=5)]
2024-11-27 16:42:47.859|WARN|RMI TCP Connection(7)-192.168.159.1|o.s.b.a.m.MailHealthIndicator|line-94||Mail health check failed
jakarta.mail.MessagingException: Got bad greeting from SMTP host: smtp.qq.com, port: 465, response: [EOF]
	at com.sun.mail.smtp.SMTPTransport.openServer(SMTPTransport.java:2247)
	at com.sun.mail.smtp.SMTPTransport.protocolConnect(SMTPTransport.java:754)
	at jakarta.mail.Service.connect(Service.java:342)
	at org.springframework.mail.javamail.JavaMailSenderImpl.connectTransport(JavaMailSenderImpl.java:518)
	at org.springframework.mail.javamail.JavaMailSenderImpl.testConnection(JavaMailSenderImpl.java:398)
	at org.springframework.boot.actuate.mail.MailHealthIndicator.doHealthCheck(MailHealthIndicator.java:42)
	at org.springframework.boot.actuate.health.AbstractHealthIndicator.health(AbstractHealthIndicator.java:82)
	at org.springframework.boot.actuate.health.HealthIndicator.getHealth(HealthIndicator.java:37)
	at org.springframework.boot.actuate.health.HealthEndpoint.getHealth(HealthEndpoint.java:82)
	at org.springframework.boot.actuate.health.HealthEndpoint.getHealth(HealthEndpoint.java:41)
	at org.springframework.boot.actuate.health.HealthEndpointSupport.getLoggedHealth(HealthEndpointSupport.java:172)
	at org.springframework.boot.actuate.health.HealthEndpointSupport.getContribution(HealthEndpointSupport.java:145)
	at org.springframework.boot.actuate.health.HealthEndpointSupport.getAggregateContribution(HealthEndpointSupport.java:156)
	at org.springframework.boot.actuate.health.HealthEndpointSupport.getContribution(HealthEndpointSupport.java:141)
	at org.springframework.boot.actuate.health.HealthEndpointSupport.getHealth(HealthEndpointSupport.java:110)
	at org.springframework.boot.actuate.health.HealthEndpointSupport.getHealth(HealthEndpointSupport.java:81)
	at org.springframework.boot.actuate.health.HealthEndpoint.health(HealthEndpoint.java:76)
	at org.springframework.boot.actuate.health.HealthEndpoint.health(HealthEndpoint.java:66)
	at java.base/jdk.internal.reflect.NativeMethodAccessorImpl.invoke0(Native Method)
	at java.base/jdk.internal.reflect.NativeMethodAccessorImpl.invoke(NativeMethodAccessorImpl.java:77)
	at java.base/jdk.internal.reflect.DelegatingMethodAccessorImpl.invoke(DelegatingMethodAccessorImpl.java:43)
	at java.base/java.lang.reflect.Method.invoke(Method.java:568)
	at org.springframework.util.ReflectionUtils.invokeMethod(ReflectionUtils.java:281)
	at org.springframework.boot.actuate.endpoint.invoke.reflect.ReflectiveOperationInvoker.invoke(ReflectiveOperationInvoker.java:74)
	at org.springframework.boot.actuate.endpoint.annotation.AbstractDiscoveredOperation.invoke(AbstractDiscoveredOperation.java:60)
	at org.springframework.boot.actuate.endpoint.jmx.EndpointMBean.invoke(EndpointMBean.java:122)
	at org.springframework.boot.actuate.endpoint.jmx.EndpointMBean.invoke(EndpointMBean.java:97)
	at java.management/com.sun.jmx.interceptor.DefaultMBeanServerInterceptor.invoke(DefaultMBeanServerInterceptor.java:814)
	at java.management/com.sun.jmx.mbeanserver.JmxMBeanServer.invoke(JmxMBeanServer.java:802)
	at java.management.rmi/javax.management.remote.rmi.RMIConnectionImpl.doOperation(RMIConnectionImpl.java:1472)
	at java.management.rmi/javax.management.remote.rmi.RMIConnectionImpl$PrivilegedOperation.run(RMIConnectionImpl.java:1310)
	at java.management.rmi/javax.management.remote.rmi.RMIConnectionImpl.doPrivilegedOperation(RMIConnectionImpl.java:1405)
	at java.management.rmi/javax.management.remote.rmi.RMIConnectionImpl.invoke(RMIConnectionImpl.java:829)
	at java.base/jdk.internal.reflect.NativeMethodAccessorImpl.invoke0(Native Method)
	at java.base/jdk.internal.reflect.NativeMethodAccessorImpl.invoke(NativeMethodAccessorImpl.java:77)
	at java.base/jdk.internal.reflect.DelegatingMethodAccessorImpl.invoke(DelegatingMethodAccessorImpl.java:43)
	at java.base/java.lang.reflect.Method.invoke(Method.java:568)
	at java.rmi/sun.rmi.server.UnicastServerRef.dispatch(UnicastServerRef.java:360)
	at java.rmi/sun.rmi.transport.Transport$1.run(Transport.java:200)
	at java.rmi/sun.rmi.transport.Transport$1.run(Transport.java:197)
	at java.base/java.security.AccessController.doPrivileged(AccessController.java:712)
	at java.rmi/sun.rmi.transport.Transport.serviceCall(Transport.java:196)
	at java.rmi/sun.rmi.transport.tcp.TCPTransport.handleMessages(TCPTransport.java:587)
	at java.rmi/sun.rmi.transport.tcp.TCPTransport$ConnectionHandler.run0(TCPTransport.java:828)
	at java.rmi/sun.rmi.transport.tcp.TCPTransport$ConnectionHandler.lambda$run$0(TCPTransport.java:705)
	at java.base/java.security.AccessController.doPrivileged(AccessController.java:399)
	at java.rmi/sun.rmi.transport.tcp.TCPTransport$ConnectionHandler.run(TCPTransport.java:704)
	at java.base/java.util.concurrent.ThreadPoolExecutor.runWorker(ThreadPoolExecutor.java:1136)
	at java.base/java.util.concurrent.ThreadPoolExecutor$Worker.run(ThreadPoolExecutor.java:635)
	at java.base/java.lang.Thread.run(Thread.java:842)
2024-11-27 16:42:47.859|WARN|RMI TCP Connection(7)-192.168.159.1|o.s.b.a.h.HealthEndpointSupport|line-181||Health contributor org.springframework.boot.actuate.mail.MailHealthIndicator (mail) took 30090ms to respond
2024-11-27 17:00:00.199|WARN|http-nio-8088-exec-4|w.f.o.a.c.MyFormController|line-157|traceId_1406635865475600|formFieldValues: [FormFieldValue(id=null, formId=38, fieldId=1, fieldValue=事假, createBy=8, createTime=Wed Nov 27 17:00:00 CST 2024, updateBy=8, updateTime=Wed Nov 27 17:00:00 CST 2024), FormFieldValue(id=null, formId=38, fieldId=2, fieldValue=2024-11-27 16:58:35, createBy=8, createTime=Wed Nov 27 17:00:00 CST 2024, updateBy=8, updateTime=Wed Nov 27 17:00:00 CST 2024), FormFieldValue(id=null, formId=38, fieldId=3, fieldValue=2024-11-30 00:00:00, createBy=8, createTime=Wed Nov 27 17:00:00 CST 2024, updateBy=8, updateTime=Wed Nov 27 17:00:00 CST 2024), FormFieldValue(id=null, formId=38, fieldId=4, fieldValue=null, createBy=8, createTime=Wed Nov 27 17:00:00 CST 2024, updateBy=8, updateTime=Wed Nov 27 17:00:00 CST 2024), FormFieldValue(id=null, formId=38, fieldId=5, fieldValue=钱钱钱钱钱钱, createBy=8, createTime=Wed Nov 27 17:00:00 CST 2024, updateBy=8, updateTime=Wed Nov 27 17:00:00 CST 2024), FormFieldValue(id=null, formId=38, fieldId=6, fieldValue=[多选项1, 多选项2, 多选项3, 多选项4, 多选项5], createBy=8, createTime=Wed Nov 27 17:00:00 CST 2024, updateBy=8, updateTime=Wed Nov 27 17:00:00 CST 2024), FormFieldValue(id=null, formId=38, fieldId=7, fieldValue=null, createBy=8, createTime=Wed Nov 27 17:00:00 CST 2024, updateBy=8, updateTime=Wed Nov 27 17:00:00 CST 2024), FormFieldValue(id=null, formId=38, fieldId=8, fieldValue=13377834274, createBy=8, createTime=Wed Nov 27 17:00:00 CST 2024, updateBy=8, updateTime=Wed Nov 27 17:00:00 CST 2024)]
