2024-12-02 09:59:34.145|INFO|main|w.f.o.OfficeControllerApplication|line-51||Starting OfficeControllerApplication using Java 17.0.11 with PID 16052 (D:\My Project\myOASys\target\classes started by zds in D:\My Project\myOASys)
2024-12-02 09:59:34.149|INFO|main|w.f.o.OfficeControllerApplication|line-630||No active profile set, falling back to 1 default profile: "default"
2024-12-02 09:59:36.884|INFO|main|o.s.d.r.c.RepositoryConfigurationDelegate|line-291||Multiple Spring Data modules found, entering strict repository configuration mode
2024-12-02 09:59:36.887|INFO|main|o.s.d.r.c.RepositoryConfigurationDelegate|line-138||Bootstrapping Spring Data Redis repositories in DEFAULT mode.
2024-12-02 09:59:36.917|INFO|main|o.s.d.r.c.RepositoryConfigurationDelegate|line-208||Finished Spring Data repository scanning in 19 ms. Found 0 Redis repository interfaces.
2024-12-02 09:59:37.343|INFO|main|o.s.b.w.e.t.TomcatWebServer|line-108||Tomcat initialized with port(s): 8088 (http)
2024-12-02 09:59:37.350|INFO|main|o.a.c.h.Http11NioProtocol|line-173||Initializing ProtocolHandler ["http-nio-8088"]
2024-12-02 09:59:37.351|INFO|main|o.a.c.c.StandardService|line-173||Starting service [Tomcat]
2024-12-02 09:59:37.351|INFO|main|o.a.c.c.StandardEngine|line-173||Starting Servlet engine: [Apache Tomcat/10.1.5]
2024-12-02 09:59:37.415|INFO|main|o.a.c.c.C.[.[.[/]|line-173||Initializing Spring embedded WebApplicationContext
2024-12-02 09:59:37.416|INFO|main|o.s.b.w.s.c.ServletWebServerApplicationContext|line-291||Root WebApplicationContext: initialization completed in 3198 ms
2024-12-02 09:59:37.491|INFO|main|w.f.o.c.s.MyFilter|line-16||MyFilter来啦！！！！
2024-12-02 09:59:38.547|INFO|main|w.f.o.c.o.OssConfiguration|line-17||创建 OssUtil
2024-12-02 09:59:39.286|INFO|main|o.s.b.a.e.w.EndpointLinksResolver|line-58||Exposing 1 endpoint(s) beneath base path '/actuator'
2024-12-02 09:59:39.359|INFO|main|o.a.c.h.Http11NioProtocol|line-173||Starting ProtocolHandler ["http-nio-8088"]
2024-12-02 09:59:39.374|INFO|main|o.s.b.w.e.t.TomcatWebServer|line-220||Tomcat started on port(s): 8088 (http) with context path ''
2024-12-02 09:59:39.386|INFO|main|w.f.o.OfficeControllerApplication|line-57||Started OfficeControllerApplication in 5.907 seconds (process running for 7.37)
2024-12-02 09:59:39.900|INFO|RMI TCP Connection(5)-192.168.159.1|c.z.h.HikariDataSource|line-110||HikariPool-1 - Starting...
2024-12-02 09:59:40.059|INFO|RMI TCP Connection(5)-192.168.159.1|c.z.h.p.HikariPool|line-565||HikariPool-1 - Added connection com.mysql.cj.jdbc.ConnectionImpl@62e30778
2024-12-02 09:59:40.073|INFO|RMI TCP Connection(5)-192.168.159.1|c.z.h.HikariDataSource|line-123||HikariPool-1 - Start completed.
2024-12-02 10:00:10.297|INFO|http-nio-8088-exec-1|o.a.c.c.C.[.[.[/]|line-173||Initializing Spring DispatcherServlet 'dispatcherServlet'
2024-12-02 10:00:10.298|INFO|http-nio-8088-exec-1|o.s.w.s.DispatcherServlet|line-532||Initializing Servlet 'dispatcherServlet'
2024-12-02 10:00:10.299|INFO|http-nio-8088-exec-1|o.s.w.s.DispatcherServlet|line-554||Completed initialization in 1 ms
2024-12-02 11:46:52.023|INFO|http-nio-8088-exec-5|o.s.a.AbstractOpenApiResource|line-390|traceId_333141070893600|Init duration for springdoc-openapi is: 1376 ms
2024-12-02 13:09:11.875|INFO|SpringApplicationShutdownHook|c.z.h.HikariDataSource|line-350||HikariPool-1 - Shutdown initiated...
2024-12-02 13:09:11.875|INFO|SpringApplicationShutdownHook|c.z.h.HikariDataSource|line-352||HikariPool-1 - Shutdown completed.
2024-12-02 13:09:32.908|INFO|main|w.f.o.OfficeControllerApplication|line-51||Starting OfficeControllerApplication using Java 17.0.11 with PID 12976 (D:\My Project\myOASys\target\classes started by zds in D:\My Project\myOASys)
2024-12-02 13:09:32.908|INFO|main|w.f.o.OfficeControllerApplication|line-630||No active profile set, falling back to 1 default profile: "default"
2024-12-02 13:09:34.384|INFO|main|o.s.d.r.c.RepositoryConfigurationDelegate|line-291||Multiple Spring Data modules found, entering strict repository configuration mode
2024-12-02 13:09:34.384|INFO|main|o.s.d.r.c.RepositoryConfigurationDelegate|line-138||Bootstrapping Spring Data Redis repositories in DEFAULT mode.
2024-12-02 13:09:34.431|INFO|main|o.s.d.r.c.RepositoryConfigurationDelegate|line-208||Finished Spring Data repository scanning in 34 ms. Found 0 Redis repository interfaces.
2024-12-02 13:09:35.287|INFO|main|o.s.b.w.e.t.TomcatWebServer|line-108||Tomcat initialized with port(s): 8088 (http)
2024-12-02 13:09:35.318|INFO|main|o.a.c.h.Http11NioProtocol|line-173||Initializing ProtocolHandler ["http-nio-8088"]
2024-12-02 13:09:35.318|INFO|main|o.a.c.c.StandardService|line-173||Starting service [Tomcat]
2024-12-02 13:09:35.318|INFO|main|o.a.c.c.StandardEngine|line-173||Starting Servlet engine: [Apache Tomcat/10.1.5]
2024-12-02 13:09:35.458|INFO|main|o.a.c.c.C.[.[.[/]|line-173||Initializing Spring embedded WebApplicationContext
2024-12-02 13:09:35.458|INFO|main|o.s.b.w.s.c.ServletWebServerApplicationContext|line-291||Root WebApplicationContext: initialization completed in 2474 ms
2024-12-02 13:09:35.583|INFO|main|w.f.o.c.s.MyFilter|line-16||MyFilter来啦！！！！
2024-12-02 13:09:37.392|INFO|main|w.f.o.c.o.OssConfiguration|line-17||创建 OssUtil
2024-12-02 13:09:38.654|INFO|main|o.s.b.a.e.w.EndpointLinksResolver|line-58||Exposing 1 endpoint(s) beneath base path '/actuator'
2024-12-02 13:09:38.773|INFO|main|o.a.c.h.Http11NioProtocol|line-173||Starting ProtocolHandler ["http-nio-8088"]
2024-12-02 13:09:38.788|INFO|main|o.s.b.w.e.t.TomcatWebServer|line-220||Tomcat started on port(s): 8088 (http) with context path ''
2024-12-02 13:09:38.820|INFO|main|w.f.o.OfficeControllerApplication|line-57||Started OfficeControllerApplication in 6.561 seconds (process running for 9.55)
2024-12-02 13:09:39.229|INFO|RMI TCP Connection(9)-192.168.159.1|c.z.h.HikariDataSource|line-110||HikariPool-1 - Starting...
2024-12-02 13:09:39.387|INFO|RMI TCP Connection(9)-192.168.159.1|c.z.h.p.HikariPool|line-565||HikariPool-1 - Added connection com.mysql.cj.jdbc.ConnectionImpl@2bfb1e9
2024-12-02 13:09:39.387|INFO|RMI TCP Connection(9)-192.168.159.1|c.z.h.HikariDataSource|line-123||HikariPool-1 - Start completed.
2024-12-02 13:11:51.735|INFO|SpringApplicationShutdownHook|c.z.h.HikariDataSource|line-350||HikariPool-1 - Shutdown initiated...
2024-12-02 13:11:51.751|INFO|SpringApplicationShutdownHook|c.z.h.HikariDataSource|line-352||HikariPool-1 - Shutdown completed.
2024-12-02 13:11:59.426|INFO|main|w.f.o.OfficeControllerApplication|line-51||Starting OfficeControllerApplication using Java 17.0.11 with PID 3768 (D:\My Project\myOASys\target\classes started by zds in D:\My Project\myOASys)
2024-12-02 13:11:59.434|INFO|main|w.f.o.OfficeControllerApplication|line-630||No active profile set, falling back to 1 default profile: "default"
2024-12-02 13:12:00.971|INFO|main|o.s.d.r.c.RepositoryConfigurationDelegate|line-291||Multiple Spring Data modules found, entering strict repository configuration mode
2024-12-02 13:12:00.971|INFO|main|o.s.d.r.c.RepositoryConfigurationDelegate|line-138||Bootstrapping Spring Data Redis repositories in DEFAULT mode.
2024-12-02 13:12:01.021|INFO|main|o.s.d.r.c.RepositoryConfigurationDelegate|line-208||Finished Spring Data repository scanning in 21 ms. Found 0 Redis repository interfaces.
2024-12-02 13:12:01.853|INFO|main|o.s.b.w.e.t.TomcatWebServer|line-108||Tomcat initialized with port(s): 8088 (http)
2024-12-02 13:12:01.870|INFO|main|o.a.c.h.Http11NioProtocol|line-173||Initializing ProtocolHandler ["http-nio-8088"]
2024-12-02 13:12:01.871|INFO|main|o.a.c.c.StandardService|line-173||Starting service [Tomcat]
2024-12-02 13:12:01.871|INFO|main|o.a.c.c.StandardEngine|line-173||Starting Servlet engine: [Apache Tomcat/10.1.5]
2024-12-02 13:12:01.964|INFO|main|o.a.c.c.C.[.[.[/]|line-173||Initializing Spring embedded WebApplicationContext
2024-12-02 13:12:01.964|INFO|main|o.s.b.w.s.c.ServletWebServerApplicationContext|line-291||Root WebApplicationContext: initialization completed in 2474 ms
2024-12-02 13:12:02.151|INFO|main|w.f.o.c.s.MyFilter|line-16||MyFilter来啦！！！！
2024-12-02 13:12:03.349|INFO|main|w.f.o.c.o.OssConfiguration|line-17||创建 OssUtil
2024-12-02 13:12:04.458|INFO|main|o.s.b.a.e.w.EndpointLinksResolver|line-58||Exposing 1 endpoint(s) beneath base path '/actuator'
2024-12-02 13:12:04.536|INFO|main|o.a.c.h.Http11NioProtocol|line-173||Starting ProtocolHandler ["http-nio-8088"]
2024-12-02 13:12:04.551|INFO|main|o.s.b.w.e.t.TomcatWebServer|line-220||Tomcat started on port(s): 8088 (http) with context path ''
2024-12-02 13:12:04.567|INFO|main|w.f.o.OfficeControllerApplication|line-57||Started OfficeControllerApplication in 5.755 seconds (process running for 6.856)
2024-12-02 13:12:04.869|INFO|RMI TCP Connection(9)-192.168.159.1|c.z.h.HikariDataSource|line-110||HikariPool-1 - Starting...
2024-12-02 13:12:04.949|INFO|RMI TCP Connection(9)-192.168.159.1|c.z.h.p.HikariPool|line-565||HikariPool-1 - Added connection com.mysql.cj.jdbc.ConnectionImpl@7a9f23e8
2024-12-02 13:12:04.964|INFO|RMI TCP Connection(9)-192.168.159.1|c.z.h.HikariDataSource|line-123||HikariPool-1 - Start completed.
2024-12-02 13:12:20.671|INFO|http-nio-8088-exec-2|o.a.c.c.C.[.[.[/]|line-173||Initializing Spring DispatcherServlet 'dispatcherServlet'
2024-12-02 13:12:20.672|INFO|http-nio-8088-exec-2|o.s.w.s.DispatcherServlet|line-532||Initializing Servlet 'dispatcherServlet'
2024-12-02 13:12:20.672|INFO|http-nio-8088-exec-2|o.s.w.s.DispatcherServlet|line-554||Completed initialization in 0 ms
2024-12-02 13:17:10.579|INFO|SpringApplicationShutdownHook|c.z.h.HikariDataSource|line-350||HikariPool-1 - Shutdown initiated...
2024-12-02 13:17:10.579|INFO|SpringApplicationShutdownHook|c.z.h.HikariDataSource|line-352||HikariPool-1 - Shutdown completed.
2024-12-02 13:17:19.673|INFO|main|w.f.o.OfficeControllerApplication|line-51||Starting OfficeControllerApplication using Java 17.0.11 with PID 22292 (D:\My Project\myOASys\target\classes started by zds in D:\My Project\myOASys)
2024-12-02 13:17:19.673|INFO|main|w.f.o.OfficeControllerApplication|line-630||No active profile set, falling back to 1 default profile: "default"
2024-12-02 13:17:20.806|INFO|main|o.s.d.r.c.RepositoryConfigurationDelegate|line-291||Multiple Spring Data modules found, entering strict repository configuration mode
2024-12-02 13:17:20.806|INFO|main|o.s.d.r.c.RepositoryConfigurationDelegate|line-138||Bootstrapping Spring Data Redis repositories in DEFAULT mode.
2024-12-02 13:17:20.822|INFO|main|o.s.d.r.c.RepositoryConfigurationDelegate|line-208||Finished Spring Data repository scanning in 17 ms. Found 0 Redis repository interfaces.
2024-12-02 13:17:21.294|INFO|main|o.s.b.w.e.t.TomcatWebServer|line-108||Tomcat initialized with port(s): 8088 (http)
2024-12-02 13:17:21.294|INFO|main|o.a.c.h.Http11NioProtocol|line-173||Initializing ProtocolHandler ["http-nio-8088"]
2024-12-02 13:17:21.294|INFO|main|o.a.c.c.StandardService|line-173||Starting service [Tomcat]
2024-12-02 13:17:21.294|INFO|main|o.a.c.c.StandardEngine|line-173||Starting Servlet engine: [Apache Tomcat/10.1.5]
2024-12-02 13:17:21.372|INFO|main|o.a.c.c.C.[.[.[/]|line-173||Initializing Spring embedded WebApplicationContext
2024-12-02 13:17:21.372|INFO|main|o.s.b.w.s.c.ServletWebServerApplicationContext|line-291||Root WebApplicationContext: initialization completed in 1292 ms
2024-12-02 13:17:21.450|INFO|main|w.f.o.c.s.MyFilter|line-16||MyFilter来啦！！！！
2024-12-02 13:17:22.177|INFO|main|w.f.o.c.o.OssConfiguration|line-17||创建 OssUtil
2024-12-02 13:17:22.855|INFO|main|o.s.b.a.e.w.EndpointLinksResolver|line-58||Exposing 1 endpoint(s) beneath base path '/actuator'
2024-12-02 13:17:22.933|INFO|main|o.a.c.h.Http11NioProtocol|line-173||Starting ProtocolHandler ["http-nio-8088"]
2024-12-02 13:17:22.949|INFO|main|o.s.b.w.e.t.TomcatWebServer|line-220||Tomcat started on port(s): 8088 (http) with context path ''
2024-12-02 13:17:22.964|INFO|main|w.f.o.OfficeControllerApplication|line-57||Started OfficeControllerApplication in 3.873 seconds (process running for 4.751)
2024-12-02 13:17:23.280|INFO|RMI TCP Connection(3)-192.168.159.1|c.z.h.HikariDataSource|line-110||HikariPool-1 - Starting...
2024-12-02 13:17:23.424|INFO|RMI TCP Connection(3)-192.168.159.1|c.z.h.p.HikariPool|line-565||HikariPool-1 - Added connection com.mysql.cj.jdbc.ConnectionImpl@1edb5858
2024-12-02 13:17:23.439|INFO|RMI TCP Connection(3)-192.168.159.1|c.z.h.HikariDataSource|line-123||HikariPool-1 - Start completed.
2024-12-02 13:17:28.722|INFO|http-nio-8088-exec-3|o.a.c.c.C.[.[.[/]|line-173||Initializing Spring DispatcherServlet 'dispatcherServlet'
2024-12-02 13:17:28.722|INFO|http-nio-8088-exec-3|o.s.w.s.DispatcherServlet|line-532||Initializing Servlet 'dispatcherServlet'
2024-12-02 13:17:28.724|INFO|http-nio-8088-exec-3|o.s.w.s.DispatcherServlet|line-554||Completed initialization in 2 ms
2024-12-02 14:47:02.271|INFO|http-nio-8088-exec-3|o.s.a.AbstractOpenApiResource|line-390|traceId_343952307950300|Init duration for springdoc-openapi is: 381 ms
2024-12-02 16:03:33.824|INFO|SpringApplicationShutdownHook|c.z.h.HikariDataSource|line-350||HikariPool-1 - Shutdown initiated...
2024-12-02 16:03:33.827|INFO|SpringApplicationShutdownHook|c.z.h.HikariDataSource|line-352||HikariPool-1 - Shutdown completed.
2024-12-02 16:03:45.254|INFO|main|w.f.o.OfficeControllerApplication|line-51||Starting OfficeControllerApplication using Java 17.0.11 with PID 11268 (D:\My Project\myOASys\target\classes started by zds in D:\My Project\myOASys)
2024-12-02 16:03:45.257|INFO|main|w.f.o.OfficeControllerApplication|line-630||No active profile set, falling back to 1 default profile: "default"
2024-12-02 16:03:47.605|INFO|main|o.s.d.r.c.RepositoryConfigurationDelegate|line-291||Multiple Spring Data modules found, entering strict repository configuration mode
2024-12-02 16:03:47.606|INFO|main|o.s.d.r.c.RepositoryConfigurationDelegate|line-138||Bootstrapping Spring Data Redis repositories in DEFAULT mode.
2024-12-02 16:03:47.628|INFO|main|o.s.d.r.c.RepositoryConfigurationDelegate|line-208||Finished Spring Data repository scanning in 15 ms. Found 0 Redis repository interfaces.
2024-12-02 16:03:47.982|INFO|main|o.s.b.w.e.t.TomcatWebServer|line-108||Tomcat initialized with port(s): 8088 (http)
2024-12-02 16:03:47.989|INFO|main|o.a.c.h.Http11NioProtocol|line-173||Initializing ProtocolHandler ["http-nio-8088"]
2024-12-02 16:03:47.989|INFO|main|o.a.c.c.StandardService|line-173||Starting service [Tomcat]
2024-12-02 16:03:47.990|INFO|main|o.a.c.c.StandardEngine|line-173||Starting Servlet engine: [Apache Tomcat/10.1.5]
2024-12-02 16:03:48.053|INFO|main|o.a.c.c.C.[.[.[/]|line-173||Initializing Spring embedded WebApplicationContext
2024-12-02 16:03:48.054|INFO|main|o.s.b.w.s.c.ServletWebServerApplicationContext|line-291||Root WebApplicationContext: initialization completed in 2764 ms
2024-12-02 16:03:48.131|INFO|main|w.f.o.c.s.MyFilter|line-16||MyFilter来啦！！！！
2024-12-02 16:03:48.967|INFO|main|w.f.o.c.o.OssConfiguration|line-17||创建 OssUtil
2024-12-02 16:03:49.496|INFO|main|o.s.b.a.e.w.EndpointLinksResolver|line-58||Exposing 1 endpoint(s) beneath base path '/actuator'
2024-12-02 16:03:49.555|INFO|main|o.a.c.h.Http11NioProtocol|line-173||Starting ProtocolHandler ["http-nio-8088"]
2024-12-02 16:03:49.568|INFO|main|o.s.b.w.e.t.TomcatWebServer|line-220||Tomcat started on port(s): 8088 (http) with context path ''
2024-12-02 16:03:49.580|INFO|main|w.f.o.OfficeControllerApplication|line-57||Started OfficeControllerApplication in 4.583 seconds (process running for 12.488)
2024-12-02 16:06:18.345|INFO|http-nio-8088-exec-1|o.a.c.c.C.[.[.[/]|line-173||Initializing Spring DispatcherServlet 'dispatcherServlet'
2024-12-02 16:06:18.346|INFO|http-nio-8088-exec-1|o.s.w.s.DispatcherServlet|line-532||Initializing Servlet 'dispatcherServlet'
2024-12-02 16:06:18.351|INFO|http-nio-8088-exec-1|o.s.w.s.DispatcherServlet|line-554||Completed initialization in 4 ms
2024-12-02 16:06:18.850|INFO|http-nio-8088-exec-1|c.z.h.HikariDataSource|line-110|traceId_348708784123100|HikariPool-1 - Starting...
2024-12-02 16:06:18.926|INFO|http-nio-8088-exec-1|c.z.h.p.HikariPool|line-565|traceId_348708784123100|HikariPool-1 - Added connection com.mysql.cj.jdbc.ConnectionImpl@57f07055
2024-12-02 16:06:18.929|INFO|http-nio-8088-exec-1|c.z.h.HikariDataSource|line-123|traceId_348708784123100|HikariPool-1 - Start completed.
2024-12-02 16:06:25.494|INFO|SpringApplicationShutdownHook|c.z.h.HikariDataSource|line-350||HikariPool-1 - Shutdown initiated...
2024-12-02 16:06:25.505|INFO|SpringApplicationShutdownHook|c.z.h.HikariDataSource|line-352||HikariPool-1 - Shutdown completed.
2024-12-02 16:06:34.722|INFO|main|w.f.o.OfficeControllerApplication|line-51||Starting OfficeControllerApplication using Java 17.0.11 with PID 8744 (D:\My Project\myOASys\target\classes started by zds in D:\My Project\myOASys)
2024-12-02 16:06:34.725|INFO|main|w.f.o.OfficeControllerApplication|line-630||No active profile set, falling back to 1 default profile: "default"
2024-12-02 16:06:36.881|INFO|main|o.s.d.r.c.RepositoryConfigurationDelegate|line-291||Multiple Spring Data modules found, entering strict repository configuration mode
2024-12-02 16:06:36.883|INFO|main|o.s.d.r.c.RepositoryConfigurationDelegate|line-138||Bootstrapping Spring Data Redis repositories in DEFAULT mode.
2024-12-02 16:06:36.908|INFO|main|o.s.d.r.c.RepositoryConfigurationDelegate|line-208||Finished Spring Data repository scanning in 16 ms. Found 0 Redis repository interfaces.
2024-12-02 16:06:37.363|INFO|main|o.s.b.w.e.t.TomcatWebServer|line-108||Tomcat initialized with port(s): 8088 (http)
2024-12-02 16:06:37.377|INFO|main|o.a.c.h.Http11NioProtocol|line-173||Initializing ProtocolHandler ["http-nio-8088"]
2024-12-02 16:06:37.378|INFO|main|o.a.c.c.StandardService|line-173||Starting service [Tomcat]
2024-12-02 16:06:37.378|INFO|main|o.a.c.c.StandardEngine|line-173||Starting Servlet engine: [Apache Tomcat/10.1.5]
2024-12-02 16:06:37.479|INFO|main|o.a.c.c.C.[.[.[/]|line-173||Initializing Spring embedded WebApplicationContext
2024-12-02 16:06:37.482|INFO|main|o.s.b.w.s.c.ServletWebServerApplicationContext|line-291||Root WebApplicationContext: initialization completed in 2087 ms
2024-12-02 16:06:37.632|INFO|main|w.f.o.c.s.MyFilter|line-16||MyFilter来啦！！！！
2024-12-02 16:06:38.848|INFO|main|w.f.o.c.o.OssConfiguration|line-17||创建 OssUtil
2024-12-02 16:06:40.180|INFO|main|o.s.b.a.e.w.EndpointLinksResolver|line-58||Exposing 1 endpoint(s) beneath base path '/actuator'
2024-12-02 16:06:40.384|INFO|main|o.a.c.h.Http11NioProtocol|line-173||Starting ProtocolHandler ["http-nio-8088"]
2024-12-02 16:06:40.430|INFO|main|o.s.b.w.e.t.TomcatWebServer|line-220||Tomcat started on port(s): 8088 (http) with context path ''
2024-12-02 16:06:40.454|INFO|main|w.f.o.OfficeControllerApplication|line-57||Started OfficeControllerApplication in 6.494 seconds (process running for 7.797)
2024-12-02 16:06:40.917|INFO|RMI TCP Connection(1)-192.168.159.1|c.z.h.HikariDataSource|line-110||HikariPool-1 - Starting...
2024-12-02 16:06:41.066|INFO|RMI TCP Connection(1)-192.168.159.1|c.z.h.p.HikariPool|line-565||HikariPool-1 - Added connection com.mysql.cj.jdbc.ConnectionImpl@2e975309
2024-12-02 16:06:41.072|INFO|RMI TCP Connection(1)-192.168.159.1|c.z.h.HikariDataSource|line-123||HikariPool-1 - Start completed.
2024-12-02 16:06:43.533|INFO|SpringApplicationShutdownHook|c.z.h.HikariDataSource|line-350||HikariPool-1 - Shutdown initiated...
2024-12-02 16:06:43.537|INFO|SpringApplicationShutdownHook|c.z.h.HikariDataSource|line-352||HikariPool-1 - Shutdown completed.
2024-12-02 16:06:48.887|INFO|main|w.f.o.OfficeControllerApplication|line-51||Starting OfficeControllerApplication using Java 17.0.11 with PID 14868 (D:\My Project\myOASys\target\classes started by zds in D:\My Project\myOASys)
2024-12-02 16:06:48.893|INFO|main|w.f.o.OfficeControllerApplication|line-630||No active profile set, falling back to 1 default profile: "default"
2024-12-02 16:06:49.993|INFO|main|o.s.d.r.c.RepositoryConfigurationDelegate|line-291||Multiple Spring Data modules found, entering strict repository configuration mode
2024-12-02 16:06:49.996|INFO|main|o.s.d.r.c.RepositoryConfigurationDelegate|line-138||Bootstrapping Spring Data Redis repositories in DEFAULT mode.
2024-12-02 16:06:50.026|INFO|main|o.s.d.r.c.RepositoryConfigurationDelegate|line-208||Finished Spring Data repository scanning in 17 ms. Found 0 Redis repository interfaces.
2024-12-02 16:06:50.597|INFO|main|o.s.b.w.e.t.TomcatWebServer|line-108||Tomcat initialized with port(s): 8088 (http)
2024-12-02 16:06:50.607|INFO|main|o.a.c.h.Http11NioProtocol|line-173||Initializing ProtocolHandler ["http-nio-8088"]
2024-12-02 16:06:50.608|INFO|main|o.a.c.c.StandardService|line-173||Starting service [Tomcat]
2024-12-02 16:06:50.609|INFO|main|o.a.c.c.StandardEngine|line-173||Starting Servlet engine: [Apache Tomcat/10.1.5]
2024-12-02 16:06:50.769|INFO|main|o.a.c.c.C.[.[.[/]|line-173||Initializing Spring embedded WebApplicationContext
2024-12-02 16:06:50.771|INFO|main|o.s.b.w.s.c.ServletWebServerApplicationContext|line-291||Root WebApplicationContext: initialization completed in 1787 ms
2024-12-02 16:06:50.956|INFO|main|w.f.o.c.s.MyFilter|line-16||MyFilter来啦！！！！
2024-12-02 16:06:52.205|INFO|main|w.f.o.c.o.OssConfiguration|line-17||创建 OssUtil
2024-12-02 16:06:53.124|INFO|main|o.s.b.a.e.w.EndpointLinksResolver|line-58||Exposing 1 endpoint(s) beneath base path '/actuator'
2024-12-02 16:06:53.188|INFO|main|o.a.c.h.Http11NioProtocol|line-173||Starting ProtocolHandler ["http-nio-8088"]
2024-12-02 16:06:53.201|INFO|main|o.s.b.w.e.t.TomcatWebServer|line-220||Tomcat started on port(s): 8088 (http) with context path ''
2024-12-02 16:06:53.210|INFO|main|w.f.o.OfficeControllerApplication|line-57||Started OfficeControllerApplication in 5.076 seconds (process running for 6.46)
2024-12-02 16:06:53.397|INFO|RMI TCP Connection(4)-192.168.159.1|c.z.h.HikariDataSource|line-110||HikariPool-1 - Starting...
2024-12-02 16:06:53.498|INFO|RMI TCP Connection(4)-192.168.159.1|c.z.h.p.HikariPool|line-565||HikariPool-1 - Added connection com.mysql.cj.jdbc.ConnectionImpl@23109e96
2024-12-02 16:06:53.505|INFO|RMI TCP Connection(4)-192.168.159.1|c.z.h.HikariDataSource|line-123||HikariPool-1 - Start completed.
2024-12-02 16:06:56.814|INFO|http-nio-8088-exec-2|o.a.c.c.C.[.[.[/]|line-173||Initializing Spring DispatcherServlet 'dispatcherServlet'
2024-12-02 16:06:56.816|INFO|http-nio-8088-exec-2|o.s.w.s.DispatcherServlet|line-532||Initializing Servlet 'dispatcherServlet'
2024-12-02 16:06:56.819|INFO|http-nio-8088-exec-2|o.s.w.s.DispatcherServlet|line-554||Completed initialization in 2 ms
